[2025-07-02T14:52:37.694+0000] {taskinstance.py:1087} INFO - Dependencies all met for <TaskInstance: retail_sales_pipeline.run_kafka_producer manual__2025-07-02T14:52:29.692712+00:00 [queued]>
[2025-07-02T14:52:37.758+0000] {taskinstance.py:1087} INFO - Dependencies all met for <TaskInstance: retail_sales_pipeline.run_kafka_producer manual__2025-07-02T14:52:29.692712+00:00 [queued]>
[2025-07-02T14:52:37.759+0000] {taskinstance.py:1283} INFO - 
--------------------------------------------------------------------------------
[2025-07-02T14:52:37.759+0000] {taskinstance.py:1284} INFO - Starting attempt 1 of 2
[2025-07-02T14:52:37.760+0000] {taskinstance.py:1285} INFO - 
--------------------------------------------------------------------------------
[2025-07-02T14:52:37.847+0000] {taskinstance.py:1304} INFO - Executing <Task(PythonOperator): run_kafka_producer> on 2025-07-02 14:52:29.692712+00:00
[2025-07-02T14:52:37.888+0000] {standard_task_runner.py:55} INFO - Started process 209 to run task
[2025-07-02T14:52:37.896+0000] {standard_task_runner.py:82} INFO - Running: ['***', 'tasks', 'run', 'retail_sales_pipeline', 'run_kafka_producer', 'manual__2025-07-02T14:52:29.692712+00:00', '--job-id', '2', '--raw', '--subdir', 'DAGS_FOLDER/retail_sales_pipeline.py', '--cfg-path', '/tmp/tmp_37lp9b6']
[2025-07-02T14:52:37.907+0000] {standard_task_runner.py:83} INFO - Job 2: Subtask run_kafka_producer
[2025-07-02T14:52:38.540+0000] {task_command.py:389} INFO - Running <TaskInstance: retail_sales_pipeline.run_kafka_producer manual__2025-07-02T14:52:29.692712+00:00 [running]> on host 0eb7c1db5dcf
[2025-07-02T14:52:39.359+0000] {taskinstance.py:1513} INFO - Exporting the following env vars:
AIRFLOW_CTX_DAG_OWNER=***
AIRFLOW_CTX_DAG_ID=retail_sales_pipeline
AIRFLOW_CTX_TASK_ID=run_kafka_producer
AIRFLOW_CTX_EXECUTION_DATE=2025-07-02T14:52:29.692712+00:00
AIRFLOW_CTX_TRY_NUMBER=1
AIRFLOW_CTX_DAG_RUN_ID=manual__2025-07-02T14:52:29.692712+00:00
[2025-07-02T14:53:30.917+0000] {python.py:177} INFO - Done. Returned value was: None
[2025-07-02T14:53:31.206+0000] {taskinstance.py:1327} INFO - Marking task as SUCCESS. dag_id=retail_sales_pipeline, task_id=run_kafka_producer, execution_date=20250702T145229, start_date=20250702T145237, end_date=20250702T145331
[2025-07-02T14:53:31.381+0000] {local_task_job.py:159} INFO - Task exited with return code 0
[2025-07-02T14:53:31.593+0000] {taskinstance.py:2582} INFO - 1 downstream tasks scheduled from follow-on schedule check
