[2025-07-02T15:08:46.749+0000] {taskinstance.py:1087} INFO - Dependencies all met for <TaskInstance: retail_sales_pipeline.run_kafka_producer manual__2025-07-02T15:08:42.349445+00:00 [queued]>
[2025-07-02T15:08:46.912+0000] {taskinstance.py:1087} INFO - Dependencies all met for <TaskInstance: retail_sales_pipeline.run_kafka_producer manual__2025-07-02T15:08:42.349445+00:00 [queued]>
[2025-07-02T15:08:46.913+0000] {taskinstance.py:1283} INFO - 
--------------------------------------------------------------------------------
[2025-07-02T15:08:46.916+0000] {taskinstance.py:1284} INFO - Starting attempt 1 of 2
[2025-07-02T15:08:46.918+0000] {taskinstance.py:1285} INFO - 
--------------------------------------------------------------------------------
[2025-07-02T15:08:47.077+0000] {taskinstance.py:1304} INFO - Executing <Task(PythonOperator): run_kafka_producer> on 2025-07-02 15:08:42.349445+00:00
[2025-07-02T15:08:47.132+0000] {standard_task_runner.py:55} INFO - Started process 249 to run task
[2025-07-02T15:08:47.160+0000] {standard_task_runner.py:82} INFO - Running: ['***', 'tasks', 'run', 'retail_sales_pipeline', 'run_kafka_producer', 'manual__2025-07-02T15:08:42.349445+00:00', '--job-id', '4', '--raw', '--subdir', 'DAGS_FOLDER/retail_sales_pipeline.py', '--cfg-path', '/tmp/tmpyh21s9ce']
[2025-07-02T15:08:47.167+0000] {standard_task_runner.py:83} INFO - Job 4: Subtask run_kafka_producer
[2025-07-02T15:08:49.159+0000] {task_command.py:389} INFO - Running <TaskInstance: retail_sales_pipeline.run_kafka_producer manual__2025-07-02T15:08:42.349445+00:00 [running]> on host febdae18cce2
[2025-07-02T15:08:50.019+0000] {taskinstance.py:1513} INFO - Exporting the following env vars:
AIRFLOW_CTX_DAG_OWNER=***
AIRFLOW_CTX_DAG_ID=retail_sales_pipeline
AIRFLOW_CTX_TASK_ID=run_kafka_producer
AIRFLOW_CTX_EXECUTION_DATE=2025-07-02T15:08:42.349445+00:00
AIRFLOW_CTX_TRY_NUMBER=1
AIRFLOW_CTX_DAG_RUN_ID=manual__2025-07-02T15:08:42.349445+00:00
[2025-07-02T15:09:41.179+0000] {python.py:177} INFO - Done. Returned value was: None
[2025-07-02T15:09:41.316+0000] {taskinstance.py:1327} INFO - Marking task as SUCCESS. dag_id=retail_sales_pipeline, task_id=run_kafka_producer, execution_date=20250702T150842, start_date=20250702T150846, end_date=20250702T150941
[2025-07-02T15:09:41.483+0000] {local_task_job.py:159} INFO - Task exited with return code 0
[2025-07-02T15:09:41.693+0000] {taskinstance.py:2582} INFO - 1 downstream tasks scheduled from follow-on schedule check
