[2025-07-02T16:56:36.342+0000] {taskinstance.py:1087} INFO - Dependencies all met for <TaskInstance: retail_sales_pipeline.simulate_kafka_events manual__2025-07-02T16:56:31.271177+00:00 [queued]>
[2025-07-02T16:56:36.402+0000] {taskinstance.py:1087} INFO - Dependencies all met for <TaskInstance: retail_sales_pipeline.simulate_kafka_events manual__2025-07-02T16:56:31.271177+00:00 [queued]>
[2025-07-02T16:56:36.403+0000] {taskinstance.py:1283} INFO - 
--------------------------------------------------------------------------------
[2025-07-02T16:56:36.403+0000] {taskinstance.py:1284} INFO - Starting attempt 1 of 2
[2025-07-02T16:56:36.404+0000] {taskinstance.py:1285} INFO - 
--------------------------------------------------------------------------------
[2025-07-02T16:56:36.500+0000] {taskinstance.py:1304} INFO - Executing <Task(BashOperator): simulate_kafka_events> on 2025-07-02 16:56:31.271177+00:00
[2025-07-02T16:56:36.617+0000] {standard_task_runner.py:55} INFO - Started process 201 to run task
[2025-07-02T16:56:36.632+0000] {standard_task_runner.py:82} INFO - Running: ['***', 'tasks', 'run', 'retail_sales_pipeline', 'simulate_kafka_events', 'manual__2025-07-02T16:56:31.271177+00:00', '--job-id', '2', '--raw', '--subdir', 'DAGS_FOLDER/retail_sales_pipeline.py', '--cfg-path', '/tmp/tmp2ipcz2gk']
[2025-07-02T16:56:36.651+0000] {standard_task_runner.py:83} INFO - Job 2: Subtask simulate_kafka_events
[2025-07-02T16:56:37.496+0000] {task_command.py:389} INFO - Running <TaskInstance: retail_sales_pipeline.simulate_kafka_events manual__2025-07-02T16:56:31.271177+00:00 [running]> on host fa2be23e714a
[2025-07-02T16:56:38.626+0000] {taskinstance.py:1513} INFO - Exporting the following env vars:
AIRFLOW_CTX_DAG_OWNER=***
AIRFLOW_CTX_DAG_ID=retail_sales_pipeline
AIRFLOW_CTX_TASK_ID=simulate_kafka_events
AIRFLOW_CTX_EXECUTION_DATE=2025-07-02T16:56:31.271177+00:00
AIRFLOW_CTX_TRY_NUMBER=1
AIRFLOW_CTX_DAG_RUN_ID=manual__2025-07-02T16:56:31.271177+00:00
[2025-07-02T16:56:38.654+0000] {subprocess.py:63} INFO - Tmp dir root location: 
 /tmp
[2025-07-02T16:56:38.666+0000] {subprocess.py:75} INFO - Running command: ['/bin/bash', '-c', '\n        python3 /opt/***/scripts/ingestion/kafka_producer.py\n        ']
[2025-07-02T16:56:38.775+0000] {subprocess.py:86} INFO - Output:
[2025-07-02T16:56:49.570+0000] {subprocess.py:93} INFO - Record successfully produced to transaction-events [0] at offset 0
[2025-07-02T16:56:49.593+0000] {subprocess.py:93} INFO - Record successfully produced to transaction-events [0] at offset 1
[2025-07-02T16:56:49.594+0000] {subprocess.py:93} INFO - Record successfully produced to transaction-events [0] at offset 2
[2025-07-02T16:56:49.595+0000] {subprocess.py:93} INFO - Record successfully produced to transaction-events [0] at offset 3
[2025-07-02T16:56:49.596+0000] {subprocess.py:93} INFO - Record successfully produced to transaction-events [0] at offset 4
[2025-07-02T16:56:49.597+0000] {subprocess.py:93} INFO - Record successfully produced to transaction-events [0] at offset 5
[2025-07-02T16:56:49.599+0000] {subprocess.py:93} INFO - Record successfully produced to transaction-events [0] at offset 6
[2025-07-02T16:56:49.601+0000] {subprocess.py:93} INFO - Record successfully produced to transaction-events [0] at offset 7
[2025-07-02T16:56:49.603+0000] {subprocess.py:93} INFO - Record successfully produced to transaction-events [0] at offset 8
[2025-07-02T16:56:49.607+0000] {subprocess.py:93} INFO - Record successfully produced to transaction-events [0] at offset 9
[2025-07-02T16:56:49.654+0000] {subprocess.py:97} INFO - Command exited with return code 0
[2025-07-02T16:56:50.118+0000] {taskinstance.py:1327} INFO - Marking task as SUCCESS. dag_id=retail_sales_pipeline, task_id=simulate_kafka_events, execution_date=20250702T165631, start_date=20250702T165636, end_date=20250702T165650
[2025-07-02T16:56:50.381+0000] {local_task_job.py:159} INFO - Task exited with return code 0
[2025-07-02T16:56:50.684+0000] {taskinstance.py:2582} INFO - 1 downstream tasks scheduled from follow-on schedule check
