[2025-07-02T15:18:53.988+0000] {taskinstance.py:1087} INFO - Dependencies all met for <TaskInstance: retail_sales_pipeline.simulate_kafka_events manual__2025-07-02T15:14:39.584681+00:00 [queued]>
[2025-07-02T15:18:54.009+0000] {taskinstance.py:1087} INFO - Dependencies all met for <TaskInstance: retail_sales_pipeline.simulate_kafka_events manual__2025-07-02T15:14:39.584681+00:00 [queued]>
[2025-07-02T15:18:54.009+0000] {taskinstance.py:1283} INFO - 
--------------------------------------------------------------------------------
[2025-07-02T15:18:54.009+0000] {taskinstance.py:1284} INFO - Starting attempt 5 of 6
[2025-07-02T15:18:54.009+0000] {taskinstance.py:1285} INFO - 
--------------------------------------------------------------------------------
[2025-07-02T15:18:54.038+0000] {taskinstance.py:1304} INFO - Executing <Task(BashOperator): simulate_kafka_events> on 2025-07-02 15:14:39.584681+00:00
[2025-07-02T15:18:54.070+0000] {standard_task_runner.py:55} INFO - Started process 445 to run task
[2025-07-02T15:18:54.074+0000] {standard_task_runner.py:82} INFO - Running: ['***', 'tasks', 'run', 'retail_sales_pipeline', 'simulate_kafka_events', 'manual__2025-07-02T15:14:39.584681+00:00', '--job-id', '11', '--raw', '--subdir', 'DAGS_FOLDER/retail_sales_pipeline.py', '--cfg-path', '/tmp/tmpgzjyu0tp']
[2025-07-02T15:18:54.077+0000] {standard_task_runner.py:83} INFO - Job 11: Subtask simulate_kafka_events
[2025-07-02T15:18:54.555+0000] {task_command.py:389} INFO - Running <TaskInstance: retail_sales_pipeline.simulate_kafka_events manual__2025-07-02T15:14:39.584681+00:00 [running]> on host febdae18cce2
[2025-07-02T15:18:55.392+0000] {taskinstance.py:1513} INFO - Exporting the following env vars:
AIRFLOW_CTX_DAG_OWNER=***
AIRFLOW_CTX_DAG_ID=retail_sales_pipeline
AIRFLOW_CTX_TASK_ID=simulate_kafka_events
AIRFLOW_CTX_EXECUTION_DATE=2025-07-02T15:14:39.584681+00:00
AIRFLOW_CTX_TRY_NUMBER=5
AIRFLOW_CTX_DAG_RUN_ID=manual__2025-07-02T15:14:39.584681+00:00
[2025-07-02T15:18:55.412+0000] {subprocess.py:63} INFO - Tmp dir root location: 
 /tmp
[2025-07-02T15:18:55.418+0000] {subprocess.py:75} INFO - Running command: ['/bin/bash', '-c', '\n        python3 /opt/***/scripts/ingestion/kafka_producer.py\n        ']
[2025-07-02T15:18:55.503+0000] {subprocess.py:86} INFO - Output:
[2025-07-02T15:19:46.481+0000] {subprocess.py:93} INFO - Record successfully produced to transaction-events [0] at offset 100
[2025-07-02T15:19:46.499+0000] {subprocess.py:93} INFO - Record successfully produced to transaction-events [0] at offset 101
[2025-07-02T15:19:46.499+0000] {subprocess.py:93} INFO - Record successfully produced to transaction-events [0] at offset 102
[2025-07-02T15:19:46.500+0000] {subprocess.py:93} INFO - Record successfully produced to transaction-events [0] at offset 103
[2025-07-02T15:19:46.500+0000] {subprocess.py:93} INFO - Record successfully produced to transaction-events [0] at offset 104
[2025-07-02T15:19:46.501+0000] {subprocess.py:93} INFO - Record successfully produced to transaction-events [0] at offset 105
[2025-07-02T15:19:46.501+0000] {subprocess.py:93} INFO - Record successfully produced to transaction-events [0] at offset 106
[2025-07-02T15:19:46.502+0000] {subprocess.py:93} INFO - Record successfully produced to transaction-events [0] at offset 107
[2025-07-02T15:19:46.502+0000] {subprocess.py:93} INFO - Record successfully produced to transaction-events [0] at offset 108
[2025-07-02T15:19:46.503+0000] {subprocess.py:93} INFO - Record successfully produced to transaction-events [0] at offset 109
[2025-07-02T15:19:46.503+0000] {subprocess.py:93} INFO - Record successfully produced to transaction-events [0] at offset 110
[2025-07-02T15:19:46.504+0000] {subprocess.py:93} INFO - Record successfully produced to transaction-events [0] at offset 111
[2025-07-02T15:19:46.505+0000] {subprocess.py:93} INFO - Record successfully produced to transaction-events [0] at offset 112
[2025-07-02T15:19:46.506+0000] {subprocess.py:93} INFO - Record successfully produced to transaction-events [0] at offset 113
[2025-07-02T15:19:46.507+0000] {subprocess.py:93} INFO - Record successfully produced to transaction-events [0] at offset 114
[2025-07-02T15:19:46.508+0000] {subprocess.py:93} INFO - Record successfully produced to transaction-events [0] at offset 115
[2025-07-02T15:19:46.508+0000] {subprocess.py:93} INFO - Record successfully produced to transaction-events [0] at offset 116
[2025-07-02T15:19:46.509+0000] {subprocess.py:93} INFO - Record successfully produced to transaction-events [0] at offset 117
[2025-07-02T15:19:46.509+0000] {subprocess.py:93} INFO - Record successfully produced to transaction-events [0] at offset 118
[2025-07-02T15:19:46.509+0000] {subprocess.py:93} INFO - Record successfully produced to transaction-events [0] at offset 119
[2025-07-02T15:19:46.510+0000] {subprocess.py:93} INFO - Record successfully produced to transaction-events [0] at offset 120
[2025-07-02T15:19:46.511+0000] {subprocess.py:93} INFO - Record successfully produced to transaction-events [0] at offset 121
[2025-07-02T15:19:46.511+0000] {subprocess.py:93} INFO - Record successfully produced to transaction-events [0] at offset 122
[2025-07-02T15:19:46.512+0000] {subprocess.py:93} INFO - Record successfully produced to transaction-events [0] at offset 123
[2025-07-02T15:19:46.512+0000] {subprocess.py:93} INFO - Record successfully produced to transaction-events [0] at offset 124
[2025-07-02T15:19:46.513+0000] {subprocess.py:93} INFO - Record successfully produced to transaction-events [0] at offset 125
[2025-07-02T15:19:46.517+0000] {subprocess.py:93} INFO - Record successfully produced to transaction-events [0] at offset 126
[2025-07-02T15:19:46.519+0000] {subprocess.py:93} INFO - Record successfully produced to transaction-events [0] at offset 127
[2025-07-02T15:19:46.522+0000] {subprocess.py:93} INFO - Record successfully produced to transaction-events [0] at offset 128
[2025-07-02T15:19:46.574+0000] {subprocess.py:93} INFO - Record successfully produced to transaction-events [0] at offset 129
[2025-07-02T15:19:46.575+0000] {subprocess.py:93} INFO - Record successfully produced to transaction-events [0] at offset 130
[2025-07-02T15:19:46.583+0000] {subprocess.py:93} INFO - Record successfully produced to transaction-events [0] at offset 131
[2025-07-02T15:19:46.585+0000] {subprocess.py:93} INFO - Record successfully produced to transaction-events [0] at offset 132
[2025-07-02T15:19:46.588+0000] {subprocess.py:93} INFO - Record successfully produced to transaction-events [0] at offset 133
[2025-07-02T15:19:46.593+0000] {subprocess.py:93} INFO - Record successfully produced to transaction-events [0] at offset 134
[2025-07-02T15:19:46.595+0000] {subprocess.py:93} INFO - Record successfully produced to transaction-events [0] at offset 135
[2025-07-02T15:19:46.599+0000] {subprocess.py:93} INFO - Record successfully produced to transaction-events [0] at offset 136
[2025-07-02T15:19:46.603+0000] {subprocess.py:93} INFO - Record successfully produced to transaction-events [0] at offset 137
[2025-07-02T15:19:46.605+0000] {subprocess.py:93} INFO - Record successfully produced to transaction-events [0] at offset 138
[2025-07-02T15:19:46.609+0000] {subprocess.py:93} INFO - Record successfully produced to transaction-events [0] at offset 139
[2025-07-02T15:19:46.609+0000] {subprocess.py:93} INFO - Record successfully produced to transaction-events [0] at offset 140
[2025-07-02T15:19:46.610+0000] {subprocess.py:93} INFO - Record successfully produced to transaction-events [0] at offset 141
[2025-07-02T15:19:46.610+0000] {subprocess.py:93} INFO - Record successfully produced to transaction-events [0] at offset 142
[2025-07-02T15:19:46.614+0000] {subprocess.py:93} INFO - Record successfully produced to transaction-events [0] at offset 143
[2025-07-02T15:19:46.615+0000] {subprocess.py:93} INFO - Record successfully produced to transaction-events [0] at offset 144
[2025-07-02T15:19:46.618+0000] {subprocess.py:93} INFO - Record successfully produced to transaction-events [0] at offset 145
[2025-07-02T15:19:46.619+0000] {subprocess.py:93} INFO - Record successfully produced to transaction-events [0] at offset 146
[2025-07-02T15:19:46.623+0000] {subprocess.py:93} INFO - Record successfully produced to transaction-events [0] at offset 147
[2025-07-02T15:19:46.624+0000] {subprocess.py:93} INFO - Record successfully produced to transaction-events [0] at offset 148
[2025-07-02T15:19:46.625+0000] {subprocess.py:93} INFO - Record successfully produced to transaction-events [0] at offset 149
[2025-07-02T15:19:46.694+0000] {subprocess.py:97} INFO - Command exited with return code 0
[2025-07-02T15:19:47.478+0000] {taskinstance.py:1327} INFO - Marking task as SUCCESS. dag_id=retail_sales_pipeline, task_id=simulate_kafka_events, execution_date=20250702T151439, start_date=20250702T151853, end_date=20250702T151947
[2025-07-02T15:19:47.675+0000] {local_task_job.py:159} INFO - Task exited with return code 0
[2025-07-02T15:19:48.017+0000] {taskinstance.py:2582} INFO - 1 downstream tasks scheduled from follow-on schedule check
