[2025-07-15T01:10:29.265+0000] {processor.py:153} INFO - Started process (PID=10315) to work on /opt/airflow/dags/retail_sales_pipeline.py
[2025-07-15T01:10:29.268+0000] {processor.py:743} INFO - Processing file /opt/airflow/dags/retail_sales_pipeline.py for tasks to queue
[2025-07-15T01:10:29.271+0000] {logging_mixin.py:137} INFO - [2025-07-15T01:10:29.270+0000] {dagbag.py:538} INFO - Filling up the DagBag from /opt/airflow/dags/retail_sales_pipeline.py
[2025-07-15T01:10:29.411+0000] {processor.py:753} INFO - DAG(s) dict_keys(['retail_sales_pipeline']) retrieved from /opt/airflow/dags/retail_sales_pipeline.py
[2025-07-15T01:10:29.870+0000] {logging_mixin.py:137} INFO - [2025-07-15T01:10:29.870+0000] {dag.py:2676} INFO - Sync 1 DAGs
[2025-07-15T01:10:29.938+0000] {logging_mixin.py:137} INFO - [2025-07-15T01:10:29.938+0000] {dag.py:3427} INFO - Setting next_dagrun for retail_sales_pipeline to None, run_after=None
[2025-07-15T01:10:29.978+0000] {processor.py:175} INFO - Processing /opt/airflow/dags/retail_sales_pipeline.py took 0.736 seconds
[2025-07-15T02:34:01.935+0000] {processor.py:153} INFO - Started process (PID=10320) to work on /opt/airflow/dags/retail_sales_pipeline.py
[2025-07-15T02:34:01.937+0000] {processor.py:743} INFO - Processing file /opt/airflow/dags/retail_sales_pipeline.py for tasks to queue
[2025-07-15T02:34:01.938+0000] {logging_mixin.py:137} INFO - [2025-07-15T02:34:01.938+0000] {dagbag.py:538} INFO - Filling up the DagBag from /opt/airflow/dags/retail_sales_pipeline.py
[2025-07-15T02:34:01.989+0000] {processor.py:753} INFO - DAG(s) dict_keys(['retail_sales_pipeline']) retrieved from /opt/airflow/dags/retail_sales_pipeline.py
[2025-07-15T02:34:02.128+0000] {logging_mixin.py:137} INFO - [2025-07-15T02:34:02.128+0000] {dag.py:2676} INFO - Sync 1 DAGs
[2025-07-15T02:34:02.173+0000] {logging_mixin.py:137} INFO - [2025-07-15T02:34:02.173+0000] {dag.py:3427} INFO - Setting next_dagrun for retail_sales_pipeline to None, run_after=None
[2025-07-15T02:34:02.206+0000] {processor.py:175} INFO - Processing /opt/airflow/dags/retail_sales_pipeline.py took 0.279 seconds
[2025-07-15T03:04:54.715+0000] {processor.py:153} INFO - Started process (PID=10325) to work on /opt/airflow/dags/retail_sales_pipeline.py
[2025-07-15T03:04:54.717+0000] {processor.py:743} INFO - Processing file /opt/airflow/dags/retail_sales_pipeline.py for tasks to queue
[2025-07-15T03:04:54.719+0000] {logging_mixin.py:137} INFO - [2025-07-15T03:04:54.718+0000] {dagbag.py:538} INFO - Filling up the DagBag from /opt/airflow/dags/retail_sales_pipeline.py
[2025-07-15T03:04:54.776+0000] {processor.py:753} INFO - DAG(s) dict_keys(['retail_sales_pipeline']) retrieved from /opt/airflow/dags/retail_sales_pipeline.py
[2025-07-15T03:04:55.023+0000] {logging_mixin.py:137} INFO - [2025-07-15T03:04:55.022+0000] {dag.py:2676} INFO - Sync 1 DAGs
[2025-07-15T03:04:55.183+0000] {logging_mixin.py:137} INFO - [2025-07-15T03:04:55.182+0000] {dag.py:3427} INFO - Setting next_dagrun for retail_sales_pipeline to None, run_after=None
[2025-07-15T03:04:55.276+0000] {processor.py:175} INFO - Processing /opt/airflow/dags/retail_sales_pipeline.py took 0.574 seconds
[2025-07-15T03:05:25.778+0000] {processor.py:153} INFO - Started process (PID=10330) to work on /opt/airflow/dags/retail_sales_pipeline.py
[2025-07-15T03:05:25.781+0000] {processor.py:743} INFO - Processing file /opt/airflow/dags/retail_sales_pipeline.py for tasks to queue
[2025-07-15T03:05:25.783+0000] {logging_mixin.py:137} INFO - [2025-07-15T03:05:25.783+0000] {dagbag.py:538} INFO - Filling up the DagBag from /opt/airflow/dags/retail_sales_pipeline.py
[2025-07-15T03:05:25.857+0000] {processor.py:753} INFO - DAG(s) dict_keys(['retail_sales_pipeline']) retrieved from /opt/airflow/dags/retail_sales_pipeline.py
[2025-07-15T03:05:26.049+0000] {logging_mixin.py:137} INFO - [2025-07-15T03:05:26.048+0000] {dag.py:2676} INFO - Sync 1 DAGs
[2025-07-15T03:05:26.130+0000] {logging_mixin.py:137} INFO - [2025-07-15T03:05:26.130+0000] {dag.py:3427} INFO - Setting next_dagrun for retail_sales_pipeline to None, run_after=None
[2025-07-15T03:05:26.180+0000] {processor.py:175} INFO - Processing /opt/airflow/dags/retail_sales_pipeline.py took 0.419 seconds
[2025-07-15T04:15:09.845+0000] {processor.py:153} INFO - Started process (PID=10335) to work on /opt/airflow/dags/retail_sales_pipeline.py
[2025-07-15T04:15:09.851+0000] {processor.py:743} INFO - Processing file /opt/airflow/dags/retail_sales_pipeline.py for tasks to queue
[2025-07-15T04:15:09.853+0000] {logging_mixin.py:137} INFO - [2025-07-15T04:15:09.853+0000] {dagbag.py:538} INFO - Filling up the DagBag from /opt/airflow/dags/retail_sales_pipeline.py
[2025-07-15T04:15:10.124+0000] {processor.py:753} INFO - DAG(s) dict_keys(['retail_sales_pipeline']) retrieved from /opt/airflow/dags/retail_sales_pipeline.py
[2025-07-15T04:15:10.522+0000] {logging_mixin.py:137} INFO - [2025-07-15T04:15:10.521+0000] {dag.py:2676} INFO - Sync 1 DAGs
[2025-07-15T04:15:10.596+0000] {logging_mixin.py:137} INFO - [2025-07-15T04:15:10.596+0000] {dag.py:3427} INFO - Setting next_dagrun for retail_sales_pipeline to None, run_after=None
[2025-07-15T04:15:10.633+0000] {processor.py:175} INFO - Processing /opt/airflow/dags/retail_sales_pipeline.py took 0.817 seconds
[2025-07-15T05:06:40.187+0000] {processor.py:153} INFO - Started process (PID=10342) to work on /opt/airflow/dags/retail_sales_pipeline.py
[2025-07-15T05:06:40.188+0000] {processor.py:743} INFO - Processing file /opt/airflow/dags/retail_sales_pipeline.py for tasks to queue
[2025-07-15T05:06:40.189+0000] {logging_mixin.py:137} INFO - [2025-07-15T05:06:40.189+0000] {dagbag.py:538} INFO - Filling up the DagBag from /opt/airflow/dags/retail_sales_pipeline.py
[2025-07-15T05:06:40.240+0000] {processor.py:753} INFO - DAG(s) dict_keys(['retail_sales_pipeline']) retrieved from /opt/airflow/dags/retail_sales_pipeline.py
[2025-07-15T05:06:40.508+0000] {logging_mixin.py:137} INFO - [2025-07-15T05:06:40.507+0000] {dag.py:2676} INFO - Sync 1 DAGs
[2025-07-15T05:06:40.614+0000] {logging_mixin.py:137} INFO - [2025-07-15T05:06:40.613+0000] {dag.py:3427} INFO - Setting next_dagrun for retail_sales_pipeline to None, run_after=None
[2025-07-15T05:06:40.702+0000] {processor.py:175} INFO - Processing /opt/airflow/dags/retail_sales_pipeline.py took 0.522 seconds
[2025-07-15T05:26:54.158+0000] {processor.py:153} INFO - Started process (PID=10347) to work on /opt/airflow/dags/retail_sales_pipeline.py
[2025-07-15T05:26:54.160+0000] {processor.py:743} INFO - Processing file /opt/airflow/dags/retail_sales_pipeline.py for tasks to queue
[2025-07-15T05:26:54.161+0000] {logging_mixin.py:137} INFO - [2025-07-15T05:26:54.160+0000] {dagbag.py:538} INFO - Filling up the DagBag from /opt/airflow/dags/retail_sales_pipeline.py
[2025-07-15T05:26:54.213+0000] {processor.py:753} INFO - DAG(s) dict_keys(['retail_sales_pipeline']) retrieved from /opt/airflow/dags/retail_sales_pipeline.py
[2025-07-15T05:26:54.368+0000] {logging_mixin.py:137} INFO - [2025-07-15T05:26:54.368+0000] {dag.py:2676} INFO - Sync 1 DAGs
[2025-07-15T05:26:54.421+0000] {logging_mixin.py:137} INFO - [2025-07-15T05:26:54.420+0000] {dag.py:3427} INFO - Setting next_dagrun for retail_sales_pipeline to None, run_after=None
[2025-07-15T05:26:54.448+0000] {processor.py:175} INFO - Processing /opt/airflow/dags/retail_sales_pipeline.py took 0.298 seconds
[2025-07-15T05:27:28.376+0000] {processor.py:153} INFO - Started process (PID=10352) to work on /opt/airflow/dags/retail_sales_pipeline.py
[2025-07-15T05:27:28.378+0000] {processor.py:743} INFO - Processing file /opt/airflow/dags/retail_sales_pipeline.py for tasks to queue
[2025-07-15T05:27:28.379+0000] {logging_mixin.py:137} INFO - [2025-07-15T05:27:28.379+0000] {dagbag.py:538} INFO - Filling up the DagBag from /opt/airflow/dags/retail_sales_pipeline.py
[2025-07-15T05:27:28.434+0000] {processor.py:753} INFO - DAG(s) dict_keys(['retail_sales_pipeline']) retrieved from /opt/airflow/dags/retail_sales_pipeline.py
[2025-07-15T05:27:28.598+0000] {logging_mixin.py:137} INFO - [2025-07-15T05:27:28.598+0000] {dag.py:2676} INFO - Sync 1 DAGs
[2025-07-15T05:27:28.652+0000] {logging_mixin.py:137} INFO - [2025-07-15T05:27:28.651+0000] {dag.py:3427} INFO - Setting next_dagrun for retail_sales_pipeline to None, run_after=None
[2025-07-15T05:27:28.678+0000] {processor.py:175} INFO - Processing /opt/airflow/dags/retail_sales_pipeline.py took 0.315 seconds
[2025-07-15T05:28:03.040+0000] {processor.py:153} INFO - Started process (PID=10357) to work on /opt/airflow/dags/retail_sales_pipeline.py
[2025-07-15T05:28:03.041+0000] {processor.py:743} INFO - Processing file /opt/airflow/dags/retail_sales_pipeline.py for tasks to queue
[2025-07-15T05:28:03.042+0000] {logging_mixin.py:137} INFO - [2025-07-15T05:28:03.042+0000] {dagbag.py:538} INFO - Filling up the DagBag from /opt/airflow/dags/retail_sales_pipeline.py
[2025-07-15T05:28:03.093+0000] {processor.py:753} INFO - DAG(s) dict_keys(['retail_sales_pipeline']) retrieved from /opt/airflow/dags/retail_sales_pipeline.py
[2025-07-15T05:28:03.244+0000] {logging_mixin.py:137} INFO - [2025-07-15T05:28:03.244+0000] {dag.py:2676} INFO - Sync 1 DAGs
[2025-07-15T05:28:03.294+0000] {logging_mixin.py:137} INFO - [2025-07-15T05:28:03.294+0000] {dag.py:3427} INFO - Setting next_dagrun for retail_sales_pipeline to None, run_after=None
[2025-07-15T05:28:03.323+0000] {processor.py:175} INFO - Processing /opt/airflow/dags/retail_sales_pipeline.py took 0.292 seconds
[2025-07-15T05:40:14.363+0000] {processor.py:153} INFO - Started process (PID=10364) to work on /opt/airflow/dags/retail_sales_pipeline.py
[2025-07-15T05:40:14.364+0000] {processor.py:743} INFO - Processing file /opt/airflow/dags/retail_sales_pipeline.py for tasks to queue
[2025-07-15T05:40:14.366+0000] {logging_mixin.py:137} INFO - [2025-07-15T05:40:14.366+0000] {dagbag.py:538} INFO - Filling up the DagBag from /opt/airflow/dags/retail_sales_pipeline.py
[2025-07-15T05:40:14.489+0000] {processor.py:753} INFO - DAG(s) dict_keys(['retail_sales_pipeline']) retrieved from /opt/airflow/dags/retail_sales_pipeline.py
[2025-07-15T05:40:14.928+0000] {logging_mixin.py:137} INFO - [2025-07-15T05:40:14.927+0000] {dag.py:2676} INFO - Sync 1 DAGs
[2025-07-15T05:40:15.025+0000] {logging_mixin.py:137} INFO - [2025-07-15T05:40:15.024+0000] {dag.py:3427} INFO - Setting next_dagrun for retail_sales_pipeline to None, run_after=None
[2025-07-15T05:40:15.073+0000] {processor.py:175} INFO - Processing /opt/airflow/dags/retail_sales_pipeline.py took 0.721 seconds
[2025-07-15T05:40:55.960+0000] {processor.py:153} INFO - Started process (PID=10369) to work on /opt/airflow/dags/retail_sales_pipeline.py
[2025-07-15T05:40:55.963+0000] {processor.py:743} INFO - Processing file /opt/airflow/dags/retail_sales_pipeline.py for tasks to queue
[2025-07-15T05:40:55.965+0000] {logging_mixin.py:137} INFO - [2025-07-15T05:40:55.965+0000] {dagbag.py:538} INFO - Filling up the DagBag from /opt/airflow/dags/retail_sales_pipeline.py
[2025-07-15T05:40:56.018+0000] {processor.py:753} INFO - DAG(s) dict_keys(['retail_sales_pipeline']) retrieved from /opt/airflow/dags/retail_sales_pipeline.py
[2025-07-15T05:40:56.207+0000] {logging_mixin.py:137} INFO - [2025-07-15T05:40:56.206+0000] {dag.py:2676} INFO - Sync 1 DAGs
[2025-07-15T05:40:56.265+0000] {logging_mixin.py:137} INFO - [2025-07-15T05:40:56.265+0000] {dag.py:3427} INFO - Setting next_dagrun for retail_sales_pipeline to None, run_after=None
[2025-07-15T05:40:56.294+0000] {processor.py:175} INFO - Processing /opt/airflow/dags/retail_sales_pipeline.py took 0.347 seconds
[2025-07-15T05:41:46.779+0000] {processor.py:153} INFO - Started process (PID=10376) to work on /opt/airflow/dags/retail_sales_pipeline.py
[2025-07-15T05:41:46.782+0000] {processor.py:743} INFO - Processing file /opt/airflow/dags/retail_sales_pipeline.py for tasks to queue
[2025-07-15T05:41:46.783+0000] {logging_mixin.py:137} INFO - [2025-07-15T05:41:46.783+0000] {dagbag.py:538} INFO - Filling up the DagBag from /opt/airflow/dags/retail_sales_pipeline.py
[2025-07-15T05:41:46.839+0000] {processor.py:753} INFO - DAG(s) dict_keys(['retail_sales_pipeline']) retrieved from /opt/airflow/dags/retail_sales_pipeline.py
[2025-07-15T05:41:46.985+0000] {logging_mixin.py:137} INFO - [2025-07-15T05:41:46.984+0000] {dag.py:2676} INFO - Sync 1 DAGs
[2025-07-15T05:41:47.069+0000] {logging_mixin.py:137} INFO - [2025-07-15T05:41:47.069+0000] {dag.py:3427} INFO - Setting next_dagrun for retail_sales_pipeline to None, run_after=None
[2025-07-15T05:41:47.101+0000] {processor.py:175} INFO - Processing /opt/airflow/dags/retail_sales_pipeline.py took 0.330 seconds
[2025-07-15T05:42:44.301+0000] {processor.py:153} INFO - Started process (PID=10381) to work on /opt/airflow/dags/retail_sales_pipeline.py
[2025-07-15T05:42:44.303+0000] {processor.py:743} INFO - Processing file /opt/airflow/dags/retail_sales_pipeline.py for tasks to queue
[2025-07-15T05:42:44.305+0000] {logging_mixin.py:137} INFO - [2025-07-15T05:42:44.305+0000] {dagbag.py:538} INFO - Filling up the DagBag from /opt/airflow/dags/retail_sales_pipeline.py
[2025-07-15T05:42:44.356+0000] {processor.py:753} INFO - DAG(s) dict_keys(['retail_sales_pipeline']) retrieved from /opt/airflow/dags/retail_sales_pipeline.py
[2025-07-15T05:42:44.512+0000] {logging_mixin.py:137} INFO - [2025-07-15T05:42:44.512+0000] {dag.py:2676} INFO - Sync 1 DAGs
[2025-07-15T05:42:44.566+0000] {logging_mixin.py:137} INFO - [2025-07-15T05:42:44.566+0000] {dag.py:3427} INFO - Setting next_dagrun for retail_sales_pipeline to None, run_after=None
[2025-07-15T05:42:44.592+0000] {processor.py:175} INFO - Processing /opt/airflow/dags/retail_sales_pipeline.py took 0.298 seconds
[2025-07-15T05:43:42.398+0000] {processor.py:153} INFO - Started process (PID=10386) to work on /opt/airflow/dags/retail_sales_pipeline.py
[2025-07-15T05:43:42.400+0000] {processor.py:743} INFO - Processing file /opt/airflow/dags/retail_sales_pipeline.py for tasks to queue
[2025-07-15T05:43:42.401+0000] {logging_mixin.py:137} INFO - [2025-07-15T05:43:42.401+0000] {dagbag.py:538} INFO - Filling up the DagBag from /opt/airflow/dags/retail_sales_pipeline.py
[2025-07-15T05:43:42.492+0000] {processor.py:753} INFO - DAG(s) dict_keys(['retail_sales_pipeline']) retrieved from /opt/airflow/dags/retail_sales_pipeline.py
[2025-07-15T05:43:42.668+0000] {logging_mixin.py:137} INFO - [2025-07-15T05:43:42.667+0000] {dag.py:2676} INFO - Sync 1 DAGs
[2025-07-15T05:43:42.720+0000] {logging_mixin.py:137} INFO - [2025-07-15T05:43:42.720+0000] {dag.py:3427} INFO - Setting next_dagrun for retail_sales_pipeline to None, run_after=None
[2025-07-15T05:43:42.746+0000] {processor.py:175} INFO - Processing /opt/airflow/dags/retail_sales_pipeline.py took 0.355 seconds
[2025-07-15T05:44:27.950+0000] {processor.py:153} INFO - Started process (PID=10391) to work on /opt/airflow/dags/retail_sales_pipeline.py
[2025-07-15T05:44:27.952+0000] {processor.py:743} INFO - Processing file /opt/airflow/dags/retail_sales_pipeline.py for tasks to queue
[2025-07-15T05:44:27.953+0000] {logging_mixin.py:137} INFO - [2025-07-15T05:44:27.953+0000] {dagbag.py:538} INFO - Filling up the DagBag from /opt/airflow/dags/retail_sales_pipeline.py
[2025-07-15T05:44:27.996+0000] {processor.py:753} INFO - DAG(s) dict_keys(['retail_sales_pipeline']) retrieved from /opt/airflow/dags/retail_sales_pipeline.py
[2025-07-15T05:44:28.140+0000] {logging_mixin.py:137} INFO - [2025-07-15T05:44:28.140+0000] {dag.py:2676} INFO - Sync 1 DAGs
[2025-07-15T05:44:28.188+0000] {logging_mixin.py:137} INFO - [2025-07-15T05:44:28.188+0000] {dag.py:3427} INFO - Setting next_dagrun for retail_sales_pipeline to None, run_after=None
[2025-07-15T05:44:28.214+0000] {processor.py:175} INFO - Processing /opt/airflow/dags/retail_sales_pipeline.py took 0.273 seconds
[2025-07-15T05:45:33.702+0000] {processor.py:153} INFO - Started process (PID=10398) to work on /opt/airflow/dags/retail_sales_pipeline.py
[2025-07-15T05:45:33.705+0000] {processor.py:743} INFO - Processing file /opt/airflow/dags/retail_sales_pipeline.py for tasks to queue
[2025-07-15T05:45:33.707+0000] {logging_mixin.py:137} INFO - [2025-07-15T05:45:33.706+0000] {dagbag.py:538} INFO - Filling up the DagBag from /opt/airflow/dags/retail_sales_pipeline.py
[2025-07-15T05:45:33.769+0000] {processor.py:753} INFO - DAG(s) dict_keys(['retail_sales_pipeline']) retrieved from /opt/airflow/dags/retail_sales_pipeline.py
[2025-07-15T05:45:33.936+0000] {logging_mixin.py:137} INFO - [2025-07-15T05:45:33.935+0000] {dag.py:2676} INFO - Sync 1 DAGs
[2025-07-15T05:45:33.984+0000] {logging_mixin.py:137} INFO - [2025-07-15T05:45:33.984+0000] {dag.py:3427} INFO - Setting next_dagrun for retail_sales_pipeline to None, run_after=None
[2025-07-15T05:45:34.013+0000] {processor.py:175} INFO - Processing /opt/airflow/dags/retail_sales_pipeline.py took 0.326 seconds
[2025-07-15T05:48:40.736+0000] {processor.py:153} INFO - Started process (PID=10403) to work on /opt/airflow/dags/retail_sales_pipeline.py
[2025-07-15T05:48:40.744+0000] {processor.py:743} INFO - Processing file /opt/airflow/dags/retail_sales_pipeline.py for tasks to queue
[2025-07-15T05:48:40.776+0000] {logging_mixin.py:137} INFO - [2025-07-15T05:48:40.763+0000] {dagbag.py:538} INFO - Filling up the DagBag from /opt/airflow/dags/retail_sales_pipeline.py
[2025-07-15T05:48:40.931+0000] {processor.py:753} INFO - DAG(s) dict_keys(['retail_sales_pipeline']) retrieved from /opt/airflow/dags/retail_sales_pipeline.py
[2025-07-15T05:48:41.534+0000] {logging_mixin.py:137} INFO - [2025-07-15T05:48:41.530+0000] {dag.py:2676} INFO - Sync 1 DAGs
[2025-07-15T05:48:41.649+0000] {logging_mixin.py:137} INFO - [2025-07-15T05:48:41.648+0000] {dag.py:3427} INFO - Setting next_dagrun for retail_sales_pipeline to None, run_after=None
[2025-07-15T05:48:41.736+0000] {processor.py:175} INFO - Processing /opt/airflow/dags/retail_sales_pipeline.py took 1.030 seconds
[2025-07-15T06:04:32.609+0000] {processor.py:153} INFO - Started process (PID=10408) to work on /opt/airflow/dags/retail_sales_pipeline.py
[2025-07-15T06:04:32.611+0000] {processor.py:743} INFO - Processing file /opt/airflow/dags/retail_sales_pipeline.py for tasks to queue
[2025-07-15T06:04:32.613+0000] {logging_mixin.py:137} INFO - [2025-07-15T06:04:32.612+0000] {dagbag.py:538} INFO - Filling up the DagBag from /opt/airflow/dags/retail_sales_pipeline.py
[2025-07-15T06:04:32.666+0000] {processor.py:753} INFO - DAG(s) dict_keys(['retail_sales_pipeline']) retrieved from /opt/airflow/dags/retail_sales_pipeline.py
[2025-07-15T06:04:32.829+0000] {logging_mixin.py:137} INFO - [2025-07-15T06:04:32.828+0000] {dag.py:2676} INFO - Sync 1 DAGs
[2025-07-15T06:04:32.875+0000] {logging_mixin.py:137} INFO - [2025-07-15T06:04:32.875+0000] {dag.py:3427} INFO - Setting next_dagrun for retail_sales_pipeline to None, run_after=None
[2025-07-15T06:04:32.901+0000] {processor.py:175} INFO - Processing /opt/airflow/dags/retail_sales_pipeline.py took 0.304 seconds
[2025-07-15T06:05:38.743+0000] {processor.py:153} INFO - Started process (PID=10413) to work on /opt/airflow/dags/retail_sales_pipeline.py
[2025-07-15T06:05:38.746+0000] {processor.py:743} INFO - Processing file /opt/airflow/dags/retail_sales_pipeline.py for tasks to queue
[2025-07-15T06:05:38.747+0000] {logging_mixin.py:137} INFO - [2025-07-15T06:05:38.747+0000] {dagbag.py:538} INFO - Filling up the DagBag from /opt/airflow/dags/retail_sales_pipeline.py
[2025-07-15T06:05:38.806+0000] {processor.py:753} INFO - DAG(s) dict_keys(['retail_sales_pipeline']) retrieved from /opt/airflow/dags/retail_sales_pipeline.py
[2025-07-15T06:05:38.985+0000] {logging_mixin.py:137} INFO - [2025-07-15T06:05:38.985+0000] {dag.py:2676} INFO - Sync 1 DAGs
[2025-07-15T06:05:39.034+0000] {logging_mixin.py:137} INFO - [2025-07-15T06:05:39.034+0000] {dag.py:3427} INFO - Setting next_dagrun for retail_sales_pipeline to None, run_after=None
[2025-07-15T06:05:39.067+0000] {processor.py:175} INFO - Processing /opt/airflow/dags/retail_sales_pipeline.py took 0.337 seconds
[2025-07-15T06:09:01.264+0000] {processor.py:153} INFO - Started process (PID=10419) to work on /opt/airflow/dags/retail_sales_pipeline.py
[2025-07-15T06:09:01.265+0000] {processor.py:743} INFO - Processing file /opt/airflow/dags/retail_sales_pipeline.py for tasks to queue
[2025-07-15T06:09:01.266+0000] {logging_mixin.py:137} INFO - [2025-07-15T06:09:01.266+0000] {dagbag.py:538} INFO - Filling up the DagBag from /opt/airflow/dags/retail_sales_pipeline.py
[2025-07-15T06:09:01.318+0000] {processor.py:753} INFO - DAG(s) dict_keys(['retail_sales_pipeline']) retrieved from /opt/airflow/dags/retail_sales_pipeline.py
[2025-07-15T06:09:01.469+0000] {logging_mixin.py:137} INFO - [2025-07-15T06:09:01.469+0000] {dag.py:2676} INFO - Sync 1 DAGs
[2025-07-15T06:09:01.617+0000] {logging_mixin.py:137} INFO - [2025-07-15T06:09:01.616+0000] {dag.py:3427} INFO - Setting next_dagrun for retail_sales_pipeline to None, run_after=None
[2025-07-15T06:09:01.714+0000] {processor.py:175} INFO - Processing /opt/airflow/dags/retail_sales_pipeline.py took 0.458 seconds
[2025-07-15T06:13:31.649+0000] {processor.py:153} INFO - Started process (PID=10425) to work on /opt/airflow/dags/retail_sales_pipeline.py
[2025-07-15T06:13:31.651+0000] {processor.py:743} INFO - Processing file /opt/airflow/dags/retail_sales_pipeline.py for tasks to queue
[2025-07-15T06:13:31.652+0000] {logging_mixin.py:137} INFO - [2025-07-15T06:13:31.652+0000] {dagbag.py:538} INFO - Filling up the DagBag from /opt/airflow/dags/retail_sales_pipeline.py
[2025-07-15T06:13:31.706+0000] {processor.py:753} INFO - DAG(s) dict_keys(['retail_sales_pipeline']) retrieved from /opt/airflow/dags/retail_sales_pipeline.py
[2025-07-15T06:13:31.952+0000] {logging_mixin.py:137} INFO - [2025-07-15T06:13:31.951+0000] {dag.py:2676} INFO - Sync 1 DAGs
[2025-07-15T06:13:32.000+0000] {logging_mixin.py:137} INFO - [2025-07-15T06:13:32.000+0000] {dag.py:3427} INFO - Setting next_dagrun for retail_sales_pipeline to None, run_after=None
[2025-07-15T06:13:32.032+0000] {processor.py:175} INFO - Processing /opt/airflow/dags/retail_sales_pipeline.py took 0.392 seconds
[2025-07-15T06:29:27.294+0000] {processor.py:153} INFO - Started process (PID=10430) to work on /opt/airflow/dags/retail_sales_pipeline.py
[2025-07-15T06:29:27.300+0000] {processor.py:743} INFO - Processing file /opt/airflow/dags/retail_sales_pipeline.py for tasks to queue
[2025-07-15T06:29:27.302+0000] {logging_mixin.py:137} INFO - [2025-07-15T06:29:27.302+0000] {dagbag.py:538} INFO - Filling up the DagBag from /opt/airflow/dags/retail_sales_pipeline.py
[2025-07-15T06:29:27.363+0000] {processor.py:753} INFO - DAG(s) dict_keys(['retail_sales_pipeline']) retrieved from /opt/airflow/dags/retail_sales_pipeline.py
[2025-07-15T06:29:27.696+0000] {logging_mixin.py:137} INFO - [2025-07-15T06:29:27.695+0000] {dag.py:2676} INFO - Sync 1 DAGs
[2025-07-15T06:29:27.803+0000] {logging_mixin.py:137} INFO - [2025-07-15T06:29:27.802+0000] {dag.py:3427} INFO - Setting next_dagrun for retail_sales_pipeline to None, run_after=None
[2025-07-15T06:29:27.913+0000] {processor.py:175} INFO - Processing /opt/airflow/dags/retail_sales_pipeline.py took 0.624 seconds
[2025-07-15T06:33:26.394+0000] {processor.py:153} INFO - Started process (PID=10435) to work on /opt/airflow/dags/retail_sales_pipeline.py
[2025-07-15T06:33:26.396+0000] {processor.py:743} INFO - Processing file /opt/airflow/dags/retail_sales_pipeline.py for tasks to queue
[2025-07-15T06:33:26.397+0000] {logging_mixin.py:137} INFO - [2025-07-15T06:33:26.397+0000] {dagbag.py:538} INFO - Filling up the DagBag from /opt/airflow/dags/retail_sales_pipeline.py
[2025-07-15T06:33:26.448+0000] {processor.py:753} INFO - DAG(s) dict_keys(['retail_sales_pipeline']) retrieved from /opt/airflow/dags/retail_sales_pipeline.py
[2025-07-15T06:33:26.593+0000] {logging_mixin.py:137} INFO - [2025-07-15T06:33:26.593+0000] {dag.py:2676} INFO - Sync 1 DAGs
[2025-07-15T06:33:26.646+0000] {logging_mixin.py:137} INFO - [2025-07-15T06:33:26.646+0000] {dag.py:3427} INFO - Setting next_dagrun for retail_sales_pipeline to None, run_after=None
[2025-07-15T06:33:26.681+0000] {processor.py:175} INFO - Processing /opt/airflow/dags/retail_sales_pipeline.py took 0.294 seconds
[2025-07-15T06:55:33.225+0000] {processor.py:153} INFO - Started process (PID=10442) to work on /opt/airflow/dags/retail_sales_pipeline.py
[2025-07-15T06:55:33.226+0000] {processor.py:743} INFO - Processing file /opt/airflow/dags/retail_sales_pipeline.py for tasks to queue
[2025-07-15T06:55:33.227+0000] {logging_mixin.py:137} INFO - [2025-07-15T06:55:33.227+0000] {dagbag.py:538} INFO - Filling up the DagBag from /opt/airflow/dags/retail_sales_pipeline.py
[2025-07-15T06:55:33.282+0000] {processor.py:753} INFO - DAG(s) dict_keys(['retail_sales_pipeline']) retrieved from /opt/airflow/dags/retail_sales_pipeline.py
[2025-07-15T06:55:33.414+0000] {logging_mixin.py:137} INFO - [2025-07-15T06:55:33.413+0000] {dag.py:2676} INFO - Sync 1 DAGs
[2025-07-15T06:55:33.460+0000] {logging_mixin.py:137} INFO - [2025-07-15T06:55:33.460+0000] {dag.py:3427} INFO - Setting next_dagrun for retail_sales_pipeline to None, run_after=None
[2025-07-15T06:55:33.485+0000] {processor.py:175} INFO - Processing /opt/airflow/dags/retail_sales_pipeline.py took 0.265 seconds
[2025-07-15T06:56:22.753+0000] {processor.py:153} INFO - Started process (PID=10447) to work on /opt/airflow/dags/retail_sales_pipeline.py
[2025-07-15T06:56:22.756+0000] {processor.py:743} INFO - Processing file /opt/airflow/dags/retail_sales_pipeline.py for tasks to queue
[2025-07-15T06:56:22.759+0000] {logging_mixin.py:137} INFO - [2025-07-15T06:56:22.758+0000] {dagbag.py:538} INFO - Filling up the DagBag from /opt/airflow/dags/retail_sales_pipeline.py
[2025-07-15T06:56:22.843+0000] {processor.py:753} INFO - DAG(s) dict_keys(['retail_sales_pipeline']) retrieved from /opt/airflow/dags/retail_sales_pipeline.py
[2025-07-15T06:56:23.034+0000] {logging_mixin.py:137} INFO - [2025-07-15T06:56:23.033+0000] {dag.py:2676} INFO - Sync 1 DAGs
[2025-07-15T06:56:23.078+0000] {logging_mixin.py:137} INFO - [2025-07-15T06:56:23.078+0000] {dag.py:3427} INFO - Setting next_dagrun for retail_sales_pipeline to None, run_after=None
[2025-07-15T06:56:23.109+0000] {processor.py:175} INFO - Processing /opt/airflow/dags/retail_sales_pipeline.py took 0.375 seconds
[2025-07-15T07:43:35.179+0000] {processor.py:153} INFO - Started process (PID=10452) to work on /opt/airflow/dags/retail_sales_pipeline.py
[2025-07-15T07:43:35.184+0000] {processor.py:743} INFO - Processing file /opt/airflow/dags/retail_sales_pipeline.py for tasks to queue
[2025-07-15T07:43:35.186+0000] {logging_mixin.py:137} INFO - [2025-07-15T07:43:35.185+0000] {dagbag.py:538} INFO - Filling up the DagBag from /opt/airflow/dags/retail_sales_pipeline.py
[2025-07-15T07:43:35.289+0000] {processor.py:753} INFO - DAG(s) dict_keys(['retail_sales_pipeline']) retrieved from /opt/airflow/dags/retail_sales_pipeline.py
[2025-07-15T07:43:35.621+0000] {logging_mixin.py:137} INFO - [2025-07-15T07:43:35.620+0000] {dag.py:2676} INFO - Sync 1 DAGs
[2025-07-15T07:43:35.808+0000] {logging_mixin.py:137} INFO - [2025-07-15T07:43:35.806+0000] {dag.py:3427} INFO - Setting next_dagrun for retail_sales_pipeline to None, run_after=None
[2025-07-15T07:43:35.948+0000] {processor.py:175} INFO - Processing /opt/airflow/dags/retail_sales_pipeline.py took 0.796 seconds
[2025-07-15T07:45:19.272+0000] {processor.py:153} INFO - Started process (PID=10457) to work on /opt/airflow/dags/retail_sales_pipeline.py
[2025-07-15T07:45:19.278+0000] {processor.py:743} INFO - Processing file /opt/airflow/dags/retail_sales_pipeline.py for tasks to queue
[2025-07-15T07:45:19.279+0000] {logging_mixin.py:137} INFO - [2025-07-15T07:45:19.279+0000] {dagbag.py:538} INFO - Filling up the DagBag from /opt/airflow/dags/retail_sales_pipeline.py
[2025-07-15T07:45:19.324+0000] {processor.py:753} INFO - DAG(s) dict_keys(['retail_sales_pipeline']) retrieved from /opt/airflow/dags/retail_sales_pipeline.py
[2025-07-15T07:45:19.512+0000] {logging_mixin.py:137} INFO - [2025-07-15T07:45:19.512+0000] {dag.py:2676} INFO - Sync 1 DAGs
[2025-07-15T07:45:19.565+0000] {logging_mixin.py:137} INFO - [2025-07-15T07:45:19.565+0000] {dag.py:3427} INFO - Setting next_dagrun for retail_sales_pipeline to None, run_after=None
[2025-07-15T07:45:19.591+0000] {processor.py:175} INFO - Processing /opt/airflow/dags/retail_sales_pipeline.py took 0.328 seconds
[2025-07-15T08:02:21.413+0000] {processor.py:153} INFO - Started process (PID=10464) to work on /opt/airflow/dags/retail_sales_pipeline.py
[2025-07-15T08:02:21.416+0000] {processor.py:743} INFO - Processing file /opt/airflow/dags/retail_sales_pipeline.py for tasks to queue
[2025-07-15T08:02:21.418+0000] {logging_mixin.py:137} INFO - [2025-07-15T08:02:21.418+0000] {dagbag.py:538} INFO - Filling up the DagBag from /opt/airflow/dags/retail_sales_pipeline.py
[2025-07-15T08:02:21.545+0000] {processor.py:753} INFO - DAG(s) dict_keys(['retail_sales_pipeline']) retrieved from /opt/airflow/dags/retail_sales_pipeline.py
[2025-07-15T08:02:22.392+0000] {logging_mixin.py:137} INFO - [2025-07-15T08:02:22.390+0000] {dag.py:2676} INFO - Sync 1 DAGs
[2025-07-15T08:02:22.624+0000] {logging_mixin.py:137} INFO - [2025-07-15T08:02:22.623+0000] {dag.py:3427} INFO - Setting next_dagrun for retail_sales_pipeline to None, run_after=None
[2025-07-15T08:02:22.723+0000] {processor.py:175} INFO - Processing /opt/airflow/dags/retail_sales_pipeline.py took 1.319 seconds
[2025-07-15T08:02:52.929+0000] {processor.py:153} INFO - Started process (PID=10469) to work on /opt/airflow/dags/retail_sales_pipeline.py
[2025-07-15T08:02:52.931+0000] {processor.py:743} INFO - Processing file /opt/airflow/dags/retail_sales_pipeline.py for tasks to queue
[2025-07-15T08:02:52.932+0000] {logging_mixin.py:137} INFO - [2025-07-15T08:02:52.932+0000] {dagbag.py:538} INFO - Filling up the DagBag from /opt/airflow/dags/retail_sales_pipeline.py
[2025-07-15T08:02:52.979+0000] {processor.py:753} INFO - DAG(s) dict_keys(['retail_sales_pipeline']) retrieved from /opt/airflow/dags/retail_sales_pipeline.py
[2025-07-15T08:02:53.131+0000] {logging_mixin.py:137} INFO - [2025-07-15T08:02:53.131+0000] {dag.py:2676} INFO - Sync 1 DAGs
[2025-07-15T08:02:53.174+0000] {logging_mixin.py:137} INFO - [2025-07-15T08:02:53.174+0000] {dag.py:3427} INFO - Setting next_dagrun for retail_sales_pipeline to None, run_after=None
[2025-07-15T08:02:53.208+0000] {processor.py:175} INFO - Processing /opt/airflow/dags/retail_sales_pipeline.py took 0.285 seconds
[2025-07-15T08:17:25.644+0000] {processor.py:153} INFO - Started process (PID=10474) to work on /opt/airflow/dags/retail_sales_pipeline.py
[2025-07-15T08:17:25.646+0000] {processor.py:743} INFO - Processing file /opt/airflow/dags/retail_sales_pipeline.py for tasks to queue
[2025-07-15T08:17:25.652+0000] {logging_mixin.py:137} INFO - [2025-07-15T08:17:25.650+0000] {dagbag.py:538} INFO - Filling up the DagBag from /opt/airflow/dags/retail_sales_pipeline.py
[2025-07-15T08:17:25.851+0000] {processor.py:753} INFO - DAG(s) dict_keys(['retail_sales_pipeline']) retrieved from /opt/airflow/dags/retail_sales_pipeline.py
[2025-07-15T08:17:26.237+0000] {logging_mixin.py:137} INFO - [2025-07-15T08:17:26.236+0000] {dag.py:2676} INFO - Sync 1 DAGs
[2025-07-15T08:17:26.301+0000] {logging_mixin.py:137} INFO - [2025-07-15T08:17:26.301+0000] {dag.py:3427} INFO - Setting next_dagrun for retail_sales_pipeline to None, run_after=None
[2025-07-15T08:17:26.338+0000] {processor.py:175} INFO - Processing /opt/airflow/dags/retail_sales_pipeline.py took 0.707 seconds
[2025-07-15T08:33:53.957+0000] {processor.py:153} INFO - Started process (PID=10479) to work on /opt/airflow/dags/retail_sales_pipeline.py
[2025-07-15T08:33:53.964+0000] {processor.py:743} INFO - Processing file /opt/airflow/dags/retail_sales_pipeline.py for tasks to queue
[2025-07-15T08:33:53.966+0000] {logging_mixin.py:137} INFO - [2025-07-15T08:33:53.966+0000] {dagbag.py:538} INFO - Filling up the DagBag from /opt/airflow/dags/retail_sales_pipeline.py
[2025-07-15T08:33:54.066+0000] {processor.py:753} INFO - DAG(s) dict_keys(['retail_sales_pipeline']) retrieved from /opt/airflow/dags/retail_sales_pipeline.py
[2025-07-15T08:33:54.585+0000] {logging_mixin.py:137} INFO - [2025-07-15T08:33:54.581+0000] {dag.py:2676} INFO - Sync 1 DAGs
[2025-07-15T08:33:54.687+0000] {logging_mixin.py:137} INFO - [2025-07-15T08:33:54.687+0000] {dag.py:3427} INFO - Setting next_dagrun for retail_sales_pipeline to None, run_after=None
[2025-07-15T08:33:54.723+0000] {processor.py:175} INFO - Processing /opt/airflow/dags/retail_sales_pipeline.py took 0.788 seconds
[2025-07-15T08:35:02.487+0000] {processor.py:153} INFO - Started process (PID=10486) to work on /opt/airflow/dags/retail_sales_pipeline.py
[2025-07-15T08:35:02.491+0000] {processor.py:743} INFO - Processing file /opt/airflow/dags/retail_sales_pipeline.py for tasks to queue
[2025-07-15T08:35:02.494+0000] {logging_mixin.py:137} INFO - [2025-07-15T08:35:02.494+0000] {dagbag.py:538} INFO - Filling up the DagBag from /opt/airflow/dags/retail_sales_pipeline.py
[2025-07-15T08:35:02.542+0000] {processor.py:753} INFO - DAG(s) dict_keys(['retail_sales_pipeline']) retrieved from /opt/airflow/dags/retail_sales_pipeline.py
[2025-07-15T08:35:02.682+0000] {logging_mixin.py:137} INFO - [2025-07-15T08:35:02.682+0000] {dag.py:2676} INFO - Sync 1 DAGs
[2025-07-15T08:35:02.731+0000] {logging_mixin.py:137} INFO - [2025-07-15T08:35:02.731+0000] {dag.py:3427} INFO - Setting next_dagrun for retail_sales_pipeline to None, run_after=None
[2025-07-15T08:35:02.755+0000] {processor.py:175} INFO - Processing /opt/airflow/dags/retail_sales_pipeline.py took 0.276 seconds
[2025-07-15T08:38:23.405+0000] {processor.py:153} INFO - Started process (PID=10491) to work on /opt/airflow/dags/retail_sales_pipeline.py
[2025-07-15T08:38:23.408+0000] {processor.py:743} INFO - Processing file /opt/airflow/dags/retail_sales_pipeline.py for tasks to queue
[2025-07-15T08:38:23.409+0000] {logging_mixin.py:137} INFO - [2025-07-15T08:38:23.409+0000] {dagbag.py:538} INFO - Filling up the DagBag from /opt/airflow/dags/retail_sales_pipeline.py
[2025-07-15T08:38:23.469+0000] {processor.py:753} INFO - DAG(s) dict_keys(['retail_sales_pipeline']) retrieved from /opt/airflow/dags/retail_sales_pipeline.py
[2025-07-15T08:38:23.616+0000] {logging_mixin.py:137} INFO - [2025-07-15T08:38:23.616+0000] {dag.py:2676} INFO - Sync 1 DAGs
[2025-07-15T08:38:23.660+0000] {logging_mixin.py:137} INFO - [2025-07-15T08:38:23.660+0000] {dag.py:3427} INFO - Setting next_dagrun for retail_sales_pipeline to None, run_after=None
[2025-07-15T08:38:23.685+0000] {processor.py:175} INFO - Processing /opt/airflow/dags/retail_sales_pipeline.py took 0.296 seconds
[2025-07-15T08:39:06.252+0000] {processor.py:153} INFO - Started process (PID=10496) to work on /opt/airflow/dags/retail_sales_pipeline.py
[2025-07-15T08:39:06.254+0000] {processor.py:743} INFO - Processing file /opt/airflow/dags/retail_sales_pipeline.py for tasks to queue
[2025-07-15T08:39:06.255+0000] {logging_mixin.py:137} INFO - [2025-07-15T08:39:06.255+0000] {dagbag.py:538} INFO - Filling up the DagBag from /opt/airflow/dags/retail_sales_pipeline.py
[2025-07-15T08:39:06.302+0000] {processor.py:753} INFO - DAG(s) dict_keys(['retail_sales_pipeline']) retrieved from /opt/airflow/dags/retail_sales_pipeline.py
[2025-07-15T08:39:06.477+0000] {logging_mixin.py:137} INFO - [2025-07-15T08:39:06.477+0000] {dag.py:2676} INFO - Sync 1 DAGs
[2025-07-15T08:39:06.528+0000] {logging_mixin.py:137} INFO - [2025-07-15T08:39:06.528+0000] {dag.py:3427} INFO - Setting next_dagrun for retail_sales_pipeline to None, run_after=None
[2025-07-15T08:39:06.556+0000] {processor.py:175} INFO - Processing /opt/airflow/dags/retail_sales_pipeline.py took 0.313 seconds
[2025-07-15T09:01:37.580+0000] {processor.py:153} INFO - Started process (PID=10503) to work on /opt/airflow/dags/retail_sales_pipeline.py
[2025-07-15T09:01:37.582+0000] {processor.py:743} INFO - Processing file /opt/airflow/dags/retail_sales_pipeline.py for tasks to queue
[2025-07-15T09:01:37.586+0000] {logging_mixin.py:137} INFO - [2025-07-15T09:01:37.586+0000] {dagbag.py:538} INFO - Filling up the DagBag from /opt/airflow/dags/retail_sales_pipeline.py
[2025-07-15T09:01:37.677+0000] {processor.py:753} INFO - DAG(s) dict_keys(['retail_sales_pipeline']) retrieved from /opt/airflow/dags/retail_sales_pipeline.py
[2025-07-15T09:01:37.964+0000] {logging_mixin.py:137} INFO - [2025-07-15T09:01:37.964+0000] {dag.py:2676} INFO - Sync 1 DAGs
[2025-07-15T09:01:38.146+0000] {logging_mixin.py:137} INFO - [2025-07-15T09:01:38.144+0000] {dag.py:3427} INFO - Setting next_dagrun for retail_sales_pipeline to None, run_after=None
[2025-07-15T09:01:38.272+0000] {processor.py:175} INFO - Processing /opt/airflow/dags/retail_sales_pipeline.py took 0.702 seconds
[2025-07-15T09:30:47.135+0000] {processor.py:153} INFO - Started process (PID=10508) to work on /opt/airflow/dags/retail_sales_pipeline.py
[2025-07-15T09:30:47.141+0000] {processor.py:743} INFO - Processing file /opt/airflow/dags/retail_sales_pipeline.py for tasks to queue
[2025-07-15T09:30:47.143+0000] {logging_mixin.py:137} INFO - [2025-07-15T09:30:47.142+0000] {dagbag.py:538} INFO - Filling up the DagBag from /opt/airflow/dags/retail_sales_pipeline.py
[2025-07-15T09:30:47.250+0000] {processor.py:753} INFO - DAG(s) dict_keys(['retail_sales_pipeline']) retrieved from /opt/airflow/dags/retail_sales_pipeline.py
[2025-07-15T09:30:47.607+0000] {logging_mixin.py:137} INFO - [2025-07-15T09:30:47.606+0000] {dag.py:2676} INFO - Sync 1 DAGs
[2025-07-15T09:30:47.761+0000] {logging_mixin.py:137} INFO - [2025-07-15T09:30:47.761+0000] {dag.py:3427} INFO - Setting next_dagrun for retail_sales_pipeline to None, run_after=None
[2025-07-15T09:30:47.884+0000] {processor.py:175} INFO - Processing /opt/airflow/dags/retail_sales_pipeline.py took 0.768 seconds
[2025-07-15T09:37:41.714+0000] {processor.py:153} INFO - Started process (PID=10513) to work on /opt/airflow/dags/retail_sales_pipeline.py
[2025-07-15T09:37:41.717+0000] {processor.py:743} INFO - Processing file /opt/airflow/dags/retail_sales_pipeline.py for tasks to queue
[2025-07-15T09:37:41.718+0000] {logging_mixin.py:137} INFO - [2025-07-15T09:37:41.718+0000] {dagbag.py:538} INFO - Filling up the DagBag from /opt/airflow/dags/retail_sales_pipeline.py
[2025-07-15T09:37:41.779+0000] {processor.py:753} INFO - DAG(s) dict_keys(['retail_sales_pipeline']) retrieved from /opt/airflow/dags/retail_sales_pipeline.py
[2025-07-15T09:37:42.155+0000] {logging_mixin.py:137} INFO - [2025-07-15T09:37:42.154+0000] {dag.py:2676} INFO - Sync 1 DAGs
[2025-07-15T09:37:42.314+0000] {logging_mixin.py:137} INFO - [2025-07-15T09:37:42.314+0000] {dag.py:3427} INFO - Setting next_dagrun for retail_sales_pipeline to None, run_after=None
[2025-07-15T09:37:42.456+0000] {processor.py:175} INFO - Processing /opt/airflow/dags/retail_sales_pipeline.py took 0.747 seconds
[2025-07-15T09:38:27.893+0000] {processor.py:153} INFO - Started process (PID=10520) to work on /opt/airflow/dags/retail_sales_pipeline.py
[2025-07-15T09:38:27.895+0000] {processor.py:743} INFO - Processing file /opt/airflow/dags/retail_sales_pipeline.py for tasks to queue
[2025-07-15T09:38:27.896+0000] {logging_mixin.py:137} INFO - [2025-07-15T09:38:27.896+0000] {dagbag.py:538} INFO - Filling up the DagBag from /opt/airflow/dags/retail_sales_pipeline.py
[2025-07-15T09:38:27.956+0000] {processor.py:753} INFO - DAG(s) dict_keys(['retail_sales_pipeline']) retrieved from /opt/airflow/dags/retail_sales_pipeline.py
[2025-07-15T09:38:28.208+0000] {logging_mixin.py:137} INFO - [2025-07-15T09:38:28.208+0000] {dag.py:2676} INFO - Sync 1 DAGs
[2025-07-15T09:38:28.308+0000] {logging_mixin.py:137} INFO - [2025-07-15T09:38:28.308+0000] {dag.py:3427} INFO - Setting next_dagrun for retail_sales_pipeline to None, run_after=None
[2025-07-15T09:38:28.369+0000] {processor.py:175} INFO - Processing /opt/airflow/dags/retail_sales_pipeline.py took 0.484 seconds
[2025-07-15T09:47:36.580+0000] {processor.py:153} INFO - Started process (PID=10525) to work on /opt/airflow/dags/retail_sales_pipeline.py
[2025-07-15T09:47:36.583+0000] {processor.py:743} INFO - Processing file /opt/airflow/dags/retail_sales_pipeline.py for tasks to queue
[2025-07-15T09:47:36.585+0000] {logging_mixin.py:137} INFO - [2025-07-15T09:47:36.585+0000] {dagbag.py:538} INFO - Filling up the DagBag from /opt/airflow/dags/retail_sales_pipeline.py
[2025-07-15T09:47:36.723+0000] {processor.py:753} INFO - DAG(s) dict_keys(['retail_sales_pipeline']) retrieved from /opt/airflow/dags/retail_sales_pipeline.py
[2025-07-15T09:47:37.369+0000] {logging_mixin.py:137} INFO - [2025-07-15T09:47:37.364+0000] {dag.py:2676} INFO - Sync 1 DAGs
[2025-07-15T09:47:37.472+0000] {logging_mixin.py:137} INFO - [2025-07-15T09:47:37.472+0000] {dag.py:3427} INFO - Setting next_dagrun for retail_sales_pipeline to None, run_after=None
[2025-07-15T09:47:37.611+0000] {processor.py:175} INFO - Processing /opt/airflow/dags/retail_sales_pipeline.py took 1.051 seconds
[2025-07-15T09:48:27.362+0000] {processor.py:153} INFO - Started process (PID=10530) to work on /opt/airflow/dags/retail_sales_pipeline.py
[2025-07-15T09:48:27.364+0000] {processor.py:743} INFO - Processing file /opt/airflow/dags/retail_sales_pipeline.py for tasks to queue
[2025-07-15T09:48:27.365+0000] {logging_mixin.py:137} INFO - [2025-07-15T09:48:27.365+0000] {dagbag.py:538} INFO - Filling up the DagBag from /opt/airflow/dags/retail_sales_pipeline.py
[2025-07-15T09:48:27.405+0000] {processor.py:753} INFO - DAG(s) dict_keys(['retail_sales_pipeline']) retrieved from /opt/airflow/dags/retail_sales_pipeline.py
[2025-07-15T09:48:27.542+0000] {logging_mixin.py:137} INFO - [2025-07-15T09:48:27.542+0000] {dag.py:2676} INFO - Sync 1 DAGs
[2025-07-15T09:48:27.602+0000] {logging_mixin.py:137} INFO - [2025-07-15T09:48:27.602+0000] {dag.py:3427} INFO - Setting next_dagrun for retail_sales_pipeline to None, run_after=None
[2025-07-15T09:48:27.630+0000] {processor.py:175} INFO - Processing /opt/airflow/dags/retail_sales_pipeline.py took 0.280 seconds
[2025-07-15T09:50:05.658+0000] {processor.py:153} INFO - Started process (PID=10535) to work on /opt/airflow/dags/retail_sales_pipeline.py
[2025-07-15T09:50:05.661+0000] {processor.py:743} INFO - Processing file /opt/airflow/dags/retail_sales_pipeline.py for tasks to queue
[2025-07-15T09:50:05.662+0000] {logging_mixin.py:137} INFO - [2025-07-15T09:50:05.662+0000] {dagbag.py:538} INFO - Filling up the DagBag from /opt/airflow/dags/retail_sales_pipeline.py
[2025-07-15T09:50:05.710+0000] {processor.py:753} INFO - DAG(s) dict_keys(['retail_sales_pipeline']) retrieved from /opt/airflow/dags/retail_sales_pipeline.py
[2025-07-15T09:50:05.861+0000] {logging_mixin.py:137} INFO - [2025-07-15T09:50:05.861+0000] {dag.py:2676} INFO - Sync 1 DAGs
[2025-07-15T09:50:05.918+0000] {logging_mixin.py:137} INFO - [2025-07-15T09:50:05.917+0000] {dag.py:3427} INFO - Setting next_dagrun for retail_sales_pipeline to None, run_after=None
[2025-07-15T09:50:06.021+0000] {processor.py:175} INFO - Processing /opt/airflow/dags/retail_sales_pipeline.py took 0.377 seconds
[2025-07-15T10:03:32.610+0000] {processor.py:153} INFO - Started process (PID=10542) to work on /opt/airflow/dags/retail_sales_pipeline.py
[2025-07-15T10:03:32.616+0000] {processor.py:743} INFO - Processing file /opt/airflow/dags/retail_sales_pipeline.py for tasks to queue
[2025-07-15T10:03:32.618+0000] {logging_mixin.py:137} INFO - [2025-07-15T10:03:32.618+0000] {dagbag.py:538} INFO - Filling up the DagBag from /opt/airflow/dags/retail_sales_pipeline.py
[2025-07-15T10:03:32.748+0000] {processor.py:753} INFO - DAG(s) dict_keys(['retail_sales_pipeline']) retrieved from /opt/airflow/dags/retail_sales_pipeline.py
[2025-07-15T10:03:33.176+0000] {logging_mixin.py:137} INFO - [2025-07-15T10:03:33.171+0000] {dag.py:2676} INFO - Sync 1 DAGs
[2025-07-15T10:03:33.507+0000] {logging_mixin.py:137} INFO - [2025-07-15T10:03:33.505+0000] {dag.py:3427} INFO - Setting next_dagrun for retail_sales_pipeline to None, run_after=None
[2025-07-15T10:03:33.595+0000] {processor.py:175} INFO - Processing /opt/airflow/dags/retail_sales_pipeline.py took 0.999 seconds
[2025-07-15T10:04:10.551+0000] {processor.py:153} INFO - Started process (PID=10547) to work on /opt/airflow/dags/retail_sales_pipeline.py
[2025-07-15T10:04:10.558+0000] {processor.py:743} INFO - Processing file /opt/airflow/dags/retail_sales_pipeline.py for tasks to queue
[2025-07-15T10:04:10.559+0000] {logging_mixin.py:137} INFO - [2025-07-15T10:04:10.559+0000] {dagbag.py:538} INFO - Filling up the DagBag from /opt/airflow/dags/retail_sales_pipeline.py
[2025-07-15T10:04:10.606+0000] {processor.py:753} INFO - DAG(s) dict_keys(['retail_sales_pipeline']) retrieved from /opt/airflow/dags/retail_sales_pipeline.py
[2025-07-15T10:04:10.768+0000] {logging_mixin.py:137} INFO - [2025-07-15T10:04:10.768+0000] {dag.py:2676} INFO - Sync 1 DAGs
[2025-07-15T10:04:10.816+0000] {logging_mixin.py:137} INFO - [2025-07-15T10:04:10.816+0000] {dag.py:3427} INFO - Setting next_dagrun for retail_sales_pipeline to None, run_after=None
[2025-07-15T10:04:10.854+0000] {processor.py:175} INFO - Processing /opt/airflow/dags/retail_sales_pipeline.py took 0.308 seconds
[2025-07-15T10:05:14.023+0000] {processor.py:153} INFO - Started process (PID=10552) to work on /opt/airflow/dags/retail_sales_pipeline.py
[2025-07-15T10:05:14.026+0000] {processor.py:743} INFO - Processing file /opt/airflow/dags/retail_sales_pipeline.py for tasks to queue
[2025-07-15T10:05:14.027+0000] {logging_mixin.py:137} INFO - [2025-07-15T10:05:14.027+0000] {dagbag.py:538} INFO - Filling up the DagBag from /opt/airflow/dags/retail_sales_pipeline.py
[2025-07-15T10:05:14.071+0000] {processor.py:753} INFO - DAG(s) dict_keys(['retail_sales_pipeline']) retrieved from /opt/airflow/dags/retail_sales_pipeline.py
[2025-07-15T10:05:14.224+0000] {logging_mixin.py:137} INFO - [2025-07-15T10:05:14.223+0000] {dag.py:2676} INFO - Sync 1 DAGs
[2025-07-15T10:05:14.272+0000] {logging_mixin.py:137} INFO - [2025-07-15T10:05:14.272+0000] {dag.py:3427} INFO - Setting next_dagrun for retail_sales_pipeline to None, run_after=None
[2025-07-15T10:05:14.297+0000] {processor.py:175} INFO - Processing /opt/airflow/dags/retail_sales_pipeline.py took 0.285 seconds
[2025-07-15T10:06:15.520+0000] {processor.py:153} INFO - Started process (PID=10557) to work on /opt/airflow/dags/retail_sales_pipeline.py
[2025-07-15T10:06:15.523+0000] {processor.py:743} INFO - Processing file /opt/airflow/dags/retail_sales_pipeline.py for tasks to queue
[2025-07-15T10:06:15.524+0000] {logging_mixin.py:137} INFO - [2025-07-15T10:06:15.524+0000] {dagbag.py:538} INFO - Filling up the DagBag from /opt/airflow/dags/retail_sales_pipeline.py
[2025-07-15T10:06:15.587+0000] {processor.py:753} INFO - DAG(s) dict_keys(['retail_sales_pipeline']) retrieved from /opt/airflow/dags/retail_sales_pipeline.py
[2025-07-15T10:06:15.730+0000] {logging_mixin.py:137} INFO - [2025-07-15T10:06:15.730+0000] {dag.py:2676} INFO - Sync 1 DAGs
[2025-07-15T10:06:15.776+0000] {logging_mixin.py:137} INFO - [2025-07-15T10:06:15.776+0000] {dag.py:3427} INFO - Setting next_dagrun for retail_sales_pipeline to None, run_after=None
[2025-07-15T10:06:15.806+0000] {processor.py:175} INFO - Processing /opt/airflow/dags/retail_sales_pipeline.py took 0.300 seconds
[2025-07-15T10:09:18.222+0000] {processor.py:153} INFO - Started process (PID=10562) to work on /opt/airflow/dags/retail_sales_pipeline.py
[2025-07-15T10:09:18.225+0000] {processor.py:743} INFO - Processing file /opt/airflow/dags/retail_sales_pipeline.py for tasks to queue
[2025-07-15T10:09:18.229+0000] {logging_mixin.py:137} INFO - [2025-07-15T10:09:18.228+0000] {dagbag.py:538} INFO - Filling up the DagBag from /opt/airflow/dags/retail_sales_pipeline.py
[2025-07-15T10:09:18.368+0000] {processor.py:753} INFO - DAG(s) dict_keys(['retail_sales_pipeline']) retrieved from /opt/airflow/dags/retail_sales_pipeline.py
[2025-07-15T10:09:18.882+0000] {logging_mixin.py:137} INFO - [2025-07-15T10:09:18.881+0000] {dag.py:2676} INFO - Sync 1 DAGs
[2025-07-15T10:09:18.937+0000] {logging_mixin.py:137} INFO - [2025-07-15T10:09:18.937+0000] {dag.py:3427} INFO - Setting next_dagrun for retail_sales_pipeline to None, run_after=None
[2025-07-15T10:09:19.003+0000] {processor.py:175} INFO - Processing /opt/airflow/dags/retail_sales_pipeline.py took 0.793 seconds
[2025-07-15T10:15:00.977+0000] {processor.py:153} INFO - Started process (PID=10568) to work on /opt/airflow/dags/retail_sales_pipeline.py
[2025-07-15T10:15:00.980+0000] {processor.py:743} INFO - Processing file /opt/airflow/dags/retail_sales_pipeline.py for tasks to queue
[2025-07-15T10:15:00.981+0000] {logging_mixin.py:137} INFO - [2025-07-15T10:15:00.981+0000] {dagbag.py:538} INFO - Filling up the DagBag from /opt/airflow/dags/retail_sales_pipeline.py
[2025-07-15T10:15:01.037+0000] {processor.py:753} INFO - DAG(s) dict_keys(['retail_sales_pipeline']) retrieved from /opt/airflow/dags/retail_sales_pipeline.py
[2025-07-15T10:15:01.180+0000] {logging_mixin.py:137} INFO - [2025-07-15T10:15:01.180+0000] {dag.py:2676} INFO - Sync 1 DAGs
[2025-07-15T10:15:01.236+0000] {logging_mixin.py:137} INFO - [2025-07-15T10:15:01.235+0000] {dag.py:3427} INFO - Setting next_dagrun for retail_sales_pipeline to None, run_after=None
[2025-07-15T10:15:01.272+0000] {processor.py:175} INFO - Processing /opt/airflow/dags/retail_sales_pipeline.py took 0.302 seconds
[2025-07-15T10:16:16.380+0000] {processor.py:153} INFO - Started process (PID=10574) to work on /opt/airflow/dags/retail_sales_pipeline.py
[2025-07-15T10:16:16.382+0000] {processor.py:743} INFO - Processing file /opt/airflow/dags/retail_sales_pipeline.py for tasks to queue
[2025-07-15T10:16:16.383+0000] {logging_mixin.py:137} INFO - [2025-07-15T10:16:16.383+0000] {dagbag.py:538} INFO - Filling up the DagBag from /opt/airflow/dags/retail_sales_pipeline.py
[2025-07-15T10:16:16.432+0000] {processor.py:753} INFO - DAG(s) dict_keys(['retail_sales_pipeline']) retrieved from /opt/airflow/dags/retail_sales_pipeline.py
[2025-07-15T10:16:16.578+0000] {logging_mixin.py:137} INFO - [2025-07-15T10:16:16.578+0000] {dag.py:2676} INFO - Sync 1 DAGs
[2025-07-15T10:16:16.627+0000] {logging_mixin.py:137} INFO - [2025-07-15T10:16:16.627+0000] {dag.py:3427} INFO - Setting next_dagrun for retail_sales_pipeline to None, run_after=None
[2025-07-15T10:16:16.653+0000] {processor.py:175} INFO - Processing /opt/airflow/dags/retail_sales_pipeline.py took 0.279 seconds
[2025-07-15T10:16:51.303+0000] {processor.py:153} INFO - Started process (PID=10579) to work on /opt/airflow/dags/retail_sales_pipeline.py
[2025-07-15T10:16:51.309+0000] {processor.py:743} INFO - Processing file /opt/airflow/dags/retail_sales_pipeline.py for tasks to queue
[2025-07-15T10:16:51.311+0000] {logging_mixin.py:137} INFO - [2025-07-15T10:16:51.311+0000] {dagbag.py:538} INFO - Filling up the DagBag from /opt/airflow/dags/retail_sales_pipeline.py
[2025-07-15T10:16:51.370+0000] {processor.py:753} INFO - DAG(s) dict_keys(['retail_sales_pipeline']) retrieved from /opt/airflow/dags/retail_sales_pipeline.py
[2025-07-15T10:16:51.516+0000] {logging_mixin.py:137} INFO - [2025-07-15T10:16:51.516+0000] {dag.py:2676} INFO - Sync 1 DAGs
[2025-07-15T10:16:51.562+0000] {logging_mixin.py:137} INFO - [2025-07-15T10:16:51.562+0000] {dag.py:3427} INFO - Setting next_dagrun for retail_sales_pipeline to None, run_after=None
[2025-07-15T10:16:51.586+0000] {processor.py:175} INFO - Processing /opt/airflow/dags/retail_sales_pipeline.py took 0.301 seconds
[2025-07-15T10:17:51.280+0000] {processor.py:153} INFO - Started process (PID=10584) to work on /opt/airflow/dags/retail_sales_pipeline.py
[2025-07-15T10:17:51.286+0000] {processor.py:743} INFO - Processing file /opt/airflow/dags/retail_sales_pipeline.py for tasks to queue
[2025-07-15T10:17:51.287+0000] {logging_mixin.py:137} INFO - [2025-07-15T10:17:51.287+0000] {dagbag.py:538} INFO - Filling up the DagBag from /opt/airflow/dags/retail_sales_pipeline.py
[2025-07-15T10:17:51.339+0000] {processor.py:753} INFO - DAG(s) dict_keys(['retail_sales_pipeline']) retrieved from /opt/airflow/dags/retail_sales_pipeline.py
[2025-07-15T10:17:51.498+0000] {logging_mixin.py:137} INFO - [2025-07-15T10:17:51.497+0000] {dag.py:2676} INFO - Sync 1 DAGs
[2025-07-15T10:17:51.543+0000] {logging_mixin.py:137} INFO - [2025-07-15T10:17:51.542+0000] {dag.py:3427} INFO - Setting next_dagrun for retail_sales_pipeline to None, run_after=None
[2025-07-15T10:17:51.568+0000] {processor.py:175} INFO - Processing /opt/airflow/dags/retail_sales_pipeline.py took 0.298 seconds
[2025-07-15T10:18:31.758+0000] {processor.py:153} INFO - Started process (PID=10589) to work on /opt/airflow/dags/retail_sales_pipeline.py
[2025-07-15T10:18:31.760+0000] {processor.py:743} INFO - Processing file /opt/airflow/dags/retail_sales_pipeline.py for tasks to queue
[2025-07-15T10:18:31.761+0000] {logging_mixin.py:137} INFO - [2025-07-15T10:18:31.761+0000] {dagbag.py:538} INFO - Filling up the DagBag from /opt/airflow/dags/retail_sales_pipeline.py
[2025-07-15T10:18:31.812+0000] {processor.py:753} INFO - DAG(s) dict_keys(['retail_sales_pipeline']) retrieved from /opt/airflow/dags/retail_sales_pipeline.py
[2025-07-15T10:18:31.971+0000] {logging_mixin.py:137} INFO - [2025-07-15T10:18:31.971+0000] {dag.py:2676} INFO - Sync 1 DAGs
[2025-07-15T10:18:32.020+0000] {logging_mixin.py:137} INFO - [2025-07-15T10:18:32.020+0000] {dag.py:3427} INFO - Setting next_dagrun for retail_sales_pipeline to None, run_after=None
[2025-07-15T10:18:32.045+0000] {processor.py:175} INFO - Processing /opt/airflow/dags/retail_sales_pipeline.py took 0.296 seconds
[2025-07-15T10:19:33.089+0000] {processor.py:153} INFO - Started process (PID=10594) to work on /opt/airflow/dags/retail_sales_pipeline.py
[2025-07-15T10:19:33.091+0000] {processor.py:743} INFO - Processing file /opt/airflow/dags/retail_sales_pipeline.py for tasks to queue
[2025-07-15T10:19:33.092+0000] {logging_mixin.py:137} INFO - [2025-07-15T10:19:33.092+0000] {dagbag.py:538} INFO - Filling up the DagBag from /opt/airflow/dags/retail_sales_pipeline.py
[2025-07-15T10:19:33.143+0000] {processor.py:753} INFO - DAG(s) dict_keys(['retail_sales_pipeline']) retrieved from /opt/airflow/dags/retail_sales_pipeline.py
[2025-07-15T10:19:33.315+0000] {logging_mixin.py:137} INFO - [2025-07-15T10:19:33.315+0000] {dag.py:2676} INFO - Sync 1 DAGs
[2025-07-15T10:19:33.360+0000] {logging_mixin.py:137} INFO - [2025-07-15T10:19:33.360+0000] {dag.py:3427} INFO - Setting next_dagrun for retail_sales_pipeline to None, run_after=None
[2025-07-15T10:19:33.387+0000] {processor.py:175} INFO - Processing /opt/airflow/dags/retail_sales_pipeline.py took 0.304 seconds
[2025-07-15T10:20:30.858+0000] {processor.py:153} INFO - Started process (PID=10600) to work on /opt/airflow/dags/retail_sales_pipeline.py
[2025-07-15T10:20:30.860+0000] {processor.py:743} INFO - Processing file /opt/airflow/dags/retail_sales_pipeline.py for tasks to queue
[2025-07-15T10:20:30.861+0000] {logging_mixin.py:137} INFO - [2025-07-15T10:20:30.861+0000] {dagbag.py:538} INFO - Filling up the DagBag from /opt/airflow/dags/retail_sales_pipeline.py
[2025-07-15T10:20:30.908+0000] {processor.py:753} INFO - DAG(s) dict_keys(['retail_sales_pipeline']) retrieved from /opt/airflow/dags/retail_sales_pipeline.py
[2025-07-15T10:20:31.055+0000] {logging_mixin.py:137} INFO - [2025-07-15T10:20:31.055+0000] {dag.py:2676} INFO - Sync 1 DAGs
[2025-07-15T10:20:31.097+0000] {logging_mixin.py:137} INFO - [2025-07-15T10:20:31.097+0000] {dag.py:3427} INFO - Setting next_dagrun for retail_sales_pipeline to None, run_after=None
[2025-07-15T10:20:31.132+0000] {processor.py:175} INFO - Processing /opt/airflow/dags/retail_sales_pipeline.py took 0.280 seconds
[2025-07-15T10:21:18.237+0000] {processor.py:153} INFO - Started process (PID=10605) to work on /opt/airflow/dags/retail_sales_pipeline.py
[2025-07-15T10:21:18.239+0000] {processor.py:743} INFO - Processing file /opt/airflow/dags/retail_sales_pipeline.py for tasks to queue
[2025-07-15T10:21:18.240+0000] {logging_mixin.py:137} INFO - [2025-07-15T10:21:18.240+0000] {dagbag.py:538} INFO - Filling up the DagBag from /opt/airflow/dags/retail_sales_pipeline.py
[2025-07-15T10:21:18.290+0000] {processor.py:753} INFO - DAG(s) dict_keys(['retail_sales_pipeline']) retrieved from /opt/airflow/dags/retail_sales_pipeline.py
[2025-07-15T10:21:18.446+0000] {logging_mixin.py:137} INFO - [2025-07-15T10:21:18.446+0000] {dag.py:2676} INFO - Sync 1 DAGs
[2025-07-15T10:21:18.496+0000] {logging_mixin.py:137} INFO - [2025-07-15T10:21:18.495+0000] {dag.py:3427} INFO - Setting next_dagrun for retail_sales_pipeline to None, run_after=None
[2025-07-15T10:21:18.522+0000] {processor.py:175} INFO - Processing /opt/airflow/dags/retail_sales_pipeline.py took 0.295 seconds
[2025-07-15T11:02:37.493+0000] {processor.py:153} INFO - Started process (PID=10610) to work on /opt/airflow/dags/retail_sales_pipeline.py
[2025-07-15T11:02:37.495+0000] {processor.py:743} INFO - Processing file /opt/airflow/dags/retail_sales_pipeline.py for tasks to queue
[2025-07-15T11:02:37.498+0000] {logging_mixin.py:137} INFO - [2025-07-15T11:02:37.497+0000] {dagbag.py:538} INFO - Filling up the DagBag from /opt/airflow/dags/retail_sales_pipeline.py
[2025-07-15T11:02:37.650+0000] {processor.py:753} INFO - DAG(s) dict_keys(['retail_sales_pipeline']) retrieved from /opt/airflow/dags/retail_sales_pipeline.py
[2025-07-15T11:02:38.050+0000] {logging_mixin.py:137} INFO - [2025-07-15T11:02:38.049+0000] {dag.py:2676} INFO - Sync 1 DAGs
[2025-07-15T11:02:38.268+0000] {logging_mixin.py:137} INFO - [2025-07-15T11:02:38.267+0000] {dag.py:3427} INFO - Setting next_dagrun for retail_sales_pipeline to None, run_after=None
[2025-07-15T11:02:38.446+0000] {processor.py:175} INFO - Processing /opt/airflow/dags/retail_sales_pipeline.py took 0.961 seconds
[2025-07-15T11:33:23.074+0000] {processor.py:153} INFO - Started process (PID=10615) to work on /opt/airflow/dags/retail_sales_pipeline.py
[2025-07-15T11:33:23.076+0000] {processor.py:743} INFO - Processing file /opt/airflow/dags/retail_sales_pipeline.py for tasks to queue
[2025-07-15T11:33:23.079+0000] {logging_mixin.py:137} INFO - [2025-07-15T11:33:23.078+0000] {dagbag.py:538} INFO - Filling up the DagBag from /opt/airflow/dags/retail_sales_pipeline.py
[2025-07-15T11:33:23.177+0000] {processor.py:753} INFO - DAG(s) dict_keys(['retail_sales_pipeline']) retrieved from /opt/airflow/dags/retail_sales_pipeline.py
[2025-07-15T11:33:23.510+0000] {logging_mixin.py:137} INFO - [2025-07-15T11:33:23.508+0000] {dag.py:2676} INFO - Sync 1 DAGs
[2025-07-15T11:33:23.650+0000] {logging_mixin.py:137} INFO - [2025-07-15T11:33:23.649+0000] {dag.py:3427} INFO - Setting next_dagrun for retail_sales_pipeline to None, run_after=None
[2025-07-15T11:33:23.736+0000] {processor.py:175} INFO - Processing /opt/airflow/dags/retail_sales_pipeline.py took 0.674 seconds
[2025-07-15T12:02:43.435+0000] {processor.py:153} INFO - Started process (PID=10622) to work on /opt/airflow/dags/retail_sales_pipeline.py
[2025-07-15T12:02:43.440+0000] {processor.py:743} INFO - Processing file /opt/airflow/dags/retail_sales_pipeline.py for tasks to queue
[2025-07-15T12:02:43.445+0000] {logging_mixin.py:137} INFO - [2025-07-15T12:02:43.443+0000] {dagbag.py:538} INFO - Filling up the DagBag from /opt/airflow/dags/retail_sales_pipeline.py
[2025-07-15T12:02:43.555+0000] {processor.py:753} INFO - DAG(s) dict_keys(['retail_sales_pipeline']) retrieved from /opt/airflow/dags/retail_sales_pipeline.py
[2025-07-15T12:02:43.913+0000] {logging_mixin.py:137} INFO - [2025-07-15T12:02:43.912+0000] {dag.py:2676} INFO - Sync 1 DAGs
[2025-07-15T12:02:44.014+0000] {logging_mixin.py:137} INFO - [2025-07-15T12:02:44.013+0000] {dag.py:3427} INFO - Setting next_dagrun for retail_sales_pipeline to None, run_after=None
[2025-07-15T12:02:44.108+0000] {processor.py:175} INFO - Processing /opt/airflow/dags/retail_sales_pipeline.py took 0.691 seconds
[2025-07-15T12:03:14.605+0000] {processor.py:153} INFO - Started process (PID=10627) to work on /opt/airflow/dags/retail_sales_pipeline.py
[2025-07-15T12:03:14.607+0000] {processor.py:743} INFO - Processing file /opt/airflow/dags/retail_sales_pipeline.py for tasks to queue
[2025-07-15T12:03:14.608+0000] {logging_mixin.py:137} INFO - [2025-07-15T12:03:14.608+0000] {dagbag.py:538} INFO - Filling up the DagBag from /opt/airflow/dags/retail_sales_pipeline.py
[2025-07-15T12:03:14.660+0000] {processor.py:753} INFO - DAG(s) dict_keys(['retail_sales_pipeline']) retrieved from /opt/airflow/dags/retail_sales_pipeline.py
[2025-07-15T12:03:14.812+0000] {logging_mixin.py:137} INFO - [2025-07-15T12:03:14.812+0000] {dag.py:2676} INFO - Sync 1 DAGs
[2025-07-15T12:03:14.875+0000] {logging_mixin.py:137} INFO - [2025-07-15T12:03:14.875+0000] {dag.py:3427} INFO - Setting next_dagrun for retail_sales_pipeline to None, run_after=None
[2025-07-15T12:03:14.910+0000] {processor.py:175} INFO - Processing /opt/airflow/dags/retail_sales_pipeline.py took 0.313 seconds
[2025-07-15T12:22:07.790+0000] {processor.py:153} INFO - Started process (PID=10632) to work on /opt/airflow/dags/retail_sales_pipeline.py
[2025-07-15T12:22:07.795+0000] {processor.py:743} INFO - Processing file /opt/airflow/dags/retail_sales_pipeline.py for tasks to queue
[2025-07-15T12:22:07.799+0000] {logging_mixin.py:137} INFO - [2025-07-15T12:22:07.798+0000] {dagbag.py:538} INFO - Filling up the DagBag from /opt/airflow/dags/retail_sales_pipeline.py
[2025-07-15T12:22:07.894+0000] {processor.py:753} INFO - DAG(s) dict_keys(['retail_sales_pipeline']) retrieved from /opt/airflow/dags/retail_sales_pipeline.py
[2025-07-15T12:22:08.231+0000] {logging_mixin.py:137} INFO - [2025-07-15T12:22:08.231+0000] {dag.py:2676} INFO - Sync 1 DAGs
[2025-07-15T12:22:08.323+0000] {logging_mixin.py:137} INFO - [2025-07-15T12:22:08.323+0000] {dag.py:3427} INFO - Setting next_dagrun for retail_sales_pipeline to None, run_after=None
[2025-07-15T12:22:08.405+0000] {processor.py:175} INFO - Processing /opt/airflow/dags/retail_sales_pipeline.py took 0.634 seconds
[2025-07-15T13:18:44.359+0000] {processor.py:153} INFO - Started process (PID=10637) to work on /opt/airflow/dags/retail_sales_pipeline.py
[2025-07-15T13:18:44.361+0000] {processor.py:743} INFO - Processing file /opt/airflow/dags/retail_sales_pipeline.py for tasks to queue
[2025-07-15T13:18:44.362+0000] {logging_mixin.py:137} INFO - [2025-07-15T13:18:44.362+0000] {dagbag.py:538} INFO - Filling up the DagBag from /opt/airflow/dags/retail_sales_pipeline.py
[2025-07-15T13:18:44.409+0000] {processor.py:753} INFO - DAG(s) dict_keys(['retail_sales_pipeline']) retrieved from /opt/airflow/dags/retail_sales_pipeline.py
[2025-07-15T13:18:44.555+0000] {logging_mixin.py:137} INFO - [2025-07-15T13:18:44.555+0000] {dag.py:2676} INFO - Sync 1 DAGs
[2025-07-15T13:18:44.609+0000] {logging_mixin.py:137} INFO - [2025-07-15T13:18:44.609+0000] {dag.py:3427} INFO - Setting next_dagrun for retail_sales_pipeline to None, run_after=None
[2025-07-15T13:18:44.640+0000] {processor.py:175} INFO - Processing /opt/airflow/dags/retail_sales_pipeline.py took 0.288 seconds
[2025-07-15T13:19:14.933+0000] {processor.py:153} INFO - Started process (PID=10642) to work on /opt/airflow/dags/retail_sales_pipeline.py
[2025-07-15T13:19:14.935+0000] {processor.py:743} INFO - Processing file /opt/airflow/dags/retail_sales_pipeline.py for tasks to queue
[2025-07-15T13:19:14.937+0000] {logging_mixin.py:137} INFO - [2025-07-15T13:19:14.937+0000] {dagbag.py:538} INFO - Filling up the DagBag from /opt/airflow/dags/retail_sales_pipeline.py
[2025-07-15T13:19:14.995+0000] {processor.py:753} INFO - DAG(s) dict_keys(['retail_sales_pipeline']) retrieved from /opt/airflow/dags/retail_sales_pipeline.py
[2025-07-15T13:19:15.157+0000] {logging_mixin.py:137} INFO - [2025-07-15T13:19:15.157+0000] {dag.py:2676} INFO - Sync 1 DAGs
[2025-07-15T13:19:15.202+0000] {logging_mixin.py:137} INFO - [2025-07-15T13:19:15.202+0000] {dag.py:3427} INFO - Setting next_dagrun for retail_sales_pipeline to None, run_after=None
[2025-07-15T13:19:15.229+0000] {processor.py:175} INFO - Processing /opt/airflow/dags/retail_sales_pipeline.py took 0.318 seconds
[2025-07-15T14:06:54.566+0000] {processor.py:153} INFO - Started process (PID=10649) to work on /opt/airflow/dags/retail_sales_pipeline.py
[2025-07-15T14:06:54.568+0000] {processor.py:743} INFO - Processing file /opt/airflow/dags/retail_sales_pipeline.py for tasks to queue
[2025-07-15T14:06:54.573+0000] {logging_mixin.py:137} INFO - [2025-07-15T14:06:54.572+0000] {dagbag.py:538} INFO - Filling up the DagBag from /opt/airflow/dags/retail_sales_pipeline.py
[2025-07-15T14:06:54.757+0000] {processor.py:753} INFO - DAG(s) dict_keys(['retail_sales_pipeline']) retrieved from /opt/airflow/dags/retail_sales_pipeline.py
[2025-07-15T14:06:55.174+0000] {logging_mixin.py:137} INFO - [2025-07-15T14:06:55.171+0000] {dag.py:2676} INFO - Sync 1 DAGs
[2025-07-15T14:06:55.236+0000] {logging_mixin.py:137} INFO - [2025-07-15T14:06:55.236+0000] {dag.py:3427} INFO - Setting next_dagrun for retail_sales_pipeline to None, run_after=None
[2025-07-15T14:06:55.266+0000] {processor.py:175} INFO - Processing /opt/airflow/dags/retail_sales_pipeline.py took 0.733 seconds
[2025-07-15T15:21:10.704+0000] {processor.py:153} INFO - Started process (PID=10654) to work on /opt/airflow/dags/retail_sales_pipeline.py
[2025-07-15T15:21:10.707+0000] {processor.py:743} INFO - Processing file /opt/airflow/dags/retail_sales_pipeline.py for tasks to queue
[2025-07-15T15:21:10.710+0000] {logging_mixin.py:137} INFO - [2025-07-15T15:21:10.710+0000] {dagbag.py:538} INFO - Filling up the DagBag from /opt/airflow/dags/retail_sales_pipeline.py
[2025-07-15T15:21:10.764+0000] {processor.py:753} INFO - DAG(s) dict_keys(['retail_sales_pipeline']) retrieved from /opt/airflow/dags/retail_sales_pipeline.py
[2025-07-15T15:21:10.906+0000] {logging_mixin.py:137} INFO - [2025-07-15T15:21:10.906+0000] {dag.py:2676} INFO - Sync 1 DAGs
[2025-07-15T15:21:11.006+0000] {logging_mixin.py:137} INFO - [2025-07-15T15:21:11.005+0000] {dag.py:3427} INFO - Setting next_dagrun for retail_sales_pipeline to None, run_after=None
[2025-07-15T15:21:11.083+0000] {processor.py:175} INFO - Processing /opt/airflow/dags/retail_sales_pipeline.py took 0.385 seconds
[2025-07-15T15:21:41.576+0000] {processor.py:153} INFO - Started process (PID=10659) to work on /opt/airflow/dags/retail_sales_pipeline.py
[2025-07-15T15:21:41.578+0000] {processor.py:743} INFO - Processing file /opt/airflow/dags/retail_sales_pipeline.py for tasks to queue
[2025-07-15T15:21:41.579+0000] {logging_mixin.py:137} INFO - [2025-07-15T15:21:41.579+0000] {dagbag.py:538} INFO - Filling up the DagBag from /opt/airflow/dags/retail_sales_pipeline.py
[2025-07-15T15:21:41.628+0000] {processor.py:753} INFO - DAG(s) dict_keys(['retail_sales_pipeline']) retrieved from /opt/airflow/dags/retail_sales_pipeline.py
[2025-07-15T15:21:41.775+0000] {logging_mixin.py:137} INFO - [2025-07-15T15:21:41.774+0000] {dag.py:2676} INFO - Sync 1 DAGs
[2025-07-15T15:21:41.850+0000] {logging_mixin.py:137} INFO - [2025-07-15T15:21:41.850+0000] {dag.py:3427} INFO - Setting next_dagrun for retail_sales_pipeline to None, run_after=None
[2025-07-15T15:21:41.885+0000] {processor.py:175} INFO - Processing /opt/airflow/dags/retail_sales_pipeline.py took 0.320 seconds
[2025-07-15T15:29:49.779+0000] {processor.py:153} INFO - Started process (PID=10664) to work on /opt/airflow/dags/retail_sales_pipeline.py
[2025-07-15T15:29:49.783+0000] {processor.py:743} INFO - Processing file /opt/airflow/dags/retail_sales_pipeline.py for tasks to queue
[2025-07-15T15:29:49.784+0000] {logging_mixin.py:137} INFO - [2025-07-15T15:29:49.784+0000] {dagbag.py:538} INFO - Filling up the DagBag from /opt/airflow/dags/retail_sales_pipeline.py
[2025-07-15T15:29:49.830+0000] {processor.py:753} INFO - DAG(s) dict_keys(['retail_sales_pipeline']) retrieved from /opt/airflow/dags/retail_sales_pipeline.py
[2025-07-15T15:29:50.154+0000] {logging_mixin.py:137} INFO - [2025-07-15T15:29:50.154+0000] {dag.py:2676} INFO - Sync 1 DAGs
[2025-07-15T15:29:50.290+0000] {logging_mixin.py:137} INFO - [2025-07-15T15:29:50.289+0000] {dag.py:3427} INFO - Setting next_dagrun for retail_sales_pipeline to None, run_after=None
[2025-07-15T15:29:50.437+0000] {processor.py:175} INFO - Processing /opt/airflow/dags/retail_sales_pipeline.py took 0.669 seconds
[2025-07-15T15:54:16.781+0000] {processor.py:153} INFO - Started process (PID=10669) to work on /opt/airflow/dags/retail_sales_pipeline.py
[2025-07-15T15:54:16.782+0000] {processor.py:743} INFO - Processing file /opt/airflow/dags/retail_sales_pipeline.py for tasks to queue
[2025-07-15T15:54:16.783+0000] {logging_mixin.py:137} INFO - [2025-07-15T15:54:16.783+0000] {dagbag.py:538} INFO - Filling up the DagBag from /opt/airflow/dags/retail_sales_pipeline.py
[2025-07-15T15:54:16.832+0000] {processor.py:753} INFO - DAG(s) dict_keys(['retail_sales_pipeline']) retrieved from /opt/airflow/dags/retail_sales_pipeline.py
[2025-07-15T15:54:17.093+0000] {logging_mixin.py:137} INFO - [2025-07-15T15:54:17.093+0000] {dag.py:2676} INFO - Sync 1 DAGs
[2025-07-15T15:54:17.224+0000] {logging_mixin.py:137} INFO - [2025-07-15T15:54:17.223+0000] {dag.py:3427} INFO - Setting next_dagrun for retail_sales_pipeline to None, run_after=None
[2025-07-15T15:54:17.322+0000] {processor.py:175} INFO - Processing /opt/airflow/dags/retail_sales_pipeline.py took 0.547 seconds
[2025-07-15T15:55:46.804+0000] {processor.py:153} INFO - Started process (PID=10674) to work on /opt/airflow/dags/retail_sales_pipeline.py
[2025-07-15T15:55:46.806+0000] {processor.py:743} INFO - Processing file /opt/airflow/dags/retail_sales_pipeline.py for tasks to queue
[2025-07-15T15:55:46.808+0000] {logging_mixin.py:137} INFO - [2025-07-15T15:55:46.808+0000] {dagbag.py:538} INFO - Filling up the DagBag from /opt/airflow/dags/retail_sales_pipeline.py
[2025-07-15T15:55:46.855+0000] {processor.py:753} INFO - DAG(s) dict_keys(['retail_sales_pipeline']) retrieved from /opt/airflow/dags/retail_sales_pipeline.py
[2025-07-15T15:55:47.014+0000] {logging_mixin.py:137} INFO - [2025-07-15T15:55:47.014+0000] {dag.py:2676} INFO - Sync 1 DAGs
[2025-07-15T15:55:47.059+0000] {logging_mixin.py:137} INFO - [2025-07-15T15:55:47.058+0000] {dag.py:3427} INFO - Setting next_dagrun for retail_sales_pipeline to None, run_after=None
[2025-07-15T15:55:47.085+0000] {processor.py:175} INFO - Processing /opt/airflow/dags/retail_sales_pipeline.py took 0.291 seconds
[2025-07-15T16:15:30.958+0000] {processor.py:153} INFO - Started process (PID=10681) to work on /opt/airflow/dags/retail_sales_pipeline.py
[2025-07-15T16:15:30.963+0000] {processor.py:743} INFO - Processing file /opt/airflow/dags/retail_sales_pipeline.py for tasks to queue
[2025-07-15T16:15:30.965+0000] {logging_mixin.py:137} INFO - [2025-07-15T16:15:30.965+0000] {dagbag.py:538} INFO - Filling up the DagBag from /opt/airflow/dags/retail_sales_pipeline.py
[2025-07-15T16:15:31.068+0000] {processor.py:753} INFO - DAG(s) dict_keys(['retail_sales_pipeline']) retrieved from /opt/airflow/dags/retail_sales_pipeline.py
[2025-07-15T16:15:31.431+0000] {logging_mixin.py:137} INFO - [2025-07-15T16:15:31.430+0000] {dag.py:2676} INFO - Sync 1 DAGs
[2025-07-15T16:15:31.558+0000] {logging_mixin.py:137} INFO - [2025-07-15T16:15:31.557+0000] {dag.py:3427} INFO - Setting next_dagrun for retail_sales_pipeline to None, run_after=None
[2025-07-15T16:15:31.668+0000] {processor.py:175} INFO - Processing /opt/airflow/dags/retail_sales_pipeline.py took 0.724 seconds
[2025-07-15T16:16:02.199+0000] {processor.py:153} INFO - Started process (PID=10686) to work on /opt/airflow/dags/retail_sales_pipeline.py
[2025-07-15T16:16:02.201+0000] {processor.py:743} INFO - Processing file /opt/airflow/dags/retail_sales_pipeline.py for tasks to queue
[2025-07-15T16:16:02.202+0000] {logging_mixin.py:137} INFO - [2025-07-15T16:16:02.202+0000] {dagbag.py:538} INFO - Filling up the DagBag from /opt/airflow/dags/retail_sales_pipeline.py
[2025-07-15T16:16:02.252+0000] {processor.py:753} INFO - DAG(s) dict_keys(['retail_sales_pipeline']) retrieved from /opt/airflow/dags/retail_sales_pipeline.py
[2025-07-15T16:16:02.408+0000] {logging_mixin.py:137} INFO - [2025-07-15T16:16:02.408+0000] {dag.py:2676} INFO - Sync 1 DAGs
[2025-07-15T16:16:02.466+0000] {logging_mixin.py:137} INFO - [2025-07-15T16:16:02.465+0000] {dag.py:3427} INFO - Setting next_dagrun for retail_sales_pipeline to None, run_after=None
[2025-07-15T16:16:02.494+0000] {processor.py:175} INFO - Processing /opt/airflow/dags/retail_sales_pipeline.py took 0.309 seconds
[2025-07-15T16:47:38.198+0000] {processor.py:153} INFO - Started process (PID=10691) to work on /opt/airflow/dags/retail_sales_pipeline.py
[2025-07-15T16:47:38.201+0000] {processor.py:743} INFO - Processing file /opt/airflow/dags/retail_sales_pipeline.py for tasks to queue
[2025-07-15T16:47:38.205+0000] {logging_mixin.py:137} INFO - [2025-07-15T16:47:38.204+0000] {dagbag.py:538} INFO - Filling up the DagBag from /opt/airflow/dags/retail_sales_pipeline.py
[2025-07-15T16:47:38.423+0000] {processor.py:753} INFO - DAG(s) dict_keys(['retail_sales_pipeline']) retrieved from /opt/airflow/dags/retail_sales_pipeline.py
[2025-07-15T16:47:38.967+0000] {logging_mixin.py:137} INFO - [2025-07-15T16:47:38.966+0000] {dag.py:2676} INFO - Sync 1 DAGs
[2025-07-15T16:47:39.065+0000] {logging_mixin.py:137} INFO - [2025-07-15T16:47:39.065+0000] {dag.py:3427} INFO - Setting next_dagrun for retail_sales_pipeline to None, run_after=None
[2025-07-15T16:47:39.168+0000] {processor.py:175} INFO - Processing /opt/airflow/dags/retail_sales_pipeline.py took 0.981 seconds
[2025-07-15T16:48:09.695+0000] {processor.py:153} INFO - Started process (PID=10696) to work on /opt/airflow/dags/retail_sales_pipeline.py
[2025-07-15T16:48:09.697+0000] {processor.py:743} INFO - Processing file /opt/airflow/dags/retail_sales_pipeline.py for tasks to queue
[2025-07-15T16:48:09.698+0000] {logging_mixin.py:137} INFO - [2025-07-15T16:48:09.698+0000] {dagbag.py:538} INFO - Filling up the DagBag from /opt/airflow/dags/retail_sales_pipeline.py
[2025-07-15T16:48:09.755+0000] {processor.py:753} INFO - DAG(s) dict_keys(['retail_sales_pipeline']) retrieved from /opt/airflow/dags/retail_sales_pipeline.py
[2025-07-15T16:48:09.915+0000] {logging_mixin.py:137} INFO - [2025-07-15T16:48:09.915+0000] {dag.py:2676} INFO - Sync 1 DAGs
[2025-07-15T16:48:09.968+0000] {logging_mixin.py:137} INFO - [2025-07-15T16:48:09.967+0000] {dag.py:3427} INFO - Setting next_dagrun for retail_sales_pipeline to None, run_after=None
[2025-07-15T16:48:10.000+0000] {processor.py:175} INFO - Processing /opt/airflow/dags/retail_sales_pipeline.py took 0.314 seconds
[2025-07-15T17:29:01.217+0000] {processor.py:153} INFO - Started process (PID=10703) to work on /opt/airflow/dags/retail_sales_pipeline.py
[2025-07-15T17:29:01.218+0000] {processor.py:743} INFO - Processing file /opt/airflow/dags/retail_sales_pipeline.py for tasks to queue
[2025-07-15T17:29:01.219+0000] {logging_mixin.py:137} INFO - [2025-07-15T17:29:01.219+0000] {dagbag.py:538} INFO - Filling up the DagBag from /opt/airflow/dags/retail_sales_pipeline.py
[2025-07-15T17:29:01.254+0000] {processor.py:753} INFO - DAG(s) dict_keys(['retail_sales_pipeline']) retrieved from /opt/airflow/dags/retail_sales_pipeline.py
[2025-07-15T17:29:01.378+0000] {logging_mixin.py:137} INFO - [2025-07-15T17:29:01.377+0000] {dag.py:2676} INFO - Sync 1 DAGs
[2025-07-15T17:29:01.422+0000] {logging_mixin.py:137} INFO - [2025-07-15T17:29:01.422+0000] {dag.py:3427} INFO - Setting next_dagrun for retail_sales_pipeline to None, run_after=None
[2025-07-15T17:29:01.450+0000] {processor.py:175} INFO - Processing /opt/airflow/dags/retail_sales_pipeline.py took 0.246 seconds
[2025-07-15T17:29:31.918+0000] {processor.py:153} INFO - Started process (PID=10708) to work on /opt/airflow/dags/retail_sales_pipeline.py
[2025-07-15T17:29:31.921+0000] {processor.py:743} INFO - Processing file /opt/airflow/dags/retail_sales_pipeline.py for tasks to queue
[2025-07-15T17:29:31.922+0000] {logging_mixin.py:137} INFO - [2025-07-15T17:29:31.922+0000] {dagbag.py:538} INFO - Filling up the DagBag from /opt/airflow/dags/retail_sales_pipeline.py
[2025-07-15T17:29:31.971+0000] {processor.py:753} INFO - DAG(s) dict_keys(['retail_sales_pipeline']) retrieved from /opt/airflow/dags/retail_sales_pipeline.py
[2025-07-15T17:29:32.123+0000] {logging_mixin.py:137} INFO - [2025-07-15T17:29:32.122+0000] {dag.py:2676} INFO - Sync 1 DAGs
[2025-07-15T17:29:32.170+0000] {logging_mixin.py:137} INFO - [2025-07-15T17:29:32.170+0000] {dag.py:3427} INFO - Setting next_dagrun for retail_sales_pipeline to None, run_after=None
[2025-07-15T17:29:32.198+0000] {processor.py:175} INFO - Processing /opt/airflow/dags/retail_sales_pipeline.py took 0.285 seconds
[2025-07-15T18:27:10.056+0000] {processor.py:153} INFO - Started process (PID=10713) to work on /opt/airflow/dags/retail_sales_pipeline.py
[2025-07-15T18:27:10.064+0000] {processor.py:743} INFO - Processing file /opt/airflow/dags/retail_sales_pipeline.py for tasks to queue
[2025-07-15T18:27:10.071+0000] {logging_mixin.py:137} INFO - [2025-07-15T18:27:10.070+0000] {dagbag.py:538} INFO - Filling up the DagBag from /opt/airflow/dags/retail_sales_pipeline.py
[2025-07-15T18:27:10.331+0000] {processor.py:753} INFO - DAG(s) dict_keys(['retail_sales_pipeline']) retrieved from /opt/airflow/dags/retail_sales_pipeline.py
[2025-07-15T18:27:10.641+0000] {logging_mixin.py:137} INFO - [2025-07-15T18:27:10.640+0000] {dag.py:2676} INFO - Sync 1 DAGs
[2025-07-15T18:27:10.692+0000] {logging_mixin.py:137} INFO - [2025-07-15T18:27:10.692+0000] {dag.py:3427} INFO - Setting next_dagrun for retail_sales_pipeline to None, run_after=None
[2025-07-15T18:27:10.728+0000] {processor.py:175} INFO - Processing /opt/airflow/dags/retail_sales_pipeline.py took 0.691 seconds
[2025-07-15T19:42:59.184+0000] {processor.py:153} INFO - Started process (PID=10718) to work on /opt/airflow/dags/retail_sales_pipeline.py
[2025-07-15T19:42:59.186+0000] {processor.py:743} INFO - Processing file /opt/airflow/dags/retail_sales_pipeline.py for tasks to queue
[2025-07-15T19:42:59.191+0000] {logging_mixin.py:137} INFO - [2025-07-15T19:42:59.189+0000] {dagbag.py:538} INFO - Filling up the DagBag from /opt/airflow/dags/retail_sales_pipeline.py
[2025-07-15T19:42:59.341+0000] {processor.py:753} INFO - DAG(s) dict_keys(['retail_sales_pipeline']) retrieved from /opt/airflow/dags/retail_sales_pipeline.py
[2025-07-15T19:42:59.799+0000] {logging_mixin.py:137} INFO - [2025-07-15T19:42:59.798+0000] {dag.py:2676} INFO - Sync 1 DAGs
[2025-07-15T19:42:59.882+0000] {logging_mixin.py:137} INFO - [2025-07-15T19:42:59.882+0000] {dag.py:3427} INFO - Setting next_dagrun for retail_sales_pipeline to None, run_after=None
[2025-07-15T19:42:59.913+0000] {processor.py:175} INFO - Processing /opt/airflow/dags/retail_sales_pipeline.py took 0.748 seconds
[2025-07-15T20:54:19.472+0000] {processor.py:153} INFO - Started process (PID=10723) to work on /opt/airflow/dags/retail_sales_pipeline.py
[2025-07-15T20:54:19.474+0000] {processor.py:743} INFO - Processing file /opt/airflow/dags/retail_sales_pipeline.py for tasks to queue
[2025-07-15T20:54:19.474+0000] {logging_mixin.py:137} INFO - [2025-07-15T20:54:19.474+0000] {dagbag.py:538} INFO - Filling up the DagBag from /opt/airflow/dags/retail_sales_pipeline.py
[2025-07-15T20:54:19.520+0000] {processor.py:753} INFO - DAG(s) dict_keys(['retail_sales_pipeline']) retrieved from /opt/airflow/dags/retail_sales_pipeline.py
[2025-07-15T20:54:19.655+0000] {logging_mixin.py:137} INFO - [2025-07-15T20:54:19.655+0000] {dag.py:2676} INFO - Sync 1 DAGs
[2025-07-15T20:54:19.706+0000] {logging_mixin.py:137} INFO - [2025-07-15T20:54:19.706+0000] {dag.py:3427} INFO - Setting next_dagrun for retail_sales_pipeline to None, run_after=None
[2025-07-15T20:54:19.730+0000] {processor.py:175} INFO - Processing /opt/airflow/dags/retail_sales_pipeline.py took 0.263 seconds
[2025-07-15T22:17:40.417+0000] {processor.py:153} INFO - Started process (PID=10730) to work on /opt/airflow/dags/retail_sales_pipeline.py
[2025-07-15T22:17:40.419+0000] {processor.py:743} INFO - Processing file /opt/airflow/dags/retail_sales_pipeline.py for tasks to queue
[2025-07-15T22:17:40.420+0000] {logging_mixin.py:137} INFO - [2025-07-15T22:17:40.420+0000] {dagbag.py:538} INFO - Filling up the DagBag from /opt/airflow/dags/retail_sales_pipeline.py
[2025-07-15T22:17:40.509+0000] {processor.py:753} INFO - DAG(s) dict_keys(['retail_sales_pipeline']) retrieved from /opt/airflow/dags/retail_sales_pipeline.py
[2025-07-15T22:17:40.673+0000] {logging_mixin.py:137} INFO - [2025-07-15T22:17:40.673+0000] {dag.py:2676} INFO - Sync 1 DAGs
[2025-07-15T22:17:40.764+0000] {logging_mixin.py:137} INFO - [2025-07-15T22:17:40.762+0000] {dag.py:3427} INFO - Setting next_dagrun for retail_sales_pipeline to None, run_after=None
[2025-07-15T22:17:40.881+0000] {processor.py:175} INFO - Processing /opt/airflow/dags/retail_sales_pipeline.py took 0.469 seconds
[2025-07-15T23:06:03.097+0000] {processor.py:153} INFO - Started process (PID=10735) to work on /opt/airflow/dags/retail_sales_pipeline.py
[2025-07-15T23:06:03.098+0000] {processor.py:743} INFO - Processing file /opt/airflow/dags/retail_sales_pipeline.py for tasks to queue
[2025-07-15T23:06:03.099+0000] {logging_mixin.py:137} INFO - [2025-07-15T23:06:03.099+0000] {dagbag.py:538} INFO - Filling up the DagBag from /opt/airflow/dags/retail_sales_pipeline.py
[2025-07-15T23:06:03.145+0000] {processor.py:753} INFO - DAG(s) dict_keys(['retail_sales_pipeline']) retrieved from /opt/airflow/dags/retail_sales_pipeline.py
[2025-07-15T23:06:03.277+0000] {logging_mixin.py:137} INFO - [2025-07-15T23:06:03.276+0000] {dag.py:2676} INFO - Sync 1 DAGs
[2025-07-15T23:06:03.322+0000] {logging_mixin.py:137} INFO - [2025-07-15T23:06:03.322+0000] {dag.py:3427} INFO - Setting next_dagrun for retail_sales_pipeline to None, run_after=None
[2025-07-15T23:06:03.348+0000] {processor.py:175} INFO - Processing /opt/airflow/dags/retail_sales_pipeline.py took 0.257 seconds
[2025-07-15T23:06:33.711+0000] {processor.py:153} INFO - Started process (PID=10740) to work on /opt/airflow/dags/retail_sales_pipeline.py
[2025-07-15T23:06:33.714+0000] {processor.py:743} INFO - Processing file /opt/airflow/dags/retail_sales_pipeline.py for tasks to queue
[2025-07-15T23:06:33.715+0000] {logging_mixin.py:137} INFO - [2025-07-15T23:06:33.715+0000] {dagbag.py:538} INFO - Filling up the DagBag from /opt/airflow/dags/retail_sales_pipeline.py
[2025-07-15T23:06:33.760+0000] {processor.py:753} INFO - DAG(s) dict_keys(['retail_sales_pipeline']) retrieved from /opt/airflow/dags/retail_sales_pipeline.py
[2025-07-15T23:06:33.934+0000] {logging_mixin.py:137} INFO - [2025-07-15T23:06:33.933+0000] {dag.py:2676} INFO - Sync 1 DAGs
[2025-07-15T23:06:33.993+0000] {logging_mixin.py:137} INFO - [2025-07-15T23:06:33.992+0000] {dag.py:3427} INFO - Setting next_dagrun for retail_sales_pipeline to None, run_after=None
[2025-07-15T23:06:34.036+0000] {processor.py:175} INFO - Processing /opt/airflow/dags/retail_sales_pipeline.py took 0.335 seconds
[2025-07-15T23:37:54.634+0000] {processor.py:153} INFO - Started process (PID=10745) to work on /opt/airflow/dags/retail_sales_pipeline.py
[2025-07-15T23:37:54.636+0000] {processor.py:743} INFO - Processing file /opt/airflow/dags/retail_sales_pipeline.py for tasks to queue
[2025-07-15T23:37:54.639+0000] {logging_mixin.py:137} INFO - [2025-07-15T23:37:54.638+0000] {dagbag.py:538} INFO - Filling up the DagBag from /opt/airflow/dags/retail_sales_pipeline.py
[2025-07-15T23:37:54.754+0000] {processor.py:753} INFO - DAG(s) dict_keys(['retail_sales_pipeline']) retrieved from /opt/airflow/dags/retail_sales_pipeline.py
[2025-07-15T23:37:55.258+0000] {logging_mixin.py:137} INFO - [2025-07-15T23:37:55.257+0000] {dag.py:2676} INFO - Sync 1 DAGs
[2025-07-15T23:37:55.363+0000] {logging_mixin.py:137} INFO - [2025-07-15T23:37:55.362+0000] {dag.py:3427} INFO - Setting next_dagrun for retail_sales_pipeline to None, run_after=None
[2025-07-15T23:37:55.404+0000] {processor.py:175} INFO - Processing /opt/airflow/dags/retail_sales_pipeline.py took 0.785 seconds
[2025-07-15T23:55:18.186+0000] {processor.py:153} INFO - Started process (PID=10750) to work on /opt/airflow/dags/retail_sales_pipeline.py
[2025-07-15T23:55:18.187+0000] {processor.py:743} INFO - Processing file /opt/airflow/dags/retail_sales_pipeline.py for tasks to queue
[2025-07-15T23:55:18.188+0000] {logging_mixin.py:137} INFO - [2025-07-15T23:55:18.188+0000] {dagbag.py:538} INFO - Filling up the DagBag from /opt/airflow/dags/retail_sales_pipeline.py
[2025-07-15T23:55:18.239+0000] {processor.py:753} INFO - DAG(s) dict_keys(['retail_sales_pipeline']) retrieved from /opt/airflow/dags/retail_sales_pipeline.py
[2025-07-15T23:55:18.448+0000] {logging_mixin.py:137} INFO - [2025-07-15T23:55:18.448+0000] {dag.py:2676} INFO - Sync 1 DAGs
[2025-07-15T23:55:18.502+0000] {logging_mixin.py:137} INFO - [2025-07-15T23:55:18.501+0000] {dag.py:3427} INFO - Setting next_dagrun for retail_sales_pipeline to None, run_after=None
[2025-07-15T23:55:18.532+0000] {processor.py:175} INFO - Processing /opt/airflow/dags/retail_sales_pipeline.py took 0.361 seconds
