[2025-07-20T11:08:09.554+0000] {taskinstance.py:1087} INFO - Dependencies all met for <TaskInstance: retail_sales_pipeline.process_products manual__2025-07-20T11:08:07+00:00 [queued]>
[2025-07-20T11:08:09.569+0000] {taskinstance.py:1087} INFO - Dependencies all met for <TaskInstance: retail_sales_pipeline.process_products manual__2025-07-20T11:08:07+00:00 [queued]>
[2025-07-20T11:08:09.569+0000] {taskinstance.py:1283} INFO - 
--------------------------------------------------------------------------------
[2025-07-20T11:08:09.570+0000] {taskinstance.py:1284} INFO - Starting attempt 1 of 2
[2025-07-20T11:08:09.570+0000] {taskinstance.py:1285} INFO - 
--------------------------------------------------------------------------------
[2025-07-20T11:08:09.595+0000] {taskinstance.py:1304} INFO - Executing <Task(BashOperator): process_products> on 2025-07-20 11:08:07+00:00
[2025-07-20T11:08:09.600+0000] {standard_task_runner.py:55} INFO - Started process 183 to run task
[2025-07-20T11:08:09.604+0000] {standard_task_runner.py:82} INFO - Running: ['***', 'tasks', 'run', 'retail_sales_pipeline', 'process_products', 'manual__2025-07-20T11:08:07+00:00', '--job-id', '2', '--raw', '--subdir', 'DAGS_FOLDER/retail_sales_pipeline.py', '--cfg-path', '/tmp/tmpvmlsy8s2']
[2025-07-20T11:08:09.606+0000] {standard_task_runner.py:83} INFO - Job 2: Subtask process_products
[2025-07-20T11:08:09.876+0000] {task_command.py:389} INFO - Running <TaskInstance: retail_sales_pipeline.process_products manual__2025-07-20T11:08:07+00:00 [running]> on host 73fb4a0b9ff1
[2025-07-20T11:08:10.180+0000] {taskinstance.py:1513} INFO - Exporting the following env vars:
AIRFLOW_CTX_DAG_OWNER=***
AIRFLOW_CTX_DAG_ID=retail_sales_pipeline
AIRFLOW_CTX_TASK_ID=process_products
AIRFLOW_CTX_EXECUTION_DATE=2025-07-20T11:08:07+00:00
AIRFLOW_CTX_TRY_NUMBER=1
AIRFLOW_CTX_DAG_RUN_ID=manual__2025-07-20T11:08:07+00:00
[2025-07-20T11:08:10.181+0000] {subprocess.py:63} INFO - Tmp dir root location: 
 /tmp
[2025-07-20T11:08:10.183+0000] {subprocess.py:75} INFO - Running command: ['/bin/bash', '-c', '\n        docker exec spark-master /opt/bitnami/spark/bin/spark-submit             /opt/***/scripts/ingestion/process_products.py\n        ']
[2025-07-20T11:08:10.192+0000] {subprocess.py:86} INFO - Output:
[2025-07-20T11:08:17.517+0000] {subprocess.py:93} INFO - 25/07/20 11:08:17 INFO SparkContext: Running Spark version 3.5.5
[2025-07-20T11:08:17.522+0000] {subprocess.py:93} INFO - 25/07/20 11:08:17 INFO SparkContext: OS info Linux, 6.10.14-linuxkit, amd64
[2025-07-20T11:08:17.522+0000] {subprocess.py:93} INFO - 25/07/20 11:08:17 INFO SparkContext: Java version 17.0.14
[2025-07-20T11:08:17.699+0000] {subprocess.py:93} INFO - 25/07/20 11:08:17 INFO ResourceUtils: ==============================================================
[2025-07-20T11:08:17.703+0000] {subprocess.py:93} INFO - 25/07/20 11:08:17 INFO ResourceUtils: No custom resources configured for spark.driver.
[2025-07-20T11:08:17.704+0000] {subprocess.py:93} INFO - 25/07/20 11:08:17 INFO ResourceUtils: ==============================================================
[2025-07-20T11:08:17.705+0000] {subprocess.py:93} INFO - 25/07/20 11:08:17 INFO SparkContext: Submitted application: ProcessProducts
[2025-07-20T11:08:17.760+0000] {subprocess.py:93} INFO - 25/07/20 11:08:17 INFO ResourceProfile: Default ResourceProfile created, executor resources: Map(cores -> name: cores, amount: 1, script: , vendor: , memory -> name: memory, amount: 1024, script: , vendor: , offHeap -> name: offHeap, amount: 0, script: , vendor: ), task resources: Map(cpus -> name: cpus, amount: 1.0)
[2025-07-20T11:08:17.779+0000] {subprocess.py:93} INFO - 25/07/20 11:08:17 INFO ResourceProfile: Limiting resource is cpu
[2025-07-20T11:08:17.780+0000] {subprocess.py:93} INFO - 25/07/20 11:08:17 INFO ResourceProfileManager: Added ResourceProfile id: 0
[2025-07-20T11:08:17.894+0000] {subprocess.py:93} INFO - 25/07/20 11:08:17 INFO SecurityManager: Changing view acls to: spark
[2025-07-20T11:08:17.896+0000] {subprocess.py:93} INFO - 25/07/20 11:08:17 INFO SecurityManager: Changing modify acls to: spark
[2025-07-20T11:08:17.898+0000] {subprocess.py:93} INFO - 25/07/20 11:08:17 INFO SecurityManager: Changing view acls groups to:
[2025-07-20T11:08:17.898+0000] {subprocess.py:93} INFO - 25/07/20 11:08:17 INFO SecurityManager: Changing modify acls groups to:
[2025-07-20T11:08:17.898+0000] {subprocess.py:93} INFO - 25/07/20 11:08:17 INFO SecurityManager: SecurityManager: authentication disabled; ui acls disabled; users with view permissions: spark; groups with view permissions: EMPTY; users with modify permissions: spark; groups with modify permissions: EMPTY
[2025-07-20T11:08:18.092+0000] {subprocess.py:93} INFO - 25/07/20 11:08:18 WARN NativeCodeLoader: Unable to load native-hadoop library for your platform... using builtin-java classes where applicable
[2025-07-20T11:08:18.631+0000] {subprocess.py:93} INFO - 25/07/20 11:08:18 INFO Utils: Successfully started service 'sparkDriver' on port 40845.
[2025-07-20T11:08:18.709+0000] {subprocess.py:93} INFO - 25/07/20 11:08:18 INFO SparkEnv: Registering MapOutputTracker
[2025-07-20T11:08:18.799+0000] {subprocess.py:93} INFO - 25/07/20 11:08:18 INFO SparkEnv: Registering BlockManagerMaster
[2025-07-20T11:08:18.829+0000] {subprocess.py:93} INFO - 25/07/20 11:08:18 INFO BlockManagerMasterEndpoint: Using org.apache.spark.storage.DefaultTopologyMapper for getting topology information
[2025-07-20T11:08:18.830+0000] {subprocess.py:93} INFO - 25/07/20 11:08:18 INFO BlockManagerMasterEndpoint: BlockManagerMasterEndpoint up
[2025-07-20T11:08:18.843+0000] {subprocess.py:93} INFO - 25/07/20 11:08:18 INFO SparkEnv: Registering BlockManagerMasterHeartbeat
[2025-07-20T11:08:18.869+0000] {subprocess.py:93} INFO - 25/07/20 11:08:18 INFO DiskBlockManager: Created local directory at /tmp/blockmgr-d4221318-0aa8-4408-b1ae-d4c3cc3296f4
[2025-07-20T11:08:18.886+0000] {subprocess.py:93} INFO - 25/07/20 11:08:18 INFO MemoryStore: MemoryStore started with capacity 434.4 MiB
[2025-07-20T11:08:18.909+0000] {subprocess.py:93} INFO - 25/07/20 11:08:18 INFO SparkEnv: Registering OutputCommitCoordinator
[2025-07-20T11:08:19.094+0000] {subprocess.py:93} INFO - 25/07/20 11:08:19 INFO JettyUtils: Start Jetty 0.0.0.0:4040 for SparkUI
[2025-07-20T11:08:19.185+0000] {subprocess.py:93} INFO - 25/07/20 11:08:19 WARN Utils: Service 'SparkUI' could not bind on port 4040. Attempting port 4041.
[2025-07-20T11:08:19.195+0000] {subprocess.py:93} INFO - 25/07/20 11:08:19 INFO Utils: Successfully started service 'SparkUI' on port 4041.
[2025-07-20T11:08:19.349+0000] {subprocess.py:93} INFO - 25/07/20 11:08:19 INFO Executor: Starting executor ID driver on host 6d8fe1a7d9e8
[2025-07-20T11:08:19.350+0000] {subprocess.py:93} INFO - 25/07/20 11:08:19 INFO Executor: OS info Linux, 6.10.14-linuxkit, amd64
[2025-07-20T11:08:19.351+0000] {subprocess.py:93} INFO - 25/07/20 11:08:19 INFO Executor: Java version 17.0.14
[2025-07-20T11:08:19.360+0000] {subprocess.py:93} INFO - 25/07/20 11:08:19 INFO Executor: Starting executor with user classpath (userClassPathFirst = false): ''
[2025-07-20T11:08:19.362+0000] {subprocess.py:93} INFO - 25/07/20 11:08:19 INFO Executor: Created or updated repl class loader org.apache.spark.util.MutableURLClassLoader@306728d5 for default.
[2025-07-20T11:08:19.607+0000] {subprocess.py:93} INFO - 25/07/20 11:08:19 INFO Utils: Successfully started service 'org.apache.spark.network.netty.NettyBlockTransferService' on port 44231.
[2025-07-20T11:08:19.608+0000] {subprocess.py:93} INFO - 25/07/20 11:08:19 INFO NettyBlockTransferService: Server created on 6d8fe1a7d9e8:44231
[2025-07-20T11:08:19.611+0000] {subprocess.py:93} INFO - 25/07/20 11:08:19 INFO BlockManager: Using org.apache.spark.storage.RandomBlockReplicationPolicy for block replication policy
[2025-07-20T11:08:19.621+0000] {subprocess.py:93} INFO - 25/07/20 11:08:19 INFO BlockManagerMaster: Registering BlockManager BlockManagerId(driver, 6d8fe1a7d9e8, 44231, None)
[2025-07-20T11:08:19.629+0000] {subprocess.py:93} INFO - 25/07/20 11:08:19 INFO BlockManagerMasterEndpoint: Registering block manager 6d8fe1a7d9e8:44231 with 434.4 MiB RAM, BlockManagerId(driver, 6d8fe1a7d9e8, 44231, None)
[2025-07-20T11:08:19.631+0000] {subprocess.py:93} INFO - 25/07/20 11:08:19 INFO BlockManagerMaster: Registered BlockManager BlockManagerId(driver, 6d8fe1a7d9e8, 44231, None)
[2025-07-20T11:08:19.633+0000] {subprocess.py:93} INFO - 25/07/20 11:08:19 INFO BlockManager: Initialized BlockManager: BlockManagerId(driver, 6d8fe1a7d9e8, 44231, None)
[2025-07-20T11:08:21.119+0000] {subprocess.py:93} INFO - 25/07/20 11:08:21 INFO SharedState: Setting hive.metastore.warehouse.dir ('null') to the value of spark.sql.warehouse.dir.
[2025-07-20T11:08:21.130+0000] {subprocess.py:93} INFO - 25/07/20 11:08:21 INFO SharedState: Warehouse path is 'file:/opt/bitnami/spark/spark-warehouse'.
[2025-07-20T11:08:23.270+0000] {subprocess.py:93} INFO - 25/07/20 11:08:23 INFO InMemoryFileIndex: It took 184 ms to list leaf files for 1 paths.
[2025-07-20T11:08:23.550+0000] {subprocess.py:93} INFO - 25/07/20 11:08:23 INFO InMemoryFileIndex: It took 6 ms to list leaf files for 1 paths.
[2025-07-20T11:08:32.326+0000] {subprocess.py:93} INFO - 25/07/20 11:08:32 INFO FileSourceStrategy: Pushed Filters:
[2025-07-20T11:08:32.330+0000] {subprocess.py:93} INFO - 25/07/20 11:08:32 INFO FileSourceStrategy: Post-Scan Filters: (length(trim(value#0, None)) > 0)
[2025-07-20T11:08:33.708+0000] {subprocess.py:93} INFO - 25/07/20 11:08:33 INFO CodeGenerator: Code generated in 365.190417 ms
[2025-07-20T11:08:33.867+0000] {subprocess.py:93} INFO - 25/07/20 11:08:33 INFO MemoryStore: Block broadcast_0 stored as values in memory (estimated size 199.6 KiB, free 434.2 MiB)
[2025-07-20T11:08:34.036+0000] {subprocess.py:93} INFO - 25/07/20 11:08:34 INFO MemoryStore: Block broadcast_0_piece0 stored as bytes in memory (estimated size 34.3 KiB, free 434.2 MiB)
[2025-07-20T11:08:34.048+0000] {subprocess.py:93} INFO - 25/07/20 11:08:34 INFO BlockManagerInfo: Added broadcast_0_piece0 in memory on 6d8fe1a7d9e8:44231 (size: 34.3 KiB, free: 434.4 MiB)
[2025-07-20T11:08:34.061+0000] {subprocess.py:93} INFO - 25/07/20 11:08:34 INFO SparkContext: Created broadcast 0 from csv at <unknown>:0
[2025-07-20T11:08:34.085+0000] {subprocess.py:93} INFO - 25/07/20 11:08:34 INFO FileSourceScanExec: Planning scan with bin packing, max size: 4194304 bytes, open cost is considered as scanning 4194304 bytes.
[2025-07-20T11:08:34.374+0000] {subprocess.py:93} INFO - 25/07/20 11:08:34 INFO SparkContext: Starting job: csv at <unknown>:0
[2025-07-20T11:08:34.464+0000] {subprocess.py:93} INFO - 25/07/20 11:08:34 INFO DAGScheduler: Got job 0 (csv at <unknown>:0) with 1 output partitions
[2025-07-20T11:08:34.466+0000] {subprocess.py:93} INFO - 25/07/20 11:08:34 INFO DAGScheduler: Final stage: ResultStage 0 (csv at <unknown>:0)
[2025-07-20T11:08:34.468+0000] {subprocess.py:93} INFO - 25/07/20 11:08:34 INFO DAGScheduler: Parents of final stage: List()
[2025-07-20T11:08:34.476+0000] {subprocess.py:93} INFO - 25/07/20 11:08:34 INFO DAGScheduler: Missing parents: List()
[2025-07-20T11:08:34.924+0000] {subprocess.py:93} INFO - 25/07/20 11:08:34 INFO DAGScheduler: Submitting ResultStage 0 (MapPartitionsRDD[3] at csv at <unknown>:0), which has no missing parents
[2025-07-20T11:08:35.227+0000] {subprocess.py:93} INFO - 25/07/20 11:08:35 INFO MemoryStore: Block broadcast_1 stored as values in memory (estimated size 13.5 KiB, free 434.2 MiB)
[2025-07-20T11:08:35.244+0000] {subprocess.py:93} INFO - 25/07/20 11:08:35 INFO MemoryStore: Block broadcast_1_piece0 stored as bytes in memory (estimated size 6.4 KiB, free 434.2 MiB)
[2025-07-20T11:08:35.245+0000] {subprocess.py:93} INFO - 25/07/20 11:08:35 INFO BlockManagerInfo: Added broadcast_1_piece0 in memory on 6d8fe1a7d9e8:44231 (size: 6.4 KiB, free: 434.4 MiB)
[2025-07-20T11:08:35.249+0000] {subprocess.py:93} INFO - 25/07/20 11:08:35 INFO SparkContext: Created broadcast 1 from broadcast at DAGScheduler.scala:1585
[2025-07-20T11:08:35.293+0000] {subprocess.py:93} INFO - 25/07/20 11:08:35 INFO DAGScheduler: Submitting 1 missing tasks from ResultStage 0 (MapPartitionsRDD[3] at csv at <unknown>:0) (first 15 tasks are for partitions Vector(0))
[2025-07-20T11:08:35.299+0000] {subprocess.py:93} INFO - 25/07/20 11:08:35 INFO TaskSchedulerImpl: Adding task set 0.0 with 1 tasks resource profile 0
[2025-07-20T11:08:35.449+0000] {subprocess.py:93} INFO - 25/07/20 11:08:35 INFO TaskSetManager: Starting task 0.0 in stage 0.0 (TID 0) (6d8fe1a7d9e8, executor driver, partition 0, PROCESS_LOCAL, 9608 bytes)
[2025-07-20T11:08:35.542+0000] {subprocess.py:93} INFO - 25/07/20 11:08:35 INFO Executor: Running task 0.0 in stage 0.0 (TID 0)
[2025-07-20T11:08:36.355+0000] {subprocess.py:93} INFO - 25/07/20 11:08:36 INFO CodeGenerator: Code generated in 275.729334 ms
[2025-07-20T11:08:36.383+0000] {subprocess.py:93} INFO - 25/07/20 11:08:36 INFO FileScanRDD: Reading File path: file:///opt/***/data/products/products.csv, range: 0-1256, partition values: [empty row]
[2025-07-20T11:08:36.550+0000] {subprocess.py:93} INFO - 25/07/20 11:08:36 INFO CodeGenerator: Code generated in 83.095333 ms
[2025-07-20T11:08:36.842+0000] {subprocess.py:93} INFO - 25/07/20 11:08:36 INFO Executor: Finished task 0.0 in stage 0.0 (TID 0). 1648 bytes result sent to driver
[2025-07-20T11:08:36.883+0000] {subprocess.py:93} INFO - 25/07/20 11:08:36 INFO TaskSetManager: Finished task 0.0 in stage 0.0 (TID 0) in 1517 ms on 6d8fe1a7d9e8 (executor driver) (1/1)
[2025-07-20T11:08:36.888+0000] {subprocess.py:93} INFO - 25/07/20 11:08:36 INFO TaskSchedulerImpl: Removed TaskSet 0.0, whose tasks have all completed, from pool
[2025-07-20T11:08:36.905+0000] {subprocess.py:93} INFO - 25/07/20 11:08:36 INFO DAGScheduler: ResultStage 0 (csv at <unknown>:0) finished in 1.869 s
[2025-07-20T11:08:36.931+0000] {subprocess.py:93} INFO - 25/07/20 11:08:36 INFO DAGScheduler: Job 0 is finished. Cancelling potential speculative or zombie tasks for this job
[2025-07-20T11:08:36.936+0000] {subprocess.py:93} INFO - 25/07/20 11:08:36 INFO TaskSchedulerImpl: Killing all running tasks in stage 0: Stage finished
[2025-07-20T11:08:36.946+0000] {subprocess.py:93} INFO - 25/07/20 11:08:36 INFO DAGScheduler: Job 0 finished: csv at <unknown>:0, took 2.580602 s
[2025-07-20T11:08:37.230+0000] {subprocess.py:93} INFO - 25/07/20 11:08:37 INFO CodeGenerator: Code generated in 167.824917 ms
[2025-07-20T11:08:37.905+0000] {subprocess.py:93} INFO - 25/07/20 11:08:37 INFO FileSourceStrategy: Pushed Filters:
[2025-07-20T11:08:37.911+0000] {subprocess.py:93} INFO - 25/07/20 11:08:37 INFO FileSourceStrategy: Post-Scan Filters:
[2025-07-20T11:08:38.043+0000] {subprocess.py:93} INFO - 25/07/20 11:08:38 INFO MemoryStore: Block broadcast_2 stored as values in memory (estimated size 199.6 KiB, free 434.0 MiB)
[2025-07-20T11:08:38.159+0000] {subprocess.py:93} INFO - 25/07/20 11:08:38 INFO MemoryStore: Block broadcast_2_piece0 stored as bytes in memory (estimated size 34.3 KiB, free 433.9 MiB)
[2025-07-20T11:08:38.167+0000] {subprocess.py:93} INFO - 25/07/20 11:08:38 INFO BlockManagerInfo: Added broadcast_2_piece0 in memory on 6d8fe1a7d9e8:44231 (size: 34.3 KiB, free: 434.3 MiB)
[2025-07-20T11:08:38.179+0000] {subprocess.py:93} INFO - 25/07/20 11:08:38 INFO SparkContext: Created broadcast 2 from csv at <unknown>:0
[2025-07-20T11:08:38.196+0000] {subprocess.py:93} INFO - 25/07/20 11:08:38 INFO FileSourceScanExec: Planning scan with bin packing, max size: 4194304 bytes, open cost is considered as scanning 4194304 bytes.
[2025-07-20T11:08:38.589+0000] {subprocess.py:93} INFO - 25/07/20 11:08:38 INFO SparkContext: Starting job: csv at <unknown>:0
[2025-07-20T11:08:38.602+0000] {subprocess.py:93} INFO - 25/07/20 11:08:38 INFO DAGScheduler: Got job 1 (csv at <unknown>:0) with 1 output partitions
[2025-07-20T11:08:38.604+0000] {subprocess.py:93} INFO - 25/07/20 11:08:38 INFO DAGScheduler: Final stage: ResultStage 1 (csv at <unknown>:0)
[2025-07-20T11:08:38.607+0000] {subprocess.py:93} INFO - 25/07/20 11:08:38 INFO DAGScheduler: Parents of final stage: List()
[2025-07-20T11:08:38.609+0000] {subprocess.py:93} INFO - 25/07/20 11:08:38 INFO DAGScheduler: Missing parents: List()
[2025-07-20T11:08:38.611+0000] {subprocess.py:93} INFO - 25/07/20 11:08:38 INFO DAGScheduler: Submitting ResultStage 1 (MapPartitionsRDD[9] at csv at <unknown>:0), which has no missing parents
[2025-07-20T11:08:38.765+0000] {subprocess.py:93} INFO - 25/07/20 11:08:38 INFO MemoryStore: Block broadcast_3 stored as values in memory (estimated size 27.7 KiB, free 433.9 MiB)
[2025-07-20T11:08:38.783+0000] {subprocess.py:93} INFO - 25/07/20 11:08:38 INFO MemoryStore: Block broadcast_3_piece0 stored as bytes in memory (estimated size 12.7 KiB, free 433.9 MiB)
[2025-07-20T11:08:38.786+0000] {subprocess.py:93} INFO - 25/07/20 11:08:38 INFO BlockManagerInfo: Added broadcast_3_piece0 in memory on 6d8fe1a7d9e8:44231 (size: 12.7 KiB, free: 434.3 MiB)
[2025-07-20T11:08:38.798+0000] {subprocess.py:93} INFO - 25/07/20 11:08:38 INFO SparkContext: Created broadcast 3 from broadcast at DAGScheduler.scala:1585
[2025-07-20T11:08:38.803+0000] {subprocess.py:93} INFO - 25/07/20 11:08:38 INFO DAGScheduler: Submitting 1 missing tasks from ResultStage 1 (MapPartitionsRDD[9] at csv at <unknown>:0) (first 15 tasks are for partitions Vector(0))
[2025-07-20T11:08:38.804+0000] {subprocess.py:93} INFO - 25/07/20 11:08:38 INFO TaskSchedulerImpl: Adding task set 1.0 with 1 tasks resource profile 0
[2025-07-20T11:08:38.823+0000] {subprocess.py:93} INFO - 25/07/20 11:08:38 INFO TaskSetManager: Starting task 0.0 in stage 1.0 (TID 1) (6d8fe1a7d9e8, executor driver, partition 0, PROCESS_LOCAL, 9608 bytes)
[2025-07-20T11:08:38.826+0000] {subprocess.py:93} INFO - 25/07/20 11:08:38 INFO Executor: Running task 0.0 in stage 1.0 (TID 1)
[2025-07-20T11:08:39.055+0000] {subprocess.py:93} INFO - 25/07/20 11:08:39 INFO CodeGenerator: Code generated in 40.098209 ms
[2025-07-20T11:08:39.067+0000] {subprocess.py:93} INFO - 25/07/20 11:08:39 INFO FileScanRDD: Reading File path: file:///opt/***/data/products/products.csv, range: 0-1256, partition values: [empty row]
[2025-07-20T11:08:39.292+0000] {subprocess.py:93} INFO - 25/07/20 11:08:39 INFO BlockManagerInfo: Removed broadcast_1_piece0 on 6d8fe1a7d9e8:44231 in memory (size: 6.4 KiB, free: 434.3 MiB)
[2025-07-20T11:08:39.315+0000] {subprocess.py:93} INFO - 25/07/20 11:08:39 INFO Executor: Finished task 0.0 in stage 1.0 (TID 1). 1664 bytes result sent to driver
[2025-07-20T11:08:39.339+0000] {subprocess.py:93} INFO - 25/07/20 11:08:39 INFO TaskSetManager: Finished task 0.0 in stage 1.0 (TID 1) in 524 ms on 6d8fe1a7d9e8 (executor driver) (1/1)
[2025-07-20T11:08:39.341+0000] {subprocess.py:93} INFO - 25/07/20 11:08:39 INFO TaskSchedulerImpl: Removed TaskSet 1.0, whose tasks have all completed, from pool
[2025-07-20T11:08:39.344+0000] {subprocess.py:93} INFO - 25/07/20 11:08:39 INFO DAGScheduler: ResultStage 1 (csv at <unknown>:0) finished in 0.720 s
[2025-07-20T11:08:39.345+0000] {subprocess.py:93} INFO - 25/07/20 11:08:39 INFO DAGScheduler: Job 1 is finished. Cancelling potential speculative or zombie tasks for this job
[2025-07-20T11:08:39.346+0000] {subprocess.py:93} INFO - 25/07/20 11:08:39 INFO TaskSchedulerImpl: Killing all running tasks in stage 1: Stage finished
[2025-07-20T11:08:39.347+0000] {subprocess.py:93} INFO - 25/07/20 11:08:39 INFO DAGScheduler: Job 1 finished: csv at <unknown>:0, took 0.761832 s
[2025-07-20T11:08:39.548+0000] {subprocess.py:93} INFO - 25/07/20 11:08:39 INFO FileSourceStrategy: Pushed Filters:
[2025-07-20T11:08:39.549+0000] {subprocess.py:93} INFO - 25/07/20 11:08:39 INFO FileSourceStrategy: Post-Scan Filters:
[2025-07-20T11:08:39.661+0000] {subprocess.py:93} INFO - 25/07/20 11:08:39 INFO ParquetUtils: Using default output committer for Parquet: org.apache.parquet.hadoop.ParquetOutputCommitter
[2025-07-20T11:08:39.711+0000] {subprocess.py:93} INFO - 25/07/20 11:08:39 INFO FileOutputCommitter: File Output Committer Algorithm version is 1
[2025-07-20T11:08:39.713+0000] {subprocess.py:93} INFO - 25/07/20 11:08:39 INFO FileOutputCommitter: FileOutputCommitter skip cleanup _temporary folders under output directory:false, ignore cleanup failures: false
[2025-07-20T11:08:39.715+0000] {subprocess.py:93} INFO - 25/07/20 11:08:39 INFO SQLHadoopMapReduceCommitProtocol: Using user defined output committer class org.apache.parquet.hadoop.ParquetOutputCommitter
[2025-07-20T11:08:39.717+0000] {subprocess.py:93} INFO - 25/07/20 11:08:39 INFO FileOutputCommitter: File Output Committer Algorithm version is 1
[2025-07-20T11:08:39.718+0000] {subprocess.py:93} INFO - 25/07/20 11:08:39 INFO FileOutputCommitter: FileOutputCommitter skip cleanup _temporary folders under output directory:false, ignore cleanup failures: false
[2025-07-20T11:08:39.718+0000] {subprocess.py:93} INFO - 25/07/20 11:08:39 INFO SQLHadoopMapReduceCommitProtocol: Using output committer class org.apache.parquet.hadoop.ParquetOutputCommitter
[2025-07-20T11:08:39.940+0000] {subprocess.py:93} INFO - 25/07/20 11:08:39 INFO MemoryStore: Block broadcast_4 stored as values in memory (estimated size 199.5 KiB, free 433.7 MiB)
[2025-07-20T11:08:39.980+0000] {subprocess.py:93} INFO - 25/07/20 11:08:39 INFO MemoryStore: Block broadcast_4_piece0 stored as bytes in memory (estimated size 34.3 KiB, free 433.7 MiB)
[2025-07-20T11:08:39.983+0000] {subprocess.py:93} INFO - 25/07/20 11:08:39 INFO BlockManagerInfo: Added broadcast_4_piece0 in memory on 6d8fe1a7d9e8:44231 (size: 34.3 KiB, free: 434.3 MiB)
[2025-07-20T11:08:39.986+0000] {subprocess.py:93} INFO - 25/07/20 11:08:39 INFO SparkContext: Created broadcast 4 from save at <unknown>:0
[2025-07-20T11:08:40.003+0000] {subprocess.py:93} INFO - 25/07/20 11:08:40 INFO FileSourceScanExec: Planning scan with bin packing, max size: 4194304 bytes, open cost is considered as scanning 4194304 bytes.
[2025-07-20T11:08:40.054+0000] {subprocess.py:93} INFO - 25/07/20 11:08:40 INFO SparkContext: Starting job: save at <unknown>:0
[2025-07-20T11:08:40.057+0000] {subprocess.py:93} INFO - 25/07/20 11:08:40 INFO DAGScheduler: Got job 2 (save at <unknown>:0) with 1 output partitions
[2025-07-20T11:08:40.058+0000] {subprocess.py:93} INFO - 25/07/20 11:08:40 INFO DAGScheduler: Final stage: ResultStage 2 (save at <unknown>:0)
[2025-07-20T11:08:40.059+0000] {subprocess.py:93} INFO - 25/07/20 11:08:40 INFO DAGScheduler: Parents of final stage: List()
[2025-07-20T11:08:40.059+0000] {subprocess.py:93} INFO - 25/07/20 11:08:40 INFO DAGScheduler: Missing parents: List()
[2025-07-20T11:08:40.063+0000] {subprocess.py:93} INFO - 25/07/20 11:08:40 INFO DAGScheduler: Submitting ResultStage 2 (MapPartitionsRDD[12] at save at <unknown>:0), which has no missing parents
[2025-07-20T11:08:40.189+0000] {subprocess.py:93} INFO - 25/07/20 11:08:40 INFO MemoryStore: Block broadcast_5 stored as values in memory (estimated size 213.0 KiB, free 433.5 MiB)
[2025-07-20T11:08:40.209+0000] {subprocess.py:93} INFO - 25/07/20 11:08:40 INFO MemoryStore: Block broadcast_5_piece0 stored as bytes in memory (estimated size 76.9 KiB, free 433.4 MiB)
[2025-07-20T11:08:40.210+0000] {subprocess.py:93} INFO - 25/07/20 11:08:40 INFO BlockManagerInfo: Added broadcast_5_piece0 in memory on 6d8fe1a7d9e8:44231 (size: 76.9 KiB, free: 434.2 MiB)
[2025-07-20T11:08:40.211+0000] {subprocess.py:93} INFO - 25/07/20 11:08:40 INFO SparkContext: Created broadcast 5 from broadcast at DAGScheduler.scala:1585
[2025-07-20T11:08:40.217+0000] {subprocess.py:93} INFO - 25/07/20 11:08:40 INFO DAGScheduler: Submitting 1 missing tasks from ResultStage 2 (MapPartitionsRDD[12] at save at <unknown>:0) (first 15 tasks are for partitions Vector(0))
[2025-07-20T11:08:40.219+0000] {subprocess.py:93} INFO - 25/07/20 11:08:40 INFO TaskSchedulerImpl: Adding task set 2.0 with 1 tasks resource profile 0
[2025-07-20T11:08:40.234+0000] {subprocess.py:93} INFO - 25/07/20 11:08:40 INFO TaskSetManager: Starting task 0.0 in stage 2.0 (TID 2) (6d8fe1a7d9e8, executor driver, partition 0, PROCESS_LOCAL, 9608 bytes)
[2025-07-20T11:08:40.241+0000] {subprocess.py:93} INFO - 25/07/20 11:08:40 INFO Executor: Running task 0.0 in stage 2.0 (TID 2)
[2025-07-20T11:08:40.486+0000] {subprocess.py:93} INFO - 25/07/20 11:08:40 INFO FileOutputCommitter: File Output Committer Algorithm version is 1
[2025-07-20T11:08:40.488+0000] {subprocess.py:93} INFO - 25/07/20 11:08:40 INFO FileOutputCommitter: FileOutputCommitter skip cleanup _temporary folders under output directory:false, ignore cleanup failures: false
[2025-07-20T11:08:40.491+0000] {subprocess.py:93} INFO - 25/07/20 11:08:40 INFO SQLHadoopMapReduceCommitProtocol: Using user defined output committer class org.apache.parquet.hadoop.ParquetOutputCommitter
[2025-07-20T11:08:40.492+0000] {subprocess.py:93} INFO - 25/07/20 11:08:40 INFO FileOutputCommitter: File Output Committer Algorithm version is 1
[2025-07-20T11:08:40.492+0000] {subprocess.py:93} INFO - 25/07/20 11:08:40 INFO FileOutputCommitter: FileOutputCommitter skip cleanup _temporary folders under output directory:false, ignore cleanup failures: false
[2025-07-20T11:08:40.492+0000] {subprocess.py:93} INFO - 25/07/20 11:08:40 INFO SQLHadoopMapReduceCommitProtocol: Using output committer class org.apache.parquet.hadoop.ParquetOutputCommitter
[2025-07-20T11:08:40.512+0000] {subprocess.py:93} INFO - 25/07/20 11:08:40 INFO CodecConfig: Compression: SNAPPY
[2025-07-20T11:08:40.520+0000] {subprocess.py:93} INFO - 25/07/20 11:08:40 INFO CodecConfig: Compression: SNAPPY
[2025-07-20T11:08:40.565+0000] {subprocess.py:93} INFO - 25/07/20 11:08:40 INFO ParquetOutputFormat: ParquetRecordWriter [block size: 134217728b, row group padding size: 8388608b, validating: false]
[2025-07-20T11:08:40.619+0000] {subprocess.py:93} INFO - 25/07/20 11:08:40 INFO ParquetWriteSupport: Initialized Parquet WriteSupport with Catalyst schema:
[2025-07-20T11:08:40.619+0000] {subprocess.py:93} INFO - {
[2025-07-20T11:08:40.620+0000] {subprocess.py:93} INFO -   "type" : "struct",
[2025-07-20T11:08:40.620+0000] {subprocess.py:93} INFO -   "fields" : [ {
[2025-07-20T11:08:40.620+0000] {subprocess.py:93} INFO -     "name" : "product_id",
[2025-07-20T11:08:40.620+0000] {subprocess.py:93} INFO -     "type" : "integer",
[2025-07-20T11:08:40.621+0000] {subprocess.py:93} INFO -     "nullable" : true,
[2025-07-20T11:08:40.621+0000] {subprocess.py:93} INFO -     "metadata" : { }
[2025-07-20T11:08:40.621+0000] {subprocess.py:93} INFO -   }, {
[2025-07-20T11:08:40.621+0000] {subprocess.py:93} INFO -     "name" : "product_name",
[2025-07-20T11:08:40.622+0000] {subprocess.py:93} INFO -     "type" : "string",
[2025-07-20T11:08:40.622+0000] {subprocess.py:93} INFO -     "nullable" : true,
[2025-07-20T11:08:40.622+0000] {subprocess.py:93} INFO -     "metadata" : { }
[2025-07-20T11:08:40.623+0000] {subprocess.py:93} INFO -   }, {
[2025-07-20T11:08:40.623+0000] {subprocess.py:93} INFO -     "name" : "category",
[2025-07-20T11:08:40.623+0000] {subprocess.py:93} INFO -     "type" : "string",
[2025-07-20T11:08:40.623+0000] {subprocess.py:93} INFO -     "nullable" : true,
[2025-07-20T11:08:40.623+0000] {subprocess.py:93} INFO -     "metadata" : { }
[2025-07-20T11:08:40.624+0000] {subprocess.py:93} INFO -   }, {
[2025-07-20T11:08:40.624+0000] {subprocess.py:93} INFO -     "name" : "price",
[2025-07-20T11:08:40.624+0000] {subprocess.py:93} INFO -     "type" : "integer",
[2025-07-20T11:08:40.624+0000] {subprocess.py:93} INFO -     "nullable" : true,
[2025-07-20T11:08:40.625+0000] {subprocess.py:93} INFO -     "metadata" : { }
[2025-07-20T11:08:40.625+0000] {subprocess.py:93} INFO -   } ]
[2025-07-20T11:08:40.625+0000] {subprocess.py:93} INFO - }
[2025-07-20T11:08:40.625+0000] {subprocess.py:93} INFO - and corresponding Parquet message type:
[2025-07-20T11:08:40.626+0000] {subprocess.py:93} INFO - message spark_schema {
[2025-07-20T11:08:40.627+0000] {subprocess.py:93} INFO -   optional int32 product_id;
[2025-07-20T11:08:40.627+0000] {subprocess.py:93} INFO -   optional binary product_name (STRING);
[2025-07-20T11:08:40.628+0000] {subprocess.py:93} INFO -   optional binary category (STRING);
[2025-07-20T11:08:40.628+0000] {subprocess.py:93} INFO -   optional int32 price;
[2025-07-20T11:08:40.628+0000] {subprocess.py:93} INFO - }
[2025-07-20T11:08:40.629+0000] {subprocess.py:93} INFO - 
[2025-07-20T11:08:40.631+0000] {subprocess.py:93} INFO - 
[2025-07-20T11:08:40.902+0000] {subprocess.py:93} INFO - 25/07/20 11:08:40 INFO CodecPool: Got brand-new compressor [.snappy]
[2025-07-20T11:08:41.160+0000] {subprocess.py:93} INFO - 25/07/20 11:08:41 INFO FileScanRDD: Reading File path: file:///opt/***/data/products/products.csv, range: 0-1256, partition values: [empty row]
[2025-07-20T11:08:41.280+0000] {subprocess.py:93} INFO - 25/07/20 11:08:41 INFO CodeGenerator: Code generated in 94.617875 ms
[2025-07-20T11:08:41.816+0000] {subprocess.py:93} INFO - 25/07/20 11:08:41 INFO FileOutputCommitter: Saved output of task 'attempt_202507201108405349208746461886973_0002_m_000000_2' to file:/opt/***/data/delta/dim_product/_temporary/0/task_202507201108405349208746461886973_0002_m_000000
[2025-07-20T11:08:41.822+0000] {subprocess.py:93} INFO - 25/07/20 11:08:41 INFO SparkHadoopMapRedUtil: attempt_202507201108405349208746461886973_0002_m_000000_2: Committed. Elapsed time: 5 ms.
[2025-07-20T11:08:41.905+0000] {subprocess.py:93} INFO - 25/07/20 11:08:41 INFO BlockManagerInfo: Removed broadcast_3_piece0 on 6d8fe1a7d9e8:44231 in memory (size: 12.7 KiB, free: 434.2 MiB)
[2025-07-20T11:08:41.928+0000] {subprocess.py:93} INFO - 25/07/20 11:08:41 INFO Executor: Finished task 0.0 in stage 2.0 (TID 2). 2545 bytes result sent to driver
[2025-07-20T11:08:41.946+0000] {subprocess.py:93} INFO - 25/07/20 11:08:41 INFO TaskSetManager: Finished task 0.0 in stage 2.0 (TID 2) in 1714 ms on 6d8fe1a7d9e8 (executor driver) (1/1)
[2025-07-20T11:08:41.948+0000] {subprocess.py:93} INFO - 25/07/20 11:08:41 INFO TaskSchedulerImpl: Removed TaskSet 2.0, whose tasks have all completed, from pool
[2025-07-20T11:08:41.951+0000] {subprocess.py:93} INFO - 25/07/20 11:08:41 INFO DAGScheduler: ResultStage 2 (save at <unknown>:0) finished in 1.879 s
[2025-07-20T11:08:41.953+0000] {subprocess.py:93} INFO - 25/07/20 11:08:41 INFO DAGScheduler: Job 2 is finished. Cancelling potential speculative or zombie tasks for this job
[2025-07-20T11:08:41.953+0000] {subprocess.py:93} INFO - 25/07/20 11:08:41 INFO TaskSchedulerImpl: Killing all running tasks in stage 2: Stage finished
[2025-07-20T11:08:41.960+0000] {subprocess.py:93} INFO - 25/07/20 11:08:41 INFO DAGScheduler: Job 2 finished: save at <unknown>:0, took 1.901067 s
[2025-07-20T11:08:41.963+0000] {subprocess.py:93} INFO - 25/07/20 11:08:41 INFO FileFormatWriter: Start to commit write Job 7e66a73a-73da-4918-97d3-0c9d49743d4c.
[2025-07-20T11:08:42.155+0000] {subprocess.py:93} INFO - 25/07/20 11:08:42 INFO FileFormatWriter: Write Job 7e66a73a-73da-4918-97d3-0c9d49743d4c committed. Elapsed time: 190 ms.
[2025-07-20T11:08:42.169+0000] {subprocess.py:93} INFO - 25/07/20 11:08:42 INFO FileFormatWriter: Finished processing stats for write job 7e66a73a-73da-4918-97d3-0c9d49743d4c.
[2025-07-20T11:08:42.326+0000] {subprocess.py:93} INFO - 25/07/20 11:08:42 INFO SparkContext: Invoking stop() from shutdown hook
[2025-07-20T11:08:42.326+0000] {subprocess.py:93} INFO - 25/07/20 11:08:42 INFO SparkContext: SparkContext is stopping with exitCode 0.
[2025-07-20T11:08:42.354+0000] {subprocess.py:93} INFO - 25/07/20 11:08:42 INFO SparkUI: Stopped Spark web UI at http://6d8fe1a7d9e8:4041
[2025-07-20T11:08:42.386+0000] {subprocess.py:93} INFO - 25/07/20 11:08:42 INFO MapOutputTrackerMasterEndpoint: MapOutputTrackerMasterEndpoint stopped!
[2025-07-20T11:08:42.490+0000] {subprocess.py:93} INFO - 25/07/20 11:08:42 INFO MemoryStore: MemoryStore cleared
[2025-07-20T11:08:42.492+0000] {subprocess.py:93} INFO - 25/07/20 11:08:42 INFO BlockManager: BlockManager stopped
[2025-07-20T11:08:42.496+0000] {subprocess.py:93} INFO - 25/07/20 11:08:42 INFO BlockManagerMaster: BlockManagerMaster stopped
[2025-07-20T11:08:42.503+0000] {subprocess.py:93} INFO - 25/07/20 11:08:42 INFO OutputCommitCoordinator$OutputCommitCoordinatorEndpoint: OutputCommitCoordinator stopped!
[2025-07-20T11:08:42.571+0000] {subprocess.py:93} INFO - 25/07/20 11:08:42 INFO SparkContext: Successfully stopped SparkContext
[2025-07-20T11:08:42.571+0000] {subprocess.py:93} INFO - 25/07/20 11:08:42 INFO ShutdownHookManager: Shutdown hook called
[2025-07-20T11:08:42.578+0000] {subprocess.py:93} INFO - 25/07/20 11:08:42 INFO ShutdownHookManager: Deleting directory /tmp/spark-18a6be5e-ea7b-4360-bd90-b45ec03305db
[2025-07-20T11:08:42.642+0000] {subprocess.py:93} INFO - 25/07/20 11:08:42 INFO ShutdownHookManager: Deleting directory /tmp/spark-9704605a-92af-40ee-b6fd-351a2a8855db
[2025-07-20T11:08:42.708+0000] {subprocess.py:93} INFO - 25/07/20 11:08:42 INFO ShutdownHookManager: Deleting directory /tmp/spark-9704605a-92af-40ee-b6fd-351a2a8855db/pyspark-cfbac27f-7b56-4d0e-9f8a-4d27e2848214
[2025-07-20T11:08:42.898+0000] {subprocess.py:97} INFO - Command exited with return code 0
[2025-07-20T11:08:43.180+0000] {taskinstance.py:1327} INFO - Marking task as SUCCESS. dag_id=retail_sales_pipeline, task_id=process_products, execution_date=20250720T110807, start_date=20250720T110809, end_date=20250720T110843
[2025-07-20T11:08:43.282+0000] {local_task_job.py:159} INFO - Task exited with return code 0
[2025-07-20T11:08:43.391+0000] {taskinstance.py:2582} INFO - 1 downstream tasks scheduled from follow-on schedule check
