[2025-07-20T11:16:20.986+0000] {taskinstance.py:1087} INFO - Dependencies all met for <TaskInstance: retail_sales_pipeline.process_products manual__2025-07-20T11:16:19+00:00 [queued]>
[2025-07-20T11:16:21.004+0000] {taskinstance.py:1087} INFO - Dependencies all met for <TaskInstance: retail_sales_pipeline.process_products manual__2025-07-20T11:16:19+00:00 [queued]>
[2025-07-20T11:16:21.005+0000] {taskinstance.py:1283} INFO - 
--------------------------------------------------------------------------------
[2025-07-20T11:16:21.005+0000] {taskinstance.py:1284} INFO - Starting attempt 1 of 2
[2025-07-20T11:16:21.005+0000] {taskinstance.py:1285} INFO - 
--------------------------------------------------------------------------------
[2025-07-20T11:16:21.031+0000] {taskinstance.py:1304} INFO - Executing <Task(BashOperator): process_products> on 2025-07-20 11:16:19+00:00
[2025-07-20T11:16:21.035+0000] {standard_task_runner.py:55} INFO - Started process 177 to run task
[2025-07-20T11:16:21.039+0000] {standard_task_runner.py:82} INFO - Running: ['***', 'tasks', 'run', 'retail_sales_pipeline', 'process_products', 'manual__2025-07-20T11:16:19+00:00', '--job-id', '3', '--raw', '--subdir', 'DAGS_FOLDER/retail_sales_pipeline.py', '--cfg-path', '/tmp/tmpv8zq4n50']
[2025-07-20T11:16:21.041+0000] {standard_task_runner.py:83} INFO - Job 3: Subtask process_products
[2025-07-20T11:16:21.335+0000] {task_command.py:389} INFO - Running <TaskInstance: retail_sales_pipeline.process_products manual__2025-07-20T11:16:19+00:00 [running]> on host 523798ae9678
[2025-07-20T11:16:21.660+0000] {taskinstance.py:1513} INFO - Exporting the following env vars:
AIRFLOW_CTX_DAG_OWNER=***
AIRFLOW_CTX_DAG_ID=retail_sales_pipeline
AIRFLOW_CTX_TASK_ID=process_products
AIRFLOW_CTX_EXECUTION_DATE=2025-07-20T11:16:19+00:00
AIRFLOW_CTX_TRY_NUMBER=1
AIRFLOW_CTX_DAG_RUN_ID=manual__2025-07-20T11:16:19+00:00
[2025-07-20T11:16:21.662+0000] {subprocess.py:63} INFO - Tmp dir root location: 
 /tmp
[2025-07-20T11:16:21.662+0000] {subprocess.py:75} INFO - Running command: ['/bin/bash', '-c', '\n        docker exec spark-master /opt/bitnami/spark/bin/spark-submit             /opt/***/scripts/ingestion/process_products.py\n        ']
[2025-07-20T11:16:21.673+0000] {subprocess.py:86} INFO - Output:
[2025-07-20T11:16:29.297+0000] {subprocess.py:93} INFO - 25/07/20 11:16:29 INFO SparkContext: Running Spark version 3.5.5
[2025-07-20T11:16:29.304+0000] {subprocess.py:93} INFO - 25/07/20 11:16:29 INFO SparkContext: OS info Linux, 6.10.14-linuxkit, amd64
[2025-07-20T11:16:29.306+0000] {subprocess.py:93} INFO - 25/07/20 11:16:29 INFO SparkContext: Java version 17.0.14
[2025-07-20T11:16:29.396+0000] {subprocess.py:93} INFO - 25/07/20 11:16:29 INFO ResourceUtils: ==============================================================
[2025-07-20T11:16:29.399+0000] {subprocess.py:93} INFO - 25/07/20 11:16:29 INFO ResourceUtils: No custom resources configured for spark.driver.
[2025-07-20T11:16:29.400+0000] {subprocess.py:93} INFO - 25/07/20 11:16:29 INFO ResourceUtils: ==============================================================
[2025-07-20T11:16:29.403+0000] {subprocess.py:93} INFO - 25/07/20 11:16:29 INFO SparkContext: Submitted application: ProcessProducts
[2025-07-20T11:16:29.445+0000] {subprocess.py:93} INFO - 25/07/20 11:16:29 INFO ResourceProfile: Default ResourceProfile created, executor resources: Map(cores -> name: cores, amount: 1, script: , vendor: , memory -> name: memory, amount: 1024, script: , vendor: , offHeap -> name: offHeap, amount: 0, script: , vendor: ), task resources: Map(cpus -> name: cpus, amount: 1.0)
[2025-07-20T11:16:29.458+0000] {subprocess.py:93} INFO - 25/07/20 11:16:29 INFO ResourceProfile: Limiting resource is cpu
[2025-07-20T11:16:29.459+0000] {subprocess.py:93} INFO - 25/07/20 11:16:29 INFO ResourceProfileManager: Added ResourceProfile id: 0
[2025-07-20T11:16:29.554+0000] {subprocess.py:93} INFO - 25/07/20 11:16:29 INFO SecurityManager: Changing view acls to: spark
[2025-07-20T11:16:29.557+0000] {subprocess.py:93} INFO - 25/07/20 11:16:29 INFO SecurityManager: Changing modify acls to: spark
[2025-07-20T11:16:29.558+0000] {subprocess.py:93} INFO - 25/07/20 11:16:29 INFO SecurityManager: Changing view acls groups to:
[2025-07-20T11:16:29.558+0000] {subprocess.py:93} INFO - 25/07/20 11:16:29 INFO SecurityManager: Changing modify acls groups to:
[2025-07-20T11:16:29.561+0000] {subprocess.py:93} INFO - 25/07/20 11:16:29 INFO SecurityManager: SecurityManager: authentication disabled; ui acls disabled; users with view permissions: spark; groups with view permissions: EMPTY; users with modify permissions: spark; groups with modify permissions: EMPTY
[2025-07-20T11:16:29.716+0000] {subprocess.py:93} INFO - 25/07/20 11:16:29 WARN NativeCodeLoader: Unable to load native-hadoop library for your platform... using builtin-java classes where applicable
[2025-07-20T11:16:30.835+0000] {subprocess.py:93} INFO - 25/07/20 11:16:30 INFO Utils: Successfully started service 'sparkDriver' on port 37889.
[2025-07-20T11:16:30.988+0000] {subprocess.py:93} INFO - 25/07/20 11:16:30 INFO SparkEnv: Registering MapOutputTracker
[2025-07-20T11:16:31.146+0000] {subprocess.py:93} INFO - 25/07/20 11:16:31 INFO SparkEnv: Registering BlockManagerMaster
[2025-07-20T11:16:31.167+0000] {subprocess.py:93} INFO - 25/07/20 11:16:31 INFO BlockManagerMasterEndpoint: Using org.apache.spark.storage.DefaultTopologyMapper for getting topology information
[2025-07-20T11:16:31.169+0000] {subprocess.py:93} INFO - 25/07/20 11:16:31 INFO BlockManagerMasterEndpoint: BlockManagerMasterEndpoint up
[2025-07-20T11:16:31.185+0000] {subprocess.py:93} INFO - 25/07/20 11:16:31 INFO SparkEnv: Registering BlockManagerMasterHeartbeat
[2025-07-20T11:16:31.227+0000] {subprocess.py:93} INFO - 25/07/20 11:16:31 INFO DiskBlockManager: Created local directory at /tmp/blockmgr-3454c208-5906-4440-a2e5-981dbc5bf24a
[2025-07-20T11:16:31.254+0000] {subprocess.py:93} INFO - 25/07/20 11:16:31 INFO MemoryStore: MemoryStore started with capacity 434.4 MiB
[2025-07-20T11:16:31.283+0000] {subprocess.py:93} INFO - 25/07/20 11:16:31 INFO SparkEnv: Registering OutputCommitCoordinator
[2025-07-20T11:16:31.571+0000] {subprocess.py:93} INFO - 25/07/20 11:16:31 INFO JettyUtils: Start Jetty 0.0.0.0:4040 for SparkUI
[2025-07-20T11:16:31.720+0000] {subprocess.py:93} INFO - 25/07/20 11:16:31 WARN Utils: Service 'SparkUI' could not bind on port 4040. Attempting port 4041.
[2025-07-20T11:16:31.738+0000] {subprocess.py:93} INFO - 25/07/20 11:16:31 INFO Utils: Successfully started service 'SparkUI' on port 4041.
[2025-07-20T11:16:31.891+0000] {subprocess.py:93} INFO - 25/07/20 11:16:31 INFO Executor: Starting executor ID driver on host 32217e0aec6b
[2025-07-20T11:16:31.892+0000] {subprocess.py:93} INFO - 25/07/20 11:16:31 INFO Executor: OS info Linux, 6.10.14-linuxkit, amd64
[2025-07-20T11:16:31.892+0000] {subprocess.py:93} INFO - 25/07/20 11:16:31 INFO Executor: Java version 17.0.14
[2025-07-20T11:16:31.909+0000] {subprocess.py:93} INFO - 25/07/20 11:16:31 INFO Executor: Starting executor with user classpath (userClassPathFirst = false): ''
[2025-07-20T11:16:32.005+0000] {subprocess.py:93} INFO - 25/07/20 11:16:31 INFO Executor: Created or updated repl class loader org.apache.spark.util.MutableURLClassLoader@12412f5b for default.
[2025-07-20T11:16:32.257+0000] {subprocess.py:93} INFO - 25/07/20 11:16:32 INFO Utils: Successfully started service 'org.apache.spark.network.netty.NettyBlockTransferService' on port 44369.
[2025-07-20T11:16:32.258+0000] {subprocess.py:93} INFO - 25/07/20 11:16:32 INFO NettyBlockTransferService: Server created on 32217e0aec6b:44369
[2025-07-20T11:16:32.260+0000] {subprocess.py:93} INFO - 25/07/20 11:16:32 INFO BlockManager: Using org.apache.spark.storage.RandomBlockReplicationPolicy for block replication policy
[2025-07-20T11:16:32.282+0000] {subprocess.py:93} INFO - 25/07/20 11:16:32 INFO BlockManagerMaster: Registering BlockManager BlockManagerId(driver, 32217e0aec6b, 44369, None)
[2025-07-20T11:16:32.290+0000] {subprocess.py:93} INFO - 25/07/20 11:16:32 INFO BlockManagerMasterEndpoint: Registering block manager 32217e0aec6b:44369 with 434.4 MiB RAM, BlockManagerId(driver, 32217e0aec6b, 44369, None)
[2025-07-20T11:16:32.294+0000] {subprocess.py:93} INFO - 25/07/20 11:16:32 INFO BlockManagerMaster: Registered BlockManager BlockManagerId(driver, 32217e0aec6b, 44369, None)
[2025-07-20T11:16:32.297+0000] {subprocess.py:93} INFO - 25/07/20 11:16:32 INFO BlockManager: Initialized BlockManager: BlockManagerId(driver, 32217e0aec6b, 44369, None)
[2025-07-20T11:16:33.405+0000] {subprocess.py:93} INFO - 25/07/20 11:16:33 INFO SharedState: Setting hive.metastore.warehouse.dir ('null') to the value of spark.sql.warehouse.dir.
[2025-07-20T11:16:33.413+0000] {subprocess.py:93} INFO - 25/07/20 11:16:33 INFO SharedState: Warehouse path is 'file:/opt/bitnami/spark/spark-warehouse'.
[2025-07-20T11:16:36.949+0000] {subprocess.py:93} INFO - 25/07/20 11:16:36 INFO InMemoryFileIndex: It took 396 ms to list leaf files for 1 paths.
[2025-07-20T11:16:37.673+0000] {subprocess.py:93} INFO - 25/07/20 11:16:37 INFO InMemoryFileIndex: It took 53 ms to list leaf files for 1 paths.
[2025-07-20T11:16:44.437+0000] {subprocess.py:93} INFO - 25/07/20 11:16:44 INFO FileSourceStrategy: Pushed Filters:
[2025-07-20T11:16:44.443+0000] {subprocess.py:93} INFO - 25/07/20 11:16:44 INFO FileSourceStrategy: Post-Scan Filters: (length(trim(value#0, None)) > 0)
[2025-07-20T11:16:46.533+0000] {subprocess.py:93} INFO - 25/07/20 11:16:46 INFO CodeGenerator: Code generated in 536.296917 ms
[2025-07-20T11:16:46.654+0000] {subprocess.py:93} INFO - 25/07/20 11:16:46 INFO MemoryStore: Block broadcast_0 stored as values in memory (estimated size 199.6 KiB, free 434.2 MiB)
[2025-07-20T11:16:46.880+0000] {subprocess.py:93} INFO - 25/07/20 11:16:46 INFO MemoryStore: Block broadcast_0_piece0 stored as bytes in memory (estimated size 34.3 KiB, free 434.2 MiB)
[2025-07-20T11:16:46.884+0000] {subprocess.py:93} INFO - 25/07/20 11:16:46 INFO BlockManagerInfo: Added broadcast_0_piece0 in memory on 32217e0aec6b:44369 (size: 34.3 KiB, free: 434.4 MiB)
[2025-07-20T11:16:46.894+0000] {subprocess.py:93} INFO - 25/07/20 11:16:46 INFO SparkContext: Created broadcast 0 from csv at <unknown>:0
[2025-07-20T11:16:46.915+0000] {subprocess.py:93} INFO - 25/07/20 11:16:46 INFO FileSourceScanExec: Planning scan with bin packing, max size: 4194304 bytes, open cost is considered as scanning 4194304 bytes.
[2025-07-20T11:16:47.117+0000] {subprocess.py:93} INFO - 25/07/20 11:16:47 INFO SparkContext: Starting job: csv at <unknown>:0
[2025-07-20T11:16:47.142+0000] {subprocess.py:93} INFO - 25/07/20 11:16:47 INFO DAGScheduler: Got job 0 (csv at <unknown>:0) with 1 output partitions
[2025-07-20T11:16:47.142+0000] {subprocess.py:93} INFO - 25/07/20 11:16:47 INFO DAGScheduler: Final stage: ResultStage 0 (csv at <unknown>:0)
[2025-07-20T11:16:47.143+0000] {subprocess.py:93} INFO - 25/07/20 11:16:47 INFO DAGScheduler: Parents of final stage: List()
[2025-07-20T11:16:47.145+0000] {subprocess.py:93} INFO - 25/07/20 11:16:47 INFO DAGScheduler: Missing parents: List()
[2025-07-20T11:16:47.153+0000] {subprocess.py:93} INFO - 25/07/20 11:16:47 INFO DAGScheduler: Submitting ResultStage 0 (MapPartitionsRDD[3] at csv at <unknown>:0), which has no missing parents
[2025-07-20T11:16:47.663+0000] {subprocess.py:93} INFO - 25/07/20 11:16:47 INFO MemoryStore: Block broadcast_1 stored as values in memory (estimated size 13.5 KiB, free 434.2 MiB)
[2025-07-20T11:16:47.671+0000] {subprocess.py:93} INFO - 25/07/20 11:16:47 INFO MemoryStore: Block broadcast_1_piece0 stored as bytes in memory (estimated size 6.4 KiB, free 434.2 MiB)
[2025-07-20T11:16:47.676+0000] {subprocess.py:93} INFO - 25/07/20 11:16:47 INFO BlockManagerInfo: Added broadcast_1_piece0 in memory on 32217e0aec6b:44369 (size: 6.4 KiB, free: 434.4 MiB)
[2025-07-20T11:16:47.677+0000] {subprocess.py:93} INFO - 25/07/20 11:16:47 INFO SparkContext: Created broadcast 1 from broadcast at DAGScheduler.scala:1585
[2025-07-20T11:16:47.730+0000] {subprocess.py:93} INFO - 25/07/20 11:16:47 INFO DAGScheduler: Submitting 1 missing tasks from ResultStage 0 (MapPartitionsRDD[3] at csv at <unknown>:0) (first 15 tasks are for partitions Vector(0))
[2025-07-20T11:16:47.737+0000] {subprocess.py:93} INFO - 25/07/20 11:16:47 INFO TaskSchedulerImpl: Adding task set 0.0 with 1 tasks resource profile 0
[2025-07-20T11:16:47.852+0000] {subprocess.py:93} INFO - 25/07/20 11:16:47 INFO TaskSetManager: Starting task 0.0 in stage 0.0 (TID 0) (32217e0aec6b, executor driver, partition 0, PROCESS_LOCAL, 9608 bytes)
[2025-07-20T11:16:47.883+0000] {subprocess.py:93} INFO - 25/07/20 11:16:47 INFO Executor: Running task 0.0 in stage 0.0 (TID 0)
[2025-07-20T11:16:48.295+0000] {subprocess.py:93} INFO - 25/07/20 11:16:48 INFO CodeGenerator: Code generated in 111.414958 ms
[2025-07-20T11:16:48.330+0000] {subprocess.py:93} INFO - 25/07/20 11:16:48 INFO FileScanRDD: Reading File path: file:///opt/***/data/products/products.csv, range: 0-1256, partition values: [empty row]
[2025-07-20T11:16:48.649+0000] {subprocess.py:93} INFO - 25/07/20 11:16:48 INFO CodeGenerator: Code generated in 221.852459 ms
[2025-07-20T11:16:49.121+0000] {subprocess.py:93} INFO - 25/07/20 11:16:49 INFO Executor: Finished task 0.0 in stage 0.0 (TID 0). 1648 bytes result sent to driver
[2025-07-20T11:16:49.144+0000] {subprocess.py:93} INFO - 25/07/20 11:16:49 INFO TaskSetManager: Finished task 0.0 in stage 0.0 (TID 0) in 1317 ms on 32217e0aec6b (executor driver) (1/1)
[2025-07-20T11:16:49.153+0000] {subprocess.py:93} INFO - 25/07/20 11:16:49 INFO TaskSchedulerImpl: Removed TaskSet 0.0, whose tasks have all completed, from pool
[2025-07-20T11:16:49.165+0000] {subprocess.py:93} INFO - 25/07/20 11:16:49 INFO DAGScheduler: ResultStage 0 (csv at <unknown>:0) finished in 1.685 s
[2025-07-20T11:16:49.176+0000] {subprocess.py:93} INFO - 25/07/20 11:16:49 INFO DAGScheduler: Job 0 is finished. Cancelling potential speculative or zombie tasks for this job
[2025-07-20T11:16:49.179+0000] {subprocess.py:93} INFO - 25/07/20 11:16:49 INFO TaskSchedulerImpl: Killing all running tasks in stage 0: Stage finished
[2025-07-20T11:16:49.182+0000] {subprocess.py:93} INFO - 25/07/20 11:16:49 INFO DAGScheduler: Job 0 finished: csv at <unknown>:0, took 2.064328 s
[2025-07-20T11:16:49.272+0000] {subprocess.py:93} INFO - 25/07/20 11:16:49 INFO CodeGenerator: Code generated in 54.199209 ms
[2025-07-20T11:16:49.434+0000] {subprocess.py:93} INFO - 25/07/20 11:16:49 INFO FileSourceStrategy: Pushed Filters:
[2025-07-20T11:16:49.435+0000] {subprocess.py:93} INFO - 25/07/20 11:16:49 INFO FileSourceStrategy: Post-Scan Filters:
[2025-07-20T11:16:49.466+0000] {subprocess.py:93} INFO - 25/07/20 11:16:49 INFO MemoryStore: Block broadcast_2 stored as values in memory (estimated size 199.6 KiB, free 434.0 MiB)
[2025-07-20T11:16:49.490+0000] {subprocess.py:93} INFO - 25/07/20 11:16:49 INFO MemoryStore: Block broadcast_2_piece0 stored as bytes in memory (estimated size 34.3 KiB, free 433.9 MiB)
[2025-07-20T11:16:49.493+0000] {subprocess.py:93} INFO - 25/07/20 11:16:49 INFO BlockManagerInfo: Added broadcast_2_piece0 in memory on 32217e0aec6b:44369 (size: 34.3 KiB, free: 434.3 MiB)
[2025-07-20T11:16:49.497+0000] {subprocess.py:93} INFO - 25/07/20 11:16:49 INFO SparkContext: Created broadcast 2 from csv at <unknown>:0
[2025-07-20T11:16:49.499+0000] {subprocess.py:93} INFO - 25/07/20 11:16:49 INFO FileSourceScanExec: Planning scan with bin packing, max size: 4194304 bytes, open cost is considered as scanning 4194304 bytes.
[2025-07-20T11:16:49.700+0000] {subprocess.py:93} INFO - 25/07/20 11:16:49 INFO SparkContext: Starting job: csv at <unknown>:0
[2025-07-20T11:16:49.703+0000] {subprocess.py:93} INFO - 25/07/20 11:16:49 INFO DAGScheduler: Got job 1 (csv at <unknown>:0) with 1 output partitions
[2025-07-20T11:16:49.704+0000] {subprocess.py:93} INFO - 25/07/20 11:16:49 INFO DAGScheduler: Final stage: ResultStage 1 (csv at <unknown>:0)
[2025-07-20T11:16:49.705+0000] {subprocess.py:93} INFO - 25/07/20 11:16:49 INFO DAGScheduler: Parents of final stage: List()
[2025-07-20T11:16:49.710+0000] {subprocess.py:93} INFO - 25/07/20 11:16:49 INFO DAGScheduler: Missing parents: List()
[2025-07-20T11:16:49.711+0000] {subprocess.py:93} INFO - 25/07/20 11:16:49 INFO DAGScheduler: Submitting ResultStage 1 (MapPartitionsRDD[9] at csv at <unknown>:0), which has no missing parents
[2025-07-20T11:16:49.770+0000] {subprocess.py:93} INFO - 25/07/20 11:16:49 INFO MemoryStore: Block broadcast_3 stored as values in memory (estimated size 27.7 KiB, free 433.9 MiB)
[2025-07-20T11:16:49.779+0000] {subprocess.py:93} INFO - 25/07/20 11:16:49 INFO MemoryStore: Block broadcast_3_piece0 stored as bytes in memory (estimated size 12.7 KiB, free 433.9 MiB)
[2025-07-20T11:16:49.781+0000] {subprocess.py:93} INFO - 25/07/20 11:16:49 INFO BlockManagerInfo: Added broadcast_3_piece0 in memory on 32217e0aec6b:44369 (size: 12.7 KiB, free: 434.3 MiB)
[2025-07-20T11:16:49.782+0000] {subprocess.py:93} INFO - 25/07/20 11:16:49 INFO SparkContext: Created broadcast 3 from broadcast at DAGScheduler.scala:1585
[2025-07-20T11:16:49.783+0000] {subprocess.py:93} INFO - 25/07/20 11:16:49 INFO DAGScheduler: Submitting 1 missing tasks from ResultStage 1 (MapPartitionsRDD[9] at csv at <unknown>:0) (first 15 tasks are for partitions Vector(0))
[2025-07-20T11:16:49.784+0000] {subprocess.py:93} INFO - 25/07/20 11:16:49 INFO TaskSchedulerImpl: Adding task set 1.0 with 1 tasks resource profile 0
[2025-07-20T11:16:49.785+0000] {subprocess.py:93} INFO - 25/07/20 11:16:49 INFO TaskSetManager: Starting task 0.0 in stage 1.0 (TID 1) (32217e0aec6b, executor driver, partition 0, PROCESS_LOCAL, 9608 bytes)
[2025-07-20T11:16:49.789+0000] {subprocess.py:93} INFO - 25/07/20 11:16:49 INFO Executor: Running task 0.0 in stage 1.0 (TID 1)
[2025-07-20T11:16:50.118+0000] {subprocess.py:93} INFO - 25/07/20 11:16:50 INFO CodeGenerator: Code generated in 80.347541 ms
[2025-07-20T11:16:50.131+0000] {subprocess.py:93} INFO - 25/07/20 11:16:50 INFO FileScanRDD: Reading File path: file:///opt/***/data/products/products.csv, range: 0-1256, partition values: [empty row]
[2025-07-20T11:16:50.319+0000] {subprocess.py:93} INFO - 25/07/20 11:16:50 INFO BlockManagerInfo: Removed broadcast_1_piece0 on 32217e0aec6b:44369 in memory (size: 6.4 KiB, free: 434.3 MiB)
[2025-07-20T11:16:50.377+0000] {subprocess.py:93} INFO - 25/07/20 11:16:50 INFO Executor: Finished task 0.0 in stage 1.0 (TID 1). 1664 bytes result sent to driver
[2025-07-20T11:16:50.397+0000] {subprocess.py:93} INFO - 25/07/20 11:16:50 INFO TaskSetManager: Finished task 0.0 in stage 1.0 (TID 1) in 613 ms on 32217e0aec6b (executor driver) (1/1)
[2025-07-20T11:16:50.399+0000] {subprocess.py:93} INFO - 25/07/20 11:16:50 INFO TaskSchedulerImpl: Removed TaskSet 1.0, whose tasks have all completed, from pool
[2025-07-20T11:16:50.400+0000] {subprocess.py:93} INFO - 25/07/20 11:16:50 INFO DAGScheduler: ResultStage 1 (csv at <unknown>:0) finished in 0.687 s
[2025-07-20T11:16:50.402+0000] {subprocess.py:93} INFO - 25/07/20 11:16:50 INFO DAGScheduler: Job 1 is finished. Cancelling potential speculative or zombie tasks for this job
[2025-07-20T11:16:50.403+0000] {subprocess.py:93} INFO - 25/07/20 11:16:50 INFO TaskSchedulerImpl: Killing all running tasks in stage 1: Stage finished
[2025-07-20T11:16:50.406+0000] {subprocess.py:93} INFO - 25/07/20 11:16:50 INFO DAGScheduler: Job 1 finished: csv at <unknown>:0, took 0.709958 s
[2025-07-20T11:16:50.590+0000] {subprocess.py:93} INFO - 25/07/20 11:16:50 INFO FileSourceStrategy: Pushed Filters:
[2025-07-20T11:16:50.591+0000] {subprocess.py:93} INFO - 25/07/20 11:16:50 INFO FileSourceStrategy: Post-Scan Filters:
[2025-07-20T11:16:50.953+0000] {subprocess.py:93} INFO - 25/07/20 11:16:50 INFO ParquetUtils: Using default output committer for Parquet: org.apache.parquet.hadoop.ParquetOutputCommitter
[2025-07-20T11:16:51.137+0000] {subprocess.py:93} INFO - 25/07/20 11:16:51 INFO FileOutputCommitter: File Output Committer Algorithm version is 1
[2025-07-20T11:16:51.139+0000] {subprocess.py:93} INFO - 25/07/20 11:16:51 INFO FileOutputCommitter: FileOutputCommitter skip cleanup _temporary folders under output directory:false, ignore cleanup failures: false
[2025-07-20T11:16:51.144+0000] {subprocess.py:93} INFO - 25/07/20 11:16:51 INFO SQLHadoopMapReduceCommitProtocol: Using user defined output committer class org.apache.parquet.hadoop.ParquetOutputCommitter
[2025-07-20T11:16:51.146+0000] {subprocess.py:93} INFO - 25/07/20 11:16:51 INFO FileOutputCommitter: File Output Committer Algorithm version is 1
[2025-07-20T11:16:51.148+0000] {subprocess.py:93} INFO - 25/07/20 11:16:51 INFO FileOutputCommitter: FileOutputCommitter skip cleanup _temporary folders under output directory:false, ignore cleanup failures: false
[2025-07-20T11:16:51.149+0000] {subprocess.py:93} INFO - 25/07/20 11:16:51 INFO SQLHadoopMapReduceCommitProtocol: Using output committer class org.apache.parquet.hadoop.ParquetOutputCommitter
[2025-07-20T11:16:51.549+0000] {subprocess.py:93} INFO - 25/07/20 11:16:51 INFO MemoryStore: Block broadcast_4 stored as values in memory (estimated size 199.5 KiB, free 433.7 MiB)
[2025-07-20T11:16:51.583+0000] {subprocess.py:93} INFO - 25/07/20 11:16:51 INFO MemoryStore: Block broadcast_4_piece0 stored as bytes in memory (estimated size 34.3 KiB, free 433.7 MiB)
[2025-07-20T11:16:51.594+0000] {subprocess.py:93} INFO - 25/07/20 11:16:51 INFO BlockManagerInfo: Added broadcast_4_piece0 in memory on 32217e0aec6b:44369 (size: 34.3 KiB, free: 434.3 MiB)
[2025-07-20T11:16:51.600+0000] {subprocess.py:93} INFO - 25/07/20 11:16:51 INFO SparkContext: Created broadcast 4 from save at <unknown>:0
[2025-07-20T11:16:51.621+0000] {subprocess.py:93} INFO - 25/07/20 11:16:51 INFO FileSourceScanExec: Planning scan with bin packing, max size: 4194304 bytes, open cost is considered as scanning 4194304 bytes.
[2025-07-20T11:16:51.706+0000] {subprocess.py:93} INFO - 25/07/20 11:16:51 INFO SparkContext: Starting job: save at <unknown>:0
[2025-07-20T11:16:51.711+0000] {subprocess.py:93} INFO - 25/07/20 11:16:51 INFO DAGScheduler: Got job 2 (save at <unknown>:0) with 1 output partitions
[2025-07-20T11:16:51.715+0000] {subprocess.py:93} INFO - 25/07/20 11:16:51 INFO DAGScheduler: Final stage: ResultStage 2 (save at <unknown>:0)
[2025-07-20T11:16:51.717+0000] {subprocess.py:93} INFO - 25/07/20 11:16:51 INFO DAGScheduler: Parents of final stage: List()
[2025-07-20T11:16:51.721+0000] {subprocess.py:93} INFO - 25/07/20 11:16:51 INFO DAGScheduler: Missing parents: List()
[2025-07-20T11:16:51.740+0000] {subprocess.py:93} INFO - 25/07/20 11:16:51 INFO DAGScheduler: Submitting ResultStage 2 (MapPartitionsRDD[12] at save at <unknown>:0), which has no missing parents
[2025-07-20T11:16:51.887+0000] {subprocess.py:93} INFO - 25/07/20 11:16:51 INFO MemoryStore: Block broadcast_5 stored as values in memory (estimated size 213.0 KiB, free 433.5 MiB)
[2025-07-20T11:16:51.893+0000] {subprocess.py:93} INFO - 25/07/20 11:16:51 INFO MemoryStore: Block broadcast_5_piece0 stored as bytes in memory (estimated size 76.9 KiB, free 433.4 MiB)
[2025-07-20T11:16:51.895+0000] {subprocess.py:93} INFO - 25/07/20 11:16:51 INFO BlockManagerInfo: Added broadcast_5_piece0 in memory on 32217e0aec6b:44369 (size: 76.9 KiB, free: 434.2 MiB)
[2025-07-20T11:16:51.900+0000] {subprocess.py:93} INFO - 25/07/20 11:16:51 INFO SparkContext: Created broadcast 5 from broadcast at DAGScheduler.scala:1585
[2025-07-20T11:16:51.910+0000] {subprocess.py:93} INFO - 25/07/20 11:16:51 INFO DAGScheduler: Submitting 1 missing tasks from ResultStage 2 (MapPartitionsRDD[12] at save at <unknown>:0) (first 15 tasks are for partitions Vector(0))
[2025-07-20T11:16:51.910+0000] {subprocess.py:93} INFO - 25/07/20 11:16:51 INFO TaskSchedulerImpl: Adding task set 2.0 with 1 tasks resource profile 0
[2025-07-20T11:16:51.918+0000] {subprocess.py:93} INFO - 25/07/20 11:16:51 INFO TaskSetManager: Starting task 0.0 in stage 2.0 (TID 2) (32217e0aec6b, executor driver, partition 0, PROCESS_LOCAL, 9608 bytes)
[2025-07-20T11:16:51.920+0000] {subprocess.py:93} INFO - 25/07/20 11:16:51 INFO Executor: Running task 0.0 in stage 2.0 (TID 2)
[2025-07-20T11:16:52.186+0000] {subprocess.py:93} INFO - 25/07/20 11:16:52 INFO FileOutputCommitter: File Output Committer Algorithm version is 1
[2025-07-20T11:16:52.187+0000] {subprocess.py:93} INFO - 25/07/20 11:16:52 INFO FileOutputCommitter: FileOutputCommitter skip cleanup _temporary folders under output directory:false, ignore cleanup failures: false
[2025-07-20T11:16:52.191+0000] {subprocess.py:93} INFO - 25/07/20 11:16:52 INFO SQLHadoopMapReduceCommitProtocol: Using user defined output committer class org.apache.parquet.hadoop.ParquetOutputCommitter
[2025-07-20T11:16:52.192+0000] {subprocess.py:93} INFO - 25/07/20 11:16:52 INFO FileOutputCommitter: File Output Committer Algorithm version is 1
[2025-07-20T11:16:52.193+0000] {subprocess.py:93} INFO - 25/07/20 11:16:52 INFO FileOutputCommitter: FileOutputCommitter skip cleanup _temporary folders under output directory:false, ignore cleanup failures: false
[2025-07-20T11:16:52.197+0000] {subprocess.py:93} INFO - 25/07/20 11:16:52 INFO SQLHadoopMapReduceCommitProtocol: Using output committer class org.apache.parquet.hadoop.ParquetOutputCommitter
[2025-07-20T11:16:52.208+0000] {subprocess.py:93} INFO - 25/07/20 11:16:52 INFO CodecConfig: Compression: SNAPPY
[2025-07-20T11:16:52.217+0000] {subprocess.py:93} INFO - 25/07/20 11:16:52 INFO CodecConfig: Compression: SNAPPY
[2025-07-20T11:16:52.263+0000] {subprocess.py:93} INFO - 25/07/20 11:16:52 INFO ParquetOutputFormat: ParquetRecordWriter [block size: 134217728b, row group padding size: 8388608b, validating: false]
[2025-07-20T11:16:52.328+0000] {subprocess.py:93} INFO - 25/07/20 11:16:52 INFO ParquetWriteSupport: Initialized Parquet WriteSupport with Catalyst schema:
[2025-07-20T11:16:52.329+0000] {subprocess.py:93} INFO - {
[2025-07-20T11:16:52.329+0000] {subprocess.py:93} INFO -   "type" : "struct",
[2025-07-20T11:16:52.329+0000] {subprocess.py:93} INFO -   "fields" : [ {
[2025-07-20T11:16:52.329+0000] {subprocess.py:93} INFO -     "name" : "product_id",
[2025-07-20T11:16:52.329+0000] {subprocess.py:93} INFO -     "type" : "integer",
[2025-07-20T11:16:52.330+0000] {subprocess.py:93} INFO -     "nullable" : true,
[2025-07-20T11:16:52.330+0000] {subprocess.py:93} INFO -     "metadata" : { }
[2025-07-20T11:16:52.330+0000] {subprocess.py:93} INFO -   }, {
[2025-07-20T11:16:52.331+0000] {subprocess.py:93} INFO -     "name" : "product_name",
[2025-07-20T11:16:52.331+0000] {subprocess.py:93} INFO -     "type" : "string",
[2025-07-20T11:16:52.331+0000] {subprocess.py:93} INFO -     "nullable" : true,
[2025-07-20T11:16:52.331+0000] {subprocess.py:93} INFO -     "metadata" : { }
[2025-07-20T11:16:52.331+0000] {subprocess.py:93} INFO -   }, {
[2025-07-20T11:16:52.332+0000] {subprocess.py:93} INFO -     "name" : "category",
[2025-07-20T11:16:52.332+0000] {subprocess.py:93} INFO -     "type" : "string",
[2025-07-20T11:16:52.332+0000] {subprocess.py:93} INFO -     "nullable" : true,
[2025-07-20T11:16:52.332+0000] {subprocess.py:93} INFO -     "metadata" : { }
[2025-07-20T11:16:52.332+0000] {subprocess.py:93} INFO -   }, {
[2025-07-20T11:16:52.333+0000] {subprocess.py:93} INFO -     "name" : "price",
[2025-07-20T11:16:52.333+0000] {subprocess.py:93} INFO -     "type" : "integer",
[2025-07-20T11:16:52.333+0000] {subprocess.py:93} INFO -     "nullable" : true,
[2025-07-20T11:16:52.333+0000] {subprocess.py:93} INFO -     "metadata" : { }
[2025-07-20T11:16:52.333+0000] {subprocess.py:93} INFO -   } ]
[2025-07-20T11:16:52.334+0000] {subprocess.py:93} INFO - }
[2025-07-20T11:16:52.334+0000] {subprocess.py:93} INFO - and corresponding Parquet message type:
[2025-07-20T11:16:52.334+0000] {subprocess.py:93} INFO - message spark_schema {
[2025-07-20T11:16:52.334+0000] {subprocess.py:93} INFO -   optional int32 product_id;
[2025-07-20T11:16:52.334+0000] {subprocess.py:93} INFO -   optional binary product_name (STRING);
[2025-07-20T11:16:52.334+0000] {subprocess.py:93} INFO -   optional binary category (STRING);
[2025-07-20T11:16:52.335+0000] {subprocess.py:93} INFO -   optional int32 price;
[2025-07-20T11:16:52.335+0000] {subprocess.py:93} INFO - }
[2025-07-20T11:16:52.335+0000] {subprocess.py:93} INFO - 
[2025-07-20T11:16:52.336+0000] {subprocess.py:93} INFO - 
[2025-07-20T11:16:52.702+0000] {subprocess.py:93} INFO - 25/07/20 11:16:52 INFO CodecPool: Got brand-new compressor [.snappy]
[2025-07-20T11:16:53.137+0000] {subprocess.py:93} INFO - 25/07/20 11:16:53 INFO FileScanRDD: Reading File path: file:///opt/***/data/products/products.csv, range: 0-1256, partition values: [empty row]
[2025-07-20T11:16:53.300+0000] {subprocess.py:93} INFO - 25/07/20 11:16:53 INFO CodeGenerator: Code generated in 124.569959 ms
[2025-07-20T11:16:54.910+0000] {subprocess.py:93} INFO - 25/07/20 11:16:54 INFO FileOutputCommitter: Saved output of task 'attempt_20250720111651852413261375538253_0002_m_000000_2' to file:/opt/***/data/delta/dim_product/_temporary/0/task_20250720111651852413261375538253_0002_m_000000
[2025-07-20T11:16:54.916+0000] {subprocess.py:93} INFO - 25/07/20 11:16:54 INFO SparkHadoopMapRedUtil: attempt_20250720111651852413261375538253_0002_m_000000_2: Committed. Elapsed time: 7 ms.
[2025-07-20T11:16:55.022+0000] {subprocess.py:93} INFO - 25/07/20 11:16:55 INFO BlockManagerInfo: Removed broadcast_3_piece0 on 32217e0aec6b:44369 in memory (size: 12.7 KiB, free: 434.2 MiB)
[2025-07-20T11:16:55.069+0000] {subprocess.py:93} INFO - 25/07/20 11:16:55 INFO Executor: Finished task 0.0 in stage 2.0 (TID 2). 2545 bytes result sent to driver
[2025-07-20T11:16:55.092+0000] {subprocess.py:93} INFO - 25/07/20 11:16:55 INFO TaskSetManager: Finished task 0.0 in stage 2.0 (TID 2) in 3176 ms on 32217e0aec6b (executor driver) (1/1)
[2025-07-20T11:16:55.093+0000] {subprocess.py:93} INFO - 25/07/20 11:16:55 INFO TaskSchedulerImpl: Removed TaskSet 2.0, whose tasks have all completed, from pool
[2025-07-20T11:16:55.094+0000] {subprocess.py:93} INFO - 25/07/20 11:16:55 INFO DAGScheduler: ResultStage 2 (save at <unknown>:0) finished in 3.351 s
[2025-07-20T11:16:55.094+0000] {subprocess.py:93} INFO - 25/07/20 11:16:55 INFO DAGScheduler: Job 2 is finished. Cancelling potential speculative or zombie tasks for this job
[2025-07-20T11:16:55.095+0000] {subprocess.py:93} INFO - 25/07/20 11:16:55 INFO TaskSchedulerImpl: Killing all running tasks in stage 2: Stage finished
[2025-07-20T11:16:55.096+0000] {subprocess.py:93} INFO - 25/07/20 11:16:55 INFO DAGScheduler: Job 2 finished: save at <unknown>:0, took 3.392347 s
[2025-07-20T11:16:55.107+0000] {subprocess.py:93} INFO - 25/07/20 11:16:55 INFO FileFormatWriter: Start to commit write Job 99d6f414-95cd-4abb-b149-bc3cba8cc2dd.
[2025-07-20T11:16:55.319+0000] {subprocess.py:93} INFO - 25/07/20 11:16:55 INFO FileFormatWriter: Write Job 99d6f414-95cd-4abb-b149-bc3cba8cc2dd committed. Elapsed time: 208 ms.
[2025-07-20T11:16:55.333+0000] {subprocess.py:93} INFO - 25/07/20 11:16:55 INFO FileFormatWriter: Finished processing stats for write job 99d6f414-95cd-4abb-b149-bc3cba8cc2dd.
[2025-07-20T11:16:55.601+0000] {subprocess.py:93} INFO - 25/07/20 11:16:55 INFO SparkContext: Invoking stop() from shutdown hook
[2025-07-20T11:16:55.603+0000] {subprocess.py:93} INFO - 25/07/20 11:16:55 INFO SparkContext: SparkContext is stopping with exitCode 0.
[2025-07-20T11:16:55.635+0000] {subprocess.py:93} INFO - 25/07/20 11:16:55 INFO SparkUI: Stopped Spark web UI at http://32217e0aec6b:4041
[2025-07-20T11:16:55.682+0000] {subprocess.py:93} INFO - 25/07/20 11:16:55 INFO MapOutputTrackerMasterEndpoint: MapOutputTrackerMasterEndpoint stopped!
[2025-07-20T11:16:55.792+0000] {subprocess.py:93} INFO - 25/07/20 11:16:55 INFO MemoryStore: MemoryStore cleared
[2025-07-20T11:16:55.793+0000] {subprocess.py:93} INFO - 25/07/20 11:16:55 INFO BlockManager: BlockManager stopped
[2025-07-20T11:16:55.800+0000] {subprocess.py:93} INFO - 25/07/20 11:16:55 INFO BlockManagerMaster: BlockManagerMaster stopped
[2025-07-20T11:16:55.807+0000] {subprocess.py:93} INFO - 25/07/20 11:16:55 INFO OutputCommitCoordinator$OutputCommitCoordinatorEndpoint: OutputCommitCoordinator stopped!
[2025-07-20T11:16:55.869+0000] {subprocess.py:93} INFO - 25/07/20 11:16:55 INFO SparkContext: Successfully stopped SparkContext
[2025-07-20T11:16:55.870+0000] {subprocess.py:93} INFO - 25/07/20 11:16:55 INFO ShutdownHookManager: Shutdown hook called
[2025-07-20T11:16:55.872+0000] {subprocess.py:93} INFO - 25/07/20 11:16:55 INFO ShutdownHookManager: Deleting directory /tmp/spark-189d7855-5167-4fd8-9262-16154bb86adb/pyspark-729c71b7-be9f-496c-ba38-0ff7aeac1fd4
[2025-07-20T11:16:55.939+0000] {subprocess.py:93} INFO - 25/07/20 11:16:55 INFO ShutdownHookManager: Deleting directory /tmp/spark-2f90c185-cbcc-4f9a-9e2d-8af5f0033e5b
[2025-07-20T11:16:55.995+0000] {subprocess.py:93} INFO - 25/07/20 11:16:55 INFO ShutdownHookManager: Deleting directory /tmp/spark-189d7855-5167-4fd8-9262-16154bb86adb
[2025-07-20T11:16:56.234+0000] {subprocess.py:97} INFO - Command exited with return code 0
[2025-07-20T11:16:56.548+0000] {taskinstance.py:1327} INFO - Marking task as SUCCESS. dag_id=retail_sales_pipeline, task_id=process_products, execution_date=20250720T111619, start_date=20250720T111620, end_date=20250720T111656
[2025-07-20T11:16:56.628+0000] {local_task_job.py:159} INFO - Task exited with return code 0
[2025-07-20T11:16:56.756+0000] {taskinstance.py:2582} INFO - 0 downstream tasks scheduled from follow-on schedule check
