[2025-07-14T01:12:00.978+0000] {processor.py:153} INFO - Started process (PID=9926) to work on /opt/airflow/dags/retail_sales_pipeline.py
[2025-07-14T01:12:00.989+0000] {processor.py:743} INFO - Processing file /opt/airflow/dags/retail_sales_pipeline.py for tasks to queue
[2025-07-14T01:12:01.005+0000] {logging_mixin.py:137} INFO - [2025-07-14T01:12:01.004+0000] {dagbag.py:538} INFO - Filling up the DagBag from /opt/airflow/dags/retail_sales_pipeline.py
[2025-07-14T01:12:01.198+0000] {processor.py:753} INFO - DAG(s) dict_keys(['retail_sales_pipeline']) retrieved from /opt/airflow/dags/retail_sales_pipeline.py
[2025-07-14T01:12:02.035+0000] {logging_mixin.py:137} INFO - [2025-07-14T01:12:02.032+0000] {dag.py:2676} INFO - Sync 1 DAGs
[2025-07-14T01:12:02.210+0000] {logging_mixin.py:137} INFO - [2025-07-14T01:12:02.210+0000] {dag.py:3427} INFO - Setting next_dagrun for retail_sales_pipeline to None, run_after=None
[2025-07-14T01:12:02.255+0000] {processor.py:175} INFO - Processing /opt/airflow/dags/retail_sales_pipeline.py took 1.291 seconds
[2025-07-14T02:16:43.249+0000] {processor.py:153} INFO - Started process (PID=9931) to work on /opt/airflow/dags/retail_sales_pipeline.py
[2025-07-14T02:16:43.250+0000] {processor.py:743} INFO - Processing file /opt/airflow/dags/retail_sales_pipeline.py for tasks to queue
[2025-07-14T02:16:43.252+0000] {logging_mixin.py:137} INFO - [2025-07-14T02:16:43.251+0000] {dagbag.py:538} INFO - Filling up the DagBag from /opt/airflow/dags/retail_sales_pipeline.py
[2025-07-14T02:16:43.314+0000] {processor.py:753} INFO - DAG(s) dict_keys(['retail_sales_pipeline']) retrieved from /opt/airflow/dags/retail_sales_pipeline.py
[2025-07-14T02:16:43.528+0000] {logging_mixin.py:137} INFO - [2025-07-14T02:16:43.528+0000] {dag.py:2676} INFO - Sync 1 DAGs
[2025-07-14T02:16:43.662+0000] {logging_mixin.py:137} INFO - [2025-07-14T02:16:43.662+0000] {dag.py:3427} INFO - Setting next_dagrun for retail_sales_pipeline to None, run_after=None
[2025-07-14T02:16:43.748+0000] {processor.py:175} INFO - Processing /opt/airflow/dags/retail_sales_pipeline.py took 0.506 seconds
[2025-07-14T02:17:14.325+0000] {processor.py:153} INFO - Started process (PID=9936) to work on /opt/airflow/dags/retail_sales_pipeline.py
[2025-07-14T02:17:14.327+0000] {processor.py:743} INFO - Processing file /opt/airflow/dags/retail_sales_pipeline.py for tasks to queue
[2025-07-14T02:17:14.329+0000] {logging_mixin.py:137} INFO - [2025-07-14T02:17:14.329+0000] {dagbag.py:538} INFO - Filling up the DagBag from /opt/airflow/dags/retail_sales_pipeline.py
[2025-07-14T02:17:14.388+0000] {processor.py:753} INFO - DAG(s) dict_keys(['retail_sales_pipeline']) retrieved from /opt/airflow/dags/retail_sales_pipeline.py
[2025-07-14T02:17:14.550+0000] {logging_mixin.py:137} INFO - [2025-07-14T02:17:14.550+0000] {dag.py:2676} INFO - Sync 1 DAGs
[2025-07-14T02:17:14.600+0000] {logging_mixin.py:137} INFO - [2025-07-14T02:17:14.599+0000] {dag.py:3427} INFO - Setting next_dagrun for retail_sales_pipeline to None, run_after=None
[2025-07-14T02:17:14.633+0000] {processor.py:175} INFO - Processing /opt/airflow/dags/retail_sales_pipeline.py took 0.317 seconds
[2025-07-14T02:33:08.729+0000] {processor.py:153} INFO - Started process (PID=9941) to work on /opt/airflow/dags/retail_sales_pipeline.py
[2025-07-14T02:33:08.732+0000] {processor.py:743} INFO - Processing file /opt/airflow/dags/retail_sales_pipeline.py for tasks to queue
[2025-07-14T02:33:08.735+0000] {logging_mixin.py:137} INFO - [2025-07-14T02:33:08.734+0000] {dagbag.py:538} INFO - Filling up the DagBag from /opt/airflow/dags/retail_sales_pipeline.py
[2025-07-14T02:33:08.844+0000] {processor.py:753} INFO - DAG(s) dict_keys(['retail_sales_pipeline']) retrieved from /opt/airflow/dags/retail_sales_pipeline.py
[2025-07-14T02:33:09.145+0000] {logging_mixin.py:137} INFO - [2025-07-14T02:33:09.144+0000] {dag.py:2676} INFO - Sync 1 DAGs
[2025-07-14T02:33:09.374+0000] {logging_mixin.py:137} INFO - [2025-07-14T02:33:09.372+0000] {dag.py:3427} INFO - Setting next_dagrun for retail_sales_pipeline to None, run_after=None
[2025-07-14T02:33:09.589+0000] {processor.py:175} INFO - Processing /opt/airflow/dags/retail_sales_pipeline.py took 0.873 seconds
[2025-07-14T02:33:40.298+0000] {processor.py:153} INFO - Started process (PID=9946) to work on /opt/airflow/dags/retail_sales_pipeline.py
[2025-07-14T02:33:40.300+0000] {processor.py:743} INFO - Processing file /opt/airflow/dags/retail_sales_pipeline.py for tasks to queue
[2025-07-14T02:33:40.301+0000] {logging_mixin.py:137} INFO - [2025-07-14T02:33:40.301+0000] {dagbag.py:538} INFO - Filling up the DagBag from /opt/airflow/dags/retail_sales_pipeline.py
[2025-07-14T02:33:40.352+0000] {processor.py:753} INFO - DAG(s) dict_keys(['retail_sales_pipeline']) retrieved from /opt/airflow/dags/retail_sales_pipeline.py
[2025-07-14T02:33:40.513+0000] {logging_mixin.py:137} INFO - [2025-07-14T02:33:40.512+0000] {dag.py:2676} INFO - Sync 1 DAGs
[2025-07-14T02:33:40.562+0000] {logging_mixin.py:137} INFO - [2025-07-14T02:33:40.561+0000] {dag.py:3427} INFO - Setting next_dagrun for retail_sales_pipeline to None, run_after=None
[2025-07-14T02:33:40.592+0000] {processor.py:175} INFO - Processing /opt/airflow/dags/retail_sales_pipeline.py took 0.301 seconds
[2025-07-14T03:17:25.472+0000] {processor.py:153} INFO - Started process (PID=9952) to work on /opt/airflow/dags/retail_sales_pipeline.py
[2025-07-14T03:17:25.476+0000] {processor.py:743} INFO - Processing file /opt/airflow/dags/retail_sales_pipeline.py for tasks to queue
[2025-07-14T03:17:25.478+0000] {logging_mixin.py:137} INFO - [2025-07-14T03:17:25.478+0000] {dagbag.py:538} INFO - Filling up the DagBag from /opt/airflow/dags/retail_sales_pipeline.py
[2025-07-14T03:17:25.577+0000] {processor.py:753} INFO - DAG(s) dict_keys(['retail_sales_pipeline']) retrieved from /opt/airflow/dags/retail_sales_pipeline.py
[2025-07-14T03:17:25.883+0000] {logging_mixin.py:137} INFO - [2025-07-14T03:17:25.882+0000] {dag.py:2676} INFO - Sync 1 DAGs
[2025-07-14T03:17:26.029+0000] {logging_mixin.py:137} INFO - [2025-07-14T03:17:26.028+0000] {dag.py:3427} INFO - Setting next_dagrun for retail_sales_pipeline to None, run_after=None
[2025-07-14T03:17:26.143+0000] {processor.py:175} INFO - Processing /opt/airflow/dags/retail_sales_pipeline.py took 0.682 seconds
[2025-07-14T03:17:56.537+0000] {processor.py:153} INFO - Started process (PID=9958) to work on /opt/airflow/dags/retail_sales_pipeline.py
[2025-07-14T03:17:56.540+0000] {processor.py:743} INFO - Processing file /opt/airflow/dags/retail_sales_pipeline.py for tasks to queue
[2025-07-14T03:17:56.542+0000] {logging_mixin.py:137} INFO - [2025-07-14T03:17:56.541+0000] {dagbag.py:538} INFO - Filling up the DagBag from /opt/airflow/dags/retail_sales_pipeline.py
[2025-07-14T03:17:56.599+0000] {processor.py:753} INFO - DAG(s) dict_keys(['retail_sales_pipeline']) retrieved from /opt/airflow/dags/retail_sales_pipeline.py
[2025-07-14T03:17:56.771+0000] {logging_mixin.py:137} INFO - [2025-07-14T03:17:56.771+0000] {dag.py:2676} INFO - Sync 1 DAGs
[2025-07-14T03:17:56.825+0000] {logging_mixin.py:137} INFO - [2025-07-14T03:17:56.825+0000] {dag.py:3427} INFO - Setting next_dagrun for retail_sales_pipeline to None, run_after=None
[2025-07-14T03:17:56.860+0000] {processor.py:175} INFO - Processing /opt/airflow/dags/retail_sales_pipeline.py took 0.335 seconds
[2025-07-14T04:38:30.136+0000] {processor.py:153} INFO - Started process (PID=9963) to work on /opt/airflow/dags/retail_sales_pipeline.py
[2025-07-14T04:38:30.142+0000] {processor.py:743} INFO - Processing file /opt/airflow/dags/retail_sales_pipeline.py for tasks to queue
[2025-07-14T04:38:30.144+0000] {logging_mixin.py:137} INFO - [2025-07-14T04:38:30.144+0000] {dagbag.py:538} INFO - Filling up the DagBag from /opt/airflow/dags/retail_sales_pipeline.py
[2025-07-14T04:38:30.263+0000] {processor.py:753} INFO - DAG(s) dict_keys(['retail_sales_pipeline']) retrieved from /opt/airflow/dags/retail_sales_pipeline.py
[2025-07-14T04:38:30.831+0000] {logging_mixin.py:137} INFO - [2025-07-14T04:38:30.829+0000] {dag.py:2676} INFO - Sync 1 DAGs
[2025-07-14T04:38:30.939+0000] {logging_mixin.py:137} INFO - [2025-07-14T04:38:30.938+0000] {dag.py:3427} INFO - Setting next_dagrun for retail_sales_pipeline to None, run_after=None
[2025-07-14T04:38:30.971+0000] {processor.py:175} INFO - Processing /opt/airflow/dags/retail_sales_pipeline.py took 0.855 seconds
[2025-07-14T05:20:03.309+0000] {processor.py:153} INFO - Started process (PID=9968) to work on /opt/airflow/dags/retail_sales_pipeline.py
[2025-07-14T05:20:03.311+0000] {processor.py:743} INFO - Processing file /opt/airflow/dags/retail_sales_pipeline.py for tasks to queue
[2025-07-14T05:20:03.313+0000] {logging_mixin.py:137} INFO - [2025-07-14T05:20:03.312+0000] {dagbag.py:538} INFO - Filling up the DagBag from /opt/airflow/dags/retail_sales_pipeline.py
[2025-07-14T05:20:03.397+0000] {processor.py:753} INFO - DAG(s) dict_keys(['retail_sales_pipeline']) retrieved from /opt/airflow/dags/retail_sales_pipeline.py
[2025-07-14T05:20:03.546+0000] {logging_mixin.py:137} INFO - [2025-07-14T05:20:03.546+0000] {dag.py:2676} INFO - Sync 1 DAGs
[2025-07-14T05:20:03.596+0000] {logging_mixin.py:137} INFO - [2025-07-14T05:20:03.596+0000] {dag.py:3427} INFO - Setting next_dagrun for retail_sales_pipeline to None, run_after=None
[2025-07-14T05:20:03.674+0000] {processor.py:175} INFO - Processing /opt/airflow/dags/retail_sales_pipeline.py took 0.370 seconds
[2025-07-14T05:38:42.669+0000] {processor.py:153} INFO - Started process (PID=9973) to work on /opt/airflow/dags/retail_sales_pipeline.py
[2025-07-14T05:38:42.672+0000] {processor.py:743} INFO - Processing file /opt/airflow/dags/retail_sales_pipeline.py for tasks to queue
[2025-07-14T05:38:42.677+0000] {logging_mixin.py:137} INFO - [2025-07-14T05:38:42.676+0000] {dagbag.py:538} INFO - Filling up the DagBag from /opt/airflow/dags/retail_sales_pipeline.py
[2025-07-14T05:38:42.923+0000] {processor.py:753} INFO - DAG(s) dict_keys(['retail_sales_pipeline']) retrieved from /opt/airflow/dags/retail_sales_pipeline.py
[2025-07-14T05:38:43.451+0000] {logging_mixin.py:137} INFO - [2025-07-14T05:38:43.450+0000] {dag.py:2676} INFO - Sync 1 DAGs
[2025-07-14T05:38:43.660+0000] {logging_mixin.py:137} INFO - [2025-07-14T05:38:43.660+0000] {dag.py:3427} INFO - Setting next_dagrun for retail_sales_pipeline to None, run_after=None
[2025-07-14T05:38:43.746+0000] {processor.py:175} INFO - Processing /opt/airflow/dags/retail_sales_pipeline.py took 1.096 seconds
[2025-07-14T05:40:01.522+0000] {processor.py:153} INFO - Started process (PID=9980) to work on /opt/airflow/dags/retail_sales_pipeline.py
[2025-07-14T05:40:01.526+0000] {processor.py:743} INFO - Processing file /opt/airflow/dags/retail_sales_pipeline.py for tasks to queue
[2025-07-14T05:40:01.531+0000] {logging_mixin.py:137} INFO - [2025-07-14T05:40:01.530+0000] {dagbag.py:538} INFO - Filling up the DagBag from /opt/airflow/dags/retail_sales_pipeline.py
[2025-07-14T05:40:01.593+0000] {processor.py:753} INFO - DAG(s) dict_keys(['retail_sales_pipeline']) retrieved from /opt/airflow/dags/retail_sales_pipeline.py
[2025-07-14T05:40:01.796+0000] {logging_mixin.py:137} INFO - [2025-07-14T05:40:01.796+0000] {dag.py:2676} INFO - Sync 1 DAGs
[2025-07-14T05:40:01.856+0000] {logging_mixin.py:137} INFO - [2025-07-14T05:40:01.856+0000] {dag.py:3427} INFO - Setting next_dagrun for retail_sales_pipeline to None, run_after=None
[2025-07-14T05:40:01.891+0000] {processor.py:175} INFO - Processing /opt/airflow/dags/retail_sales_pipeline.py took 0.389 seconds
[2025-07-14T05:40:31.986+0000] {processor.py:153} INFO - Started process (PID=9985) to work on /opt/airflow/dags/retail_sales_pipeline.py
[2025-07-14T05:40:31.989+0000] {processor.py:743} INFO - Processing file /opt/airflow/dags/retail_sales_pipeline.py for tasks to queue
[2025-07-14T05:40:31.990+0000] {logging_mixin.py:137} INFO - [2025-07-14T05:40:31.990+0000] {dagbag.py:538} INFO - Filling up the DagBag from /opt/airflow/dags/retail_sales_pipeline.py
[2025-07-14T05:40:32.037+0000] {processor.py:753} INFO - DAG(s) dict_keys(['retail_sales_pipeline']) retrieved from /opt/airflow/dags/retail_sales_pipeline.py
[2025-07-14T05:40:32.191+0000] {logging_mixin.py:137} INFO - [2025-07-14T05:40:32.190+0000] {dag.py:2676} INFO - Sync 1 DAGs
[2025-07-14T05:40:32.258+0000] {logging_mixin.py:137} INFO - [2025-07-14T05:40:32.258+0000] {dag.py:3427} INFO - Setting next_dagrun for retail_sales_pipeline to None, run_after=None
[2025-07-14T05:40:32.284+0000] {processor.py:175} INFO - Processing /opt/airflow/dags/retail_sales_pipeline.py took 0.316 seconds
[2025-07-14T05:41:02.709+0000] {processor.py:153} INFO - Started process (PID=9990) to work on /opt/airflow/dags/retail_sales_pipeline.py
[2025-07-14T05:41:02.711+0000] {processor.py:743} INFO - Processing file /opt/airflow/dags/retail_sales_pipeline.py for tasks to queue
[2025-07-14T05:41:02.713+0000] {logging_mixin.py:137} INFO - [2025-07-14T05:41:02.712+0000] {dagbag.py:538} INFO - Filling up the DagBag from /opt/airflow/dags/retail_sales_pipeline.py
[2025-07-14T05:41:02.765+0000] {processor.py:753} INFO - DAG(s) dict_keys(['retail_sales_pipeline']) retrieved from /opt/airflow/dags/retail_sales_pipeline.py
[2025-07-14T05:41:02.927+0000] {logging_mixin.py:137} INFO - [2025-07-14T05:41:02.927+0000] {dag.py:2676} INFO - Sync 1 DAGs
[2025-07-14T05:41:02.988+0000] {logging_mixin.py:137} INFO - [2025-07-14T05:41:02.988+0000] {dag.py:3427} INFO - Setting next_dagrun for retail_sales_pipeline to None, run_after=None
[2025-07-14T05:41:03.017+0000] {processor.py:175} INFO - Processing /opt/airflow/dags/retail_sales_pipeline.py took 0.314 seconds
[2025-07-14T05:41:33.135+0000] {processor.py:153} INFO - Started process (PID=9995) to work on /opt/airflow/dags/retail_sales_pipeline.py
[2025-07-14T05:41:33.137+0000] {processor.py:743} INFO - Processing file /opt/airflow/dags/retail_sales_pipeline.py for tasks to queue
[2025-07-14T05:41:33.138+0000] {logging_mixin.py:137} INFO - [2025-07-14T05:41:33.138+0000] {dagbag.py:538} INFO - Filling up the DagBag from /opt/airflow/dags/retail_sales_pipeline.py
[2025-07-14T05:41:33.181+0000] {processor.py:753} INFO - DAG(s) dict_keys(['retail_sales_pipeline']) retrieved from /opt/airflow/dags/retail_sales_pipeline.py
[2025-07-14T05:41:33.319+0000] {logging_mixin.py:137} INFO - [2025-07-14T05:41:33.319+0000] {dag.py:2676} INFO - Sync 1 DAGs
[2025-07-14T05:41:33.367+0000] {logging_mixin.py:137} INFO - [2025-07-14T05:41:33.367+0000] {dag.py:3427} INFO - Setting next_dagrun for retail_sales_pipeline to None, run_after=None
[2025-07-14T05:41:33.395+0000] {processor.py:175} INFO - Processing /opt/airflow/dags/retail_sales_pipeline.py took 0.266 seconds
[2025-07-14T05:42:03.773+0000] {processor.py:153} INFO - Started process (PID=10000) to work on /opt/airflow/dags/retail_sales_pipeline.py
[2025-07-14T05:42:03.774+0000] {processor.py:743} INFO - Processing file /opt/airflow/dags/retail_sales_pipeline.py for tasks to queue
[2025-07-14T05:42:03.775+0000] {logging_mixin.py:137} INFO - [2025-07-14T05:42:03.775+0000] {dagbag.py:538} INFO - Filling up the DagBag from /opt/airflow/dags/retail_sales_pipeline.py
[2025-07-14T05:42:03.831+0000] {processor.py:753} INFO - DAG(s) dict_keys(['retail_sales_pipeline']) retrieved from /opt/airflow/dags/retail_sales_pipeline.py
[2025-07-14T05:42:03.980+0000] {logging_mixin.py:137} INFO - [2025-07-14T05:42:03.979+0000] {dag.py:2676} INFO - Sync 1 DAGs
[2025-07-14T05:42:04.029+0000] {logging_mixin.py:137} INFO - [2025-07-14T05:42:04.029+0000] {dag.py:3427} INFO - Setting next_dagrun for retail_sales_pipeline to None, run_after=None
[2025-07-14T05:42:04.058+0000] {processor.py:175} INFO - Processing /opt/airflow/dags/retail_sales_pipeline.py took 0.290 seconds
[2025-07-14T05:42:34.287+0000] {processor.py:153} INFO - Started process (PID=10005) to work on /opt/airflow/dags/retail_sales_pipeline.py
[2025-07-14T05:42:34.289+0000] {processor.py:743} INFO - Processing file /opt/airflow/dags/retail_sales_pipeline.py for tasks to queue
[2025-07-14T05:42:34.291+0000] {logging_mixin.py:137} INFO - [2025-07-14T05:42:34.290+0000] {dagbag.py:538} INFO - Filling up the DagBag from /opt/airflow/dags/retail_sales_pipeline.py
[2025-07-14T05:42:34.346+0000] {processor.py:753} INFO - DAG(s) dict_keys(['retail_sales_pipeline']) retrieved from /opt/airflow/dags/retail_sales_pipeline.py
[2025-07-14T05:42:34.512+0000] {logging_mixin.py:137} INFO - [2025-07-14T05:42:34.512+0000] {dag.py:2676} INFO - Sync 1 DAGs
[2025-07-14T05:42:34.564+0000] {logging_mixin.py:137} INFO - [2025-07-14T05:42:34.564+0000] {dag.py:3427} INFO - Setting next_dagrun for retail_sales_pipeline to None, run_after=None
[2025-07-14T05:42:34.594+0000] {processor.py:175} INFO - Processing /opt/airflow/dags/retail_sales_pipeline.py took 0.321 seconds
[2025-07-14T05:43:04.889+0000] {processor.py:153} INFO - Started process (PID=10010) to work on /opt/airflow/dags/retail_sales_pipeline.py
[2025-07-14T05:43:04.892+0000] {processor.py:743} INFO - Processing file /opt/airflow/dags/retail_sales_pipeline.py for tasks to queue
[2025-07-14T05:43:04.900+0000] {logging_mixin.py:137} INFO - [2025-07-14T05:43:04.900+0000] {dagbag.py:538} INFO - Filling up the DagBag from /opt/airflow/dags/retail_sales_pipeline.py
[2025-07-14T05:43:04.972+0000] {processor.py:753} INFO - DAG(s) dict_keys(['retail_sales_pipeline']) retrieved from /opt/airflow/dags/retail_sales_pipeline.py
[2025-07-14T05:43:05.125+0000] {logging_mixin.py:137} INFO - [2025-07-14T05:43:05.125+0000] {dag.py:2676} INFO - Sync 1 DAGs
[2025-07-14T05:43:05.171+0000] {logging_mixin.py:137} INFO - [2025-07-14T05:43:05.171+0000] {dag.py:3427} INFO - Setting next_dagrun for retail_sales_pipeline to None, run_after=None
[2025-07-14T05:43:05.199+0000] {processor.py:175} INFO - Processing /opt/airflow/dags/retail_sales_pipeline.py took 0.322 seconds
[2025-07-14T06:02:21.042+0000] {processor.py:153} INFO - Started process (PID=10017) to work on /opt/airflow/dags/retail_sales_pipeline.py
[2025-07-14T06:02:21.045+0000] {processor.py:743} INFO - Processing file /opt/airflow/dags/retail_sales_pipeline.py for tasks to queue
[2025-07-14T06:02:21.049+0000] {logging_mixin.py:137} INFO - [2025-07-14T06:02:21.048+0000] {dagbag.py:538} INFO - Filling up the DagBag from /opt/airflow/dags/retail_sales_pipeline.py
[2025-07-14T06:02:21.159+0000] {processor.py:753} INFO - DAG(s) dict_keys(['retail_sales_pipeline']) retrieved from /opt/airflow/dags/retail_sales_pipeline.py
[2025-07-14T06:02:21.429+0000] {logging_mixin.py:137} INFO - [2025-07-14T06:02:21.428+0000] {dag.py:2676} INFO - Sync 1 DAGs
[2025-07-14T06:02:21.595+0000] {logging_mixin.py:137} INFO - [2025-07-14T06:02:21.594+0000] {dag.py:3427} INFO - Setting next_dagrun for retail_sales_pipeline to None, run_after=None
[2025-07-14T06:02:21.662+0000] {processor.py:175} INFO - Processing /opt/airflow/dags/retail_sales_pipeline.py took 0.643 seconds
[2025-07-14T06:02:52.156+0000] {processor.py:153} INFO - Started process (PID=10022) to work on /opt/airflow/dags/retail_sales_pipeline.py
[2025-07-14T06:02:52.161+0000] {processor.py:743} INFO - Processing file /opt/airflow/dags/retail_sales_pipeline.py for tasks to queue
[2025-07-14T06:02:52.162+0000] {logging_mixin.py:137} INFO - [2025-07-14T06:02:52.162+0000] {dagbag.py:538} INFO - Filling up the DagBag from /opt/airflow/dags/retail_sales_pipeline.py
[2025-07-14T06:02:52.205+0000] {processor.py:753} INFO - DAG(s) dict_keys(['retail_sales_pipeline']) retrieved from /opt/airflow/dags/retail_sales_pipeline.py
[2025-07-14T06:02:52.368+0000] {logging_mixin.py:137} INFO - [2025-07-14T06:02:52.368+0000] {dag.py:2676} INFO - Sync 1 DAGs
[2025-07-14T06:02:52.417+0000] {logging_mixin.py:137} INFO - [2025-07-14T06:02:52.417+0000] {dag.py:3427} INFO - Setting next_dagrun for retail_sales_pipeline to None, run_after=None
[2025-07-14T06:02:52.447+0000] {processor.py:175} INFO - Processing /opt/airflow/dags/retail_sales_pipeline.py took 0.302 seconds
[2025-07-14T06:36:11.564+0000] {processor.py:153} INFO - Started process (PID=10027) to work on /opt/airflow/dags/retail_sales_pipeline.py
[2025-07-14T06:36:11.567+0000] {processor.py:743} INFO - Processing file /opt/airflow/dags/retail_sales_pipeline.py for tasks to queue
[2025-07-14T06:36:11.570+0000] {logging_mixin.py:137} INFO - [2025-07-14T06:36:11.569+0000] {dagbag.py:538} INFO - Filling up the DagBag from /opt/airflow/dags/retail_sales_pipeline.py
[2025-07-14T06:36:11.668+0000] {processor.py:753} INFO - DAG(s) dict_keys(['retail_sales_pipeline']) retrieved from /opt/airflow/dags/retail_sales_pipeline.py
[2025-07-14T06:36:11.939+0000] {logging_mixin.py:137} INFO - [2025-07-14T06:36:11.938+0000] {dag.py:2676} INFO - Sync 1 DAGs
[2025-07-14T06:36:12.064+0000] {logging_mixin.py:137} INFO - [2025-07-14T06:36:12.064+0000] {dag.py:3427} INFO - Setting next_dagrun for retail_sales_pipeline to None, run_after=None
[2025-07-14T06:36:12.128+0000] {processor.py:175} INFO - Processing /opt/airflow/dags/retail_sales_pipeline.py took 0.577 seconds
[2025-07-14T06:52:06.241+0000] {processor.py:153} INFO - Started process (PID=10032) to work on /opt/airflow/dags/retail_sales_pipeline.py
[2025-07-14T06:52:06.245+0000] {processor.py:743} INFO - Processing file /opt/airflow/dags/retail_sales_pipeline.py for tasks to queue
[2025-07-14T06:52:06.247+0000] {logging_mixin.py:137} INFO - [2025-07-14T06:52:06.247+0000] {dagbag.py:538} INFO - Filling up the DagBag from /opt/airflow/dags/retail_sales_pipeline.py
[2025-07-14T06:52:06.304+0000] {processor.py:753} INFO - DAG(s) dict_keys(['retail_sales_pipeline']) retrieved from /opt/airflow/dags/retail_sales_pipeline.py
[2025-07-14T06:52:06.476+0000] {logging_mixin.py:137} INFO - [2025-07-14T06:52:06.476+0000] {dag.py:2676} INFO - Sync 1 DAGs
[2025-07-14T06:52:06.533+0000] {logging_mixin.py:137} INFO - [2025-07-14T06:52:06.532+0000] {dag.py:3427} INFO - Setting next_dagrun for retail_sales_pipeline to None, run_after=None
[2025-07-14T06:52:06.562+0000] {processor.py:175} INFO - Processing /opt/airflow/dags/retail_sales_pipeline.py took 0.335 seconds
[2025-07-14T06:52:37.096+0000] {processor.py:153} INFO - Started process (PID=10037) to work on /opt/airflow/dags/retail_sales_pipeline.py
[2025-07-14T06:52:37.098+0000] {processor.py:743} INFO - Processing file /opt/airflow/dags/retail_sales_pipeline.py for tasks to queue
[2025-07-14T06:52:37.099+0000] {logging_mixin.py:137} INFO - [2025-07-14T06:52:37.099+0000] {dagbag.py:538} INFO - Filling up the DagBag from /opt/airflow/dags/retail_sales_pipeline.py
[2025-07-14T06:52:37.182+0000] {processor.py:753} INFO - DAG(s) dict_keys(['retail_sales_pipeline']) retrieved from /opt/airflow/dags/retail_sales_pipeline.py
[2025-07-14T06:52:37.366+0000] {logging_mixin.py:137} INFO - [2025-07-14T06:52:37.366+0000] {dag.py:2676} INFO - Sync 1 DAGs
[2025-07-14T06:52:37.421+0000] {logging_mixin.py:137} INFO - [2025-07-14T06:52:37.420+0000] {dag.py:3427} INFO - Setting next_dagrun for retail_sales_pipeline to None, run_after=None
[2025-07-14T06:52:37.449+0000] {processor.py:175} INFO - Processing /opt/airflow/dags/retail_sales_pipeline.py took 0.369 seconds
[2025-07-14T07:08:21.148+0000] {processor.py:153} INFO - Started process (PID=10044) to work on /opt/airflow/dags/retail_sales_pipeline.py
[2025-07-14T07:08:21.150+0000] {processor.py:743} INFO - Processing file /opt/airflow/dags/retail_sales_pipeline.py for tasks to queue
[2025-07-14T07:08:21.151+0000] {logging_mixin.py:137} INFO - [2025-07-14T07:08:21.151+0000] {dagbag.py:538} INFO - Filling up the DagBag from /opt/airflow/dags/retail_sales_pipeline.py
[2025-07-14T07:08:21.275+0000] {processor.py:753} INFO - DAG(s) dict_keys(['retail_sales_pipeline']) retrieved from /opt/airflow/dags/retail_sales_pipeline.py
[2025-07-14T07:08:21.793+0000] {logging_mixin.py:137} INFO - [2025-07-14T07:08:21.792+0000] {dag.py:2676} INFO - Sync 1 DAGs
[2025-07-14T07:08:21.995+0000] {logging_mixin.py:137} INFO - [2025-07-14T07:08:21.994+0000] {dag.py:3427} INFO - Setting next_dagrun for retail_sales_pipeline to None, run_after=None
[2025-07-14T07:08:22.095+0000] {processor.py:175} INFO - Processing /opt/airflow/dags/retail_sales_pipeline.py took 0.957 seconds
[2025-07-14T07:08:52.645+0000] {processor.py:153} INFO - Started process (PID=10049) to work on /opt/airflow/dags/retail_sales_pipeline.py
[2025-07-14T07:08:52.647+0000] {processor.py:743} INFO - Processing file /opt/airflow/dags/retail_sales_pipeline.py for tasks to queue
[2025-07-14T07:08:52.649+0000] {logging_mixin.py:137} INFO - [2025-07-14T07:08:52.648+0000] {dagbag.py:538} INFO - Filling up the DagBag from /opt/airflow/dags/retail_sales_pipeline.py
[2025-07-14T07:08:52.711+0000] {processor.py:753} INFO - DAG(s) dict_keys(['retail_sales_pipeline']) retrieved from /opt/airflow/dags/retail_sales_pipeline.py
[2025-07-14T07:08:52.862+0000] {logging_mixin.py:137} INFO - [2025-07-14T07:08:52.862+0000] {dag.py:2676} INFO - Sync 1 DAGs
[2025-07-14T07:08:52.907+0000] {logging_mixin.py:137} INFO - [2025-07-14T07:08:52.907+0000] {dag.py:3427} INFO - Setting next_dagrun for retail_sales_pipeline to None, run_after=None
[2025-07-14T07:08:52.932+0000] {processor.py:175} INFO - Processing /opt/airflow/dags/retail_sales_pipeline.py took 0.297 seconds
[2025-07-14T08:05:34.919+0000] {processor.py:153} INFO - Started process (PID=10054) to work on /opt/airflow/dags/retail_sales_pipeline.py
[2025-07-14T08:05:34.920+0000] {processor.py:743} INFO - Processing file /opt/airflow/dags/retail_sales_pipeline.py for tasks to queue
[2025-07-14T08:05:34.921+0000] {logging_mixin.py:137} INFO - [2025-07-14T08:05:34.921+0000] {dagbag.py:538} INFO - Filling up the DagBag from /opt/airflow/dags/retail_sales_pipeline.py
[2025-07-14T08:05:35.093+0000] {processor.py:753} INFO - DAG(s) dict_keys(['retail_sales_pipeline']) retrieved from /opt/airflow/dags/retail_sales_pipeline.py
[2025-07-14T08:05:36.184+0000] {logging_mixin.py:137} INFO - [2025-07-14T08:05:36.181+0000] {dag.py:2676} INFO - Sync 1 DAGs
[2025-07-14T08:05:36.292+0000] {logging_mixin.py:137} INFO - [2025-07-14T08:05:36.292+0000] {dag.py:3427} INFO - Setting next_dagrun for retail_sales_pipeline to None, run_after=None
[2025-07-14T08:05:36.376+0000] {processor.py:175} INFO - Processing /opt/airflow/dags/retail_sales_pipeline.py took 1.471 seconds
[2025-07-14T08:48:49.771+0000] {processor.py:153} INFO - Started process (PID=10059) to work on /opt/airflow/dags/retail_sales_pipeline.py
[2025-07-14T08:48:49.772+0000] {processor.py:743} INFO - Processing file /opt/airflow/dags/retail_sales_pipeline.py for tasks to queue
[2025-07-14T08:48:49.773+0000] {logging_mixin.py:137} INFO - [2025-07-14T08:48:49.773+0000] {dagbag.py:538} INFO - Filling up the DagBag from /opt/airflow/dags/retail_sales_pipeline.py
[2025-07-14T08:48:49.815+0000] {processor.py:753} INFO - DAG(s) dict_keys(['retail_sales_pipeline']) retrieved from /opt/airflow/dags/retail_sales_pipeline.py
[2025-07-14T08:48:50.120+0000] {logging_mixin.py:137} INFO - [2025-07-14T08:48:50.119+0000] {dag.py:2676} INFO - Sync 1 DAGs
[2025-07-14T08:48:50.282+0000] {logging_mixin.py:137} INFO - [2025-07-14T08:48:50.281+0000] {dag.py:3427} INFO - Setting next_dagrun for retail_sales_pipeline to None, run_after=None
[2025-07-14T08:48:50.415+0000] {processor.py:175} INFO - Processing /opt/airflow/dags/retail_sales_pipeline.py took 0.650 seconds
[2025-07-14T09:16:37.255+0000] {processor.py:153} INFO - Started process (PID=10064) to work on /opt/airflow/dags/retail_sales_pipeline.py
[2025-07-14T09:16:37.260+0000] {processor.py:743} INFO - Processing file /opt/airflow/dags/retail_sales_pipeline.py for tasks to queue
[2025-07-14T09:16:37.262+0000] {logging_mixin.py:137} INFO - [2025-07-14T09:16:37.262+0000] {dagbag.py:538} INFO - Filling up the DagBag from /opt/airflow/dags/retail_sales_pipeline.py
[2025-07-14T09:16:37.359+0000] {processor.py:753} INFO - DAG(s) dict_keys(['retail_sales_pipeline']) retrieved from /opt/airflow/dags/retail_sales_pipeline.py
[2025-07-14T09:16:37.944+0000] {logging_mixin.py:137} INFO - [2025-07-14T09:16:37.939+0000] {dag.py:2676} INFO - Sync 1 DAGs
[2025-07-14T09:16:38.116+0000] {logging_mixin.py:137} INFO - [2025-07-14T09:16:38.115+0000] {dag.py:3427} INFO - Setting next_dagrun for retail_sales_pipeline to None, run_after=None
[2025-07-14T09:16:38.163+0000] {processor.py:175} INFO - Processing /opt/airflow/dags/retail_sales_pipeline.py took 0.927 seconds
[2025-07-14T09:19:14.419+0000] {processor.py:153} INFO - Started process (PID=10071) to work on /opt/airflow/dags/retail_sales_pipeline.py
[2025-07-14T09:19:14.420+0000] {processor.py:743} INFO - Processing file /opt/airflow/dags/retail_sales_pipeline.py for tasks to queue
[2025-07-14T09:19:14.422+0000] {logging_mixin.py:137} INFO - [2025-07-14T09:19:14.421+0000] {dagbag.py:538} INFO - Filling up the DagBag from /opt/airflow/dags/retail_sales_pipeline.py
[2025-07-14T09:19:14.467+0000] {processor.py:753} INFO - DAG(s) dict_keys(['retail_sales_pipeline']) retrieved from /opt/airflow/dags/retail_sales_pipeline.py
[2025-07-14T09:19:14.594+0000] {logging_mixin.py:137} INFO - [2025-07-14T09:19:14.594+0000] {dag.py:2676} INFO - Sync 1 DAGs
[2025-07-14T09:19:14.668+0000] {logging_mixin.py:137} INFO - [2025-07-14T09:19:14.668+0000] {dag.py:3427} INFO - Setting next_dagrun for retail_sales_pipeline to None, run_after=None
[2025-07-14T09:19:14.698+0000] {processor.py:175} INFO - Processing /opt/airflow/dags/retail_sales_pipeline.py took 0.284 seconds
[2025-07-14T09:44:00.929+0000] {processor.py:153} INFO - Started process (PID=10076) to work on /opt/airflow/dags/retail_sales_pipeline.py
[2025-07-14T09:44:00.931+0000] {processor.py:743} INFO - Processing file /opt/airflow/dags/retail_sales_pipeline.py for tasks to queue
[2025-07-14T09:44:00.937+0000] {logging_mixin.py:137} INFO - [2025-07-14T09:44:00.936+0000] {dagbag.py:538} INFO - Filling up the DagBag from /opt/airflow/dags/retail_sales_pipeline.py
[2025-07-14T09:44:01.011+0000] {processor.py:753} INFO - DAG(s) dict_keys(['retail_sales_pipeline']) retrieved from /opt/airflow/dags/retail_sales_pipeline.py
[2025-07-14T09:44:01.411+0000] {logging_mixin.py:137} INFO - [2025-07-14T09:44:01.410+0000] {dag.py:2676} INFO - Sync 1 DAGs
[2025-07-14T09:44:01.493+0000] {logging_mixin.py:137} INFO - [2025-07-14T09:44:01.493+0000] {dag.py:3427} INFO - Setting next_dagrun for retail_sales_pipeline to None, run_after=None
[2025-07-14T09:44:01.545+0000] {processor.py:175} INFO - Processing /opt/airflow/dags/retail_sales_pipeline.py took 0.634 seconds
[2025-07-14T09:44:32.006+0000] {processor.py:153} INFO - Started process (PID=10081) to work on /opt/airflow/dags/retail_sales_pipeline.py
[2025-07-14T09:44:32.010+0000] {processor.py:743} INFO - Processing file /opt/airflow/dags/retail_sales_pipeline.py for tasks to queue
[2025-07-14T09:44:32.011+0000] {logging_mixin.py:137} INFO - [2025-07-14T09:44:32.010+0000] {dagbag.py:538} INFO - Filling up the DagBag from /opt/airflow/dags/retail_sales_pipeline.py
[2025-07-14T09:44:32.053+0000] {processor.py:753} INFO - DAG(s) dict_keys(['retail_sales_pipeline']) retrieved from /opt/airflow/dags/retail_sales_pipeline.py
[2025-07-14T09:44:32.198+0000] {logging_mixin.py:137} INFO - [2025-07-14T09:44:32.198+0000] {dag.py:2676} INFO - Sync 1 DAGs
[2025-07-14T09:44:32.248+0000] {logging_mixin.py:137} INFO - [2025-07-14T09:44:32.248+0000] {dag.py:3427} INFO - Setting next_dagrun for retail_sales_pipeline to None, run_after=None
[2025-07-14T09:44:32.277+0000] {processor.py:175} INFO - Processing /opt/airflow/dags/retail_sales_pipeline.py took 0.288 seconds
[2025-07-14T10:37:59.982+0000] {processor.py:153} INFO - Started process (PID=10088) to work on /opt/airflow/dags/retail_sales_pipeline.py
[2025-07-14T10:37:59.987+0000] {processor.py:743} INFO - Processing file /opt/airflow/dags/retail_sales_pipeline.py for tasks to queue
[2025-07-14T10:37:59.998+0000] {logging_mixin.py:137} INFO - [2025-07-14T10:37:59.998+0000] {dagbag.py:538} INFO - Filling up the DagBag from /opt/airflow/dags/retail_sales_pipeline.py
[2025-07-14T10:38:00.144+0000] {processor.py:753} INFO - DAG(s) dict_keys(['retail_sales_pipeline']) retrieved from /opt/airflow/dags/retail_sales_pipeline.py
[2025-07-14T10:38:00.392+0000] {logging_mixin.py:137} INFO - [2025-07-14T10:38:00.392+0000] {dag.py:2676} INFO - Sync 1 DAGs
[2025-07-14T10:38:00.441+0000] {logging_mixin.py:137} INFO - [2025-07-14T10:38:00.441+0000] {dag.py:3427} INFO - Setting next_dagrun for retail_sales_pipeline to None, run_after=None
[2025-07-14T10:38:00.471+0000] {processor.py:175} INFO - Processing /opt/airflow/dags/retail_sales_pipeline.py took 0.521 seconds
[2025-07-14T11:07:08.480+0000] {processor.py:153} INFO - Started process (PID=10093) to work on /opt/airflow/dags/retail_sales_pipeline.py
[2025-07-14T11:07:08.482+0000] {processor.py:743} INFO - Processing file /opt/airflow/dags/retail_sales_pipeline.py for tasks to queue
[2025-07-14T11:07:08.483+0000] {logging_mixin.py:137} INFO - [2025-07-14T11:07:08.482+0000] {dagbag.py:538} INFO - Filling up the DagBag from /opt/airflow/dags/retail_sales_pipeline.py
[2025-07-14T11:07:08.541+0000] {processor.py:753} INFO - DAG(s) dict_keys(['retail_sales_pipeline']) retrieved from /opt/airflow/dags/retail_sales_pipeline.py
[2025-07-14T11:07:08.700+0000] {logging_mixin.py:137} INFO - [2025-07-14T11:07:08.700+0000] {dag.py:2676} INFO - Sync 1 DAGs
[2025-07-14T11:07:08.752+0000] {logging_mixin.py:137} INFO - [2025-07-14T11:07:08.752+0000] {dag.py:3427} INFO - Setting next_dagrun for retail_sales_pipeline to None, run_after=None
[2025-07-14T11:07:08.777+0000] {processor.py:175} INFO - Processing /opt/airflow/dags/retail_sales_pipeline.py took 0.305 seconds
[2025-07-14T11:26:47.850+0000] {processor.py:153} INFO - Started process (PID=10098) to work on /opt/airflow/dags/retail_sales_pipeline.py
[2025-07-14T11:26:47.854+0000] {processor.py:743} INFO - Processing file /opt/airflow/dags/retail_sales_pipeline.py for tasks to queue
[2025-07-14T11:26:47.856+0000] {logging_mixin.py:137} INFO - [2025-07-14T11:26:47.856+0000] {dagbag.py:538} INFO - Filling up the DagBag from /opt/airflow/dags/retail_sales_pipeline.py
[2025-07-14T11:26:47.917+0000] {processor.py:753} INFO - DAG(s) dict_keys(['retail_sales_pipeline']) retrieved from /opt/airflow/dags/retail_sales_pipeline.py
[2025-07-14T11:26:48.067+0000] {logging_mixin.py:137} INFO - [2025-07-14T11:26:48.067+0000] {dag.py:2676} INFO - Sync 1 DAGs
[2025-07-14T11:26:48.115+0000] {logging_mixin.py:137} INFO - [2025-07-14T11:26:48.115+0000] {dag.py:3427} INFO - Setting next_dagrun for retail_sales_pipeline to None, run_after=None
[2025-07-14T11:26:48.143+0000] {processor.py:175} INFO - Processing /opt/airflow/dags/retail_sales_pipeline.py took 0.306 seconds
[2025-07-14T11:27:47.786+0000] {processor.py:153} INFO - Started process (PID=10104) to work on /opt/airflow/dags/retail_sales_pipeline.py
[2025-07-14T11:27:47.790+0000] {processor.py:743} INFO - Processing file /opt/airflow/dags/retail_sales_pipeline.py for tasks to queue
[2025-07-14T11:27:47.792+0000] {logging_mixin.py:137} INFO - [2025-07-14T11:27:47.792+0000] {dagbag.py:538} INFO - Filling up the DagBag from /opt/airflow/dags/retail_sales_pipeline.py
[2025-07-14T11:27:47.836+0000] {processor.py:753} INFO - DAG(s) dict_keys(['retail_sales_pipeline']) retrieved from /opt/airflow/dags/retail_sales_pipeline.py
[2025-07-14T11:27:47.996+0000] {logging_mixin.py:137} INFO - [2025-07-14T11:27:47.996+0000] {dag.py:2676} INFO - Sync 1 DAGs
[2025-07-14T11:27:48.041+0000] {logging_mixin.py:137} INFO - [2025-07-14T11:27:48.041+0000] {dag.py:3427} INFO - Setting next_dagrun for retail_sales_pipeline to None, run_after=None
[2025-07-14T11:27:48.072+0000] {processor.py:175} INFO - Processing /opt/airflow/dags/retail_sales_pipeline.py took 0.297 seconds
[2025-07-14T11:51:31.456+0000] {processor.py:153} INFO - Started process (PID=10110) to work on /opt/airflow/dags/retail_sales_pipeline.py
[2025-07-14T11:51:31.461+0000] {processor.py:743} INFO - Processing file /opt/airflow/dags/retail_sales_pipeline.py for tasks to queue
[2025-07-14T11:51:31.465+0000] {logging_mixin.py:137} INFO - [2025-07-14T11:51:31.464+0000] {dagbag.py:538} INFO - Filling up the DagBag from /opt/airflow/dags/retail_sales_pipeline.py
[2025-07-14T11:51:31.631+0000] {processor.py:753} INFO - DAG(s) dict_keys(['retail_sales_pipeline']) retrieved from /opt/airflow/dags/retail_sales_pipeline.py
[2025-07-14T11:51:31.823+0000] {logging_mixin.py:137} INFO - [2025-07-14T11:51:31.823+0000] {dag.py:2676} INFO - Sync 1 DAGs
[2025-07-14T11:51:31.877+0000] {logging_mixin.py:137} INFO - [2025-07-14T11:51:31.877+0000] {dag.py:3427} INFO - Setting next_dagrun for retail_sales_pipeline to None, run_after=None
[2025-07-14T11:51:31.906+0000] {processor.py:175} INFO - Processing /opt/airflow/dags/retail_sales_pipeline.py took 0.466 seconds
[2025-07-14T11:52:02.289+0000] {processor.py:153} INFO - Started process (PID=10115) to work on /opt/airflow/dags/retail_sales_pipeline.py
[2025-07-14T11:52:02.292+0000] {processor.py:743} INFO - Processing file /opt/airflow/dags/retail_sales_pipeline.py for tasks to queue
[2025-07-14T11:52:02.293+0000] {logging_mixin.py:137} INFO - [2025-07-14T11:52:02.293+0000] {dagbag.py:538} INFO - Filling up the DagBag from /opt/airflow/dags/retail_sales_pipeline.py
[2025-07-14T11:52:02.348+0000] {processor.py:753} INFO - DAG(s) dict_keys(['retail_sales_pipeline']) retrieved from /opt/airflow/dags/retail_sales_pipeline.py
[2025-07-14T11:52:02.510+0000] {logging_mixin.py:137} INFO - [2025-07-14T11:52:02.510+0000] {dag.py:2676} INFO - Sync 1 DAGs
[2025-07-14T11:52:02.561+0000] {logging_mixin.py:137} INFO - [2025-07-14T11:52:02.561+0000] {dag.py:3427} INFO - Setting next_dagrun for retail_sales_pipeline to None, run_after=None
[2025-07-14T11:52:02.586+0000] {processor.py:175} INFO - Processing /opt/airflow/dags/retail_sales_pipeline.py took 0.307 seconds
[2025-07-14T12:10:04.406+0000] {processor.py:153} INFO - Started process (PID=10120) to work on /opt/airflow/dags/retail_sales_pipeline.py
[2025-07-14T12:10:04.407+0000] {processor.py:743} INFO - Processing file /opt/airflow/dags/retail_sales_pipeline.py for tasks to queue
[2025-07-14T12:10:04.409+0000] {logging_mixin.py:137} INFO - [2025-07-14T12:10:04.408+0000] {dagbag.py:538} INFO - Filling up the DagBag from /opt/airflow/dags/retail_sales_pipeline.py
[2025-07-14T12:10:04.461+0000] {processor.py:753} INFO - DAG(s) dict_keys(['retail_sales_pipeline']) retrieved from /opt/airflow/dags/retail_sales_pipeline.py
[2025-07-14T12:10:04.612+0000] {logging_mixin.py:137} INFO - [2025-07-14T12:10:04.612+0000] {dag.py:2676} INFO - Sync 1 DAGs
[2025-07-14T12:10:04.684+0000] {logging_mixin.py:137} INFO - [2025-07-14T12:10:04.684+0000] {dag.py:3427} INFO - Setting next_dagrun for retail_sales_pipeline to None, run_after=None
[2025-07-14T12:10:04.718+0000] {processor.py:175} INFO - Processing /opt/airflow/dags/retail_sales_pipeline.py took 0.324 seconds
[2025-07-14T12:17:13.931+0000] {processor.py:153} INFO - Started process (PID=10125) to work on /opt/airflow/dags/retail_sales_pipeline.py
[2025-07-14T12:17:13.933+0000] {processor.py:743} INFO - Processing file /opt/airflow/dags/retail_sales_pipeline.py for tasks to queue
[2025-07-14T12:17:13.934+0000] {logging_mixin.py:137} INFO - [2025-07-14T12:17:13.933+0000] {dagbag.py:538} INFO - Filling up the DagBag from /opt/airflow/dags/retail_sales_pipeline.py
[2025-07-14T12:17:14.018+0000] {processor.py:753} INFO - DAG(s) dict_keys(['retail_sales_pipeline']) retrieved from /opt/airflow/dags/retail_sales_pipeline.py
[2025-07-14T12:17:14.463+0000] {logging_mixin.py:137} INFO - [2025-07-14T12:17:14.462+0000] {dag.py:2676} INFO - Sync 1 DAGs
[2025-07-14T12:17:14.514+0000] {logging_mixin.py:137} INFO - [2025-07-14T12:17:14.514+0000] {dag.py:3427} INFO - Setting next_dagrun for retail_sales_pipeline to None, run_after=None
[2025-07-14T12:17:14.548+0000] {processor.py:175} INFO - Processing /opt/airflow/dags/retail_sales_pipeline.py took 0.630 seconds
[2025-07-14T12:52:32.010+0000] {processor.py:153} INFO - Started process (PID=10132) to work on /opt/airflow/dags/retail_sales_pipeline.py
[2025-07-14T12:52:32.012+0000] {processor.py:743} INFO - Processing file /opt/airflow/dags/retail_sales_pipeline.py for tasks to queue
[2025-07-14T12:52:32.013+0000] {logging_mixin.py:137} INFO - [2025-07-14T12:52:32.013+0000] {dagbag.py:538} INFO - Filling up the DagBag from /opt/airflow/dags/retail_sales_pipeline.py
[2025-07-14T12:52:32.064+0000] {processor.py:753} INFO - DAG(s) dict_keys(['retail_sales_pipeline']) retrieved from /opt/airflow/dags/retail_sales_pipeline.py
[2025-07-14T12:52:32.205+0000] {logging_mixin.py:137} INFO - [2025-07-14T12:52:32.204+0000] {dag.py:2676} INFO - Sync 1 DAGs
[2025-07-14T12:52:32.282+0000] {logging_mixin.py:137} INFO - [2025-07-14T12:52:32.282+0000] {dag.py:3427} INFO - Setting next_dagrun for retail_sales_pipeline to None, run_after=None
[2025-07-14T12:52:32.314+0000] {processor.py:175} INFO - Processing /opt/airflow/dags/retail_sales_pipeline.py took 0.311 seconds
[2025-07-14T13:12:56.792+0000] {processor.py:153} INFO - Started process (PID=10137) to work on /opt/airflow/dags/retail_sales_pipeline.py
[2025-07-14T13:12:56.794+0000] {processor.py:743} INFO - Processing file /opt/airflow/dags/retail_sales_pipeline.py for tasks to queue
[2025-07-14T13:12:56.796+0000] {logging_mixin.py:137} INFO - [2025-07-14T13:12:56.795+0000] {dagbag.py:538} INFO - Filling up the DagBag from /opt/airflow/dags/retail_sales_pipeline.py
[2025-07-14T13:12:56.855+0000] {processor.py:753} INFO - DAG(s) dict_keys(['retail_sales_pipeline']) retrieved from /opt/airflow/dags/retail_sales_pipeline.py
[2025-07-14T13:12:57.127+0000] {logging_mixin.py:137} INFO - [2025-07-14T13:12:57.126+0000] {dag.py:2676} INFO - Sync 1 DAGs
[2025-07-14T13:12:57.257+0000] {logging_mixin.py:137} INFO - [2025-07-14T13:12:57.256+0000] {dag.py:3427} INFO - Setting next_dagrun for retail_sales_pipeline to None, run_after=None
[2025-07-14T13:12:57.346+0000] {processor.py:175} INFO - Processing /opt/airflow/dags/retail_sales_pipeline.py took 0.564 seconds
[2025-07-14T13:27:28.551+0000] {processor.py:153} INFO - Started process (PID=10142) to work on /opt/airflow/dags/retail_sales_pipeline.py
[2025-07-14T13:27:28.553+0000] {processor.py:743} INFO - Processing file /opt/airflow/dags/retail_sales_pipeline.py for tasks to queue
[2025-07-14T13:27:28.555+0000] {logging_mixin.py:137} INFO - [2025-07-14T13:27:28.554+0000] {dagbag.py:538} INFO - Filling up the DagBag from /opt/airflow/dags/retail_sales_pipeline.py
[2025-07-14T13:27:28.624+0000] {processor.py:753} INFO - DAG(s) dict_keys(['retail_sales_pipeline']) retrieved from /opt/airflow/dags/retail_sales_pipeline.py
[2025-07-14T13:27:28.785+0000] {logging_mixin.py:137} INFO - [2025-07-14T13:27:28.785+0000] {dag.py:2676} INFO - Sync 1 DAGs
[2025-07-14T13:27:28.849+0000] {logging_mixin.py:137} INFO - [2025-07-14T13:27:28.849+0000] {dag.py:3427} INFO - Setting next_dagrun for retail_sales_pipeline to None, run_after=None
[2025-07-14T13:27:28.885+0000] {processor.py:175} INFO - Processing /opt/airflow/dags/retail_sales_pipeline.py took 0.345 seconds
[2025-07-14T13:48:56.807+0000] {processor.py:153} INFO - Started process (PID=10147) to work on /opt/airflow/dags/retail_sales_pipeline.py
[2025-07-14T13:48:56.809+0000] {processor.py:743} INFO - Processing file /opt/airflow/dags/retail_sales_pipeline.py for tasks to queue
[2025-07-14T13:48:56.810+0000] {logging_mixin.py:137} INFO - [2025-07-14T13:48:56.809+0000] {dagbag.py:538} INFO - Filling up the DagBag from /opt/airflow/dags/retail_sales_pipeline.py
[2025-07-14T13:48:56.859+0000] {processor.py:753} INFO - DAG(s) dict_keys(['retail_sales_pipeline']) retrieved from /opt/airflow/dags/retail_sales_pipeline.py
[2025-07-14T13:48:57.012+0000] {logging_mixin.py:137} INFO - [2025-07-14T13:48:57.012+0000] {dag.py:2676} INFO - Sync 1 DAGs
[2025-07-14T13:48:57.060+0000] {logging_mixin.py:137} INFO - [2025-07-14T13:48:57.060+0000] {dag.py:3427} INFO - Setting next_dagrun for retail_sales_pipeline to None, run_after=None
[2025-07-14T13:48:57.126+0000] {processor.py:175} INFO - Processing /opt/airflow/dags/retail_sales_pipeline.py took 0.325 seconds
[2025-07-14T13:49:27.260+0000] {processor.py:153} INFO - Started process (PID=10152) to work on /opt/airflow/dags/retail_sales_pipeline.py
[2025-07-14T13:49:27.262+0000] {processor.py:743} INFO - Processing file /opt/airflow/dags/retail_sales_pipeline.py for tasks to queue
[2025-07-14T13:49:27.264+0000] {logging_mixin.py:137} INFO - [2025-07-14T13:49:27.263+0000] {dagbag.py:538} INFO - Filling up the DagBag from /opt/airflow/dags/retail_sales_pipeline.py
[2025-07-14T13:49:27.318+0000] {processor.py:753} INFO - DAG(s) dict_keys(['retail_sales_pipeline']) retrieved from /opt/airflow/dags/retail_sales_pipeline.py
[2025-07-14T13:49:27.480+0000] {logging_mixin.py:137} INFO - [2025-07-14T13:49:27.479+0000] {dag.py:2676} INFO - Sync 1 DAGs
[2025-07-14T13:49:27.529+0000] {logging_mixin.py:137} INFO - [2025-07-14T13:49:27.529+0000] {dag.py:3427} INFO - Setting next_dagrun for retail_sales_pipeline to None, run_after=None
[2025-07-14T13:49:27.556+0000] {processor.py:175} INFO - Processing /opt/airflow/dags/retail_sales_pipeline.py took 0.308 seconds
[2025-07-14T14:07:52.828+0000] {processor.py:153} INFO - Started process (PID=10159) to work on /opt/airflow/dags/retail_sales_pipeline.py
[2025-07-14T14:07:52.835+0000] {processor.py:743} INFO - Processing file /opt/airflow/dags/retail_sales_pipeline.py for tasks to queue
[2025-07-14T14:07:52.837+0000] {logging_mixin.py:137} INFO - [2025-07-14T14:07:52.837+0000] {dagbag.py:538} INFO - Filling up the DagBag from /opt/airflow/dags/retail_sales_pipeline.py
[2025-07-14T14:07:52.957+0000] {processor.py:753} INFO - DAG(s) dict_keys(['retail_sales_pipeline']) retrieved from /opt/airflow/dags/retail_sales_pipeline.py
[2025-07-14T14:07:53.408+0000] {logging_mixin.py:137} INFO - [2025-07-14T14:07:53.404+0000] {dag.py:2676} INFO - Sync 1 DAGs
[2025-07-14T14:07:53.492+0000] {logging_mixin.py:137} INFO - [2025-07-14T14:07:53.492+0000] {dag.py:3427} INFO - Setting next_dagrun for retail_sales_pipeline to None, run_after=None
[2025-07-14T14:07:53.539+0000] {processor.py:175} INFO - Processing /opt/airflow/dags/retail_sales_pipeline.py took 0.722 seconds
[2025-07-14T14:08:27.798+0000] {processor.py:153} INFO - Started process (PID=10164) to work on /opt/airflow/dags/retail_sales_pipeline.py
[2025-07-14T14:08:27.800+0000] {processor.py:743} INFO - Processing file /opt/airflow/dags/retail_sales_pipeline.py for tasks to queue
[2025-07-14T14:08:27.802+0000] {logging_mixin.py:137} INFO - [2025-07-14T14:08:27.802+0000] {dagbag.py:538} INFO - Filling up the DagBag from /opt/airflow/dags/retail_sales_pipeline.py
[2025-07-14T14:08:27.857+0000] {processor.py:753} INFO - DAG(s) dict_keys(['retail_sales_pipeline']) retrieved from /opt/airflow/dags/retail_sales_pipeline.py
[2025-07-14T14:08:28.022+0000] {logging_mixin.py:137} INFO - [2025-07-14T14:08:28.021+0000] {dag.py:2676} INFO - Sync 1 DAGs
[2025-07-14T14:08:28.074+0000] {logging_mixin.py:137} INFO - [2025-07-14T14:08:28.074+0000] {dag.py:3427} INFO - Setting next_dagrun for retail_sales_pipeline to None, run_after=None
[2025-07-14T14:08:28.105+0000] {processor.py:175} INFO - Processing /opt/airflow/dags/retail_sales_pipeline.py took 0.326 seconds
[2025-07-14T14:09:15.033+0000] {processor.py:153} INFO - Started process (PID=10169) to work on /opt/airflow/dags/retail_sales_pipeline.py
[2025-07-14T14:09:15.035+0000] {processor.py:743} INFO - Processing file /opt/airflow/dags/retail_sales_pipeline.py for tasks to queue
[2025-07-14T14:09:15.036+0000] {logging_mixin.py:137} INFO - [2025-07-14T14:09:15.036+0000] {dagbag.py:538} INFO - Filling up the DagBag from /opt/airflow/dags/retail_sales_pipeline.py
[2025-07-14T14:09:15.087+0000] {processor.py:753} INFO - DAG(s) dict_keys(['retail_sales_pipeline']) retrieved from /opt/airflow/dags/retail_sales_pipeline.py
[2025-07-14T14:09:15.244+0000] {logging_mixin.py:137} INFO - [2025-07-14T14:09:15.244+0000] {dag.py:2676} INFO - Sync 1 DAGs
[2025-07-14T14:09:15.300+0000] {logging_mixin.py:137} INFO - [2025-07-14T14:09:15.300+0000] {dag.py:3427} INFO - Setting next_dagrun for retail_sales_pipeline to None, run_after=None
[2025-07-14T14:09:15.327+0000] {processor.py:175} INFO - Processing /opt/airflow/dags/retail_sales_pipeline.py took 0.301 seconds
[2025-07-14T14:54:00.363+0000] {processor.py:153} INFO - Started process (PID=10174) to work on /opt/airflow/dags/retail_sales_pipeline.py
[2025-07-14T14:54:00.365+0000] {processor.py:743} INFO - Processing file /opt/airflow/dags/retail_sales_pipeline.py for tasks to queue
[2025-07-14T14:54:00.370+0000] {logging_mixin.py:137} INFO - [2025-07-14T14:54:00.369+0000] {dagbag.py:538} INFO - Filling up the DagBag from /opt/airflow/dags/retail_sales_pipeline.py
[2025-07-14T14:54:00.489+0000] {processor.py:753} INFO - DAG(s) dict_keys(['retail_sales_pipeline']) retrieved from /opt/airflow/dags/retail_sales_pipeline.py
[2025-07-14T14:54:00.703+0000] {logging_mixin.py:137} INFO - [2025-07-14T14:54:00.703+0000] {dag.py:2676} INFO - Sync 1 DAGs
[2025-07-14T14:54:00.757+0000] {logging_mixin.py:137} INFO - [2025-07-14T14:54:00.756+0000] {dag.py:3427} INFO - Setting next_dagrun for retail_sales_pipeline to None, run_after=None
[2025-07-14T14:54:00.786+0000] {processor.py:175} INFO - Processing /opt/airflow/dags/retail_sales_pipeline.py took 0.446 seconds
[2025-07-14T14:54:31.177+0000] {processor.py:153} INFO - Started process (PID=10179) to work on /opt/airflow/dags/retail_sales_pipeline.py
[2025-07-14T14:54:31.180+0000] {processor.py:743} INFO - Processing file /opt/airflow/dags/retail_sales_pipeline.py for tasks to queue
[2025-07-14T14:54:31.181+0000] {logging_mixin.py:137} INFO - [2025-07-14T14:54:31.181+0000] {dagbag.py:538} INFO - Filling up the DagBag from /opt/airflow/dags/retail_sales_pipeline.py
[2025-07-14T14:54:31.233+0000] {processor.py:753} INFO - DAG(s) dict_keys(['retail_sales_pipeline']) retrieved from /opt/airflow/dags/retail_sales_pipeline.py
[2025-07-14T14:54:31.373+0000] {logging_mixin.py:137} INFO - [2025-07-14T14:54:31.373+0000] {dag.py:2676} INFO - Sync 1 DAGs
[2025-07-14T14:54:31.423+0000] {logging_mixin.py:137} INFO - [2025-07-14T14:54:31.423+0000] {dag.py:3427} INFO - Setting next_dagrun for retail_sales_pipeline to None, run_after=None
[2025-07-14T14:54:31.452+0000] {processor.py:175} INFO - Processing /opt/airflow/dags/retail_sales_pipeline.py took 0.287 seconds
[2025-07-14T15:31:07.467+0000] {processor.py:153} INFO - Started process (PID=10186) to work on /opt/airflow/dags/retail_sales_pipeline.py
[2025-07-14T15:31:07.470+0000] {processor.py:743} INFO - Processing file /opt/airflow/dags/retail_sales_pipeline.py for tasks to queue
[2025-07-14T15:31:07.472+0000] {logging_mixin.py:137} INFO - [2025-07-14T15:31:07.471+0000] {dagbag.py:538} INFO - Filling up the DagBag from /opt/airflow/dags/retail_sales_pipeline.py
[2025-07-14T15:31:07.522+0000] {processor.py:753} INFO - DAG(s) dict_keys(['retail_sales_pipeline']) retrieved from /opt/airflow/dags/retail_sales_pipeline.py
[2025-07-14T15:31:07.655+0000] {logging_mixin.py:137} INFO - [2025-07-14T15:31:07.654+0000] {dag.py:2676} INFO - Sync 1 DAGs
[2025-07-14T15:31:07.703+0000] {logging_mixin.py:137} INFO - [2025-07-14T15:31:07.703+0000] {dag.py:3427} INFO - Setting next_dagrun for retail_sales_pipeline to None, run_after=None
[2025-07-14T15:31:07.730+0000] {processor.py:175} INFO - Processing /opt/airflow/dags/retail_sales_pipeline.py took 0.271 seconds
[2025-07-14T15:31:38.259+0000] {processor.py:153} INFO - Started process (PID=10191) to work on /opt/airflow/dags/retail_sales_pipeline.py
[2025-07-14T15:31:38.262+0000] {processor.py:743} INFO - Processing file /opt/airflow/dags/retail_sales_pipeline.py for tasks to queue
[2025-07-14T15:31:38.263+0000] {logging_mixin.py:137} INFO - [2025-07-14T15:31:38.263+0000] {dagbag.py:538} INFO - Filling up the DagBag from /opt/airflow/dags/retail_sales_pipeline.py
[2025-07-14T15:31:38.318+0000] {processor.py:753} INFO - DAG(s) dict_keys(['retail_sales_pipeline']) retrieved from /opt/airflow/dags/retail_sales_pipeline.py
[2025-07-14T15:31:38.532+0000] {logging_mixin.py:137} INFO - [2025-07-14T15:31:38.532+0000] {dag.py:2676} INFO - Sync 1 DAGs
[2025-07-14T15:31:38.583+0000] {logging_mixin.py:137} INFO - [2025-07-14T15:31:38.583+0000] {dag.py:3427} INFO - Setting next_dagrun for retail_sales_pipeline to None, run_after=None
[2025-07-14T15:31:38.611+0000] {processor.py:175} INFO - Processing /opt/airflow/dags/retail_sales_pipeline.py took 0.364 seconds
[2025-07-14T16:11:47.172+0000] {processor.py:153} INFO - Started process (PID=10196) to work on /opt/airflow/dags/retail_sales_pipeline.py
[2025-07-14T16:11:47.180+0000] {processor.py:743} INFO - Processing file /opt/airflow/dags/retail_sales_pipeline.py for tasks to queue
[2025-07-14T16:11:47.184+0000] {logging_mixin.py:137} INFO - [2025-07-14T16:11:47.184+0000] {dagbag.py:538} INFO - Filling up the DagBag from /opt/airflow/dags/retail_sales_pipeline.py
[2025-07-14T16:11:47.327+0000] {processor.py:753} INFO - DAG(s) dict_keys(['retail_sales_pipeline']) retrieved from /opt/airflow/dags/retail_sales_pipeline.py
[2025-07-14T16:11:47.567+0000] {logging_mixin.py:137} INFO - [2025-07-14T16:11:47.567+0000] {dag.py:2676} INFO - Sync 1 DAGs
[2025-07-14T16:11:47.645+0000] {logging_mixin.py:137} INFO - [2025-07-14T16:11:47.645+0000] {dag.py:3427} INFO - Setting next_dagrun for retail_sales_pipeline to None, run_after=None
[2025-07-14T16:11:47.679+0000] {processor.py:175} INFO - Processing /opt/airflow/dags/retail_sales_pipeline.py took 0.528 seconds
[2025-07-14T16:40:24.343+0000] {processor.py:153} INFO - Started process (PID=10201) to work on /opt/airflow/dags/retail_sales_pipeline.py
[2025-07-14T16:40:24.344+0000] {processor.py:743} INFO - Processing file /opt/airflow/dags/retail_sales_pipeline.py for tasks to queue
[2025-07-14T16:40:24.345+0000] {logging_mixin.py:137} INFO - [2025-07-14T16:40:24.345+0000] {dagbag.py:538} INFO - Filling up the DagBag from /opt/airflow/dags/retail_sales_pipeline.py
[2025-07-14T16:40:24.398+0000] {processor.py:753} INFO - DAG(s) dict_keys(['retail_sales_pipeline']) retrieved from /opt/airflow/dags/retail_sales_pipeline.py
[2025-07-14T16:40:24.594+0000] {logging_mixin.py:137} INFO - [2025-07-14T16:40:24.593+0000] {dag.py:2676} INFO - Sync 1 DAGs
[2025-07-14T16:40:24.741+0000] {logging_mixin.py:137} INFO - [2025-07-14T16:40:24.741+0000] {dag.py:3427} INFO - Setting next_dagrun for retail_sales_pipeline to None, run_after=None
[2025-07-14T16:40:24.838+0000] {processor.py:175} INFO - Processing /opt/airflow/dags/retail_sales_pipeline.py took 0.508 seconds
[2025-07-14T17:11:43.523+0000] {processor.py:153} INFO - Started process (PID=10208) to work on /opt/airflow/dags/retail_sales_pipeline.py
[2025-07-14T17:11:43.525+0000] {processor.py:743} INFO - Processing file /opt/airflow/dags/retail_sales_pipeline.py for tasks to queue
[2025-07-14T17:11:43.526+0000] {logging_mixin.py:137} INFO - [2025-07-14T17:11:43.526+0000] {dagbag.py:538} INFO - Filling up the DagBag from /opt/airflow/dags/retail_sales_pipeline.py
[2025-07-14T17:11:43.657+0000] {processor.py:753} INFO - DAG(s) dict_keys(['retail_sales_pipeline']) retrieved from /opt/airflow/dags/retail_sales_pipeline.py
[2025-07-14T17:11:43.971+0000] {logging_mixin.py:137} INFO - [2025-07-14T17:11:43.970+0000] {dag.py:2676} INFO - Sync 1 DAGs
[2025-07-14T17:11:44.128+0000] {logging_mixin.py:137} INFO - [2025-07-14T17:11:44.127+0000] {dag.py:3427} INFO - Setting next_dagrun for retail_sales_pipeline to None, run_after=None
[2025-07-14T17:11:44.232+0000] {processor.py:175} INFO - Processing /opt/airflow/dags/retail_sales_pipeline.py took 0.715 seconds
[2025-07-14T17:12:14.773+0000] {processor.py:153} INFO - Started process (PID=10213) to work on /opt/airflow/dags/retail_sales_pipeline.py
[2025-07-14T17:12:14.776+0000] {processor.py:743} INFO - Processing file /opt/airflow/dags/retail_sales_pipeline.py for tasks to queue
[2025-07-14T17:12:14.778+0000] {logging_mixin.py:137} INFO - [2025-07-14T17:12:14.777+0000] {dagbag.py:538} INFO - Filling up the DagBag from /opt/airflow/dags/retail_sales_pipeline.py
[2025-07-14T17:12:14.829+0000] {processor.py:753} INFO - DAG(s) dict_keys(['retail_sales_pipeline']) retrieved from /opt/airflow/dags/retail_sales_pipeline.py
[2025-07-14T17:12:14.982+0000] {logging_mixin.py:137} INFO - [2025-07-14T17:12:14.982+0000] {dag.py:2676} INFO - Sync 1 DAGs
[2025-07-14T17:12:15.033+0000] {logging_mixin.py:137} INFO - [2025-07-14T17:12:15.033+0000] {dag.py:3427} INFO - Setting next_dagrun for retail_sales_pipeline to None, run_after=None
[2025-07-14T17:12:15.060+0000] {processor.py:175} INFO - Processing /opt/airflow/dags/retail_sales_pipeline.py took 0.296 seconds
[2025-07-14T17:28:09.075+0000] {processor.py:153} INFO - Started process (PID=10218) to work on /opt/airflow/dags/retail_sales_pipeline.py
[2025-07-14T17:28:09.079+0000] {processor.py:743} INFO - Processing file /opt/airflow/dags/retail_sales_pipeline.py for tasks to queue
[2025-07-14T17:28:09.083+0000] {logging_mixin.py:137} INFO - [2025-07-14T17:28:09.082+0000] {dagbag.py:538} INFO - Filling up the DagBag from /opt/airflow/dags/retail_sales_pipeline.py
[2025-07-14T17:28:09.206+0000] {processor.py:753} INFO - DAG(s) dict_keys(['retail_sales_pipeline']) retrieved from /opt/airflow/dags/retail_sales_pipeline.py
[2025-07-14T17:28:09.575+0000] {logging_mixin.py:137} INFO - [2025-07-14T17:28:09.574+0000] {dag.py:2676} INFO - Sync 1 DAGs
[2025-07-14T17:28:09.668+0000] {logging_mixin.py:137} INFO - [2025-07-14T17:28:09.667+0000] {dag.py:3427} INFO - Setting next_dagrun for retail_sales_pipeline to None, run_after=None
[2025-07-14T17:28:09.750+0000] {processor.py:175} INFO - Processing /opt/airflow/dags/retail_sales_pipeline.py took 0.690 seconds
[2025-07-14T17:53:21.568+0000] {processor.py:153} INFO - Started process (PID=10223) to work on /opt/airflow/dags/retail_sales_pipeline.py
[2025-07-14T17:53:21.573+0000] {processor.py:743} INFO - Processing file /opt/airflow/dags/retail_sales_pipeline.py for tasks to queue
[2025-07-14T17:53:21.575+0000] {logging_mixin.py:137} INFO - [2025-07-14T17:53:21.574+0000] {dagbag.py:538} INFO - Filling up the DagBag from /opt/airflow/dags/retail_sales_pipeline.py
[2025-07-14T17:53:21.766+0000] {processor.py:753} INFO - DAG(s) dict_keys(['retail_sales_pipeline']) retrieved from /opt/airflow/dags/retail_sales_pipeline.py
[2025-07-14T17:53:22.260+0000] {logging_mixin.py:137} INFO - [2025-07-14T17:53:22.257+0000] {dag.py:2676} INFO - Sync 1 DAGs
[2025-07-14T17:53:22.426+0000] {logging_mixin.py:137} INFO - [2025-07-14T17:53:22.426+0000] {dag.py:3427} INFO - Setting next_dagrun for retail_sales_pipeline to None, run_after=None
[2025-07-14T17:53:22.478+0000] {processor.py:175} INFO - Processing /opt/airflow/dags/retail_sales_pipeline.py took 0.925 seconds
[2025-07-14T18:01:18.241+0000] {processor.py:153} INFO - Started process (PID=10228) to work on /opt/airflow/dags/retail_sales_pipeline.py
[2025-07-14T18:01:18.250+0000] {processor.py:743} INFO - Processing file /opt/airflow/dags/retail_sales_pipeline.py for tasks to queue
[2025-07-14T18:01:18.251+0000] {logging_mixin.py:137} INFO - [2025-07-14T18:01:18.251+0000] {dagbag.py:538} INFO - Filling up the DagBag from /opt/airflow/dags/retail_sales_pipeline.py
[2025-07-14T18:01:18.353+0000] {processor.py:753} INFO - DAG(s) dict_keys(['retail_sales_pipeline']) retrieved from /opt/airflow/dags/retail_sales_pipeline.py
[2025-07-14T18:01:18.914+0000] {logging_mixin.py:137} INFO - [2025-07-14T18:01:18.913+0000] {dag.py:2676} INFO - Sync 1 DAGs
[2025-07-14T18:01:19.015+0000] {logging_mixin.py:137} INFO - [2025-07-14T18:01:19.015+0000] {dag.py:3427} INFO - Setting next_dagrun for retail_sales_pipeline to None, run_after=None
[2025-07-14T18:01:19.045+0000] {processor.py:175} INFO - Processing /opt/airflow/dags/retail_sales_pipeline.py took 0.814 seconds
[2025-07-14T18:02:00.695+0000] {processor.py:153} INFO - Started process (PID=10233) to work on /opt/airflow/dags/retail_sales_pipeline.py
[2025-07-14T18:02:00.699+0000] {processor.py:743} INFO - Processing file /opt/airflow/dags/retail_sales_pipeline.py for tasks to queue
[2025-07-14T18:02:00.703+0000] {logging_mixin.py:137} INFO - [2025-07-14T18:02:00.703+0000] {dagbag.py:538} INFO - Filling up the DagBag from /opt/airflow/dags/retail_sales_pipeline.py
[2025-07-14T18:02:00.750+0000] {processor.py:753} INFO - DAG(s) dict_keys(['retail_sales_pipeline']) retrieved from /opt/airflow/dags/retail_sales_pipeline.py
[2025-07-14T18:02:00.902+0000] {logging_mixin.py:137} INFO - [2025-07-14T18:02:00.902+0000] {dag.py:2676} INFO - Sync 1 DAGs
[2025-07-14T18:02:00.953+0000] {logging_mixin.py:137} INFO - [2025-07-14T18:02:00.953+0000] {dag.py:3427} INFO - Setting next_dagrun for retail_sales_pipeline to None, run_after=None
[2025-07-14T18:02:00.979+0000] {processor.py:175} INFO - Processing /opt/airflow/dags/retail_sales_pipeline.py took 0.290 seconds
[2025-07-14T18:20:45.691+0000] {processor.py:153} INFO - Started process (PID=10238) to work on /opt/airflow/dags/retail_sales_pipeline.py
[2025-07-14T18:20:45.693+0000] {processor.py:743} INFO - Processing file /opt/airflow/dags/retail_sales_pipeline.py for tasks to queue
[2025-07-14T18:20:45.694+0000] {logging_mixin.py:137} INFO - [2025-07-14T18:20:45.694+0000] {dagbag.py:538} INFO - Filling up the DagBag from /opt/airflow/dags/retail_sales_pipeline.py
[2025-07-14T18:20:45.745+0000] {processor.py:753} INFO - DAG(s) dict_keys(['retail_sales_pipeline']) retrieved from /opt/airflow/dags/retail_sales_pipeline.py
[2025-07-14T18:20:45.914+0000] {logging_mixin.py:137} INFO - [2025-07-14T18:20:45.913+0000] {dag.py:2676} INFO - Sync 1 DAGs
[2025-07-14T18:20:45.980+0000] {logging_mixin.py:137} INFO - [2025-07-14T18:20:45.979+0000] {dag.py:3427} INFO - Setting next_dagrun for retail_sales_pipeline to None, run_after=None
[2025-07-14T18:20:46.127+0000] {processor.py:175} INFO - Processing /opt/airflow/dags/retail_sales_pipeline.py took 0.453 seconds
[2025-07-14T18:41:33.516+0000] {processor.py:153} INFO - Started process (PID=10244) to work on /opt/airflow/dags/retail_sales_pipeline.py
[2025-07-14T18:41:33.519+0000] {processor.py:743} INFO - Processing file /opt/airflow/dags/retail_sales_pipeline.py for tasks to queue
[2025-07-14T18:41:33.525+0000] {logging_mixin.py:137} INFO - [2025-07-14T18:41:33.524+0000] {dagbag.py:538} INFO - Filling up the DagBag from /opt/airflow/dags/retail_sales_pipeline.py
[2025-07-14T18:41:33.642+0000] {processor.py:753} INFO - DAG(s) dict_keys(['retail_sales_pipeline']) retrieved from /opt/airflow/dags/retail_sales_pipeline.py
[2025-07-14T18:41:34.044+0000] {logging_mixin.py:137} INFO - [2025-07-14T18:41:34.043+0000] {dag.py:2676} INFO - Sync 1 DAGs
[2025-07-14T18:41:34.224+0000] {logging_mixin.py:137} INFO - [2025-07-14T18:41:34.224+0000] {dag.py:3427} INFO - Setting next_dagrun for retail_sales_pipeline to None, run_after=None
[2025-07-14T18:41:34.359+0000] {processor.py:175} INFO - Processing /opt/airflow/dags/retail_sales_pipeline.py took 0.865 seconds
[2025-07-14T18:57:09.936+0000] {processor.py:153} INFO - Started process (PID=10249) to work on /opt/airflow/dags/retail_sales_pipeline.py
[2025-07-14T18:57:09.939+0000] {processor.py:743} INFO - Processing file /opt/airflow/dags/retail_sales_pipeline.py for tasks to queue
[2025-07-14T18:57:09.941+0000] {logging_mixin.py:137} INFO - [2025-07-14T18:57:09.940+0000] {dagbag.py:538} INFO - Filling up the DagBag from /opt/airflow/dags/retail_sales_pipeline.py
[2025-07-14T18:57:10.049+0000] {processor.py:753} INFO - DAG(s) dict_keys(['retail_sales_pipeline']) retrieved from /opt/airflow/dags/retail_sales_pipeline.py
[2025-07-14T18:57:10.403+0000] {logging_mixin.py:137} INFO - [2025-07-14T18:57:10.401+0000] {dag.py:2676} INFO - Sync 1 DAGs
[2025-07-14T18:57:10.595+0000] {logging_mixin.py:137} INFO - [2025-07-14T18:57:10.594+0000] {dag.py:3427} INFO - Setting next_dagrun for retail_sales_pipeline to None, run_after=None
[2025-07-14T18:57:10.784+0000] {processor.py:175} INFO - Processing /opt/airflow/dags/retail_sales_pipeline.py took 0.862 seconds
[2025-07-14T19:12:27.227+0000] {processor.py:153} INFO - Started process (PID=10254) to work on /opt/airflow/dags/retail_sales_pipeline.py
[2025-07-14T19:12:27.231+0000] {processor.py:743} INFO - Processing file /opt/airflow/dags/retail_sales_pipeline.py for tasks to queue
[2025-07-14T19:12:27.233+0000] {logging_mixin.py:137} INFO - [2025-07-14T19:12:27.233+0000] {dagbag.py:538} INFO - Filling up the DagBag from /opt/airflow/dags/retail_sales_pipeline.py
[2025-07-14T19:12:27.343+0000] {processor.py:753} INFO - DAG(s) dict_keys(['retail_sales_pipeline']) retrieved from /opt/airflow/dags/retail_sales_pipeline.py
[2025-07-14T19:12:27.798+0000] {logging_mixin.py:137} INFO - [2025-07-14T19:12:27.797+0000] {dag.py:2676} INFO - Sync 1 DAGs
[2025-07-14T19:12:27.955+0000] {logging_mixin.py:137} INFO - [2025-07-14T19:12:27.954+0000] {dag.py:3427} INFO - Setting next_dagrun for retail_sales_pipeline to None, run_after=None
[2025-07-14T19:12:28.030+0000] {processor.py:175} INFO - Processing /opt/airflow/dags/retail_sales_pipeline.py took 0.812 seconds
[2025-07-14T19:28:23.223+0000] {processor.py:153} INFO - Started process (PID=10261) to work on /opt/airflow/dags/retail_sales_pipeline.py
[2025-07-14T19:28:23.227+0000] {processor.py:743} INFO - Processing file /opt/airflow/dags/retail_sales_pipeline.py for tasks to queue
[2025-07-14T19:28:23.230+0000] {logging_mixin.py:137} INFO - [2025-07-14T19:28:23.230+0000] {dagbag.py:538} INFO - Filling up the DagBag from /opt/airflow/dags/retail_sales_pipeline.py
[2025-07-14T19:28:23.305+0000] {processor.py:753} INFO - DAG(s) dict_keys(['retail_sales_pipeline']) retrieved from /opt/airflow/dags/retail_sales_pipeline.py
[2025-07-14T19:28:23.674+0000] {logging_mixin.py:137} INFO - [2025-07-14T19:28:23.674+0000] {dag.py:2676} INFO - Sync 1 DAGs
[2025-07-14T19:28:23.923+0000] {logging_mixin.py:137} INFO - [2025-07-14T19:28:23.911+0000] {dag.py:3427} INFO - Setting next_dagrun for retail_sales_pipeline to None, run_after=None
[2025-07-14T19:28:24.136+0000] {processor.py:175} INFO - Processing /opt/airflow/dags/retail_sales_pipeline.py took 0.924 seconds
[2025-07-14T19:28:54.790+0000] {processor.py:153} INFO - Started process (PID=10266) to work on /opt/airflow/dags/retail_sales_pipeline.py
[2025-07-14T19:28:54.794+0000] {processor.py:743} INFO - Processing file /opt/airflow/dags/retail_sales_pipeline.py for tasks to queue
[2025-07-14T19:28:54.796+0000] {logging_mixin.py:137} INFO - [2025-07-14T19:28:54.795+0000] {dagbag.py:538} INFO - Filling up the DagBag from /opt/airflow/dags/retail_sales_pipeline.py
[2025-07-14T19:28:54.848+0000] {processor.py:753} INFO - DAG(s) dict_keys(['retail_sales_pipeline']) retrieved from /opt/airflow/dags/retail_sales_pipeline.py
[2025-07-14T19:28:54.999+0000] {logging_mixin.py:137} INFO - [2025-07-14T19:28:54.999+0000] {dag.py:2676} INFO - Sync 1 DAGs
[2025-07-14T19:28:55.054+0000] {logging_mixin.py:137} INFO - [2025-07-14T19:28:55.054+0000] {dag.py:3427} INFO - Setting next_dagrun for retail_sales_pipeline to None, run_after=None
[2025-07-14T19:28:55.079+0000] {processor.py:175} INFO - Processing /opt/airflow/dags/retail_sales_pipeline.py took 0.298 seconds
[2025-07-14T19:44:48.198+0000] {processor.py:153} INFO - Started process (PID=10271) to work on /opt/airflow/dags/retail_sales_pipeline.py
[2025-07-14T19:44:48.200+0000] {processor.py:743} INFO - Processing file /opt/airflow/dags/retail_sales_pipeline.py for tasks to queue
[2025-07-14T19:44:48.203+0000] {logging_mixin.py:137} INFO - [2025-07-14T19:44:48.202+0000] {dagbag.py:538} INFO - Filling up the DagBag from /opt/airflow/dags/retail_sales_pipeline.py
[2025-07-14T19:44:48.323+0000] {processor.py:753} INFO - DAG(s) dict_keys(['retail_sales_pipeline']) retrieved from /opt/airflow/dags/retail_sales_pipeline.py
[2025-07-14T19:44:48.887+0000] {logging_mixin.py:137} INFO - [2025-07-14T19:44:48.882+0000] {dag.py:2676} INFO - Sync 1 DAGs
[2025-07-14T19:44:49.114+0000] {logging_mixin.py:137} INFO - [2025-07-14T19:44:49.112+0000] {dag.py:3427} INFO - Setting next_dagrun for retail_sales_pipeline to None, run_after=None
[2025-07-14T19:44:49.253+0000] {processor.py:175} INFO - Processing /opt/airflow/dags/retail_sales_pipeline.py took 1.063 seconds
[2025-07-14T20:29:58.365+0000] {processor.py:153} INFO - Started process (PID=10276) to work on /opt/airflow/dags/retail_sales_pipeline.py
[2025-07-14T20:29:58.368+0000] {processor.py:743} INFO - Processing file /opt/airflow/dags/retail_sales_pipeline.py for tasks to queue
[2025-07-14T20:29:58.370+0000] {logging_mixin.py:137} INFO - [2025-07-14T20:29:58.370+0000] {dagbag.py:538} INFO - Filling up the DagBag from /opt/airflow/dags/retail_sales_pipeline.py
[2025-07-14T20:29:58.483+0000] {processor.py:753} INFO - DAG(s) dict_keys(['retail_sales_pipeline']) retrieved from /opt/airflow/dags/retail_sales_pipeline.py
[2025-07-14T20:29:58.808+0000] {logging_mixin.py:137} INFO - [2025-07-14T20:29:58.806+0000] {dag.py:2676} INFO - Sync 1 DAGs
[2025-07-14T20:29:58.936+0000] {logging_mixin.py:137} INFO - [2025-07-14T20:29:58.934+0000] {dag.py:3427} INFO - Setting next_dagrun for retail_sales_pipeline to None, run_after=None
[2025-07-14T20:29:59.044+0000] {processor.py:175} INFO - Processing /opt/airflow/dags/retail_sales_pipeline.py took 0.696 seconds
[2025-07-14T21:36:25.124+0000] {processor.py:153} INFO - Started process (PID=10281) to work on /opt/airflow/dags/retail_sales_pipeline.py
[2025-07-14T21:36:25.126+0000] {processor.py:743} INFO - Processing file /opt/airflow/dags/retail_sales_pipeline.py for tasks to queue
[2025-07-14T21:36:25.127+0000] {logging_mixin.py:137} INFO - [2025-07-14T21:36:25.127+0000] {dagbag.py:538} INFO - Filling up the DagBag from /opt/airflow/dags/retail_sales_pipeline.py
[2025-07-14T21:36:25.177+0000] {processor.py:753} INFO - DAG(s) dict_keys(['retail_sales_pipeline']) retrieved from /opt/airflow/dags/retail_sales_pipeline.py
[2025-07-14T21:36:25.452+0000] {logging_mixin.py:137} INFO - [2025-07-14T21:36:25.451+0000] {dag.py:2676} INFO - Sync 1 DAGs
[2025-07-14T21:36:25.679+0000] {logging_mixin.py:137} INFO - [2025-07-14T21:36:25.677+0000] {dag.py:3427} INFO - Setting next_dagrun for retail_sales_pipeline to None, run_after=None
[2025-07-14T21:36:25.820+0000] {processor.py:175} INFO - Processing /opt/airflow/dags/retail_sales_pipeline.py took 0.701 seconds
[2025-07-14T21:36:56.535+0000] {processor.py:153} INFO - Started process (PID=10286) to work on /opt/airflow/dags/retail_sales_pipeline.py
[2025-07-14T21:36:56.540+0000] {processor.py:743} INFO - Processing file /opt/airflow/dags/retail_sales_pipeline.py for tasks to queue
[2025-07-14T21:36:56.542+0000] {logging_mixin.py:137} INFO - [2025-07-14T21:36:56.541+0000] {dagbag.py:538} INFO - Filling up the DagBag from /opt/airflow/dags/retail_sales_pipeline.py
[2025-07-14T21:36:56.585+0000] {processor.py:753} INFO - DAG(s) dict_keys(['retail_sales_pipeline']) retrieved from /opt/airflow/dags/retail_sales_pipeline.py
[2025-07-14T21:36:56.755+0000] {logging_mixin.py:137} INFO - [2025-07-14T21:36:56.755+0000] {dag.py:2676} INFO - Sync 1 DAGs
[2025-07-14T21:36:56.812+0000] {logging_mixin.py:137} INFO - [2025-07-14T21:36:56.812+0000] {dag.py:3427} INFO - Setting next_dagrun for retail_sales_pipeline to None, run_after=None
[2025-07-14T21:36:56.841+0000] {processor.py:175} INFO - Processing /opt/airflow/dags/retail_sales_pipeline.py took 0.316 seconds
[2025-07-14T22:59:31.677+0000] {processor.py:153} INFO - Started process (PID=10293) to work on /opt/airflow/dags/retail_sales_pipeline.py
[2025-07-14T22:59:31.682+0000] {processor.py:743} INFO - Processing file /opt/airflow/dags/retail_sales_pipeline.py for tasks to queue
[2025-07-14T22:59:31.688+0000] {logging_mixin.py:137} INFO - [2025-07-14T22:59:31.688+0000] {dagbag.py:538} INFO - Filling up the DagBag from /opt/airflow/dags/retail_sales_pipeline.py
[2025-07-14T22:59:31.804+0000] {processor.py:753} INFO - DAG(s) dict_keys(['retail_sales_pipeline']) retrieved from /opt/airflow/dags/retail_sales_pipeline.py
[2025-07-14T22:59:32.156+0000] {logging_mixin.py:137} INFO - [2025-07-14T22:59:32.155+0000] {dag.py:2676} INFO - Sync 1 DAGs
[2025-07-14T22:59:32.352+0000] {logging_mixin.py:137} INFO - [2025-07-14T22:59:32.352+0000] {dag.py:3427} INFO - Setting next_dagrun for retail_sales_pipeline to None, run_after=None
[2025-07-14T22:59:32.808+0000] {processor.py:175} INFO - Processing /opt/airflow/dags/retail_sales_pipeline.py took 1.145 seconds
[2025-07-14T23:15:27.087+0000] {processor.py:153} INFO - Started process (PID=10298) to work on /opt/airflow/dags/retail_sales_pipeline.py
[2025-07-14T23:15:27.092+0000] {processor.py:743} INFO - Processing file /opt/airflow/dags/retail_sales_pipeline.py for tasks to queue
[2025-07-14T23:15:27.097+0000] {logging_mixin.py:137} INFO - [2025-07-14T23:15:27.097+0000] {dagbag.py:538} INFO - Filling up the DagBag from /opt/airflow/dags/retail_sales_pipeline.py
[2025-07-14T23:15:27.208+0000] {processor.py:753} INFO - DAG(s) dict_keys(['retail_sales_pipeline']) retrieved from /opt/airflow/dags/retail_sales_pipeline.py
[2025-07-14T23:15:27.559+0000] {logging_mixin.py:137} INFO - [2025-07-14T23:15:27.558+0000] {dag.py:2676} INFO - Sync 1 DAGs
[2025-07-14T23:15:27.658+0000] {logging_mixin.py:137} INFO - [2025-07-14T23:15:27.657+0000] {dag.py:3427} INFO - Setting next_dagrun for retail_sales_pipeline to None, run_after=None
[2025-07-14T23:15:27.739+0000] {processor.py:175} INFO - Processing /opt/airflow/dags/retail_sales_pipeline.py took 0.666 seconds
[2025-07-14T23:31:21.204+0000] {processor.py:153} INFO - Started process (PID=10303) to work on /opt/airflow/dags/retail_sales_pipeline.py
[2025-07-14T23:31:21.207+0000] {processor.py:743} INFO - Processing file /opt/airflow/dags/retail_sales_pipeline.py for tasks to queue
[2025-07-14T23:31:21.213+0000] {logging_mixin.py:137} INFO - [2025-07-14T23:31:21.212+0000] {dagbag.py:538} INFO - Filling up the DagBag from /opt/airflow/dags/retail_sales_pipeline.py
[2025-07-14T23:31:21.329+0000] {processor.py:753} INFO - DAG(s) dict_keys(['retail_sales_pipeline']) retrieved from /opt/airflow/dags/retail_sales_pipeline.py
[2025-07-14T23:31:21.654+0000] {logging_mixin.py:137} INFO - [2025-07-14T23:31:21.651+0000] {dag.py:2676} INFO - Sync 1 DAGs
[2025-07-14T23:31:21.812+0000] {logging_mixin.py:137} INFO - [2025-07-14T23:31:21.811+0000] {dag.py:3427} INFO - Setting next_dagrun for retail_sales_pipeline to None, run_after=None
[2025-07-14T23:31:21.948+0000] {processor.py:175} INFO - Processing /opt/airflow/dags/retail_sales_pipeline.py took 0.768 seconds
[2025-07-14T23:31:52.566+0000] {processor.py:153} INFO - Started process (PID=10308) to work on /opt/airflow/dags/retail_sales_pipeline.py
[2025-07-14T23:31:52.568+0000] {processor.py:743} INFO - Processing file /opt/airflow/dags/retail_sales_pipeline.py for tasks to queue
[2025-07-14T23:31:52.569+0000] {logging_mixin.py:137} INFO - [2025-07-14T23:31:52.568+0000] {dagbag.py:538} INFO - Filling up the DagBag from /opt/airflow/dags/retail_sales_pipeline.py
[2025-07-14T23:31:52.628+0000] {processor.py:753} INFO - DAG(s) dict_keys(['retail_sales_pipeline']) retrieved from /opt/airflow/dags/retail_sales_pipeline.py
[2025-07-14T23:31:52.790+0000] {logging_mixin.py:137} INFO - [2025-07-14T23:31:52.790+0000] {dag.py:2676} INFO - Sync 1 DAGs
[2025-07-14T23:31:52.839+0000] {logging_mixin.py:137} INFO - [2025-07-14T23:31:52.839+0000] {dag.py:3427} INFO - Setting next_dagrun for retail_sales_pipeline to None, run_after=None
[2025-07-14T23:31:52.872+0000] {processor.py:175} INFO - Processing /opt/airflow/dags/retail_sales_pipeline.py took 0.311 seconds
