[2025-07-10T00:12:28.463+0000] {processor.py:153} INFO - Started process (PID=4562) to work on /opt/airflow/dags/retail_sales_pipeline.py
[2025-07-10T00:12:28.467+0000] {processor.py:743} INFO - Processing file /opt/airflow/dags/retail_sales_pipeline.py for tasks to queue
[2025-07-10T00:12:28.471+0000] {logging_mixin.py:137} INFO - [2025-07-10T00:12:28.470+0000] {dagbag.py:538} INFO - Filling up the DagBag from /opt/airflow/dags/retail_sales_pipeline.py
[2025-07-10T00:12:28.690+0000] {processor.py:753} INFO - DAG(s) dict_keys(['retail_sales_pipeline']) retrieved from /opt/airflow/dags/retail_sales_pipeline.py
[2025-07-10T00:12:29.225+0000] {logging_mixin.py:137} INFO - [2025-07-10T00:12:29.221+0000] {dag.py:2676} INFO - Sync 1 DAGs
[2025-07-10T00:12:29.378+0000] {logging_mixin.py:137} INFO - [2025-07-10T00:12:29.378+0000] {dag.py:3427} INFO - Setting next_dagrun for retail_sales_pipeline to None, run_after=None
[2025-07-10T00:12:29.476+0000] {processor.py:175} INFO - Processing /opt/airflow/dags/retail_sales_pipeline.py took 1.021 seconds
[2025-07-10T01:36:20.901+0000] {processor.py:153} INFO - Started process (PID=4569) to work on /opt/airflow/dags/retail_sales_pipeline.py
[2025-07-10T01:36:20.902+0000] {processor.py:743} INFO - Processing file /opt/airflow/dags/retail_sales_pipeline.py for tasks to queue
[2025-07-10T01:36:20.905+0000] {logging_mixin.py:137} INFO - [2025-07-10T01:36:20.905+0000] {dagbag.py:538} INFO - Filling up the DagBag from /opt/airflow/dags/retail_sales_pipeline.py
[2025-07-10T01:36:21.016+0000] {processor.py:753} INFO - DAG(s) dict_keys(['retail_sales_pipeline']) retrieved from /opt/airflow/dags/retail_sales_pipeline.py
[2025-07-10T01:36:21.450+0000] {logging_mixin.py:137} INFO - [2025-07-10T01:36:21.447+0000] {dag.py:2676} INFO - Sync 1 DAGs
[2025-07-10T01:36:21.715+0000] {logging_mixin.py:137} INFO - [2025-07-10T01:36:21.713+0000] {dag.py:3427} INFO - Setting next_dagrun for retail_sales_pipeline to None, run_after=None
[2025-07-10T01:36:21.875+0000] {processor.py:175} INFO - Processing /opt/airflow/dags/retail_sales_pipeline.py took 0.977 seconds
[2025-07-10T01:57:35.819+0000] {processor.py:153} INFO - Started process (PID=4574) to work on /opt/airflow/dags/retail_sales_pipeline.py
[2025-07-10T01:57:35.822+0000] {processor.py:743} INFO - Processing file /opt/airflow/dags/retail_sales_pipeline.py for tasks to queue
[2025-07-10T01:57:35.824+0000] {logging_mixin.py:137} INFO - [2025-07-10T01:57:35.824+0000] {dagbag.py:538} INFO - Filling up the DagBag from /opt/airflow/dags/retail_sales_pipeline.py
[2025-07-10T01:57:35.928+0000] {processor.py:753} INFO - DAG(s) dict_keys(['retail_sales_pipeline']) retrieved from /opt/airflow/dags/retail_sales_pipeline.py
[2025-07-10T01:57:36.350+0000] {logging_mixin.py:137} INFO - [2025-07-10T01:57:36.349+0000] {dag.py:2676} INFO - Sync 1 DAGs
[2025-07-10T01:57:36.584+0000] {logging_mixin.py:137} INFO - [2025-07-10T01:57:36.583+0000] {dag.py:3427} INFO - Setting next_dagrun for retail_sales_pipeline to None, run_after=None
[2025-07-10T01:57:36.639+0000] {processor.py:175} INFO - Processing /opt/airflow/dags/retail_sales_pipeline.py took 0.832 seconds
[2025-07-10T02:57:39.923+0000] {processor.py:153} INFO - Started process (PID=4579) to work on /opt/airflow/dags/retail_sales_pipeline.py
[2025-07-10T02:57:39.925+0000] {processor.py:743} INFO - Processing file /opt/airflow/dags/retail_sales_pipeline.py for tasks to queue
[2025-07-10T02:57:39.926+0000] {logging_mixin.py:137} INFO - [2025-07-10T02:57:39.926+0000] {dagbag.py:538} INFO - Filling up the DagBag from /opt/airflow/dags/retail_sales_pipeline.py
[2025-07-10T02:57:40.009+0000] {processor.py:753} INFO - DAG(s) dict_keys(['retail_sales_pipeline']) retrieved from /opt/airflow/dags/retail_sales_pipeline.py
[2025-07-10T02:57:40.277+0000] {logging_mixin.py:137} INFO - [2025-07-10T02:57:40.277+0000] {dag.py:2676} INFO - Sync 1 DAGs
[2025-07-10T02:57:40.368+0000] {logging_mixin.py:137} INFO - [2025-07-10T02:57:40.368+0000] {dag.py:3427} INFO - Setting next_dagrun for retail_sales_pipeline to None, run_after=None
[2025-07-10T02:57:40.446+0000] {processor.py:175} INFO - Processing /opt/airflow/dags/retail_sales_pipeline.py took 0.534 seconds
[2025-07-10T04:12:57.231+0000] {processor.py:153} INFO - Started process (PID=4584) to work on /opt/airflow/dags/retail_sales_pipeline.py
[2025-07-10T04:12:57.232+0000] {processor.py:743} INFO - Processing file /opt/airflow/dags/retail_sales_pipeline.py for tasks to queue
[2025-07-10T04:12:57.233+0000] {logging_mixin.py:137} INFO - [2025-07-10T04:12:57.233+0000] {dagbag.py:538} INFO - Filling up the DagBag from /opt/airflow/dags/retail_sales_pipeline.py
[2025-07-10T04:12:57.276+0000] {processor.py:753} INFO - DAG(s) dict_keys(['retail_sales_pipeline']) retrieved from /opt/airflow/dags/retail_sales_pipeline.py
[2025-07-10T04:12:57.402+0000] {logging_mixin.py:137} INFO - [2025-07-10T04:12:57.401+0000] {dag.py:2676} INFO - Sync 1 DAGs
[2025-07-10T04:12:57.454+0000] {logging_mixin.py:137} INFO - [2025-07-10T04:12:57.454+0000] {dag.py:3427} INFO - Setting next_dagrun for retail_sales_pipeline to None, run_after=None
[2025-07-10T04:12:57.505+0000] {processor.py:175} INFO - Processing /opt/airflow/dags/retail_sales_pipeline.py took 0.281 seconds
[2025-07-10T04:13:27.663+0000] {processor.py:153} INFO - Started process (PID=4589) to work on /opt/airflow/dags/retail_sales_pipeline.py
[2025-07-10T04:13:27.665+0000] {processor.py:743} INFO - Processing file /opt/airflow/dags/retail_sales_pipeline.py for tasks to queue
[2025-07-10T04:13:27.666+0000] {logging_mixin.py:137} INFO - [2025-07-10T04:13:27.665+0000] {dagbag.py:538} INFO - Filling up the DagBag from /opt/airflow/dags/retail_sales_pipeline.py
[2025-07-10T04:13:27.732+0000] {processor.py:753} INFO - DAG(s) dict_keys(['retail_sales_pipeline']) retrieved from /opt/airflow/dags/retail_sales_pipeline.py
[2025-07-10T04:13:27.859+0000] {logging_mixin.py:137} INFO - [2025-07-10T04:13:27.859+0000] {dag.py:2676} INFO - Sync 1 DAGs
[2025-07-10T04:13:27.899+0000] {logging_mixin.py:137} INFO - [2025-07-10T04:13:27.899+0000] {dag.py:3427} INFO - Setting next_dagrun for retail_sales_pipeline to None, run_after=None
[2025-07-10T04:13:27.935+0000] {processor.py:175} INFO - Processing /opt/airflow/dags/retail_sales_pipeline.py took 0.285 seconds
[2025-07-10T04:42:44.390+0000] {processor.py:153} INFO - Started process (PID=4596) to work on /opt/airflow/dags/retail_sales_pipeline.py
[2025-07-10T04:42:44.394+0000] {processor.py:743} INFO - Processing file /opt/airflow/dags/retail_sales_pipeline.py for tasks to queue
[2025-07-10T04:42:44.395+0000] {logging_mixin.py:137} INFO - [2025-07-10T04:42:44.395+0000] {dagbag.py:538} INFO - Filling up the DagBag from /opt/airflow/dags/retail_sales_pipeline.py
[2025-07-10T04:42:44.474+0000] {processor.py:753} INFO - DAG(s) dict_keys(['retail_sales_pipeline']) retrieved from /opt/airflow/dags/retail_sales_pipeline.py
[2025-07-10T04:42:44.792+0000] {logging_mixin.py:137} INFO - [2025-07-10T04:42:44.791+0000] {dag.py:2676} INFO - Sync 1 DAGs
[2025-07-10T04:42:44.868+0000] {logging_mixin.py:137} INFO - [2025-07-10T04:42:44.868+0000] {dag.py:3427} INFO - Setting next_dagrun for retail_sales_pipeline to None, run_after=None
[2025-07-10T04:42:44.982+0000] {processor.py:175} INFO - Processing /opt/airflow/dags/retail_sales_pipeline.py took 0.599 seconds
[2025-07-10T05:13:38.299+0000] {processor.py:153} INFO - Started process (PID=4601) to work on /opt/airflow/dags/retail_sales_pipeline.py
[2025-07-10T05:13:38.305+0000] {processor.py:743} INFO - Processing file /opt/airflow/dags/retail_sales_pipeline.py for tasks to queue
[2025-07-10T05:13:38.310+0000] {logging_mixin.py:137} INFO - [2025-07-10T05:13:38.309+0000] {dagbag.py:538} INFO - Filling up the DagBag from /opt/airflow/dags/retail_sales_pipeline.py
[2025-07-10T05:13:38.404+0000] {processor.py:753} INFO - DAG(s) dict_keys(['retail_sales_pipeline']) retrieved from /opt/airflow/dags/retail_sales_pipeline.py
[2025-07-10T05:13:38.670+0000] {logging_mixin.py:137} INFO - [2025-07-10T05:13:38.670+0000] {dag.py:2676} INFO - Sync 1 DAGs
[2025-07-10T05:13:38.765+0000] {logging_mixin.py:137} INFO - [2025-07-10T05:13:38.765+0000] {dag.py:3427} INFO - Setting next_dagrun for retail_sales_pipeline to None, run_after=None
[2025-07-10T05:13:38.838+0000] {processor.py:175} INFO - Processing /opt/airflow/dags/retail_sales_pipeline.py took 0.546 seconds
[2025-07-10T05:29:33.739+0000] {processor.py:153} INFO - Started process (PID=4606) to work on /opt/airflow/dags/retail_sales_pipeline.py
[2025-07-10T05:29:33.742+0000] {processor.py:743} INFO - Processing file /opt/airflow/dags/retail_sales_pipeline.py for tasks to queue
[2025-07-10T05:29:33.743+0000] {logging_mixin.py:137} INFO - [2025-07-10T05:29:33.743+0000] {dagbag.py:538} INFO - Filling up the DagBag from /opt/airflow/dags/retail_sales_pipeline.py
[2025-07-10T05:29:33.791+0000] {processor.py:753} INFO - DAG(s) dict_keys(['retail_sales_pipeline']) retrieved from /opt/airflow/dags/retail_sales_pipeline.py
[2025-07-10T05:29:34.078+0000] {logging_mixin.py:137} INFO - [2025-07-10T05:29:34.078+0000] {dag.py:2676} INFO - Sync 1 DAGs
[2025-07-10T05:29:34.181+0000] {logging_mixin.py:137} INFO - [2025-07-10T05:29:34.180+0000] {dag.py:3427} INFO - Setting next_dagrun for retail_sales_pipeline to None, run_after=None
[2025-07-10T05:29:34.278+0000] {processor.py:175} INFO - Processing /opt/airflow/dags/retail_sales_pipeline.py took 0.546 seconds
[2025-07-10T05:30:04.763+0000] {processor.py:153} INFO - Started process (PID=4611) to work on /opt/airflow/dags/retail_sales_pipeline.py
[2025-07-10T05:30:04.765+0000] {processor.py:743} INFO - Processing file /opt/airflow/dags/retail_sales_pipeline.py for tasks to queue
[2025-07-10T05:30:04.766+0000] {logging_mixin.py:137} INFO - [2025-07-10T05:30:04.766+0000] {dagbag.py:538} INFO - Filling up the DagBag from /opt/airflow/dags/retail_sales_pipeline.py
[2025-07-10T05:30:04.808+0000] {processor.py:753} INFO - DAG(s) dict_keys(['retail_sales_pipeline']) retrieved from /opt/airflow/dags/retail_sales_pipeline.py
[2025-07-10T05:30:04.940+0000] {logging_mixin.py:137} INFO - [2025-07-10T05:30:04.940+0000] {dag.py:2676} INFO - Sync 1 DAGs
[2025-07-10T05:30:04.985+0000] {logging_mixin.py:137} INFO - [2025-07-10T05:30:04.984+0000] {dag.py:3427} INFO - Setting next_dagrun for retail_sales_pipeline to None, run_after=None
[2025-07-10T05:30:05.008+0000] {processor.py:175} INFO - Processing /opt/airflow/dags/retail_sales_pipeline.py took 0.256 seconds
[2025-07-10T05:59:11.387+0000] {processor.py:153} INFO - Started process (PID=4616) to work on /opt/airflow/dags/retail_sales_pipeline.py
[2025-07-10T05:59:11.389+0000] {processor.py:743} INFO - Processing file /opt/airflow/dags/retail_sales_pipeline.py for tasks to queue
[2025-07-10T05:59:11.391+0000] {logging_mixin.py:137} INFO - [2025-07-10T05:59:11.391+0000] {dagbag.py:538} INFO - Filling up the DagBag from /opt/airflow/dags/retail_sales_pipeline.py
[2025-07-10T05:59:11.451+0000] {processor.py:753} INFO - DAG(s) dict_keys(['retail_sales_pipeline']) retrieved from /opt/airflow/dags/retail_sales_pipeline.py
[2025-07-10T05:59:11.571+0000] {logging_mixin.py:137} INFO - [2025-07-10T05:59:11.571+0000] {dag.py:2676} INFO - Sync 1 DAGs
[2025-07-10T05:59:11.623+0000] {logging_mixin.py:137} INFO - [2025-07-10T05:59:11.622+0000] {dag.py:3427} INFO - Setting next_dagrun for retail_sales_pipeline to None, run_after=None
[2025-07-10T05:59:11.651+0000] {processor.py:175} INFO - Processing /opt/airflow/dags/retail_sales_pipeline.py took 0.278 seconds
[2025-07-10T05:59:41.830+0000] {processor.py:153} INFO - Started process (PID=4621) to work on /opt/airflow/dags/retail_sales_pipeline.py
[2025-07-10T05:59:41.832+0000] {processor.py:743} INFO - Processing file /opt/airflow/dags/retail_sales_pipeline.py for tasks to queue
[2025-07-10T05:59:41.833+0000] {logging_mixin.py:137} INFO - [2025-07-10T05:59:41.833+0000] {dagbag.py:538} INFO - Filling up the DagBag from /opt/airflow/dags/retail_sales_pipeline.py
[2025-07-10T05:59:41.882+0000] {processor.py:753} INFO - DAG(s) dict_keys(['retail_sales_pipeline']) retrieved from /opt/airflow/dags/retail_sales_pipeline.py
[2025-07-10T05:59:42.011+0000] {logging_mixin.py:137} INFO - [2025-07-10T05:59:42.011+0000] {dag.py:2676} INFO - Sync 1 DAGs
[2025-07-10T05:59:42.055+0000] {logging_mixin.py:137} INFO - [2025-07-10T05:59:42.055+0000] {dag.py:3427} INFO - Setting next_dagrun for retail_sales_pipeline to None, run_after=None
[2025-07-10T05:59:42.081+0000] {processor.py:175} INFO - Processing /opt/airflow/dags/retail_sales_pipeline.py took 0.261 seconds
[2025-07-10T06:25:41.541+0000] {processor.py:153} INFO - Started process (PID=4626) to work on /opt/airflow/dags/retail_sales_pipeline.py
[2025-07-10T06:25:41.543+0000] {processor.py:743} INFO - Processing file /opt/airflow/dags/retail_sales_pipeline.py for tasks to queue
[2025-07-10T06:25:41.544+0000] {logging_mixin.py:137} INFO - [2025-07-10T06:25:41.544+0000] {dagbag.py:538} INFO - Filling up the DagBag from /opt/airflow/dags/retail_sales_pipeline.py
[2025-07-10T06:25:41.592+0000] {processor.py:753} INFO - DAG(s) dict_keys(['retail_sales_pipeline']) retrieved from /opt/airflow/dags/retail_sales_pipeline.py
[2025-07-10T06:25:41.762+0000] {logging_mixin.py:137} INFO - [2025-07-10T06:25:41.762+0000] {dag.py:2676} INFO - Sync 1 DAGs
[2025-07-10T06:25:41.802+0000] {logging_mixin.py:137} INFO - [2025-07-10T06:25:41.802+0000] {dag.py:3427} INFO - Setting next_dagrun for retail_sales_pipeline to None, run_after=None
[2025-07-10T06:25:41.827+0000] {processor.py:175} INFO - Processing /opt/airflow/dags/retail_sales_pipeline.py took 0.297 seconds
[2025-07-10T06:33:50.243+0000] {processor.py:153} INFO - Started process (PID=4633) to work on /opt/airflow/dags/retail_sales_pipeline.py
[2025-07-10T06:33:50.245+0000] {processor.py:743} INFO - Processing file /opt/airflow/dags/retail_sales_pipeline.py for tasks to queue
[2025-07-10T06:33:50.247+0000] {logging_mixin.py:137} INFO - [2025-07-10T06:33:50.247+0000] {dagbag.py:538} INFO - Filling up the DagBag from /opt/airflow/dags/retail_sales_pipeline.py
[2025-07-10T06:33:50.391+0000] {processor.py:753} INFO - DAG(s) dict_keys(['retail_sales_pipeline']) retrieved from /opt/airflow/dags/retail_sales_pipeline.py
[2025-07-10T06:33:50.767+0000] {logging_mixin.py:137} INFO - [2025-07-10T06:33:50.766+0000] {dag.py:2676} INFO - Sync 1 DAGs
[2025-07-10T06:33:50.839+0000] {logging_mixin.py:137} INFO - [2025-07-10T06:33:50.839+0000] {dag.py:3427} INFO - Setting next_dagrun for retail_sales_pipeline to None, run_after=None
[2025-07-10T06:33:50.873+0000] {processor.py:175} INFO - Processing /opt/airflow/dags/retail_sales_pipeline.py took 0.644 seconds
[2025-07-10T06:36:35.640+0000] {processor.py:153} INFO - Started process (PID=4638) to work on /opt/airflow/dags/retail_sales_pipeline.py
[2025-07-10T06:36:35.642+0000] {processor.py:743} INFO - Processing file /opt/airflow/dags/retail_sales_pipeline.py for tasks to queue
[2025-07-10T06:36:35.643+0000] {logging_mixin.py:137} INFO - [2025-07-10T06:36:35.643+0000] {dagbag.py:538} INFO - Filling up the DagBag from /opt/airflow/dags/retail_sales_pipeline.py
[2025-07-10T06:36:35.707+0000] {processor.py:753} INFO - DAG(s) dict_keys(['retail_sales_pipeline']) retrieved from /opt/airflow/dags/retail_sales_pipeline.py
[2025-07-10T06:36:35.856+0000] {logging_mixin.py:137} INFO - [2025-07-10T06:36:35.856+0000] {dag.py:2676} INFO - Sync 1 DAGs
[2025-07-10T06:36:35.905+0000] {logging_mixin.py:137} INFO - [2025-07-10T06:36:35.905+0000] {dag.py:3427} INFO - Setting next_dagrun for retail_sales_pipeline to None, run_after=None
[2025-07-10T06:36:35.929+0000] {processor.py:175} INFO - Processing /opt/airflow/dags/retail_sales_pipeline.py took 0.301 seconds
[2025-07-10T06:37:37.265+0000] {processor.py:153} INFO - Started process (PID=4643) to work on /opt/airflow/dags/retail_sales_pipeline.py
[2025-07-10T06:37:37.267+0000] {processor.py:743} INFO - Processing file /opt/airflow/dags/retail_sales_pipeline.py for tasks to queue
[2025-07-10T06:37:37.268+0000] {logging_mixin.py:137} INFO - [2025-07-10T06:37:37.268+0000] {dagbag.py:538} INFO - Filling up the DagBag from /opt/airflow/dags/retail_sales_pipeline.py
[2025-07-10T06:37:37.315+0000] {processor.py:753} INFO - DAG(s) dict_keys(['retail_sales_pipeline']) retrieved from /opt/airflow/dags/retail_sales_pipeline.py
[2025-07-10T06:37:37.440+0000] {logging_mixin.py:137} INFO - [2025-07-10T06:37:37.439+0000] {dag.py:2676} INFO - Sync 1 DAGs
[2025-07-10T06:37:37.484+0000] {logging_mixin.py:137} INFO - [2025-07-10T06:37:37.484+0000] {dag.py:3427} INFO - Setting next_dagrun for retail_sales_pipeline to None, run_after=None
[2025-07-10T06:37:37.509+0000] {processor.py:175} INFO - Processing /opt/airflow/dags/retail_sales_pipeline.py took 0.262 seconds
[2025-07-10T06:38:45.586+0000] {processor.py:153} INFO - Started process (PID=4648) to work on /opt/airflow/dags/retail_sales_pipeline.py
[2025-07-10T06:38:45.589+0000] {processor.py:743} INFO - Processing file /opt/airflow/dags/retail_sales_pipeline.py for tasks to queue
[2025-07-10T06:38:45.590+0000] {logging_mixin.py:137} INFO - [2025-07-10T06:38:45.590+0000] {dagbag.py:538} INFO - Filling up the DagBag from /opt/airflow/dags/retail_sales_pipeline.py
[2025-07-10T06:38:45.640+0000] {processor.py:753} INFO - DAG(s) dict_keys(['retail_sales_pipeline']) retrieved from /opt/airflow/dags/retail_sales_pipeline.py
[2025-07-10T06:38:45.841+0000] {logging_mixin.py:137} INFO - [2025-07-10T06:38:45.841+0000] {dag.py:2676} INFO - Sync 1 DAGs
[2025-07-10T06:38:45.971+0000] {logging_mixin.py:137} INFO - [2025-07-10T06:38:45.971+0000] {dag.py:3427} INFO - Setting next_dagrun for retail_sales_pipeline to None, run_after=None
[2025-07-10T06:38:46.050+0000] {processor.py:175} INFO - Processing /opt/airflow/dags/retail_sales_pipeline.py took 0.469 seconds
[2025-07-10T06:39:39.268+0000] {processor.py:153} INFO - Started process (PID=4655) to work on /opt/airflow/dags/retail_sales_pipeline.py
[2025-07-10T06:39:39.270+0000] {processor.py:743} INFO - Processing file /opt/airflow/dags/retail_sales_pipeline.py for tasks to queue
[2025-07-10T06:39:39.271+0000] {logging_mixin.py:137} INFO - [2025-07-10T06:39:39.271+0000] {dagbag.py:538} INFO - Filling up the DagBag from /opt/airflow/dags/retail_sales_pipeline.py
[2025-07-10T06:39:39.316+0000] {processor.py:753} INFO - DAG(s) dict_keys(['retail_sales_pipeline']) retrieved from /opt/airflow/dags/retail_sales_pipeline.py
[2025-07-10T06:39:39.445+0000] {logging_mixin.py:137} INFO - [2025-07-10T06:39:39.445+0000] {dag.py:2676} INFO - Sync 1 DAGs
[2025-07-10T06:39:39.487+0000] {logging_mixin.py:137} INFO - [2025-07-10T06:39:39.487+0000] {dag.py:3427} INFO - Setting next_dagrun for retail_sales_pipeline to None, run_after=None
[2025-07-10T06:39:39.516+0000] {processor.py:175} INFO - Processing /opt/airflow/dags/retail_sales_pipeline.py took 0.255 seconds
[2025-07-10T06:44:42.105+0000] {processor.py:153} INFO - Started process (PID=4660) to work on /opt/airflow/dags/retail_sales_pipeline.py
[2025-07-10T06:44:42.107+0000] {processor.py:743} INFO - Processing file /opt/airflow/dags/retail_sales_pipeline.py for tasks to queue
[2025-07-10T06:44:42.108+0000] {logging_mixin.py:137} INFO - [2025-07-10T06:44:42.108+0000] {dagbag.py:538} INFO - Filling up the DagBag from /opt/airflow/dags/retail_sales_pipeline.py
[2025-07-10T06:44:42.168+0000] {processor.py:753} INFO - DAG(s) dict_keys(['retail_sales_pipeline']) retrieved from /opt/airflow/dags/retail_sales_pipeline.py
[2025-07-10T06:44:42.581+0000] {logging_mixin.py:137} INFO - [2025-07-10T06:44:42.580+0000] {dag.py:2676} INFO - Sync 1 DAGs
[2025-07-10T06:44:42.713+0000] {logging_mixin.py:137} INFO - [2025-07-10T06:44:42.713+0000] {dag.py:3427} INFO - Setting next_dagrun for retail_sales_pipeline to None, run_after=None
[2025-07-10T06:44:42.839+0000] {processor.py:175} INFO - Processing /opt/airflow/dags/retail_sales_pipeline.py took 0.740 seconds
[2025-07-10T06:58:50.897+0000] {processor.py:153} INFO - Started process (PID=4665) to work on /opt/airflow/dags/retail_sales_pipeline.py
[2025-07-10T06:58:50.898+0000] {processor.py:743} INFO - Processing file /opt/airflow/dags/retail_sales_pipeline.py for tasks to queue
[2025-07-10T06:58:50.899+0000] {logging_mixin.py:137} INFO - [2025-07-10T06:58:50.899+0000] {dagbag.py:538} INFO - Filling up the DagBag from /opt/airflow/dags/retail_sales_pipeline.py
[2025-07-10T06:58:50.948+0000] {processor.py:753} INFO - DAG(s) dict_keys(['retail_sales_pipeline']) retrieved from /opt/airflow/dags/retail_sales_pipeline.py
[2025-07-10T06:58:51.095+0000] {logging_mixin.py:137} INFO - [2025-07-10T06:58:51.095+0000] {dag.py:2676} INFO - Sync 1 DAGs
[2025-07-10T06:58:51.172+0000] {logging_mixin.py:137} INFO - [2025-07-10T06:58:51.172+0000] {dag.py:3427} INFO - Setting next_dagrun for retail_sales_pipeline to None, run_after=None
[2025-07-10T06:58:51.275+0000] {processor.py:175} INFO - Processing /opt/airflow/dags/retail_sales_pipeline.py took 0.384 seconds
[2025-07-10T06:59:56.414+0000] {processor.py:153} INFO - Started process (PID=4670) to work on /opt/airflow/dags/retail_sales_pipeline.py
[2025-07-10T06:59:56.417+0000] {processor.py:743} INFO - Processing file /opt/airflow/dags/retail_sales_pipeline.py for tasks to queue
[2025-07-10T06:59:56.418+0000] {logging_mixin.py:137} INFO - [2025-07-10T06:59:56.418+0000] {dagbag.py:538} INFO - Filling up the DagBag from /opt/airflow/dags/retail_sales_pipeline.py
[2025-07-10T06:59:56.477+0000] {processor.py:753} INFO - DAG(s) dict_keys(['retail_sales_pipeline']) retrieved from /opt/airflow/dags/retail_sales_pipeline.py
[2025-07-10T06:59:56.618+0000] {logging_mixin.py:137} INFO - [2025-07-10T06:59:56.618+0000] {dag.py:2676} INFO - Sync 1 DAGs
[2025-07-10T06:59:56.667+0000] {logging_mixin.py:137} INFO - [2025-07-10T06:59:56.666+0000] {dag.py:3427} INFO - Setting next_dagrun for retail_sales_pipeline to None, run_after=None
[2025-07-10T06:59:56.691+0000] {processor.py:175} INFO - Processing /opt/airflow/dags/retail_sales_pipeline.py took 0.289 seconds
[2025-07-10T07:23:23.381+0000] {processor.py:153} INFO - Started process (PID=4676) to work on /opt/airflow/dags/retail_sales_pipeline.py
[2025-07-10T07:23:23.383+0000] {processor.py:743} INFO - Processing file /opt/airflow/dags/retail_sales_pipeline.py for tasks to queue
[2025-07-10T07:23:23.386+0000] {logging_mixin.py:137} INFO - [2025-07-10T07:23:23.386+0000] {dagbag.py:538} INFO - Filling up the DagBag from /opt/airflow/dags/retail_sales_pipeline.py
[2025-07-10T07:23:23.436+0000] {processor.py:753} INFO - DAG(s) dict_keys(['retail_sales_pipeline']) retrieved from /opt/airflow/dags/retail_sales_pipeline.py
[2025-07-10T07:23:23.846+0000] {logging_mixin.py:137} INFO - [2025-07-10T07:23:23.845+0000] {dag.py:2676} INFO - Sync 1 DAGs
[2025-07-10T07:23:24.003+0000] {logging_mixin.py:137} INFO - [2025-07-10T07:23:24.001+0000] {dag.py:3427} INFO - Setting next_dagrun for retail_sales_pipeline to None, run_after=None
[2025-07-10T07:23:24.156+0000] {processor.py:175} INFO - Processing /opt/airflow/dags/retail_sales_pipeline.py took 0.792 seconds
[2025-07-10T07:39:52.566+0000] {processor.py:153} INFO - Started process (PID=4682) to work on /opt/airflow/dags/retail_sales_pipeline.py
[2025-07-10T07:39:52.569+0000] {processor.py:743} INFO - Processing file /opt/airflow/dags/retail_sales_pipeline.py for tasks to queue
[2025-07-10T07:39:52.572+0000] {logging_mixin.py:137} INFO - [2025-07-10T07:39:52.571+0000] {dagbag.py:538} INFO - Filling up the DagBag from /opt/airflow/dags/retail_sales_pipeline.py
[2025-07-10T07:39:52.636+0000] {processor.py:753} INFO - DAG(s) dict_keys(['retail_sales_pipeline']) retrieved from /opt/airflow/dags/retail_sales_pipeline.py
[2025-07-10T07:39:53.068+0000] {logging_mixin.py:137} INFO - [2025-07-10T07:39:53.066+0000] {dag.py:2676} INFO - Sync 1 DAGs
[2025-07-10T07:39:53.297+0000] {logging_mixin.py:137} INFO - [2025-07-10T07:39:53.293+0000] {dag.py:3427} INFO - Setting next_dagrun for retail_sales_pipeline to None, run_after=None
[2025-07-10T07:39:53.521+0000] {processor.py:175} INFO - Processing /opt/airflow/dags/retail_sales_pipeline.py took 0.964 seconds
[2025-07-10T08:01:27.048+0000] {processor.py:153} INFO - Started process (PID=4687) to work on /opt/airflow/dags/retail_sales_pipeline.py
[2025-07-10T08:01:27.053+0000] {processor.py:743} INFO - Processing file /opt/airflow/dags/retail_sales_pipeline.py for tasks to queue
[2025-07-10T08:01:27.057+0000] {logging_mixin.py:137} INFO - [2025-07-10T08:01:27.057+0000] {dagbag.py:538} INFO - Filling up the DagBag from /opt/airflow/dags/retail_sales_pipeline.py
[2025-07-10T08:01:27.228+0000] {processor.py:753} INFO - DAG(s) dict_keys(['retail_sales_pipeline']) retrieved from /opt/airflow/dags/retail_sales_pipeline.py
[2025-07-10T08:01:27.845+0000] {logging_mixin.py:137} INFO - [2025-07-10T08:01:27.842+0000] {dag.py:2676} INFO - Sync 1 DAGs
[2025-07-10T08:01:28.066+0000] {logging_mixin.py:137} INFO - [2025-07-10T08:01:28.065+0000] {dag.py:3427} INFO - Setting next_dagrun for retail_sales_pipeline to None, run_after=None
[2025-07-10T08:01:28.130+0000] {processor.py:175} INFO - Processing /opt/airflow/dags/retail_sales_pipeline.py took 1.101 seconds
[2025-07-10T08:17:48.433+0000] {processor.py:153} INFO - Started process (PID=4692) to work on /opt/airflow/dags/retail_sales_pipeline.py
[2025-07-10T08:17:48.436+0000] {processor.py:743} INFO - Processing file /opt/airflow/dags/retail_sales_pipeline.py for tasks to queue
[2025-07-10T08:17:48.439+0000] {logging_mixin.py:137} INFO - [2025-07-10T08:17:48.438+0000] {dagbag.py:538} INFO - Filling up the DagBag from /opt/airflow/dags/retail_sales_pipeline.py
[2025-07-10T08:17:48.545+0000] {processor.py:753} INFO - DAG(s) dict_keys(['retail_sales_pipeline']) retrieved from /opt/airflow/dags/retail_sales_pipeline.py
[2025-07-10T08:17:48.870+0000] {logging_mixin.py:137} INFO - [2025-07-10T08:17:48.869+0000] {dag.py:2676} INFO - Sync 1 DAGs
[2025-07-10T08:17:48.978+0000] {logging_mixin.py:137} INFO - [2025-07-10T08:17:48.978+0000] {dag.py:3427} INFO - Setting next_dagrun for retail_sales_pipeline to None, run_after=None
[2025-07-10T08:17:49.093+0000] {processor.py:175} INFO - Processing /opt/airflow/dags/retail_sales_pipeline.py took 0.675 seconds
[2025-07-10T09:20:01.001+0000] {processor.py:153} INFO - Started process (PID=4699) to work on /opt/airflow/dags/retail_sales_pipeline.py
[2025-07-10T09:20:01.004+0000] {processor.py:743} INFO - Processing file /opt/airflow/dags/retail_sales_pipeline.py for tasks to queue
[2025-07-10T09:20:01.010+0000] {logging_mixin.py:137} INFO - [2025-07-10T09:20:01.009+0000] {dagbag.py:538} INFO - Filling up the DagBag from /opt/airflow/dags/retail_sales_pipeline.py
[2025-07-10T09:20:01.189+0000] {processor.py:753} INFO - DAG(s) dict_keys(['retail_sales_pipeline']) retrieved from /opt/airflow/dags/retail_sales_pipeline.py
[2025-07-10T09:20:01.440+0000] {logging_mixin.py:137} INFO - [2025-07-10T09:20:01.439+0000] {dag.py:2676} INFO - Sync 1 DAGs
[2025-07-10T09:20:01.591+0000] {logging_mixin.py:137} INFO - [2025-07-10T09:20:01.590+0000] {dag.py:3427} INFO - Setting next_dagrun for retail_sales_pipeline to None, run_after=None
[2025-07-10T09:20:01.686+0000] {processor.py:175} INFO - Processing /opt/airflow/dags/retail_sales_pipeline.py took 0.712 seconds
[2025-07-10T09:30:51.689+0000] {processor.py:153} INFO - Started process (PID=4704) to work on /opt/airflow/dags/retail_sales_pipeline.py
[2025-07-10T09:30:51.691+0000] {processor.py:743} INFO - Processing file /opt/airflow/dags/retail_sales_pipeline.py for tasks to queue
[2025-07-10T09:30:51.692+0000] {logging_mixin.py:137} INFO - [2025-07-10T09:30:51.692+0000] {dagbag.py:538} INFO - Filling up the DagBag from /opt/airflow/dags/retail_sales_pipeline.py
[2025-07-10T09:30:51.735+0000] {processor.py:753} INFO - DAG(s) dict_keys(['retail_sales_pipeline']) retrieved from /opt/airflow/dags/retail_sales_pipeline.py
[2025-07-10T09:30:51.874+0000] {logging_mixin.py:137} INFO - [2025-07-10T09:30:51.874+0000] {dag.py:2676} INFO - Sync 1 DAGs
[2025-07-10T09:30:52.004+0000] {logging_mixin.py:137} INFO - [2025-07-10T09:30:52.004+0000] {dag.py:3427} INFO - Setting next_dagrun for retail_sales_pipeline to None, run_after=None
[2025-07-10T09:30:52.126+0000] {processor.py:175} INFO - Processing /opt/airflow/dags/retail_sales_pipeline.py took 0.443 seconds
[2025-07-10T09:54:25.514+0000] {processor.py:153} INFO - Started process (PID=4709) to work on /opt/airflow/dags/retail_sales_pipeline.py
[2025-07-10T09:54:25.518+0000] {processor.py:743} INFO - Processing file /opt/airflow/dags/retail_sales_pipeline.py for tasks to queue
[2025-07-10T09:54:25.523+0000] {logging_mixin.py:137} INFO - [2025-07-10T09:54:25.523+0000] {dagbag.py:538} INFO - Filling up the DagBag from /opt/airflow/dags/retail_sales_pipeline.py
[2025-07-10T09:54:25.653+0000] {processor.py:753} INFO - DAG(s) dict_keys(['retail_sales_pipeline']) retrieved from /opt/airflow/dags/retail_sales_pipeline.py
[2025-07-10T09:54:25.917+0000] {logging_mixin.py:137} INFO - [2025-07-10T09:54:25.916+0000] {dag.py:2676} INFO - Sync 1 DAGs
[2025-07-10T09:54:26.032+0000] {logging_mixin.py:137} INFO - [2025-07-10T09:54:26.032+0000] {dag.py:3427} INFO - Setting next_dagrun for retail_sales_pipeline to None, run_after=None
[2025-07-10T09:54:26.106+0000] {processor.py:175} INFO - Processing /opt/airflow/dags/retail_sales_pipeline.py took 0.602 seconds
[2025-07-10T10:02:02.283+0000] {processor.py:153} INFO - Started process (PID=4714) to work on /opt/airflow/dags/retail_sales_pipeline.py
[2025-07-10T10:02:02.285+0000] {processor.py:743} INFO - Processing file /opt/airflow/dags/retail_sales_pipeline.py for tasks to queue
[2025-07-10T10:02:02.286+0000] {logging_mixin.py:137} INFO - [2025-07-10T10:02:02.286+0000] {dagbag.py:538} INFO - Filling up the DagBag from /opt/airflow/dags/retail_sales_pipeline.py
[2025-07-10T10:02:02.334+0000] {processor.py:753} INFO - DAG(s) dict_keys(['retail_sales_pipeline']) retrieved from /opt/airflow/dags/retail_sales_pipeline.py
[2025-07-10T10:02:02.469+0000] {logging_mixin.py:137} INFO - [2025-07-10T10:02:02.469+0000] {dag.py:2676} INFO - Sync 1 DAGs
[2025-07-10T10:02:02.514+0000] {logging_mixin.py:137} INFO - [2025-07-10T10:02:02.514+0000] {dag.py:3427} INFO - Setting next_dagrun for retail_sales_pipeline to None, run_after=None
[2025-07-10T10:02:02.538+0000] {processor.py:175} INFO - Processing /opt/airflow/dags/retail_sales_pipeline.py took 0.261 seconds
[2025-07-10T10:15:12.823+0000] {processor.py:153} INFO - Started process (PID=4719) to work on /opt/airflow/dags/retail_sales_pipeline.py
[2025-07-10T10:15:12.828+0000] {processor.py:743} INFO - Processing file /opt/airflow/dags/retail_sales_pipeline.py for tasks to queue
[2025-07-10T10:15:12.834+0000] {logging_mixin.py:137} INFO - [2025-07-10T10:15:12.833+0000] {dagbag.py:538} INFO - Filling up the DagBag from /opt/airflow/dags/retail_sales_pipeline.py
[2025-07-10T10:15:12.920+0000] {processor.py:753} INFO - DAG(s) dict_keys(['retail_sales_pipeline']) retrieved from /opt/airflow/dags/retail_sales_pipeline.py
[2025-07-10T10:15:13.266+0000] {logging_mixin.py:137} INFO - [2025-07-10T10:15:13.265+0000] {dag.py:2676} INFO - Sync 1 DAGs
[2025-07-10T10:15:13.310+0000] {logging_mixin.py:137} INFO - [2025-07-10T10:15:13.309+0000] {dag.py:3427} INFO - Setting next_dagrun for retail_sales_pipeline to None, run_after=None
[2025-07-10T10:15:13.339+0000] {processor.py:175} INFO - Processing /opt/airflow/dags/retail_sales_pipeline.py took 0.529 seconds
[2025-07-10T10:18:03.009+0000] {processor.py:153} INFO - Started process (PID=4725) to work on /opt/airflow/dags/retail_sales_pipeline.py
[2025-07-10T10:18:03.012+0000] {processor.py:743} INFO - Processing file /opt/airflow/dags/retail_sales_pipeline.py for tasks to queue
[2025-07-10T10:18:03.013+0000] {logging_mixin.py:137} INFO - [2025-07-10T10:18:03.013+0000] {dagbag.py:538} INFO - Filling up the DagBag from /opt/airflow/dags/retail_sales_pipeline.py
[2025-07-10T10:18:03.066+0000] {processor.py:753} INFO - DAG(s) dict_keys(['retail_sales_pipeline']) retrieved from /opt/airflow/dags/retail_sales_pipeline.py
[2025-07-10T10:18:03.213+0000] {logging_mixin.py:137} INFO - [2025-07-10T10:18:03.213+0000] {dag.py:2676} INFO - Sync 1 DAGs
[2025-07-10T10:18:03.261+0000] {logging_mixin.py:137} INFO - [2025-07-10T10:18:03.260+0000] {dag.py:3427} INFO - Setting next_dagrun for retail_sales_pipeline to None, run_after=None
[2025-07-10T10:18:03.290+0000] {processor.py:175} INFO - Processing /opt/airflow/dags/retail_sales_pipeline.py took 0.289 seconds
[2025-07-10T10:19:29.593+0000] {processor.py:153} INFO - Started process (PID=4731) to work on /opt/airflow/dags/retail_sales_pipeline.py
[2025-07-10T10:19:29.595+0000] {processor.py:743} INFO - Processing file /opt/airflow/dags/retail_sales_pipeline.py for tasks to queue
[2025-07-10T10:19:29.598+0000] {logging_mixin.py:137} INFO - [2025-07-10T10:19:29.596+0000] {dagbag.py:538} INFO - Filling up the DagBag from /opt/airflow/dags/retail_sales_pipeline.py
[2025-07-10T10:19:29.646+0000] {processor.py:753} INFO - DAG(s) dict_keys(['retail_sales_pipeline']) retrieved from /opt/airflow/dags/retail_sales_pipeline.py
[2025-07-10T10:19:29.781+0000] {logging_mixin.py:137} INFO - [2025-07-10T10:19:29.781+0000] {dag.py:2676} INFO - Sync 1 DAGs
[2025-07-10T10:19:29.825+0000] {logging_mixin.py:137} INFO - [2025-07-10T10:19:29.825+0000] {dag.py:3427} INFO - Setting next_dagrun for retail_sales_pipeline to None, run_after=None
[2025-07-10T10:19:29.860+0000] {processor.py:175} INFO - Processing /opt/airflow/dags/retail_sales_pipeline.py took 0.275 seconds
[2025-07-10T10:29:21.429+0000] {processor.py:153} INFO - Started process (PID=4736) to work on /opt/airflow/dags/retail_sales_pipeline.py
[2025-07-10T10:29:21.431+0000] {processor.py:743} INFO - Processing file /opt/airflow/dags/retail_sales_pipeline.py for tasks to queue
[2025-07-10T10:29:21.436+0000] {logging_mixin.py:137} INFO - [2025-07-10T10:29:21.435+0000] {dagbag.py:538} INFO - Filling up the DagBag from /opt/airflow/dags/retail_sales_pipeline.py
[2025-07-10T10:29:21.518+0000] {processor.py:753} INFO - DAG(s) dict_keys(['retail_sales_pipeline']) retrieved from /opt/airflow/dags/retail_sales_pipeline.py
[2025-07-10T10:29:21.745+0000] {logging_mixin.py:137} INFO - [2025-07-10T10:29:21.745+0000] {dag.py:2676} INFO - Sync 1 DAGs
[2025-07-10T10:29:21.866+0000] {logging_mixin.py:137} INFO - [2025-07-10T10:29:21.866+0000] {dag.py:3427} INFO - Setting next_dagrun for retail_sales_pipeline to None, run_after=None
[2025-07-10T10:29:21.939+0000] {processor.py:175} INFO - Processing /opt/airflow/dags/retail_sales_pipeline.py took 0.520 seconds
[2025-07-10T10:30:00.677+0000] {processor.py:153} INFO - Started process (PID=4741) to work on /opt/airflow/dags/retail_sales_pipeline.py
[2025-07-10T10:30:00.680+0000] {processor.py:743} INFO - Processing file /opt/airflow/dags/retail_sales_pipeline.py for tasks to queue
[2025-07-10T10:30:00.681+0000] {logging_mixin.py:137} INFO - [2025-07-10T10:30:00.681+0000] {dagbag.py:538} INFO - Filling up the DagBag from /opt/airflow/dags/retail_sales_pipeline.py
[2025-07-10T10:30:00.734+0000] {processor.py:753} INFO - DAG(s) dict_keys(['retail_sales_pipeline']) retrieved from /opt/airflow/dags/retail_sales_pipeline.py
[2025-07-10T10:30:00.894+0000] {logging_mixin.py:137} INFO - [2025-07-10T10:30:00.894+0000] {dag.py:2676} INFO - Sync 1 DAGs
[2025-07-10T10:30:00.940+0000] {logging_mixin.py:137} INFO - [2025-07-10T10:30:00.940+0000] {dag.py:3427} INFO - Setting next_dagrun for retail_sales_pipeline to None, run_after=None
[2025-07-10T10:30:00.964+0000] {processor.py:175} INFO - Processing /opt/airflow/dags/retail_sales_pipeline.py took 0.302 seconds
[2025-07-10T10:57:59.318+0000] {processor.py:153} INFO - Started process (PID=4746) to work on /opt/airflow/dags/retail_sales_pipeline.py
[2025-07-10T10:57:59.321+0000] {processor.py:743} INFO - Processing file /opt/airflow/dags/retail_sales_pipeline.py for tasks to queue
[2025-07-10T10:57:59.322+0000] {logging_mixin.py:137} INFO - [2025-07-10T10:57:59.322+0000] {dagbag.py:538} INFO - Filling up the DagBag from /opt/airflow/dags/retail_sales_pipeline.py
[2025-07-10T10:57:59.365+0000] {processor.py:753} INFO - DAG(s) dict_keys(['retail_sales_pipeline']) retrieved from /opt/airflow/dags/retail_sales_pipeline.py
[2025-07-10T10:57:59.487+0000] {logging_mixin.py:137} INFO - [2025-07-10T10:57:59.487+0000] {dag.py:2676} INFO - Sync 1 DAGs
[2025-07-10T10:57:59.541+0000] {logging_mixin.py:137} INFO - [2025-07-10T10:57:59.541+0000] {dag.py:3427} INFO - Setting next_dagrun for retail_sales_pipeline to None, run_after=None
[2025-07-10T10:57:59.636+0000] {processor.py:175} INFO - Processing /opt/airflow/dags/retail_sales_pipeline.py took 0.325 seconds
[2025-07-10T11:49:49.165+0000] {processor.py:153} INFO - Started process (PID=4753) to work on /opt/airflow/dags/retail_sales_pipeline.py
[2025-07-10T11:49:49.170+0000] {processor.py:743} INFO - Processing file /opt/airflow/dags/retail_sales_pipeline.py for tasks to queue
[2025-07-10T11:49:49.172+0000] {logging_mixin.py:137} INFO - [2025-07-10T11:49:49.172+0000] {dagbag.py:538} INFO - Filling up the DagBag from /opt/airflow/dags/retail_sales_pipeline.py
[2025-07-10T11:49:49.278+0000] {processor.py:753} INFO - DAG(s) dict_keys(['retail_sales_pipeline']) retrieved from /opt/airflow/dags/retail_sales_pipeline.py
[2025-07-10T11:49:49.576+0000] {logging_mixin.py:137} INFO - [2025-07-10T11:49:49.575+0000] {dag.py:2676} INFO - Sync 1 DAGs
[2025-07-10T11:49:49.702+0000] {logging_mixin.py:137} INFO - [2025-07-10T11:49:49.702+0000] {dag.py:3427} INFO - Setting next_dagrun for retail_sales_pipeline to None, run_after=None
[2025-07-10T11:49:49.789+0000] {processor.py:175} INFO - Processing /opt/airflow/dags/retail_sales_pipeline.py took 0.638 seconds
[2025-07-10T12:02:49.935+0000] {processor.py:153} INFO - Started process (PID=4758) to work on /opt/airflow/dags/retail_sales_pipeline.py
[2025-07-10T12:02:49.937+0000] {processor.py:743} INFO - Processing file /opt/airflow/dags/retail_sales_pipeline.py for tasks to queue
[2025-07-10T12:02:49.938+0000] {logging_mixin.py:137} INFO - [2025-07-10T12:02:49.938+0000] {dagbag.py:538} INFO - Filling up the DagBag from /opt/airflow/dags/retail_sales_pipeline.py
[2025-07-10T12:02:49.982+0000] {processor.py:753} INFO - DAG(s) dict_keys(['retail_sales_pipeline']) retrieved from /opt/airflow/dags/retail_sales_pipeline.py
[2025-07-10T12:02:50.120+0000] {logging_mixin.py:137} INFO - [2025-07-10T12:02:50.119+0000] {dag.py:2676} INFO - Sync 1 DAGs
[2025-07-10T12:02:50.168+0000] {logging_mixin.py:137} INFO - [2025-07-10T12:02:50.168+0000] {dag.py:3427} INFO - Setting next_dagrun for retail_sales_pipeline to None, run_after=None
[2025-07-10T12:02:50.193+0000] {processor.py:175} INFO - Processing /opt/airflow/dags/retail_sales_pipeline.py took 0.265 seconds
[2025-07-10T12:35:58.475+0000] {processor.py:153} INFO - Started process (PID=4763) to work on /opt/airflow/dags/retail_sales_pipeline.py
[2025-07-10T12:35:58.481+0000] {processor.py:743} INFO - Processing file /opt/airflow/dags/retail_sales_pipeline.py for tasks to queue
[2025-07-10T12:35:58.486+0000] {logging_mixin.py:137} INFO - [2025-07-10T12:35:58.485+0000] {dagbag.py:538} INFO - Filling up the DagBag from /opt/airflow/dags/retail_sales_pipeline.py
[2025-07-10T12:35:58.631+0000] {processor.py:753} INFO - DAG(s) dict_keys(['retail_sales_pipeline']) retrieved from /opt/airflow/dags/retail_sales_pipeline.py
[2025-07-10T12:35:58.844+0000] {logging_mixin.py:137} INFO - [2025-07-10T12:35:58.844+0000] {dag.py:2676} INFO - Sync 1 DAGs
[2025-07-10T12:35:58.890+0000] {logging_mixin.py:137} INFO - [2025-07-10T12:35:58.890+0000] {dag.py:3427} INFO - Setting next_dagrun for retail_sales_pipeline to None, run_after=None
[2025-07-10T12:35:58.940+0000] {processor.py:175} INFO - Processing /opt/airflow/dags/retail_sales_pipeline.py took 0.490 seconds
[2025-07-10T12:45:16.234+0000] {processor.py:153} INFO - Started process (PID=4768) to work on /opt/airflow/dags/retail_sales_pipeline.py
[2025-07-10T12:45:16.237+0000] {processor.py:743} INFO - Processing file /opt/airflow/dags/retail_sales_pipeline.py for tasks to queue
[2025-07-10T12:45:16.238+0000] {logging_mixin.py:137} INFO - [2025-07-10T12:45:16.238+0000] {dagbag.py:538} INFO - Filling up the DagBag from /opt/airflow/dags/retail_sales_pipeline.py
[2025-07-10T12:45:16.287+0000] {processor.py:753} INFO - DAG(s) dict_keys(['retail_sales_pipeline']) retrieved from /opt/airflow/dags/retail_sales_pipeline.py
[2025-07-10T12:45:16.446+0000] {logging_mixin.py:137} INFO - [2025-07-10T12:45:16.446+0000] {dag.py:2676} INFO - Sync 1 DAGs
[2025-07-10T12:45:16.500+0000] {logging_mixin.py:137} INFO - [2025-07-10T12:45:16.500+0000] {dag.py:3427} INFO - Setting next_dagrun for retail_sales_pipeline to None, run_after=None
[2025-07-10T12:45:16.524+0000] {processor.py:175} INFO - Processing /opt/airflow/dags/retail_sales_pipeline.py took 0.300 seconds
[2025-07-10T13:41:28.122+0000] {processor.py:153} INFO - Started process (PID=4775) to work on /opt/airflow/dags/retail_sales_pipeline.py
[2025-07-10T13:41:28.126+0000] {processor.py:743} INFO - Processing file /opt/airflow/dags/retail_sales_pipeline.py for tasks to queue
[2025-07-10T13:41:28.128+0000] {logging_mixin.py:137} INFO - [2025-07-10T13:41:28.128+0000] {dagbag.py:538} INFO - Filling up the DagBag from /opt/airflow/dags/retail_sales_pipeline.py
[2025-07-10T13:41:28.209+0000] {processor.py:753} INFO - DAG(s) dict_keys(['retail_sales_pipeline']) retrieved from /opt/airflow/dags/retail_sales_pipeline.py
[2025-07-10T13:41:28.487+0000] {logging_mixin.py:137} INFO - [2025-07-10T13:41:28.487+0000] {dag.py:2676} INFO - Sync 1 DAGs
[2025-07-10T13:41:28.582+0000] {logging_mixin.py:137} INFO - [2025-07-10T13:41:28.581+0000] {dag.py:3427} INFO - Setting next_dagrun for retail_sales_pipeline to None, run_after=None
[2025-07-10T13:41:28.670+0000] {processor.py:175} INFO - Processing /opt/airflow/dags/retail_sales_pipeline.py took 0.563 seconds
[2025-07-10T14:00:57.507+0000] {processor.py:153} INFO - Started process (PID=4780) to work on /opt/airflow/dags/retail_sales_pipeline.py
[2025-07-10T14:00:57.509+0000] {processor.py:743} INFO - Processing file /opt/airflow/dags/retail_sales_pipeline.py for tasks to queue
[2025-07-10T14:00:57.513+0000] {logging_mixin.py:137} INFO - [2025-07-10T14:00:57.512+0000] {dagbag.py:538} INFO - Filling up the DagBag from /opt/airflow/dags/retail_sales_pipeline.py
[2025-07-10T14:00:57.592+0000] {processor.py:753} INFO - DAG(s) dict_keys(['retail_sales_pipeline']) retrieved from /opt/airflow/dags/retail_sales_pipeline.py
[2025-07-10T14:00:57.911+0000] {logging_mixin.py:137} INFO - [2025-07-10T14:00:57.910+0000] {dag.py:2676} INFO - Sync 1 DAGs
[2025-07-10T14:00:58.024+0000] {logging_mixin.py:137} INFO - [2025-07-10T14:00:58.024+0000] {dag.py:3427} INFO - Setting next_dagrun for retail_sales_pipeline to None, run_after=None
[2025-07-10T14:00:58.106+0000] {processor.py:175} INFO - Processing /opt/airflow/dags/retail_sales_pipeline.py took 0.607 seconds
[2025-07-10T14:40:40.281+0000] {processor.py:153} INFO - Started process (PID=4785) to work on /opt/airflow/dags/retail_sales_pipeline.py
[2025-07-10T14:40:40.283+0000] {processor.py:743} INFO - Processing file /opt/airflow/dags/retail_sales_pipeline.py for tasks to queue
[2025-07-10T14:40:40.286+0000] {logging_mixin.py:137} INFO - [2025-07-10T14:40:40.286+0000] {dagbag.py:538} INFO - Filling up the DagBag from /opt/airflow/dags/retail_sales_pipeline.py
[2025-07-10T14:40:40.367+0000] {processor.py:753} INFO - DAG(s) dict_keys(['retail_sales_pipeline']) retrieved from /opt/airflow/dags/retail_sales_pipeline.py
[2025-07-10T14:40:40.621+0000] {logging_mixin.py:137} INFO - [2025-07-10T14:40:40.621+0000] {dag.py:2676} INFO - Sync 1 DAGs
[2025-07-10T14:40:40.719+0000] {logging_mixin.py:137} INFO - [2025-07-10T14:40:40.718+0000] {dag.py:3427} INFO - Setting next_dagrun for retail_sales_pipeline to None, run_after=None
[2025-07-10T14:40:40.830+0000] {processor.py:175} INFO - Processing /opt/airflow/dags/retail_sales_pipeline.py took 0.565 seconds
[2025-07-10T14:41:20.435+0000] {processor.py:153} INFO - Started process (PID=4790) to work on /opt/airflow/dags/retail_sales_pipeline.py
[2025-07-10T14:41:20.438+0000] {processor.py:743} INFO - Processing file /opt/airflow/dags/retail_sales_pipeline.py for tasks to queue
[2025-07-10T14:41:20.439+0000] {logging_mixin.py:137} INFO - [2025-07-10T14:41:20.439+0000] {dagbag.py:538} INFO - Filling up the DagBag from /opt/airflow/dags/retail_sales_pipeline.py
[2025-07-10T14:41:20.485+0000] {processor.py:753} INFO - DAG(s) dict_keys(['retail_sales_pipeline']) retrieved from /opt/airflow/dags/retail_sales_pipeline.py
[2025-07-10T14:41:20.632+0000] {logging_mixin.py:137} INFO - [2025-07-10T14:41:20.632+0000] {dag.py:2676} INFO - Sync 1 DAGs
[2025-07-10T14:41:20.686+0000] {logging_mixin.py:137} INFO - [2025-07-10T14:41:20.686+0000] {dag.py:3427} INFO - Setting next_dagrun for retail_sales_pipeline to None, run_after=None
[2025-07-10T14:41:20.709+0000] {processor.py:175} INFO - Processing /opt/airflow/dags/retail_sales_pipeline.py took 0.283 seconds
[2025-07-10T14:58:07.115+0000] {processor.py:153} INFO - Started process (PID=4797) to work on /opt/airflow/dags/retail_sales_pipeline.py
[2025-07-10T14:58:07.117+0000] {processor.py:743} INFO - Processing file /opt/airflow/dags/retail_sales_pipeline.py for tasks to queue
[2025-07-10T14:58:07.118+0000] {logging_mixin.py:137} INFO - [2025-07-10T14:58:07.118+0000] {dagbag.py:538} INFO - Filling up the DagBag from /opt/airflow/dags/retail_sales_pipeline.py
[2025-07-10T14:58:07.169+0000] {processor.py:753} INFO - DAG(s) dict_keys(['retail_sales_pipeline']) retrieved from /opt/airflow/dags/retail_sales_pipeline.py
[2025-07-10T14:58:07.409+0000] {logging_mixin.py:137} INFO - [2025-07-10T14:58:07.408+0000] {dag.py:2676} INFO - Sync 1 DAGs
[2025-07-10T14:58:07.534+0000] {logging_mixin.py:137} INFO - [2025-07-10T14:58:07.534+0000] {dag.py:3427} INFO - Setting next_dagrun for retail_sales_pipeline to None, run_after=None
[2025-07-10T14:58:07.613+0000] {processor.py:175} INFO - Processing /opt/airflow/dags/retail_sales_pipeline.py took 0.508 seconds
[2025-07-10T15:03:37.025+0000] {processor.py:153} INFO - Started process (PID=4802) to work on /opt/airflow/dags/retail_sales_pipeline.py
[2025-07-10T15:03:37.029+0000] {processor.py:743} INFO - Processing file /opt/airflow/dags/retail_sales_pipeline.py for tasks to queue
[2025-07-10T15:03:37.033+0000] {logging_mixin.py:137} INFO - [2025-07-10T15:03:37.032+0000] {dagbag.py:538} INFO - Filling up the DagBag from /opt/airflow/dags/retail_sales_pipeline.py
[2025-07-10T15:03:37.123+0000] {processor.py:753} INFO - DAG(s) dict_keys(['retail_sales_pipeline']) retrieved from /opt/airflow/dags/retail_sales_pipeline.py
[2025-07-10T15:03:37.382+0000] {logging_mixin.py:137} INFO - [2025-07-10T15:03:37.381+0000] {dag.py:2676} INFO - Sync 1 DAGs
[2025-07-10T15:03:37.471+0000] {logging_mixin.py:137} INFO - [2025-07-10T15:03:37.471+0000] {dag.py:3427} INFO - Setting next_dagrun for retail_sales_pipeline to None, run_after=None
[2025-07-10T15:03:37.546+0000] {processor.py:175} INFO - Processing /opt/airflow/dags/retail_sales_pipeline.py took 0.534 seconds
[2025-07-10T15:27:34.824+0000] {processor.py:153} INFO - Started process (PID=4807) to work on /opt/airflow/dags/retail_sales_pipeline.py
[2025-07-10T15:27:34.826+0000] {processor.py:743} INFO - Processing file /opt/airflow/dags/retail_sales_pipeline.py for tasks to queue
[2025-07-10T15:27:34.829+0000] {logging_mixin.py:137} INFO - [2025-07-10T15:27:34.828+0000] {dagbag.py:538} INFO - Filling up the DagBag from /opt/airflow/dags/retail_sales_pipeline.py
[2025-07-10T15:27:34.936+0000] {processor.py:753} INFO - DAG(s) dict_keys(['retail_sales_pipeline']) retrieved from /opt/airflow/dags/retail_sales_pipeline.py
[2025-07-10T15:27:35.102+0000] {logging_mixin.py:137} INFO - [2025-07-10T15:27:35.102+0000] {dag.py:2676} INFO - Sync 1 DAGs
[2025-07-10T15:27:35.161+0000] {logging_mixin.py:137} INFO - [2025-07-10T15:27:35.161+0000] {dag.py:3427} INFO - Setting next_dagrun for retail_sales_pipeline to None, run_after=None
[2025-07-10T15:27:35.197+0000] {processor.py:175} INFO - Processing /opt/airflow/dags/retail_sales_pipeline.py took 0.381 seconds
[2025-07-10T16:09:51.995+0000] {processor.py:153} INFO - Started process (PID=4812) to work on /opt/airflow/dags/retail_sales_pipeline.py
[2025-07-10T16:09:51.999+0000] {processor.py:743} INFO - Processing file /opt/airflow/dags/retail_sales_pipeline.py for tasks to queue
[2025-07-10T16:09:52.004+0000] {logging_mixin.py:137} INFO - [2025-07-10T16:09:52.003+0000] {dagbag.py:538} INFO - Filling up the DagBag from /opt/airflow/dags/retail_sales_pipeline.py
[2025-07-10T16:09:52.098+0000] {processor.py:753} INFO - DAG(s) dict_keys(['retail_sales_pipeline']) retrieved from /opt/airflow/dags/retail_sales_pipeline.py
[2025-07-10T16:09:52.372+0000] {logging_mixin.py:137} INFO - [2025-07-10T16:09:52.371+0000] {dag.py:2676} INFO - Sync 1 DAGs
[2025-07-10T16:09:52.499+0000] {logging_mixin.py:137} INFO - [2025-07-10T16:09:52.497+0000] {dag.py:3427} INFO - Setting next_dagrun for retail_sales_pipeline to None, run_after=None
[2025-07-10T16:09:52.613+0000] {processor.py:175} INFO - Processing /opt/airflow/dags/retail_sales_pipeline.py took 0.625 seconds
[2025-07-10T16:25:43.984+0000] {processor.py:153} INFO - Started process (PID=4818) to work on /opt/airflow/dags/retail_sales_pipeline.py
[2025-07-10T16:25:43.985+0000] {processor.py:743} INFO - Processing file /opt/airflow/dags/retail_sales_pipeline.py for tasks to queue
[2025-07-10T16:25:43.986+0000] {logging_mixin.py:137} INFO - [2025-07-10T16:25:43.986+0000] {dagbag.py:538} INFO - Filling up the DagBag from /opt/airflow/dags/retail_sales_pipeline.py
[2025-07-10T16:25:44.038+0000] {processor.py:753} INFO - DAG(s) dict_keys(['retail_sales_pipeline']) retrieved from /opt/airflow/dags/retail_sales_pipeline.py
[2025-07-10T16:25:44.184+0000] {logging_mixin.py:137} INFO - [2025-07-10T16:25:44.184+0000] {dag.py:2676} INFO - Sync 1 DAGs
[2025-07-10T16:25:44.226+0000] {logging_mixin.py:137} INFO - [2025-07-10T16:25:44.226+0000] {dag.py:3427} INFO - Setting next_dagrun for retail_sales_pipeline to None, run_after=None
[2025-07-10T16:25:44.256+0000] {processor.py:175} INFO - Processing /opt/airflow/dags/retail_sales_pipeline.py took 0.280 seconds
[2025-07-10T16:54:48.143+0000] {processor.py:153} INFO - Started process (PID=4824) to work on /opt/airflow/dags/retail_sales_pipeline.py
[2025-07-10T16:54:48.146+0000] {processor.py:743} INFO - Processing file /opt/airflow/dags/retail_sales_pipeline.py for tasks to queue
[2025-07-10T16:54:48.150+0000] {logging_mixin.py:137} INFO - [2025-07-10T16:54:48.150+0000] {dagbag.py:538} INFO - Filling up the DagBag from /opt/airflow/dags/retail_sales_pipeline.py
[2025-07-10T16:54:48.261+0000] {processor.py:753} INFO - DAG(s) dict_keys(['retail_sales_pipeline']) retrieved from /opt/airflow/dags/retail_sales_pipeline.py
[2025-07-10T16:54:48.739+0000] {logging_mixin.py:137} INFO - [2025-07-10T16:54:48.733+0000] {dag.py:2676} INFO - Sync 1 DAGs
[2025-07-10T16:54:48.807+0000] {logging_mixin.py:137} INFO - [2025-07-10T16:54:48.807+0000] {dag.py:3427} INFO - Setting next_dagrun for retail_sales_pipeline to None, run_after=None
[2025-07-10T16:54:48.853+0000] {processor.py:175} INFO - Processing /opt/airflow/dags/retail_sales_pipeline.py took 0.727 seconds
[2025-07-10T17:27:19.617+0000] {processor.py:153} INFO - Started process (PID=4829) to work on /opt/airflow/dags/retail_sales_pipeline.py
[2025-07-10T17:27:19.618+0000] {processor.py:743} INFO - Processing file /opt/airflow/dags/retail_sales_pipeline.py for tasks to queue
[2025-07-10T17:27:19.619+0000] {logging_mixin.py:137} INFO - [2025-07-10T17:27:19.619+0000] {dagbag.py:538} INFO - Filling up the DagBag from /opt/airflow/dags/retail_sales_pipeline.py
[2025-07-10T17:27:19.658+0000] {processor.py:753} INFO - DAG(s) dict_keys(['retail_sales_pipeline']) retrieved from /opt/airflow/dags/retail_sales_pipeline.py
[2025-07-10T17:27:19.775+0000] {logging_mixin.py:137} INFO - [2025-07-10T17:27:19.774+0000] {dag.py:2676} INFO - Sync 1 DAGs
[2025-07-10T17:27:19.819+0000] {logging_mixin.py:137} INFO - [2025-07-10T17:27:19.818+0000] {dag.py:3427} INFO - Setting next_dagrun for retail_sales_pipeline to None, run_after=None
[2025-07-10T17:27:19.849+0000] {processor.py:175} INFO - Processing /opt/airflow/dags/retail_sales_pipeline.py took 0.240 seconds
[2025-07-10T17:55:46.919+0000] {processor.py:153} INFO - Started process (PID=4834) to work on /opt/airflow/dags/retail_sales_pipeline.py
[2025-07-10T17:55:46.926+0000] {processor.py:743} INFO - Processing file /opt/airflow/dags/retail_sales_pipeline.py for tasks to queue
[2025-07-10T17:55:46.938+0000] {logging_mixin.py:137} INFO - [2025-07-10T17:55:46.937+0000] {dagbag.py:538} INFO - Filling up the DagBag from /opt/airflow/dags/retail_sales_pipeline.py
[2025-07-10T17:55:47.137+0000] {processor.py:753} INFO - DAG(s) dict_keys(['retail_sales_pipeline']) retrieved from /opt/airflow/dags/retail_sales_pipeline.py
[2025-07-10T17:55:47.361+0000] {logging_mixin.py:137} INFO - [2025-07-10T17:55:47.361+0000] {dag.py:2676} INFO - Sync 1 DAGs
[2025-07-10T17:55:47.418+0000] {logging_mixin.py:137} INFO - [2025-07-10T17:55:47.418+0000] {dag.py:3427} INFO - Setting next_dagrun for retail_sales_pipeline to None, run_after=None
[2025-07-10T17:55:47.451+0000] {processor.py:175} INFO - Processing /opt/airflow/dags/retail_sales_pipeline.py took 0.570 seconds
[2025-07-10T18:12:22.296+0000] {processor.py:153} INFO - Started process (PID=4839) to work on /opt/airflow/dags/retail_sales_pipeline.py
[2025-07-10T18:12:22.301+0000] {processor.py:743} INFO - Processing file /opt/airflow/dags/retail_sales_pipeline.py for tasks to queue
[2025-07-10T18:12:22.302+0000] {logging_mixin.py:137} INFO - [2025-07-10T18:12:22.302+0000] {dagbag.py:538} INFO - Filling up the DagBag from /opt/airflow/dags/retail_sales_pipeline.py
[2025-07-10T18:12:22.359+0000] {processor.py:753} INFO - DAG(s) dict_keys(['retail_sales_pipeline']) retrieved from /opt/airflow/dags/retail_sales_pipeline.py
[2025-07-10T18:12:22.644+0000] {logging_mixin.py:137} INFO - [2025-07-10T18:12:22.644+0000] {dag.py:2676} INFO - Sync 1 DAGs
[2025-07-10T18:12:22.694+0000] {logging_mixin.py:137} INFO - [2025-07-10T18:12:22.694+0000] {dag.py:3427} INFO - Setting next_dagrun for retail_sales_pipeline to None, run_after=None
[2025-07-10T18:12:22.796+0000] {processor.py:175} INFO - Processing /opt/airflow/dags/retail_sales_pipeline.py took 0.508 seconds
[2025-07-10T18:56:49.916+0000] {processor.py:153} INFO - Started process (PID=4846) to work on /opt/airflow/dags/retail_sales_pipeline.py
[2025-07-10T18:56:49.919+0000] {processor.py:743} INFO - Processing file /opt/airflow/dags/retail_sales_pipeline.py for tasks to queue
[2025-07-10T18:56:49.920+0000] {logging_mixin.py:137} INFO - [2025-07-10T18:56:49.920+0000] {dagbag.py:538} INFO - Filling up the DagBag from /opt/airflow/dags/retail_sales_pipeline.py
[2025-07-10T18:56:49.991+0000] {processor.py:753} INFO - DAG(s) dict_keys(['retail_sales_pipeline']) retrieved from /opt/airflow/dags/retail_sales_pipeline.py
[2025-07-10T18:56:50.255+0000] {logging_mixin.py:137} INFO - [2025-07-10T18:56:50.255+0000] {dag.py:2676} INFO - Sync 1 DAGs
[2025-07-10T18:56:50.358+0000] {logging_mixin.py:137} INFO - [2025-07-10T18:56:50.358+0000] {dag.py:3427} INFO - Setting next_dagrun for retail_sales_pipeline to None, run_after=None
[2025-07-10T18:56:50.468+0000] {processor.py:175} INFO - Processing /opt/airflow/dags/retail_sales_pipeline.py took 0.562 seconds
[2025-07-10T19:36:45.092+0000] {processor.py:153} INFO - Started process (PID=4851) to work on /opt/airflow/dags/retail_sales_pipeline.py
[2025-07-10T19:36:45.102+0000] {processor.py:743} INFO - Processing file /opt/airflow/dags/retail_sales_pipeline.py for tasks to queue
[2025-07-10T19:36:45.105+0000] {logging_mixin.py:137} INFO - [2025-07-10T19:36:45.105+0000] {dagbag.py:538} INFO - Filling up the DagBag from /opt/airflow/dags/retail_sales_pipeline.py
[2025-07-10T19:36:45.219+0000] {processor.py:753} INFO - DAG(s) dict_keys(['retail_sales_pipeline']) retrieved from /opt/airflow/dags/retail_sales_pipeline.py
[2025-07-10T19:36:45.496+0000] {logging_mixin.py:137} INFO - [2025-07-10T19:36:45.496+0000] {dag.py:2676} INFO - Sync 1 DAGs
[2025-07-10T19:36:45.626+0000] {logging_mixin.py:137} INFO - [2025-07-10T19:36:45.626+0000] {dag.py:3427} INFO - Setting next_dagrun for retail_sales_pipeline to None, run_after=None
[2025-07-10T19:36:45.793+0000] {processor.py:175} INFO - Processing /opt/airflow/dags/retail_sales_pipeline.py took 0.721 seconds
[2025-07-10T19:37:17.812+0000] {processor.py:153} INFO - Started process (PID=4856) to work on /opt/airflow/dags/retail_sales_pipeline.py
[2025-07-10T19:37:17.814+0000] {processor.py:743} INFO - Processing file /opt/airflow/dags/retail_sales_pipeline.py for tasks to queue
[2025-07-10T19:37:17.816+0000] {logging_mixin.py:137} INFO - [2025-07-10T19:37:17.815+0000] {dagbag.py:538} INFO - Filling up the DagBag from /opt/airflow/dags/retail_sales_pipeline.py
[2025-07-10T19:37:17.855+0000] {processor.py:753} INFO - DAG(s) dict_keys(['retail_sales_pipeline']) retrieved from /opt/airflow/dags/retail_sales_pipeline.py
[2025-07-10T19:37:18.007+0000] {logging_mixin.py:137} INFO - [2025-07-10T19:37:18.007+0000] {dag.py:2676} INFO - Sync 1 DAGs
[2025-07-10T19:37:18.068+0000] {logging_mixin.py:137} INFO - [2025-07-10T19:37:18.068+0000] {dag.py:3427} INFO - Setting next_dagrun for retail_sales_pipeline to None, run_after=None
[2025-07-10T19:37:18.101+0000] {processor.py:175} INFO - Processing /opt/airflow/dags/retail_sales_pipeline.py took 0.296 seconds
[2025-07-10T19:53:15.623+0000] {processor.py:153} INFO - Started process (PID=4861) to work on /opt/airflow/dags/retail_sales_pipeline.py
[2025-07-10T19:53:15.631+0000] {processor.py:743} INFO - Processing file /opt/airflow/dags/retail_sales_pipeline.py for tasks to queue
[2025-07-10T19:53:15.633+0000] {logging_mixin.py:137} INFO - [2025-07-10T19:53:15.633+0000] {dagbag.py:538} INFO - Filling up the DagBag from /opt/airflow/dags/retail_sales_pipeline.py
[2025-07-10T19:53:15.716+0000] {processor.py:753} INFO - DAG(s) dict_keys(['retail_sales_pipeline']) retrieved from /opt/airflow/dags/retail_sales_pipeline.py
[2025-07-10T19:53:16.031+0000] {logging_mixin.py:137} INFO - [2025-07-10T19:53:16.030+0000] {dag.py:2676} INFO - Sync 1 DAGs
[2025-07-10T19:53:16.153+0000] {logging_mixin.py:137} INFO - [2025-07-10T19:53:16.152+0000] {dag.py:3427} INFO - Setting next_dagrun for retail_sales_pipeline to None, run_after=None
[2025-07-10T19:53:16.236+0000] {processor.py:175} INFO - Processing /opt/airflow/dags/retail_sales_pipeline.py took 0.626 seconds
[2025-07-10T19:53:46.732+0000] {processor.py:153} INFO - Started process (PID=4866) to work on /opt/airflow/dags/retail_sales_pipeline.py
[2025-07-10T19:53:46.734+0000] {processor.py:743} INFO - Processing file /opt/airflow/dags/retail_sales_pipeline.py for tasks to queue
[2025-07-10T19:53:46.735+0000] {logging_mixin.py:137} INFO - [2025-07-10T19:53:46.735+0000] {dagbag.py:538} INFO - Filling up the DagBag from /opt/airflow/dags/retail_sales_pipeline.py
[2025-07-10T19:53:46.790+0000] {processor.py:753} INFO - DAG(s) dict_keys(['retail_sales_pipeline']) retrieved from /opt/airflow/dags/retail_sales_pipeline.py
[2025-07-10T19:53:46.936+0000] {logging_mixin.py:137} INFO - [2025-07-10T19:53:46.936+0000] {dag.py:2676} INFO - Sync 1 DAGs
[2025-07-10T19:53:46.987+0000] {logging_mixin.py:137} INFO - [2025-07-10T19:53:46.987+0000] {dag.py:3427} INFO - Setting next_dagrun for retail_sales_pipeline to None, run_after=None
[2025-07-10T19:53:47.020+0000] {processor.py:175} INFO - Processing /opt/airflow/dags/retail_sales_pipeline.py took 0.295 seconds
[2025-07-10T19:55:42.063+0000] {processor.py:153} INFO - Started process (PID=4871) to work on /opt/airflow/dags/retail_sales_pipeline.py
[2025-07-10T19:55:42.066+0000] {processor.py:743} INFO - Processing file /opt/airflow/dags/retail_sales_pipeline.py for tasks to queue
[2025-07-10T19:55:42.068+0000] {logging_mixin.py:137} INFO - [2025-07-10T19:55:42.068+0000] {dagbag.py:538} INFO - Filling up the DagBag from /opt/airflow/dags/retail_sales_pipeline.py
[2025-07-10T19:55:42.130+0000] {processor.py:753} INFO - DAG(s) dict_keys(['retail_sales_pipeline']) retrieved from /opt/airflow/dags/retail_sales_pipeline.py
[2025-07-10T19:55:42.259+0000] {logging_mixin.py:137} INFO - [2025-07-10T19:55:42.258+0000] {dag.py:2676} INFO - Sync 1 DAGs
[2025-07-10T19:55:42.302+0000] {logging_mixin.py:137} INFO - [2025-07-10T19:55:42.302+0000] {dag.py:3427} INFO - Setting next_dagrun for retail_sales_pipeline to None, run_after=None
[2025-07-10T19:55:42.326+0000] {processor.py:175} INFO - Processing /opt/airflow/dags/retail_sales_pipeline.py took 0.276 seconds
[2025-07-10T19:56:38.801+0000] {processor.py:153} INFO - Started process (PID=4878) to work on /opt/airflow/dags/retail_sales_pipeline.py
[2025-07-10T19:56:38.804+0000] {processor.py:743} INFO - Processing file /opt/airflow/dags/retail_sales_pipeline.py for tasks to queue
[2025-07-10T19:56:38.805+0000] {logging_mixin.py:137} INFO - [2025-07-10T19:56:38.805+0000] {dagbag.py:538} INFO - Filling up the DagBag from /opt/airflow/dags/retail_sales_pipeline.py
[2025-07-10T19:56:38.846+0000] {processor.py:753} INFO - DAG(s) dict_keys(['retail_sales_pipeline']) retrieved from /opt/airflow/dags/retail_sales_pipeline.py
[2025-07-10T19:56:38.996+0000] {logging_mixin.py:137} INFO - [2025-07-10T19:56:38.996+0000] {dag.py:2676} INFO - Sync 1 DAGs
[2025-07-10T19:56:39.052+0000] {logging_mixin.py:137} INFO - [2025-07-10T19:56:39.052+0000] {dag.py:3427} INFO - Setting next_dagrun for retail_sales_pipeline to None, run_after=None
[2025-07-10T19:56:39.080+0000] {processor.py:175} INFO - Processing /opt/airflow/dags/retail_sales_pipeline.py took 0.284 seconds
[2025-07-10T19:57:27.111+0000] {processor.py:153} INFO - Started process (PID=4883) to work on /opt/airflow/dags/retail_sales_pipeline.py
[2025-07-10T19:57:27.117+0000] {processor.py:743} INFO - Processing file /opt/airflow/dags/retail_sales_pipeline.py for tasks to queue
[2025-07-10T19:57:27.118+0000] {logging_mixin.py:137} INFO - [2025-07-10T19:57:27.118+0000] {dagbag.py:538} INFO - Filling up the DagBag from /opt/airflow/dags/retail_sales_pipeline.py
[2025-07-10T19:57:27.159+0000] {processor.py:753} INFO - DAG(s) dict_keys(['retail_sales_pipeline']) retrieved from /opt/airflow/dags/retail_sales_pipeline.py
[2025-07-10T19:57:27.295+0000] {logging_mixin.py:137} INFO - [2025-07-10T19:57:27.295+0000] {dag.py:2676} INFO - Sync 1 DAGs
[2025-07-10T19:57:27.345+0000] {logging_mixin.py:137} INFO - [2025-07-10T19:57:27.345+0000] {dag.py:3427} INFO - Setting next_dagrun for retail_sales_pipeline to None, run_after=None
[2025-07-10T19:57:27.371+0000] {processor.py:175} INFO - Processing /opt/airflow/dags/retail_sales_pipeline.py took 0.276 seconds
[2025-07-10T20:02:50.293+0000] {processor.py:153} INFO - Started process (PID=4888) to work on /opt/airflow/dags/retail_sales_pipeline.py
[2025-07-10T20:02:50.298+0000] {processor.py:743} INFO - Processing file /opt/airflow/dags/retail_sales_pipeline.py for tasks to queue
[2025-07-10T20:02:50.302+0000] {logging_mixin.py:137} INFO - [2025-07-10T20:02:50.301+0000] {dagbag.py:538} INFO - Filling up the DagBag from /opt/airflow/dags/retail_sales_pipeline.py
[2025-07-10T20:02:50.449+0000] {processor.py:753} INFO - DAG(s) dict_keys(['retail_sales_pipeline']) retrieved from /opt/airflow/dags/retail_sales_pipeline.py
[2025-07-10T20:02:50.917+0000] {logging_mixin.py:137} INFO - [2025-07-10T20:02:50.916+0000] {dag.py:2676} INFO - Sync 1 DAGs
[2025-07-10T20:02:51.045+0000] {logging_mixin.py:137} INFO - [2025-07-10T20:02:51.044+0000] {dag.py:3427} INFO - Setting next_dagrun for retail_sales_pipeline to None, run_after=None
[2025-07-10T20:02:51.144+0000] {processor.py:175} INFO - Processing /opt/airflow/dags/retail_sales_pipeline.py took 0.865 seconds
[2025-07-10T20:23:14.925+0000] {processor.py:153} INFO - Started process (PID=4893) to work on /opt/airflow/dags/retail_sales_pipeline.py
[2025-07-10T20:23:14.927+0000] {processor.py:743} INFO - Processing file /opt/airflow/dags/retail_sales_pipeline.py for tasks to queue
[2025-07-10T20:23:14.928+0000] {logging_mixin.py:137} INFO - [2025-07-10T20:23:14.928+0000] {dagbag.py:538} INFO - Filling up the DagBag from /opt/airflow/dags/retail_sales_pipeline.py
[2025-07-10T20:23:15.008+0000] {processor.py:753} INFO - DAG(s) dict_keys(['retail_sales_pipeline']) retrieved from /opt/airflow/dags/retail_sales_pipeline.py
[2025-07-10T20:23:15.285+0000] {logging_mixin.py:137} INFO - [2025-07-10T20:23:15.285+0000] {dag.py:2676} INFO - Sync 1 DAGs
[2025-07-10T20:23:15.392+0000] {logging_mixin.py:137} INFO - [2025-07-10T20:23:15.391+0000] {dag.py:3427} INFO - Setting next_dagrun for retail_sales_pipeline to None, run_after=None
[2025-07-10T20:23:15.469+0000] {processor.py:175} INFO - Processing /opt/airflow/dags/retail_sales_pipeline.py took 0.554 seconds
[2025-07-10T20:24:17.009+0000] {processor.py:153} INFO - Started process (PID=4898) to work on /opt/airflow/dags/retail_sales_pipeline.py
[2025-07-10T20:24:17.015+0000] {processor.py:743} INFO - Processing file /opt/airflow/dags/retail_sales_pipeline.py for tasks to queue
[2025-07-10T20:24:17.025+0000] {logging_mixin.py:137} INFO - [2025-07-10T20:24:17.025+0000] {dagbag.py:538} INFO - Filling up the DagBag from /opt/airflow/dags/retail_sales_pipeline.py
[2025-07-10T20:24:17.105+0000] {processor.py:753} INFO - DAG(s) dict_keys(['retail_sales_pipeline']) retrieved from /opt/airflow/dags/retail_sales_pipeline.py
[2025-07-10T20:24:17.288+0000] {logging_mixin.py:137} INFO - [2025-07-10T20:24:17.288+0000] {dag.py:2676} INFO - Sync 1 DAGs
[2025-07-10T20:24:17.333+0000] {logging_mixin.py:137} INFO - [2025-07-10T20:24:17.332+0000] {dag.py:3427} INFO - Setting next_dagrun for retail_sales_pipeline to None, run_after=None
[2025-07-10T20:24:17.362+0000] {processor.py:175} INFO - Processing /opt/airflow/dags/retail_sales_pipeline.py took 0.377 seconds
[2025-07-10T20:25:10.494+0000] {processor.py:153} INFO - Started process (PID=4905) to work on /opt/airflow/dags/retail_sales_pipeline.py
[2025-07-10T20:25:10.498+0000] {processor.py:743} INFO - Processing file /opt/airflow/dags/retail_sales_pipeline.py for tasks to queue
[2025-07-10T20:25:10.499+0000] {logging_mixin.py:137} INFO - [2025-07-10T20:25:10.499+0000] {dagbag.py:538} INFO - Filling up the DagBag from /opt/airflow/dags/retail_sales_pipeline.py
[2025-07-10T20:25:10.545+0000] {processor.py:753} INFO - DAG(s) dict_keys(['retail_sales_pipeline']) retrieved from /opt/airflow/dags/retail_sales_pipeline.py
[2025-07-10T20:25:10.682+0000] {logging_mixin.py:137} INFO - [2025-07-10T20:25:10.682+0000] {dag.py:2676} INFO - Sync 1 DAGs
[2025-07-10T20:25:10.737+0000] {logging_mixin.py:137} INFO - [2025-07-10T20:25:10.737+0000] {dag.py:3427} INFO - Setting next_dagrun for retail_sales_pipeline to None, run_after=None
[2025-07-10T20:25:10.763+0000] {processor.py:175} INFO - Processing /opt/airflow/dags/retail_sales_pipeline.py took 0.277 seconds
[2025-07-10T21:47:11.869+0000] {processor.py:153} INFO - Started process (PID=4910) to work on /opt/airflow/dags/retail_sales_pipeline.py
[2025-07-10T21:47:11.870+0000] {processor.py:743} INFO - Processing file /opt/airflow/dags/retail_sales_pipeline.py for tasks to queue
[2025-07-10T21:47:11.873+0000] {logging_mixin.py:137} INFO - [2025-07-10T21:47:11.873+0000] {dagbag.py:538} INFO - Filling up the DagBag from /opt/airflow/dags/retail_sales_pipeline.py
[2025-07-10T21:47:11.959+0000] {processor.py:753} INFO - DAG(s) dict_keys(['retail_sales_pipeline']) retrieved from /opt/airflow/dags/retail_sales_pipeline.py
[2025-07-10T21:47:12.402+0000] {logging_mixin.py:137} INFO - [2025-07-10T21:47:12.402+0000] {dag.py:2676} INFO - Sync 1 DAGs
[2025-07-10T21:47:12.469+0000] {logging_mixin.py:137} INFO - [2025-07-10T21:47:12.468+0000] {dag.py:3427} INFO - Setting next_dagrun for retail_sales_pipeline to None, run_after=None
[2025-07-10T21:47:12.499+0000] {processor.py:175} INFO - Processing /opt/airflow/dags/retail_sales_pipeline.py took 0.636 seconds
[2025-07-10T22:03:06.765+0000] {processor.py:153} INFO - Started process (PID=4915) to work on /opt/airflow/dags/retail_sales_pipeline.py
[2025-07-10T22:03:06.767+0000] {processor.py:743} INFO - Processing file /opt/airflow/dags/retail_sales_pipeline.py for tasks to queue
[2025-07-10T22:03:06.768+0000] {logging_mixin.py:137} INFO - [2025-07-10T22:03:06.768+0000] {dagbag.py:538} INFO - Filling up the DagBag from /opt/airflow/dags/retail_sales_pipeline.py
[2025-07-10T22:03:06.811+0000] {processor.py:753} INFO - DAG(s) dict_keys(['retail_sales_pipeline']) retrieved from /opt/airflow/dags/retail_sales_pipeline.py
[2025-07-10T22:03:06.938+0000] {logging_mixin.py:137} INFO - [2025-07-10T22:03:06.937+0000] {dag.py:2676} INFO - Sync 1 DAGs
[2025-07-10T22:03:06.978+0000] {logging_mixin.py:137} INFO - [2025-07-10T22:03:06.978+0000] {dag.py:3427} INFO - Setting next_dagrun for retail_sales_pipeline to None, run_after=None
[2025-07-10T22:03:07.002+0000] {processor.py:175} INFO - Processing /opt/airflow/dags/retail_sales_pipeline.py took 0.249 seconds
[2025-07-10T22:51:22.746+0000] {processor.py:153} INFO - Started process (PID=4920) to work on /opt/airflow/dags/retail_sales_pipeline.py
[2025-07-10T22:51:22.748+0000] {processor.py:743} INFO - Processing file /opt/airflow/dags/retail_sales_pipeline.py for tasks to queue
[2025-07-10T22:51:22.750+0000] {logging_mixin.py:137} INFO - [2025-07-10T22:51:22.750+0000] {dagbag.py:538} INFO - Filling up the DagBag from /opt/airflow/dags/retail_sales_pipeline.py
[2025-07-10T22:51:22.837+0000] {processor.py:753} INFO - DAG(s) dict_keys(['retail_sales_pipeline']) retrieved from /opt/airflow/dags/retail_sales_pipeline.py
[2025-07-10T22:51:23.044+0000] {logging_mixin.py:137} INFO - [2025-07-10T22:51:23.043+0000] {dag.py:2676} INFO - Sync 1 DAGs
[2025-07-10T22:51:23.110+0000] {logging_mixin.py:137} INFO - [2025-07-10T22:51:23.110+0000] {dag.py:3427} INFO - Setting next_dagrun for retail_sales_pipeline to None, run_after=None
[2025-07-10T22:51:23.137+0000] {processor.py:175} INFO - Processing /opt/airflow/dags/retail_sales_pipeline.py took 0.398 seconds
[2025-07-10T23:23:12.342+0000] {processor.py:153} INFO - Started process (PID=4927) to work on /opt/airflow/dags/retail_sales_pipeline.py
[2025-07-10T23:23:12.344+0000] {processor.py:743} INFO - Processing file /opt/airflow/dags/retail_sales_pipeline.py for tasks to queue
[2025-07-10T23:23:12.345+0000] {logging_mixin.py:137} INFO - [2025-07-10T23:23:12.345+0000] {dagbag.py:538} INFO - Filling up the DagBag from /opt/airflow/dags/retail_sales_pipeline.py
[2025-07-10T23:23:12.384+0000] {processor.py:753} INFO - DAG(s) dict_keys(['retail_sales_pipeline']) retrieved from /opt/airflow/dags/retail_sales_pipeline.py
[2025-07-10T23:23:12.505+0000] {logging_mixin.py:137} INFO - [2025-07-10T23:23:12.504+0000] {dag.py:2676} INFO - Sync 1 DAGs
[2025-07-10T23:23:12.581+0000] {logging_mixin.py:137} INFO - [2025-07-10T23:23:12.579+0000] {dag.py:3427} INFO - Setting next_dagrun for retail_sales_pipeline to None, run_after=None
[2025-07-10T23:23:12.683+0000] {processor.py:175} INFO - Processing /opt/airflow/dags/retail_sales_pipeline.py took 0.347 seconds
[2025-07-10T23:54:20.676+0000] {processor.py:153} INFO - Started process (PID=4932) to work on /opt/airflow/dags/retail_sales_pipeline.py
[2025-07-10T23:54:20.680+0000] {processor.py:743} INFO - Processing file /opt/airflow/dags/retail_sales_pipeline.py for tasks to queue
[2025-07-10T23:54:20.684+0000] {logging_mixin.py:137} INFO - [2025-07-10T23:54:20.684+0000] {dagbag.py:538} INFO - Filling up the DagBag from /opt/airflow/dags/retail_sales_pipeline.py
[2025-07-10T23:54:20.765+0000] {processor.py:753} INFO - DAG(s) dict_keys(['retail_sales_pipeline']) retrieved from /opt/airflow/dags/retail_sales_pipeline.py
[2025-07-10T23:54:21.012+0000] {logging_mixin.py:137} INFO - [2025-07-10T23:54:21.011+0000] {dag.py:2676} INFO - Sync 1 DAGs
[2025-07-10T23:54:21.131+0000] {logging_mixin.py:137} INFO - [2025-07-10T23:54:21.130+0000] {dag.py:3427} INFO - Setting next_dagrun for retail_sales_pipeline to None, run_after=None
[2025-07-10T23:54:21.291+0000] {processor.py:175} INFO - Processing /opt/airflow/dags/retail_sales_pipeline.py took 0.627 seconds
