[2025-07-07T00:20:48.433+0000] {processor.py:153} INFO - Started process (PID=1661) to work on /opt/airflow/dags/retail_sales_pipeline.py
[2025-07-07T00:20:48.435+0000] {processor.py:743} INFO - Processing file /opt/airflow/dags/retail_sales_pipeline.py for tasks to queue
[2025-07-07T00:20:48.436+0000] {logging_mixin.py:137} INFO - [2025-07-07T00:20:48.436+0000] {dagbag.py:538} INFO - Filling up the DagBag from /opt/airflow/dags/retail_sales_pipeline.py
[2025-07-07T00:20:48.475+0000] {processor.py:753} INFO - DAG(s) dict_keys(['retail_sales_pipeline']) retrieved from /opt/airflow/dags/retail_sales_pipeline.py
[2025-07-07T00:20:48.607+0000] {logging_mixin.py:137} INFO - [2025-07-07T00:20:48.607+0000] {dag.py:2676} INFO - Sync 1 DAGs
[2025-07-07T00:20:48.651+0000] {logging_mixin.py:137} INFO - [2025-07-07T00:20:48.650+0000] {dag.py:3427} INFO - Setting next_dagrun for retail_sales_pipeline to None, run_after=None
[2025-07-07T00:20:48.680+0000] {processor.py:175} INFO - Processing /opt/airflow/dags/retail_sales_pipeline.py took 0.257 seconds
[2025-07-07T01:57:51.761+0000] {processor.py:153} INFO - Started process (PID=1666) to work on /opt/airflow/dags/retail_sales_pipeline.py
[2025-07-07T01:57:51.762+0000] {processor.py:743} INFO - Processing file /opt/airflow/dags/retail_sales_pipeline.py for tasks to queue
[2025-07-07T01:57:51.762+0000] {logging_mixin.py:137} INFO - [2025-07-07T01:57:51.762+0000] {dagbag.py:538} INFO - Filling up the DagBag from /opt/airflow/dags/retail_sales_pipeline.py
[2025-07-07T01:57:51.798+0000] {processor.py:753} INFO - DAG(s) dict_keys(['retail_sales_pipeline']) retrieved from /opt/airflow/dags/retail_sales_pipeline.py
[2025-07-07T01:57:52.140+0000] {logging_mixin.py:137} INFO - [2025-07-07T01:57:52.139+0000] {dag.py:2676} INFO - Sync 1 DAGs
[2025-07-07T01:57:52.277+0000] {logging_mixin.py:137} INFO - [2025-07-07T01:57:52.277+0000] {dag.py:3427} INFO - Setting next_dagrun for retail_sales_pipeline to None, run_after=None
[2025-07-07T01:57:52.351+0000] {processor.py:175} INFO - Processing /opt/airflow/dags/retail_sales_pipeline.py took 0.595 seconds
[2025-07-07T03:19:36.259+0000] {processor.py:153} INFO - Started process (PID=1671) to work on /opt/airflow/dags/retail_sales_pipeline.py
[2025-07-07T03:19:36.288+0000] {processor.py:743} INFO - Processing file /opt/airflow/dags/retail_sales_pipeline.py for tasks to queue
[2025-07-07T03:19:36.290+0000] {logging_mixin.py:137} INFO - [2025-07-07T03:19:36.289+0000] {dagbag.py:538} INFO - Filling up the DagBag from /opt/airflow/dags/retail_sales_pipeline.py
[2025-07-07T03:19:36.373+0000] {processor.py:753} INFO - DAG(s) dict_keys(['retail_sales_pipeline']) retrieved from /opt/airflow/dags/retail_sales_pipeline.py
[2025-07-07T03:19:36.983+0000] {logging_mixin.py:137} INFO - [2025-07-07T03:19:36.981+0000] {dag.py:2676} INFO - Sync 1 DAGs
[2025-07-07T03:19:37.113+0000] {logging_mixin.py:137} INFO - [2025-07-07T03:19:37.112+0000] {dag.py:3427} INFO - Setting next_dagrun for retail_sales_pipeline to None, run_after=None
[2025-07-07T03:19:37.178+0000] {processor.py:175} INFO - Processing /opt/airflow/dags/retail_sales_pipeline.py took 0.923 seconds
[2025-07-07T04:42:10.469+0000] {processor.py:153} INFO - Started process (PID=1676) to work on /opt/airflow/dags/retail_sales_pipeline.py
[2025-07-07T04:42:10.470+0000] {processor.py:743} INFO - Processing file /opt/airflow/dags/retail_sales_pipeline.py for tasks to queue
[2025-07-07T04:42:10.471+0000] {logging_mixin.py:137} INFO - [2025-07-07T04:42:10.471+0000] {dagbag.py:538} INFO - Filling up the DagBag from /opt/airflow/dags/retail_sales_pipeline.py
[2025-07-07T04:42:10.515+0000] {processor.py:753} INFO - DAG(s) dict_keys(['retail_sales_pipeline']) retrieved from /opt/airflow/dags/retail_sales_pipeline.py
[2025-07-07T04:42:10.749+0000] {logging_mixin.py:137} INFO - [2025-07-07T04:42:10.748+0000] {dag.py:2676} INFO - Sync 1 DAGs
[2025-07-07T04:42:10.857+0000] {logging_mixin.py:137} INFO - [2025-07-07T04:42:10.856+0000] {dag.py:3427} INFO - Setting next_dagrun for retail_sales_pipeline to None, run_after=None
[2025-07-07T04:42:10.921+0000] {processor.py:175} INFO - Processing /opt/airflow/dags/retail_sales_pipeline.py took 0.455 seconds
[2025-07-07T04:42:41.047+0000] {processor.py:153} INFO - Started process (PID=1681) to work on /opt/airflow/dags/retail_sales_pipeline.py
[2025-07-07T04:42:41.049+0000] {processor.py:743} INFO - Processing file /opt/airflow/dags/retail_sales_pipeline.py for tasks to queue
[2025-07-07T04:42:41.050+0000] {logging_mixin.py:137} INFO - [2025-07-07T04:42:41.050+0000] {dagbag.py:538} INFO - Filling up the DagBag from /opt/airflow/dags/retail_sales_pipeline.py
[2025-07-07T04:42:41.091+0000] {processor.py:753} INFO - DAG(s) dict_keys(['retail_sales_pipeline']) retrieved from /opt/airflow/dags/retail_sales_pipeline.py
[2025-07-07T04:42:41.244+0000] {logging_mixin.py:137} INFO - [2025-07-07T04:42:41.244+0000] {dag.py:2676} INFO - Sync 1 DAGs
[2025-07-07T04:42:41.292+0000] {logging_mixin.py:137} INFO - [2025-07-07T04:42:41.292+0000] {dag.py:3427} INFO - Setting next_dagrun for retail_sales_pipeline to None, run_after=None
[2025-07-07T04:42:41.317+0000] {processor.py:175} INFO - Processing /opt/airflow/dags/retail_sales_pipeline.py took 0.283 seconds
[2025-07-07T05:00:14.156+0000] {processor.py:153} INFO - Started process (PID=1688) to work on /opt/airflow/dags/retail_sales_pipeline.py
[2025-07-07T05:00:14.164+0000] {processor.py:743} INFO - Processing file /opt/airflow/dags/retail_sales_pipeline.py for tasks to queue
[2025-07-07T05:00:14.168+0000] {logging_mixin.py:137} INFO - [2025-07-07T05:00:14.168+0000] {dagbag.py:538} INFO - Filling up the DagBag from /opt/airflow/dags/retail_sales_pipeline.py
[2025-07-07T05:00:14.317+0000] {processor.py:753} INFO - DAG(s) dict_keys(['retail_sales_pipeline']) retrieved from /opt/airflow/dags/retail_sales_pipeline.py
[2025-07-07T05:00:14.808+0000] {logging_mixin.py:137} INFO - [2025-07-07T05:00:14.807+0000] {dag.py:2676} INFO - Sync 1 DAGs
[2025-07-07T05:00:14.871+0000] {logging_mixin.py:137} INFO - [2025-07-07T05:00:14.870+0000] {dag.py:3427} INFO - Setting next_dagrun for retail_sales_pipeline to None, run_after=None
[2025-07-07T05:00:14.900+0000] {processor.py:175} INFO - Processing /opt/airflow/dags/retail_sales_pipeline.py took 0.787 seconds
[2025-07-07T05:31:08.585+0000] {processor.py:153} INFO - Started process (PID=1693) to work on /opt/airflow/dags/retail_sales_pipeline.py
[2025-07-07T05:31:08.588+0000] {processor.py:743} INFO - Processing file /opt/airflow/dags/retail_sales_pipeline.py for tasks to queue
[2025-07-07T05:31:08.592+0000] {logging_mixin.py:137} INFO - [2025-07-07T05:31:08.592+0000] {dagbag.py:538} INFO - Filling up the DagBag from /opt/airflow/dags/retail_sales_pipeline.py
[2025-07-07T05:31:08.716+0000] {processor.py:753} INFO - DAG(s) dict_keys(['retail_sales_pipeline']) retrieved from /opt/airflow/dags/retail_sales_pipeline.py
[2025-07-07T05:31:08.999+0000] {logging_mixin.py:137} INFO - [2025-07-07T05:31:08.998+0000] {dag.py:2676} INFO - Sync 1 DAGs
[2025-07-07T05:31:09.107+0000] {logging_mixin.py:137} INFO - [2025-07-07T05:31:09.106+0000] {dag.py:3427} INFO - Setting next_dagrun for retail_sales_pipeline to None, run_after=None
[2025-07-07T05:31:09.145+0000] {processor.py:175} INFO - Processing /opt/airflow/dags/retail_sales_pipeline.py took 0.580 seconds
[2025-07-07T05:39:51.952+0000] {processor.py:153} INFO - Started process (PID=1698) to work on /opt/airflow/dags/retail_sales_pipeline.py
[2025-07-07T05:39:51.960+0000] {processor.py:743} INFO - Processing file /opt/airflow/dags/retail_sales_pipeline.py for tasks to queue
[2025-07-07T05:39:51.965+0000] {logging_mixin.py:137} INFO - [2025-07-07T05:39:51.964+0000] {dagbag.py:538} INFO - Filling up the DagBag from /opt/airflow/dags/retail_sales_pipeline.py
[2025-07-07T05:39:52.145+0000] {processor.py:753} INFO - DAG(s) dict_keys(['retail_sales_pipeline']) retrieved from /opt/airflow/dags/retail_sales_pipeline.py
[2025-07-07T05:39:52.446+0000] {logging_mixin.py:137} INFO - [2025-07-07T05:39:52.445+0000] {dag.py:2676} INFO - Sync 1 DAGs
[2025-07-07T05:39:52.536+0000] {logging_mixin.py:137} INFO - [2025-07-07T05:39:52.536+0000] {dag.py:3427} INFO - Setting next_dagrun for retail_sales_pipeline to None, run_after=None
[2025-07-07T05:39:52.630+0000] {processor.py:175} INFO - Processing /opt/airflow/dags/retail_sales_pipeline.py took 0.694 seconds
[2025-07-07T06:06:10.500+0000] {processor.py:153} INFO - Started process (PID=1703) to work on /opt/airflow/dags/retail_sales_pipeline.py
[2025-07-07T06:06:10.501+0000] {processor.py:743} INFO - Processing file /opt/airflow/dags/retail_sales_pipeline.py for tasks to queue
[2025-07-07T06:06:10.506+0000] {logging_mixin.py:137} INFO - [2025-07-07T06:06:10.505+0000] {dagbag.py:538} INFO - Filling up the DagBag from /opt/airflow/dags/retail_sales_pipeline.py
[2025-07-07T06:06:10.598+0000] {processor.py:753} INFO - DAG(s) dict_keys(['retail_sales_pipeline']) retrieved from /opt/airflow/dags/retail_sales_pipeline.py
[2025-07-07T06:06:10.948+0000] {logging_mixin.py:137} INFO - [2025-07-07T06:06:10.947+0000] {dag.py:2676} INFO - Sync 1 DAGs
[2025-07-07T06:06:11.166+0000] {logging_mixin.py:137} INFO - [2025-07-07T06:06:11.165+0000] {dag.py:3427} INFO - Setting next_dagrun for retail_sales_pipeline to None, run_after=None
[2025-07-07T06:06:11.210+0000] {processor.py:175} INFO - Processing /opt/airflow/dags/retail_sales_pipeline.py took 0.723 seconds
[2025-07-07T06:56:37.508+0000] {processor.py:153} INFO - Started process (PID=1710) to work on /opt/airflow/dags/retail_sales_pipeline.py
[2025-07-07T06:56:37.510+0000] {processor.py:743} INFO - Processing file /opt/airflow/dags/retail_sales_pipeline.py for tasks to queue
[2025-07-07T06:56:37.511+0000] {logging_mixin.py:137} INFO - [2025-07-07T06:56:37.511+0000] {dagbag.py:538} INFO - Filling up the DagBag from /opt/airflow/dags/retail_sales_pipeline.py
[2025-07-07T06:56:37.562+0000] {processor.py:753} INFO - DAG(s) dict_keys(['retail_sales_pipeline']) retrieved from /opt/airflow/dags/retail_sales_pipeline.py
[2025-07-07T06:56:37.705+0000] {logging_mixin.py:137} INFO - [2025-07-07T06:56:37.705+0000] {dag.py:2676} INFO - Sync 1 DAGs
[2025-07-07T06:56:37.756+0000] {logging_mixin.py:137} INFO - [2025-07-07T06:56:37.756+0000] {dag.py:3427} INFO - Setting next_dagrun for retail_sales_pipeline to None, run_after=None
[2025-07-07T06:56:37.780+0000] {processor.py:175} INFO - Processing /opt/airflow/dags/retail_sales_pipeline.py took 0.279 seconds
[2025-07-07T07:42:08.825+0000] {processor.py:153} INFO - Started process (PID=1715) to work on /opt/airflow/dags/retail_sales_pipeline.py
[2025-07-07T07:42:08.828+0000] {processor.py:743} INFO - Processing file /opt/airflow/dags/retail_sales_pipeline.py for tasks to queue
[2025-07-07T07:42:08.829+0000] {logging_mixin.py:137} INFO - [2025-07-07T07:42:08.829+0000] {dagbag.py:538} INFO - Filling up the DagBag from /opt/airflow/dags/retail_sales_pipeline.py
[2025-07-07T07:42:08.916+0000] {processor.py:753} INFO - DAG(s) dict_keys(['retail_sales_pipeline']) retrieved from /opt/airflow/dags/retail_sales_pipeline.py
[2025-07-07T07:42:09.288+0000] {logging_mixin.py:137} INFO - [2025-07-07T07:42:09.287+0000] {dag.py:2676} INFO - Sync 1 DAGs
[2025-07-07T07:42:09.436+0000] {logging_mixin.py:137} INFO - [2025-07-07T07:42:09.436+0000] {dag.py:3427} INFO - Setting next_dagrun for retail_sales_pipeline to None, run_after=None
[2025-07-07T07:42:09.559+0000] {processor.py:175} INFO - Processing /opt/airflow/dags/retail_sales_pipeline.py took 0.762 seconds
[2025-07-07T08:19:02.377+0000] {processor.py:153} INFO - Started process (PID=1720) to work on /opt/airflow/dags/retail_sales_pipeline.py
[2025-07-07T08:19:02.379+0000] {processor.py:743} INFO - Processing file /opt/airflow/dags/retail_sales_pipeline.py for tasks to queue
[2025-07-07T08:19:02.383+0000] {logging_mixin.py:137} INFO - [2025-07-07T08:19:02.382+0000] {dagbag.py:538} INFO - Filling up the DagBag from /opt/airflow/dags/retail_sales_pipeline.py
[2025-07-07T08:19:02.451+0000] {processor.py:753} INFO - DAG(s) dict_keys(['retail_sales_pipeline']) retrieved from /opt/airflow/dags/retail_sales_pipeline.py
[2025-07-07T08:19:02.881+0000] {logging_mixin.py:137} INFO - [2025-07-07T08:19:02.881+0000] {dag.py:2676} INFO - Sync 1 DAGs
[2025-07-07T08:19:02.979+0000] {logging_mixin.py:137} INFO - [2025-07-07T08:19:02.978+0000] {dag.py:3427} INFO - Setting next_dagrun for retail_sales_pipeline to None, run_after=None
[2025-07-07T08:19:03.035+0000] {processor.py:175} INFO - Processing /opt/airflow/dags/retail_sales_pipeline.py took 0.667 seconds
[2025-07-07T09:03:14.991+0000] {processor.py:153} INFO - Started process (PID=1727) to work on /opt/airflow/dags/retail_sales_pipeline.py
[2025-07-07T09:03:14.994+0000] {processor.py:743} INFO - Processing file /opt/airflow/dags/retail_sales_pipeline.py for tasks to queue
[2025-07-07T09:03:14.996+0000] {logging_mixin.py:137} INFO - [2025-07-07T09:03:14.996+0000] {dagbag.py:538} INFO - Filling up the DagBag from /opt/airflow/dags/retail_sales_pipeline.py
[2025-07-07T09:03:15.066+0000] {processor.py:753} INFO - DAG(s) dict_keys(['retail_sales_pipeline']) retrieved from /opt/airflow/dags/retail_sales_pipeline.py
[2025-07-07T09:03:15.301+0000] {logging_mixin.py:137} INFO - [2025-07-07T09:03:15.301+0000] {dag.py:2676} INFO - Sync 1 DAGs
[2025-07-07T09:03:15.385+0000] {logging_mixin.py:137} INFO - [2025-07-07T09:03:15.385+0000] {dag.py:3427} INFO - Setting next_dagrun for retail_sales_pipeline to None, run_after=None
[2025-07-07T09:03:15.420+0000] {processor.py:175} INFO - Processing /opt/airflow/dags/retail_sales_pipeline.py took 0.437 seconds
[2025-07-07T10:01:35.683+0000] {processor.py:153} INFO - Started process (PID=1732) to work on /opt/airflow/dags/retail_sales_pipeline.py
[2025-07-07T10:01:35.686+0000] {processor.py:743} INFO - Processing file /opt/airflow/dags/retail_sales_pipeline.py for tasks to queue
[2025-07-07T10:01:35.687+0000] {logging_mixin.py:137} INFO - [2025-07-07T10:01:35.686+0000] {dagbag.py:538} INFO - Filling up the DagBag from /opt/airflow/dags/retail_sales_pipeline.py
[2025-07-07T10:01:35.720+0000] {processor.py:753} INFO - DAG(s) dict_keys(['retail_sales_pipeline']) retrieved from /opt/airflow/dags/retail_sales_pipeline.py
[2025-07-07T10:01:35.841+0000] {logging_mixin.py:137} INFO - [2025-07-07T10:01:35.841+0000] {dag.py:2676} INFO - Sync 1 DAGs
[2025-07-07T10:01:35.890+0000] {logging_mixin.py:137} INFO - [2025-07-07T10:01:35.890+0000] {dag.py:3427} INFO - Setting next_dagrun for retail_sales_pipeline to None, run_after=None
[2025-07-07T10:01:35.916+0000] {processor.py:175} INFO - Processing /opt/airflow/dags/retail_sales_pipeline.py took 0.244 seconds
[2025-07-07T10:02:06.150+0000] {processor.py:153} INFO - Started process (PID=1737) to work on /opt/airflow/dags/retail_sales_pipeline.py
[2025-07-07T10:02:06.151+0000] {processor.py:743} INFO - Processing file /opt/airflow/dags/retail_sales_pipeline.py for tasks to queue
[2025-07-07T10:02:06.152+0000] {logging_mixin.py:137} INFO - [2025-07-07T10:02:06.152+0000] {dagbag.py:538} INFO - Filling up the DagBag from /opt/airflow/dags/retail_sales_pipeline.py
[2025-07-07T10:02:06.194+0000] {processor.py:753} INFO - DAG(s) dict_keys(['retail_sales_pipeline']) retrieved from /opt/airflow/dags/retail_sales_pipeline.py
[2025-07-07T10:02:06.330+0000] {logging_mixin.py:137} INFO - [2025-07-07T10:02:06.330+0000] {dag.py:2676} INFO - Sync 1 DAGs
[2025-07-07T10:02:06.379+0000] {logging_mixin.py:137} INFO - [2025-07-07T10:02:06.379+0000] {dag.py:3427} INFO - Setting next_dagrun for retail_sales_pipeline to None, run_after=None
[2025-07-07T10:02:06.404+0000] {processor.py:175} INFO - Processing /opt/airflow/dags/retail_sales_pipeline.py took 0.261 seconds
[2025-07-07T10:38:21.665+0000] {processor.py:153} INFO - Started process (PID=1742) to work on /opt/airflow/dags/retail_sales_pipeline.py
[2025-07-07T10:38:21.675+0000] {processor.py:743} INFO - Processing file /opt/airflow/dags/retail_sales_pipeline.py for tasks to queue
[2025-07-07T10:38:21.696+0000] {logging_mixin.py:137} INFO - [2025-07-07T10:38:21.694+0000] {dagbag.py:538} INFO - Filling up the DagBag from /opt/airflow/dags/retail_sales_pipeline.py
[2025-07-07T10:38:21.883+0000] {processor.py:753} INFO - DAG(s) dict_keys(['retail_sales_pipeline']) retrieved from /opt/airflow/dags/retail_sales_pipeline.py
[2025-07-07T10:38:22.260+0000] {logging_mixin.py:137} INFO - [2025-07-07T10:38:22.257+0000] {dag.py:2676} INFO - Sync 1 DAGs
[2025-07-07T10:38:22.357+0000] {logging_mixin.py:137} INFO - [2025-07-07T10:38:22.357+0000] {dag.py:3427} INFO - Setting next_dagrun for retail_sales_pipeline to None, run_after=None
[2025-07-07T10:38:22.401+0000] {processor.py:175} INFO - Processing /opt/airflow/dags/retail_sales_pipeline.py took 0.759 seconds
[2025-07-07T11:54:07.892+0000] {processor.py:153} INFO - Started process (PID=1747) to work on /opt/airflow/dags/retail_sales_pipeline.py
[2025-07-07T11:54:07.894+0000] {processor.py:743} INFO - Processing file /opt/airflow/dags/retail_sales_pipeline.py for tasks to queue
[2025-07-07T11:54:07.895+0000] {logging_mixin.py:137} INFO - [2025-07-07T11:54:07.895+0000] {dagbag.py:538} INFO - Filling up the DagBag from /opt/airflow/dags/retail_sales_pipeline.py
[2025-07-07T11:54:07.983+0000] {processor.py:753} INFO - DAG(s) dict_keys(['retail_sales_pipeline']) retrieved from /opt/airflow/dags/retail_sales_pipeline.py
[2025-07-07T11:54:08.115+0000] {logging_mixin.py:137} INFO - [2025-07-07T11:54:08.115+0000] {dag.py:2676} INFO - Sync 1 DAGs
[2025-07-07T11:54:08.181+0000] {logging_mixin.py:137} INFO - [2025-07-07T11:54:08.180+0000] {dag.py:3427} INFO - Setting next_dagrun for retail_sales_pipeline to None, run_after=None
[2025-07-07T11:54:08.243+0000] {processor.py:175} INFO - Processing /opt/airflow/dags/retail_sales_pipeline.py took 0.359 seconds
[2025-07-07T12:21:59.137+0000] {processor.py:153} INFO - Started process (PID=1753) to work on /opt/airflow/dags/retail_sales_pipeline.py
[2025-07-07T12:21:59.139+0000] {processor.py:743} INFO - Processing file /opt/airflow/dags/retail_sales_pipeline.py for tasks to queue
[2025-07-07T12:21:59.141+0000] {logging_mixin.py:137} INFO - [2025-07-07T12:21:59.140+0000] {dagbag.py:538} INFO - Filling up the DagBag from /opt/airflow/dags/retail_sales_pipeline.py
[2025-07-07T12:21:59.182+0000] {processor.py:753} INFO - DAG(s) dict_keys(['retail_sales_pipeline']) retrieved from /opt/airflow/dags/retail_sales_pipeline.py
[2025-07-07T12:21:59.467+0000] {logging_mixin.py:137} INFO - [2025-07-07T12:21:59.466+0000] {dag.py:2676} INFO - Sync 1 DAGs
[2025-07-07T12:21:59.602+0000] {logging_mixin.py:137} INFO - [2025-07-07T12:21:59.601+0000] {dag.py:3427} INFO - Setting next_dagrun for retail_sales_pipeline to None, run_after=None
[2025-07-07T12:21:59.689+0000] {processor.py:175} INFO - Processing /opt/airflow/dags/retail_sales_pipeline.py took 0.560 seconds
[2025-07-07T12:22:30.261+0000] {processor.py:153} INFO - Started process (PID=1759) to work on /opt/airflow/dags/retail_sales_pipeline.py
[2025-07-07T12:22:30.263+0000] {processor.py:743} INFO - Processing file /opt/airflow/dags/retail_sales_pipeline.py for tasks to queue
[2025-07-07T12:22:30.264+0000] {logging_mixin.py:137} INFO - [2025-07-07T12:22:30.264+0000] {dagbag.py:538} INFO - Filling up the DagBag from /opt/airflow/dags/retail_sales_pipeline.py
[2025-07-07T12:22:30.316+0000] {processor.py:753} INFO - DAG(s) dict_keys(['retail_sales_pipeline']) retrieved from /opt/airflow/dags/retail_sales_pipeline.py
[2025-07-07T12:22:30.583+0000] {logging_mixin.py:137} INFO - [2025-07-07T12:22:30.583+0000] {dag.py:2676} INFO - Sync 1 DAGs
[2025-07-07T12:22:30.652+0000] {logging_mixin.py:137} INFO - [2025-07-07T12:22:30.652+0000] {dag.py:3427} INFO - Setting next_dagrun for retail_sales_pipeline to None, run_after=None
[2025-07-07T12:22:30.687+0000] {processor.py:175} INFO - Processing /opt/airflow/dags/retail_sales_pipeline.py took 0.432 seconds
[2025-07-07T13:07:16.265+0000] {processor.py:153} INFO - Started process (PID=1764) to work on /opt/airflow/dags/retail_sales_pipeline.py
[2025-07-07T13:07:16.267+0000] {processor.py:743} INFO - Processing file /opt/airflow/dags/retail_sales_pipeline.py for tasks to queue
[2025-07-07T13:07:16.271+0000] {logging_mixin.py:137} INFO - [2025-07-07T13:07:16.270+0000] {dagbag.py:538} INFO - Filling up the DagBag from /opt/airflow/dags/retail_sales_pipeline.py
[2025-07-07T13:07:16.348+0000] {processor.py:753} INFO - DAG(s) dict_keys(['retail_sales_pipeline']) retrieved from /opt/airflow/dags/retail_sales_pipeline.py
[2025-07-07T13:07:16.558+0000] {logging_mixin.py:137} INFO - [2025-07-07T13:07:16.558+0000] {dag.py:2676} INFO - Sync 1 DAGs
[2025-07-07T13:07:16.647+0000] {logging_mixin.py:137} INFO - [2025-07-07T13:07:16.646+0000] {dag.py:3427} INFO - Setting next_dagrun for retail_sales_pipeline to None, run_after=None
[2025-07-07T13:07:16.729+0000] {processor.py:175} INFO - Processing /opt/airflow/dags/retail_sales_pipeline.py took 0.471 seconds
[2025-07-07T14:09:56.763+0000] {processor.py:153} INFO - Started process (PID=1769) to work on /opt/airflow/dags/retail_sales_pipeline.py
[2025-07-07T14:09:56.764+0000] {processor.py:743} INFO - Processing file /opt/airflow/dags/retail_sales_pipeline.py for tasks to queue
[2025-07-07T14:09:56.765+0000] {logging_mixin.py:137} INFO - [2025-07-07T14:09:56.764+0000] {dagbag.py:538} INFO - Filling up the DagBag from /opt/airflow/dags/retail_sales_pipeline.py
[2025-07-07T14:09:56.811+0000] {processor.py:753} INFO - DAG(s) dict_keys(['retail_sales_pipeline']) retrieved from /opt/airflow/dags/retail_sales_pipeline.py
[2025-07-07T14:09:57.098+0000] {logging_mixin.py:137} INFO - [2025-07-07T14:09:57.097+0000] {dag.py:2676} INFO - Sync 1 DAGs
[2025-07-07T14:09:57.271+0000] {logging_mixin.py:137} INFO - [2025-07-07T14:09:57.270+0000] {dag.py:3427} INFO - Setting next_dagrun for retail_sales_pipeline to None, run_after=None
[2025-07-07T14:09:57.365+0000] {processor.py:175} INFO - Processing /opt/airflow/dags/retail_sales_pipeline.py took 0.608 seconds
[2025-07-07T15:01:09.286+0000] {processor.py:153} INFO - Started process (PID=1774) to work on /opt/airflow/dags/retail_sales_pipeline.py
[2025-07-07T15:01:09.289+0000] {processor.py:743} INFO - Processing file /opt/airflow/dags/retail_sales_pipeline.py for tasks to queue
[2025-07-07T15:01:09.294+0000] {logging_mixin.py:137} INFO - [2025-07-07T15:01:09.293+0000] {dagbag.py:538} INFO - Filling up the DagBag from /opt/airflow/dags/retail_sales_pipeline.py
[2025-07-07T15:01:09.394+0000] {processor.py:753} INFO - DAG(s) dict_keys(['retail_sales_pipeline']) retrieved from /opt/airflow/dags/retail_sales_pipeline.py
[2025-07-07T15:01:09.967+0000] {logging_mixin.py:137} INFO - [2025-07-07T15:01:09.965+0000] {dag.py:2676} INFO - Sync 1 DAGs
[2025-07-07T15:01:10.043+0000] {logging_mixin.py:137} INFO - [2025-07-07T15:01:10.043+0000] {dag.py:3427} INFO - Setting next_dagrun for retail_sales_pipeline to None, run_after=None
[2025-07-07T15:01:10.087+0000] {processor.py:175} INFO - Processing /opt/airflow/dags/retail_sales_pipeline.py took 0.809 seconds
[2025-07-07T15:17:18.528+0000] {processor.py:153} INFO - Started process (PID=1779) to work on /opt/airflow/dags/retail_sales_pipeline.py
[2025-07-07T15:17:18.529+0000] {processor.py:743} INFO - Processing file /opt/airflow/dags/retail_sales_pipeline.py for tasks to queue
[2025-07-07T15:17:18.531+0000] {logging_mixin.py:137} INFO - [2025-07-07T15:17:18.531+0000] {dagbag.py:538} INFO - Filling up the DagBag from /opt/airflow/dags/retail_sales_pipeline.py
[2025-07-07T15:17:18.580+0000] {processor.py:753} INFO - DAG(s) dict_keys(['retail_sales_pipeline']) retrieved from /opt/airflow/dags/retail_sales_pipeline.py
[2025-07-07T15:17:18.707+0000] {logging_mixin.py:137} INFO - [2025-07-07T15:17:18.707+0000] {dag.py:2676} INFO - Sync 1 DAGs
[2025-07-07T15:17:18.748+0000] {logging_mixin.py:137} INFO - [2025-07-07T15:17:18.748+0000] {dag.py:3427} INFO - Setting next_dagrun for retail_sales_pipeline to None, run_after=None
[2025-07-07T15:17:18.772+0000] {processor.py:175} INFO - Processing /opt/airflow/dags/retail_sales_pipeline.py took 0.254 seconds
[2025-07-07T15:52:05.663+0000] {processor.py:153} INFO - Started process (PID=1786) to work on /opt/airflow/dags/retail_sales_pipeline.py
[2025-07-07T15:52:05.666+0000] {processor.py:743} INFO - Processing file /opt/airflow/dags/retail_sales_pipeline.py for tasks to queue
[2025-07-07T15:52:05.669+0000] {logging_mixin.py:137} INFO - [2025-07-07T15:52:05.669+0000] {dagbag.py:538} INFO - Filling up the DagBag from /opt/airflow/dags/retail_sales_pipeline.py
[2025-07-07T15:52:05.845+0000] {processor.py:753} INFO - DAG(s) dict_keys(['retail_sales_pipeline']) retrieved from /opt/airflow/dags/retail_sales_pipeline.py
[2025-07-07T15:52:06.126+0000] {logging_mixin.py:137} INFO - [2025-07-07T15:52:06.126+0000] {dag.py:2676} INFO - Sync 1 DAGs
[2025-07-07T15:52:06.169+0000] {logging_mixin.py:137} INFO - [2025-07-07T15:52:06.169+0000] {dag.py:3427} INFO - Setting next_dagrun for retail_sales_pipeline to None, run_after=None
[2025-07-07T15:52:06.198+0000] {processor.py:175} INFO - Processing /opt/airflow/dags/retail_sales_pipeline.py took 0.545 seconds
[2025-07-07T16:45:55.789+0000] {processor.py:153} INFO - Started process (PID=1791) to work on /opt/airflow/dags/retail_sales_pipeline.py
[2025-07-07T16:45:55.792+0000] {processor.py:743} INFO - Processing file /opt/airflow/dags/retail_sales_pipeline.py for tasks to queue
[2025-07-07T16:45:55.794+0000] {logging_mixin.py:137} INFO - [2025-07-07T16:45:55.793+0000] {dagbag.py:538} INFO - Filling up the DagBag from /opt/airflow/dags/retail_sales_pipeline.py
[2025-07-07T16:45:55.834+0000] {processor.py:753} INFO - DAG(s) dict_keys(['retail_sales_pipeline']) retrieved from /opt/airflow/dags/retail_sales_pipeline.py
[2025-07-07T16:45:55.955+0000] {logging_mixin.py:137} INFO - [2025-07-07T16:45:55.955+0000] {dag.py:2676} INFO - Sync 1 DAGs
[2025-07-07T16:45:56.008+0000] {logging_mixin.py:137} INFO - [2025-07-07T16:45:56.008+0000] {dag.py:3427} INFO - Setting next_dagrun for retail_sales_pipeline to None, run_after=None
[2025-07-07T16:45:56.118+0000] {processor.py:175} INFO - Processing /opt/airflow/dags/retail_sales_pipeline.py took 0.336 seconds
[2025-07-07T16:47:30.444+0000] {processor.py:153} INFO - Started process (PID=1796) to work on /opt/airflow/dags/retail_sales_pipeline.py
[2025-07-07T16:47:30.446+0000] {processor.py:743} INFO - Processing file /opt/airflow/dags/retail_sales_pipeline.py for tasks to queue
[2025-07-07T16:47:30.447+0000] {logging_mixin.py:137} INFO - [2025-07-07T16:47:30.447+0000] {dagbag.py:538} INFO - Filling up the DagBag from /opt/airflow/dags/retail_sales_pipeline.py
[2025-07-07T16:47:30.495+0000] {processor.py:753} INFO - DAG(s) dict_keys(['retail_sales_pipeline']) retrieved from /opt/airflow/dags/retail_sales_pipeline.py
[2025-07-07T16:47:30.660+0000] {logging_mixin.py:137} INFO - [2025-07-07T16:47:30.660+0000] {dag.py:2676} INFO - Sync 1 DAGs
[2025-07-07T16:47:30.712+0000] {logging_mixin.py:137} INFO - [2025-07-07T16:47:30.712+0000] {dag.py:3427} INFO - Setting next_dagrun for retail_sales_pipeline to None, run_after=None
[2025-07-07T16:47:30.742+0000] {processor.py:175} INFO - Processing /opt/airflow/dags/retail_sales_pipeline.py took 0.309 seconds
[2025-07-07T17:11:10.917+0000] {processor.py:153} INFO - Started process (PID=1803) to work on /opt/airflow/dags/retail_sales_pipeline.py
[2025-07-07T17:11:10.920+0000] {processor.py:743} INFO - Processing file /opt/airflow/dags/retail_sales_pipeline.py for tasks to queue
[2025-07-07T17:11:10.921+0000] {logging_mixin.py:137} INFO - [2025-07-07T17:11:10.921+0000] {dagbag.py:538} INFO - Filling up the DagBag from /opt/airflow/dags/retail_sales_pipeline.py
[2025-07-07T17:11:10.983+0000] {processor.py:753} INFO - DAG(s) dict_keys(['retail_sales_pipeline']) retrieved from /opt/airflow/dags/retail_sales_pipeline.py
[2025-07-07T17:11:11.395+0000] {logging_mixin.py:137} INFO - [2025-07-07T17:11:11.394+0000] {dag.py:2676} INFO - Sync 1 DAGs
[2025-07-07T17:11:11.535+0000] {logging_mixin.py:137} INFO - [2025-07-07T17:11:11.534+0000] {dag.py:3427} INFO - Setting next_dagrun for retail_sales_pipeline to None, run_after=None
[2025-07-07T17:11:11.629+0000] {processor.py:175} INFO - Processing /opt/airflow/dags/retail_sales_pipeline.py took 0.720 seconds
[2025-07-07T18:28:11.352+0000] {processor.py:153} INFO - Started process (PID=1808) to work on /opt/airflow/dags/retail_sales_pipeline.py
[2025-07-07T18:28:11.355+0000] {processor.py:743} INFO - Processing file /opt/airflow/dags/retail_sales_pipeline.py for tasks to queue
[2025-07-07T18:28:11.363+0000] {logging_mixin.py:137} INFO - [2025-07-07T18:28:11.362+0000] {dagbag.py:538} INFO - Filling up the DagBag from /opt/airflow/dags/retail_sales_pipeline.py
[2025-07-07T18:28:11.581+0000] {processor.py:753} INFO - DAG(s) dict_keys(['retail_sales_pipeline']) retrieved from /opt/airflow/dags/retail_sales_pipeline.py
[2025-07-07T18:28:12.129+0000] {logging_mixin.py:137} INFO - [2025-07-07T18:28:12.128+0000] {dag.py:2676} INFO - Sync 1 DAGs
[2025-07-07T18:28:12.239+0000] {logging_mixin.py:137} INFO - [2025-07-07T18:28:12.238+0000] {dag.py:3427} INFO - Setting next_dagrun for retail_sales_pipeline to None, run_after=None
[2025-07-07T18:28:12.298+0000] {processor.py:175} INFO - Processing /opt/airflow/dags/retail_sales_pipeline.py took 0.956 seconds
[2025-07-07T19:44:31.424+0000] {processor.py:153} INFO - Started process (PID=1813) to work on /opt/airflow/dags/retail_sales_pipeline.py
[2025-07-07T19:44:31.425+0000] {processor.py:743} INFO - Processing file /opt/airflow/dags/retail_sales_pipeline.py for tasks to queue
[2025-07-07T19:44:31.427+0000] {logging_mixin.py:137} INFO - [2025-07-07T19:44:31.427+0000] {dagbag.py:538} INFO - Filling up the DagBag from /opt/airflow/dags/retail_sales_pipeline.py
[2025-07-07T19:44:31.461+0000] {processor.py:753} INFO - DAG(s) dict_keys(['retail_sales_pipeline']) retrieved from /opt/airflow/dags/retail_sales_pipeline.py
[2025-07-07T19:44:31.588+0000] {logging_mixin.py:137} INFO - [2025-07-07T19:44:31.587+0000] {dag.py:2676} INFO - Sync 1 DAGs
[2025-07-07T19:44:31.628+0000] {logging_mixin.py:137} INFO - [2025-07-07T19:44:31.628+0000] {dag.py:3427} INFO - Setting next_dagrun for retail_sales_pipeline to None, run_after=None
[2025-07-07T19:44:31.662+0000] {processor.py:175} INFO - Processing /opt/airflow/dags/retail_sales_pipeline.py took 0.242 seconds
[2025-07-07T21:05:27.019+0000] {processor.py:153} INFO - Started process (PID=1818) to work on /opt/airflow/dags/retail_sales_pipeline.py
[2025-07-07T21:05:27.021+0000] {processor.py:743} INFO - Processing file /opt/airflow/dags/retail_sales_pipeline.py for tasks to queue
[2025-07-07T21:05:27.028+0000] {logging_mixin.py:137} INFO - [2025-07-07T21:05:27.027+0000] {dagbag.py:538} INFO - Filling up the DagBag from /opt/airflow/dags/retail_sales_pipeline.py
[2025-07-07T21:05:27.215+0000] {processor.py:753} INFO - DAG(s) dict_keys(['retail_sales_pipeline']) retrieved from /opt/airflow/dags/retail_sales_pipeline.py
[2025-07-07T21:05:27.677+0000] {logging_mixin.py:137} INFO - [2025-07-07T21:05:27.672+0000] {dag.py:2676} INFO - Sync 1 DAGs
[2025-07-07T21:05:27.911+0000] {logging_mixin.py:137} INFO - [2025-07-07T21:05:27.908+0000] {dag.py:3427} INFO - Setting next_dagrun for retail_sales_pipeline to None, run_after=None
[2025-07-07T21:05:28.072+0000] {processor.py:175} INFO - Processing /opt/airflow/dags/retail_sales_pipeline.py took 1.067 seconds
[2025-07-07T22:21:40.005+0000] {processor.py:153} INFO - Started process (PID=1825) to work on /opt/airflow/dags/retail_sales_pipeline.py
[2025-07-07T22:21:40.008+0000] {processor.py:743} INFO - Processing file /opt/airflow/dags/retail_sales_pipeline.py for tasks to queue
[2025-07-07T22:21:40.011+0000] {logging_mixin.py:137} INFO - [2025-07-07T22:21:40.010+0000] {dagbag.py:538} INFO - Filling up the DagBag from /opt/airflow/dags/retail_sales_pipeline.py
[2025-07-07T22:21:40.124+0000] {processor.py:753} INFO - DAG(s) dict_keys(['retail_sales_pipeline']) retrieved from /opt/airflow/dags/retail_sales_pipeline.py
[2025-07-07T22:21:40.679+0000] {logging_mixin.py:137} INFO - [2025-07-07T22:21:40.674+0000] {dag.py:2676} INFO - Sync 1 DAGs
[2025-07-07T22:21:40.769+0000] {logging_mixin.py:137} INFO - [2025-07-07T22:21:40.768+0000] {dag.py:3427} INFO - Setting next_dagrun for retail_sales_pipeline to None, run_after=None
[2025-07-07T22:21:40.804+0000] {processor.py:175} INFO - Processing /opt/airflow/dags/retail_sales_pipeline.py took 0.809 seconds
[2025-07-07T23:53:30.688+0000] {processor.py:153} INFO - Started process (PID=1830) to work on /opt/airflow/dags/retail_sales_pipeline.py
[2025-07-07T23:53:30.692+0000] {processor.py:743} INFO - Processing file /opt/airflow/dags/retail_sales_pipeline.py for tasks to queue
[2025-07-07T23:53:30.698+0000] {logging_mixin.py:137} INFO - [2025-07-07T23:53:30.697+0000] {dagbag.py:538} INFO - Filling up the DagBag from /opt/airflow/dags/retail_sales_pipeline.py
[2025-07-07T23:53:30.788+0000] {processor.py:753} INFO - DAG(s) dict_keys(['retail_sales_pipeline']) retrieved from /opt/airflow/dags/retail_sales_pipeline.py
[2025-07-07T23:53:31.070+0000] {logging_mixin.py:137} INFO - [2025-07-07T23:53:31.069+0000] {dag.py:2676} INFO - Sync 1 DAGs
[2025-07-07T23:53:31.116+0000] {logging_mixin.py:137} INFO - [2025-07-07T23:53:31.116+0000] {dag.py:3427} INFO - Setting next_dagrun for retail_sales_pipeline to None, run_after=None
[2025-07-07T23:53:31.149+0000] {processor.py:175} INFO - Processing /opt/airflow/dags/retail_sales_pipeline.py took 0.473 seconds
