[2025-07-08T00:58:09.686+0000] {processor.py:153} INFO - Started process (PID=1835) to work on /opt/airflow/dags/retail_sales_pipeline.py
[2025-07-08T00:58:09.686+0000] {processor.py:743} INFO - Processing file /opt/airflow/dags/retail_sales_pipeline.py for tasks to queue
[2025-07-08T00:58:09.687+0000] {logging_mixin.py:137} INFO - [2025-07-08T00:58:09.687+0000] {dagbag.py:538} INFO - Filling up the DagBag from /opt/airflow/dags/retail_sales_pipeline.py
[2025-07-08T00:58:09.725+0000] {processor.py:753} INFO - DAG(s) dict_keys(['retail_sales_pipeline']) retrieved from /opt/airflow/dags/retail_sales_pipeline.py
[2025-07-08T00:58:09.856+0000] {logging_mixin.py:137} INFO - [2025-07-08T00:58:09.856+0000] {dag.py:2676} INFO - Sync 1 DAGs
[2025-07-08T00:58:09.915+0000] {logging_mixin.py:137} INFO - [2025-07-08T00:58:09.914+0000] {dag.py:3427} INFO - Setting next_dagrun for retail_sales_pipeline to None, run_after=None
[2025-07-08T00:58:10.030+0000] {processor.py:175} INFO - Processing /opt/airflow/dags/retail_sales_pipeline.py took 0.347 seconds
[2025-07-08T00:58:40.178+0000] {processor.py:153} INFO - Started process (PID=1840) to work on /opt/airflow/dags/retail_sales_pipeline.py
[2025-07-08T00:58:40.181+0000] {processor.py:743} INFO - Processing file /opt/airflow/dags/retail_sales_pipeline.py for tasks to queue
[2025-07-08T00:58:40.182+0000] {logging_mixin.py:137} INFO - [2025-07-08T00:58:40.182+0000] {dagbag.py:538} INFO - Filling up the DagBag from /opt/airflow/dags/retail_sales_pipeline.py
[2025-07-08T00:58:40.229+0000] {processor.py:753} INFO - DAG(s) dict_keys(['retail_sales_pipeline']) retrieved from /opt/airflow/dags/retail_sales_pipeline.py
[2025-07-08T00:58:40.370+0000] {logging_mixin.py:137} INFO - [2025-07-08T00:58:40.370+0000] {dag.py:2676} INFO - Sync 1 DAGs
[2025-07-08T00:58:40.418+0000] {logging_mixin.py:137} INFO - [2025-07-08T00:58:40.418+0000] {dag.py:3427} INFO - Setting next_dagrun for retail_sales_pipeline to None, run_after=None
[2025-07-08T00:58:40.444+0000] {processor.py:175} INFO - Processing /opt/airflow/dags/retail_sales_pipeline.py took 0.276 seconds
[2025-07-08T01:31:12.204+0000] {processor.py:153} INFO - Started process (PID=1845) to work on /opt/airflow/dags/retail_sales_pipeline.py
[2025-07-08T01:31:12.208+0000] {processor.py:743} INFO - Processing file /opt/airflow/dags/retail_sales_pipeline.py for tasks to queue
[2025-07-08T01:31:12.213+0000] {logging_mixin.py:137} INFO - [2025-07-08T01:31:12.213+0000] {dagbag.py:538} INFO - Filling up the DagBag from /opt/airflow/dags/retail_sales_pipeline.py
[2025-07-08T01:31:12.308+0000] {processor.py:753} INFO - DAG(s) dict_keys(['retail_sales_pipeline']) retrieved from /opt/airflow/dags/retail_sales_pipeline.py
[2025-07-08T01:31:12.503+0000] {logging_mixin.py:137} INFO - [2025-07-08T01:31:12.503+0000] {dag.py:2676} INFO - Sync 1 DAGs
[2025-07-08T01:31:12.562+0000] {logging_mixin.py:137} INFO - [2025-07-08T01:31:12.562+0000] {dag.py:3427} INFO - Setting next_dagrun for retail_sales_pipeline to None, run_after=None
[2025-07-08T01:31:12.592+0000] {processor.py:175} INFO - Processing /opt/airflow/dags/retail_sales_pipeline.py took 0.406 seconds
[2025-07-08T01:31:42.709+0000] {processor.py:153} INFO - Started process (PID=1850) to work on /opt/airflow/dags/retail_sales_pipeline.py
[2025-07-08T01:31:42.712+0000] {processor.py:743} INFO - Processing file /opt/airflow/dags/retail_sales_pipeline.py for tasks to queue
[2025-07-08T01:31:42.713+0000] {logging_mixin.py:137} INFO - [2025-07-08T01:31:42.713+0000] {dagbag.py:538} INFO - Filling up the DagBag from /opt/airflow/dags/retail_sales_pipeline.py
[2025-07-08T01:31:42.757+0000] {processor.py:753} INFO - DAG(s) dict_keys(['retail_sales_pipeline']) retrieved from /opt/airflow/dags/retail_sales_pipeline.py
[2025-07-08T01:31:42.889+0000] {logging_mixin.py:137} INFO - [2025-07-08T01:31:42.888+0000] {dag.py:2676} INFO - Sync 1 DAGs
[2025-07-08T01:31:42.938+0000] {logging_mixin.py:137} INFO - [2025-07-08T01:31:42.938+0000] {dag.py:3427} INFO - Setting next_dagrun for retail_sales_pipeline to None, run_after=None
[2025-07-08T01:31:42.968+0000] {processor.py:175} INFO - Processing /opt/airflow/dags/retail_sales_pipeline.py took 0.271 seconds
[2025-07-08T02:03:01.219+0000] {processor.py:153} INFO - Started process (PID=1857) to work on /opt/airflow/dags/retail_sales_pipeline.py
[2025-07-08T02:03:01.220+0000] {processor.py:743} INFO - Processing file /opt/airflow/dags/retail_sales_pipeline.py for tasks to queue
[2025-07-08T02:03:01.221+0000] {logging_mixin.py:137} INFO - [2025-07-08T02:03:01.220+0000] {dagbag.py:538} INFO - Filling up the DagBag from /opt/airflow/dags/retail_sales_pipeline.py
[2025-07-08T02:03:01.261+0000] {processor.py:753} INFO - DAG(s) dict_keys(['retail_sales_pipeline']) retrieved from /opt/airflow/dags/retail_sales_pipeline.py
[2025-07-08T02:03:01.386+0000] {logging_mixin.py:137} INFO - [2025-07-08T02:03:01.386+0000] {dag.py:2676} INFO - Sync 1 DAGs
[2025-07-08T02:03:01.433+0000] {logging_mixin.py:137} INFO - [2025-07-08T02:03:01.432+0000] {dag.py:3427} INFO - Setting next_dagrun for retail_sales_pipeline to None, run_after=None
[2025-07-08T02:03:01.457+0000] {processor.py:175} INFO - Processing /opt/airflow/dags/retail_sales_pipeline.py took 0.243 seconds
[2025-07-08T02:03:31.746+0000] {processor.py:153} INFO - Started process (PID=1862) to work on /opt/airflow/dags/retail_sales_pipeline.py
[2025-07-08T02:03:31.749+0000] {processor.py:743} INFO - Processing file /opt/airflow/dags/retail_sales_pipeline.py for tasks to queue
[2025-07-08T02:03:31.750+0000] {logging_mixin.py:137} INFO - [2025-07-08T02:03:31.750+0000] {dagbag.py:538} INFO - Filling up the DagBag from /opt/airflow/dags/retail_sales_pipeline.py
[2025-07-08T02:03:31.795+0000] {processor.py:753} INFO - DAG(s) dict_keys(['retail_sales_pipeline']) retrieved from /opt/airflow/dags/retail_sales_pipeline.py
[2025-07-08T02:03:31.953+0000] {logging_mixin.py:137} INFO - [2025-07-08T02:03:31.952+0000] {dag.py:2676} INFO - Sync 1 DAGs
[2025-07-08T02:03:31.995+0000] {logging_mixin.py:137} INFO - [2025-07-08T02:03:31.995+0000] {dag.py:3427} INFO - Setting next_dagrun for retail_sales_pipeline to None, run_after=None
[2025-07-08T02:03:32.025+0000] {processor.py:175} INFO - Processing /opt/airflow/dags/retail_sales_pipeline.py took 0.294 seconds
[2025-07-08T03:23:20.262+0000] {processor.py:153} INFO - Started process (PID=1867) to work on /opt/airflow/dags/retail_sales_pipeline.py
[2025-07-08T03:23:20.269+0000] {processor.py:743} INFO - Processing file /opt/airflow/dags/retail_sales_pipeline.py for tasks to queue
[2025-07-08T03:23:20.274+0000] {logging_mixin.py:137} INFO - [2025-07-08T03:23:20.273+0000] {dagbag.py:538} INFO - Filling up the DagBag from /opt/airflow/dags/retail_sales_pipeline.py
[2025-07-08T03:23:20.371+0000] {processor.py:753} INFO - DAG(s) dict_keys(['retail_sales_pipeline']) retrieved from /opt/airflow/dags/retail_sales_pipeline.py
[2025-07-08T03:23:20.646+0000] {logging_mixin.py:137} INFO - [2025-07-08T03:23:20.645+0000] {dag.py:2676} INFO - Sync 1 DAGs
[2025-07-08T03:23:20.848+0000] {logging_mixin.py:137} INFO - [2025-07-08T03:23:20.847+0000] {dag.py:3427} INFO - Setting next_dagrun for retail_sales_pipeline to None, run_after=None
[2025-07-08T03:23:20.940+0000] {processor.py:175} INFO - Processing /opt/airflow/dags/retail_sales_pipeline.py took 0.694 seconds
[2025-07-08T03:23:51.334+0000] {processor.py:153} INFO - Started process (PID=1872) to work on /opt/airflow/dags/retail_sales_pipeline.py
[2025-07-08T03:23:51.336+0000] {processor.py:743} INFO - Processing file /opt/airflow/dags/retail_sales_pipeline.py for tasks to queue
[2025-07-08T03:23:51.337+0000] {logging_mixin.py:137} INFO - [2025-07-08T03:23:51.337+0000] {dagbag.py:538} INFO - Filling up the DagBag from /opt/airflow/dags/retail_sales_pipeline.py
[2025-07-08T03:23:51.384+0000] {processor.py:753} INFO - DAG(s) dict_keys(['retail_sales_pipeline']) retrieved from /opt/airflow/dags/retail_sales_pipeline.py
[2025-07-08T03:23:51.510+0000] {logging_mixin.py:137} INFO - [2025-07-08T03:23:51.510+0000] {dag.py:2676} INFO - Sync 1 DAGs
[2025-07-08T03:23:51.556+0000] {logging_mixin.py:137} INFO - [2025-07-08T03:23:51.556+0000] {dag.py:3427} INFO - Setting next_dagrun for retail_sales_pipeline to None, run_after=None
[2025-07-08T03:23:51.580+0000] {processor.py:175} INFO - Processing /opt/airflow/dags/retail_sales_pipeline.py took 0.259 seconds
[2025-07-08T04:05:50.669+0000] {processor.py:153} INFO - Started process (PID=1877) to work on /opt/airflow/dags/retail_sales_pipeline.py
[2025-07-08T04:05:50.672+0000] {processor.py:743} INFO - Processing file /opt/airflow/dags/retail_sales_pipeline.py for tasks to queue
[2025-07-08T04:05:50.674+0000] {logging_mixin.py:137} INFO - [2025-07-08T04:05:50.673+0000] {dagbag.py:538} INFO - Filling up the DagBag from /opt/airflow/dags/retail_sales_pipeline.py
[2025-07-08T04:05:50.736+0000] {processor.py:753} INFO - DAG(s) dict_keys(['retail_sales_pipeline']) retrieved from /opt/airflow/dags/retail_sales_pipeline.py
[2025-07-08T04:05:50.951+0000] {logging_mixin.py:137} INFO - [2025-07-08T04:05:50.951+0000] {dag.py:2676} INFO - Sync 1 DAGs
[2025-07-08T04:05:50.991+0000] {logging_mixin.py:137} INFO - [2025-07-08T04:05:50.991+0000] {dag.py:3427} INFO - Setting next_dagrun for retail_sales_pipeline to None, run_after=None
[2025-07-08T04:05:51.020+0000] {processor.py:175} INFO - Processing /opt/airflow/dags/retail_sales_pipeline.py took 0.361 seconds
[2025-07-08T04:48:20.943+0000] {processor.py:153} INFO - Started process (PID=1884) to work on /opt/airflow/dags/retail_sales_pipeline.py
[2025-07-08T04:48:20.945+0000] {processor.py:743} INFO - Processing file /opt/airflow/dags/retail_sales_pipeline.py for tasks to queue
[2025-07-08T04:48:20.946+0000] {logging_mixin.py:137} INFO - [2025-07-08T04:48:20.946+0000] {dagbag.py:538} INFO - Filling up the DagBag from /opt/airflow/dags/retail_sales_pipeline.py
[2025-07-08T04:48:20.989+0000] {processor.py:753} INFO - DAG(s) dict_keys(['retail_sales_pipeline']) retrieved from /opt/airflow/dags/retail_sales_pipeline.py
[2025-07-08T04:48:21.148+0000] {logging_mixin.py:137} INFO - [2025-07-08T04:48:21.146+0000] {dag.py:2676} INFO - Sync 1 DAGs
[2025-07-08T04:48:21.282+0000] {logging_mixin.py:137} INFO - [2025-07-08T04:48:21.282+0000] {dag.py:3427} INFO - Setting next_dagrun for retail_sales_pipeline to None, run_after=None
[2025-07-08T04:48:21.348+0000] {processor.py:175} INFO - Processing /opt/airflow/dags/retail_sales_pipeline.py took 0.408 seconds
[2025-07-08T04:49:05.197+0000] {processor.py:153} INFO - Started process (PID=1889) to work on /opt/airflow/dags/retail_sales_pipeline.py
[2025-07-08T04:49:05.199+0000] {processor.py:743} INFO - Processing file /opt/airflow/dags/retail_sales_pipeline.py for tasks to queue
[2025-07-08T04:49:05.200+0000] {logging_mixin.py:137} INFO - [2025-07-08T04:49:05.200+0000] {dagbag.py:538} INFO - Filling up the DagBag from /opt/airflow/dags/retail_sales_pipeline.py
[2025-07-08T04:49:05.246+0000] {processor.py:753} INFO - DAG(s) dict_keys(['retail_sales_pipeline']) retrieved from /opt/airflow/dags/retail_sales_pipeline.py
[2025-07-08T04:49:05.401+0000] {logging_mixin.py:137} INFO - [2025-07-08T04:49:05.401+0000] {dag.py:2676} INFO - Sync 1 DAGs
[2025-07-08T04:49:05.450+0000] {logging_mixin.py:137} INFO - [2025-07-08T04:49:05.449+0000] {dag.py:3427} INFO - Setting next_dagrun for retail_sales_pipeline to None, run_after=None
[2025-07-08T04:49:05.474+0000] {processor.py:175} INFO - Processing /opt/airflow/dags/retail_sales_pipeline.py took 0.284 seconds
[2025-07-08T04:57:18.737+0000] {processor.py:153} INFO - Started process (PID=1894) to work on /opt/airflow/dags/retail_sales_pipeline.py
[2025-07-08T04:57:18.744+0000] {processor.py:743} INFO - Processing file /opt/airflow/dags/retail_sales_pipeline.py for tasks to queue
[2025-07-08T04:57:18.748+0000] {logging_mixin.py:137} INFO - [2025-07-08T04:57:18.747+0000] {dagbag.py:538} INFO - Filling up the DagBag from /opt/airflow/dags/retail_sales_pipeline.py
[2025-07-08T04:57:18.869+0000] {processor.py:753} INFO - DAG(s) dict_keys(['retail_sales_pipeline']) retrieved from /opt/airflow/dags/retail_sales_pipeline.py
[2025-07-08T04:57:19.320+0000] {logging_mixin.py:137} INFO - [2025-07-08T04:57:19.319+0000] {dag.py:2676} INFO - Sync 1 DAGs
[2025-07-08T04:57:19.447+0000] {logging_mixin.py:137} INFO - [2025-07-08T04:57:19.446+0000] {dag.py:3427} INFO - Setting next_dagrun for retail_sales_pipeline to None, run_after=None
[2025-07-08T04:57:19.491+0000] {processor.py:175} INFO - Processing /opt/airflow/dags/retail_sales_pipeline.py took 0.766 seconds
[2025-07-08T04:59:29.933+0000] {processor.py:153} INFO - Started process (PID=1899) to work on /opt/airflow/dags/retail_sales_pipeline.py
[2025-07-08T04:59:29.935+0000] {processor.py:743} INFO - Processing file /opt/airflow/dags/retail_sales_pipeline.py for tasks to queue
[2025-07-08T04:59:29.936+0000] {logging_mixin.py:137} INFO - [2025-07-08T04:59:29.936+0000] {dagbag.py:538} INFO - Filling up the DagBag from /opt/airflow/dags/retail_sales_pipeline.py
[2025-07-08T04:59:29.979+0000] {processor.py:753} INFO - DAG(s) dict_keys(['retail_sales_pipeline']) retrieved from /opt/airflow/dags/retail_sales_pipeline.py
[2025-07-08T04:59:30.122+0000] {logging_mixin.py:137} INFO - [2025-07-08T04:59:30.122+0000] {dag.py:2676} INFO - Sync 1 DAGs
[2025-07-08T04:59:30.169+0000] {logging_mixin.py:137} INFO - [2025-07-08T04:59:30.169+0000] {dag.py:3427} INFO - Setting next_dagrun for retail_sales_pipeline to None, run_after=None
[2025-07-08T04:59:30.197+0000] {processor.py:175} INFO - Processing /opt/airflow/dags/retail_sales_pipeline.py took 0.273 seconds
[2025-07-08T05:00:12.775+0000] {processor.py:153} INFO - Started process (PID=1904) to work on /opt/airflow/dags/retail_sales_pipeline.py
[2025-07-08T05:00:12.777+0000] {processor.py:743} INFO - Processing file /opt/airflow/dags/retail_sales_pipeline.py for tasks to queue
[2025-07-08T05:00:12.779+0000] {logging_mixin.py:137} INFO - [2025-07-08T05:00:12.778+0000] {dagbag.py:538} INFO - Filling up the DagBag from /opt/airflow/dags/retail_sales_pipeline.py
[2025-07-08T05:00:12.834+0000] {processor.py:753} INFO - DAG(s) dict_keys(['retail_sales_pipeline']) retrieved from /opt/airflow/dags/retail_sales_pipeline.py
[2025-07-08T05:00:12.980+0000] {logging_mixin.py:137} INFO - [2025-07-08T05:00:12.980+0000] {dag.py:2676} INFO - Sync 1 DAGs
[2025-07-08T05:00:13.028+0000] {logging_mixin.py:137} INFO - [2025-07-08T05:00:13.028+0000] {dag.py:3427} INFO - Setting next_dagrun for retail_sales_pipeline to None, run_after=None
[2025-07-08T05:00:13.052+0000] {processor.py:175} INFO - Processing /opt/airflow/dags/retail_sales_pipeline.py took 0.290 seconds
[2025-07-08T05:02:21.104+0000] {processor.py:153} INFO - Started process (PID=1909) to work on /opt/airflow/dags/retail_sales_pipeline.py
[2025-07-08T05:02:21.106+0000] {processor.py:743} INFO - Processing file /opt/airflow/dags/retail_sales_pipeline.py for tasks to queue
[2025-07-08T05:02:21.107+0000] {logging_mixin.py:137} INFO - [2025-07-08T05:02:21.107+0000] {dagbag.py:538} INFO - Filling up the DagBag from /opt/airflow/dags/retail_sales_pipeline.py
[2025-07-08T05:02:21.145+0000] {processor.py:753} INFO - DAG(s) dict_keys(['retail_sales_pipeline']) retrieved from /opt/airflow/dags/retail_sales_pipeline.py
[2025-07-08T05:02:21.600+0000] {logging_mixin.py:137} INFO - [2025-07-08T05:02:21.599+0000] {dag.py:2676} INFO - Sync 1 DAGs
[2025-07-08T05:02:21.781+0000] {logging_mixin.py:137} INFO - [2025-07-08T05:02:21.779+0000] {dag.py:3427} INFO - Setting next_dagrun for retail_sales_pipeline to None, run_after=None
[2025-07-08T05:02:21.976+0000] {processor.py:175} INFO - Processing /opt/airflow/dags/retail_sales_pipeline.py took 0.882 seconds
[2025-07-08T05:12:15.699+0000] {processor.py:153} INFO - Started process (PID=1916) to work on /opt/airflow/dags/retail_sales_pipeline.py
[2025-07-08T05:12:15.704+0000] {processor.py:743} INFO - Processing file /opt/airflow/dags/retail_sales_pipeline.py for tasks to queue
[2025-07-08T05:12:15.709+0000] {logging_mixin.py:137} INFO - [2025-07-08T05:12:15.708+0000] {dagbag.py:538} INFO - Filling up the DagBag from /opt/airflow/dags/retail_sales_pipeline.py
[2025-07-08T05:12:15.867+0000] {processor.py:753} INFO - DAG(s) dict_keys(['retail_sales_pipeline']) retrieved from /opt/airflow/dags/retail_sales_pipeline.py
[2025-07-08T05:12:16.433+0000] {logging_mixin.py:137} INFO - [2025-07-08T05:12:16.426+0000] {dag.py:2676} INFO - Sync 1 DAGs
[2025-07-08T05:12:16.740+0000] {logging_mixin.py:137} INFO - [2025-07-08T05:12:16.739+0000] {dag.py:3427} INFO - Setting next_dagrun for retail_sales_pipeline to None, run_after=None
[2025-07-08T05:12:16.802+0000] {processor.py:175} INFO - Processing /opt/airflow/dags/retail_sales_pipeline.py took 1.117 seconds
[2025-07-08T05:16:59.004+0000] {processor.py:153} INFO - Started process (PID=1921) to work on /opt/airflow/dags/retail_sales_pipeline.py
[2025-07-08T05:16:59.008+0000] {processor.py:743} INFO - Processing file /opt/airflow/dags/retail_sales_pipeline.py for tasks to queue
[2025-07-08T05:16:59.018+0000] {logging_mixin.py:137} INFO - [2025-07-08T05:16:59.017+0000] {dagbag.py:538} INFO - Filling up the DagBag from /opt/airflow/dags/retail_sales_pipeline.py
[2025-07-08T05:16:59.190+0000] {processor.py:753} INFO - DAG(s) dict_keys(['retail_sales_pipeline']) retrieved from /opt/airflow/dags/retail_sales_pipeline.py
[2025-07-08T05:16:59.613+0000] {logging_mixin.py:137} INFO - [2025-07-08T05:16:59.611+0000] {dag.py:2676} INFO - Sync 1 DAGs
[2025-07-08T05:16:59.760+0000] {logging_mixin.py:137} INFO - [2025-07-08T05:16:59.759+0000] {dag.py:3427} INFO - Setting next_dagrun for retail_sales_pipeline to None, run_after=None
[2025-07-08T05:16:59.871+0000] {processor.py:175} INFO - Processing /opt/airflow/dags/retail_sales_pipeline.py took 0.889 seconds
[2025-07-08T05:20:48.421+0000] {processor.py:153} INFO - Started process (PID=1926) to work on /opt/airflow/dags/retail_sales_pipeline.py
[2025-07-08T05:20:48.422+0000] {processor.py:743} INFO - Processing file /opt/airflow/dags/retail_sales_pipeline.py for tasks to queue
[2025-07-08T05:20:48.424+0000] {logging_mixin.py:137} INFO - [2025-07-08T05:20:48.423+0000] {dagbag.py:538} INFO - Filling up the DagBag from /opt/airflow/dags/retail_sales_pipeline.py
[2025-07-08T05:20:48.472+0000] {processor.py:753} INFO - DAG(s) dict_keys(['retail_sales_pipeline']) retrieved from /opt/airflow/dags/retail_sales_pipeline.py
[2025-07-08T05:20:48.594+0000] {logging_mixin.py:137} INFO - [2025-07-08T05:20:48.594+0000] {dag.py:2676} INFO - Sync 1 DAGs
[2025-07-08T05:20:48.643+0000] {logging_mixin.py:137} INFO - [2025-07-08T05:20:48.643+0000] {dag.py:3427} INFO - Setting next_dagrun for retail_sales_pipeline to None, run_after=None
[2025-07-08T05:20:48.669+0000] {processor.py:175} INFO - Processing /opt/airflow/dags/retail_sales_pipeline.py took 0.255 seconds
[2025-07-08T05:27:12.530+0000] {processor.py:153} INFO - Started process (PID=1933) to work on /opt/airflow/dags/retail_sales_pipeline.py
[2025-07-08T05:27:12.532+0000] {processor.py:743} INFO - Processing file /opt/airflow/dags/retail_sales_pipeline.py for tasks to queue
[2025-07-08T05:27:12.535+0000] {logging_mixin.py:137} INFO - [2025-07-08T05:27:12.534+0000] {dagbag.py:538} INFO - Filling up the DagBag from /opt/airflow/dags/retail_sales_pipeline.py
[2025-07-08T05:27:12.627+0000] {processor.py:753} INFO - DAG(s) dict_keys(['retail_sales_pipeline']) retrieved from /opt/airflow/dags/retail_sales_pipeline.py
[2025-07-08T05:27:12.932+0000] {logging_mixin.py:137} INFO - [2025-07-08T05:27:12.931+0000] {dag.py:2676} INFO - Sync 1 DAGs
[2025-07-08T05:27:13.051+0000] {logging_mixin.py:137} INFO - [2025-07-08T05:27:13.050+0000] {dag.py:3427} INFO - Setting next_dagrun for retail_sales_pipeline to None, run_after=None
[2025-07-08T05:27:13.135+0000] {processor.py:175} INFO - Processing /opt/airflow/dags/retail_sales_pipeline.py took 0.616 seconds
[2025-07-08T05:28:48.170+0000] {processor.py:153} INFO - Started process (PID=1938) to work on /opt/airflow/dags/retail_sales_pipeline.py
[2025-07-08T05:28:48.172+0000] {processor.py:743} INFO - Processing file /opt/airflow/dags/retail_sales_pipeline.py for tasks to queue
[2025-07-08T05:28:48.174+0000] {logging_mixin.py:137} INFO - [2025-07-08T05:28:48.173+0000] {dagbag.py:538} INFO - Filling up the DagBag from /opt/airflow/dags/retail_sales_pipeline.py
[2025-07-08T05:28:48.224+0000] {processor.py:753} INFO - DAG(s) dict_keys(['retail_sales_pipeline']) retrieved from /opt/airflow/dags/retail_sales_pipeline.py
[2025-07-08T05:28:48.357+0000] {logging_mixin.py:137} INFO - [2025-07-08T05:28:48.357+0000] {dag.py:2676} INFO - Sync 1 DAGs
[2025-07-08T05:28:48.401+0000] {logging_mixin.py:137} INFO - [2025-07-08T05:28:48.401+0000] {dag.py:3427} INFO - Setting next_dagrun for retail_sales_pipeline to None, run_after=None
[2025-07-08T05:28:48.432+0000] {processor.py:175} INFO - Processing /opt/airflow/dags/retail_sales_pipeline.py took 0.274 seconds
[2025-07-08T05:31:32.523+0000] {processor.py:153} INFO - Started process (PID=1943) to work on /opt/airflow/dags/retail_sales_pipeline.py
[2025-07-08T05:31:32.529+0000] {processor.py:743} INFO - Processing file /opt/airflow/dags/retail_sales_pipeline.py for tasks to queue
[2025-07-08T05:31:32.536+0000] {logging_mixin.py:137} INFO - [2025-07-08T05:31:32.535+0000] {dagbag.py:538} INFO - Filling up the DagBag from /opt/airflow/dags/retail_sales_pipeline.py
[2025-07-08T05:31:32.645+0000] {processor.py:753} INFO - DAG(s) dict_keys(['retail_sales_pipeline']) retrieved from /opt/airflow/dags/retail_sales_pipeline.py
[2025-07-08T05:31:32.943+0000] {logging_mixin.py:137} INFO - [2025-07-08T05:31:32.942+0000] {dag.py:2676} INFO - Sync 1 DAGs
[2025-07-08T05:31:33.049+0000] {logging_mixin.py:137} INFO - [2025-07-08T05:31:33.048+0000] {dag.py:3427} INFO - Setting next_dagrun for retail_sales_pipeline to None, run_after=None
[2025-07-08T05:31:33.112+0000] {processor.py:175} INFO - Processing /opt/airflow/dags/retail_sales_pipeline.py took 0.616 seconds
[2025-07-08T05:49:16.823+0000] {processor.py:153} INFO - Started process (PID=1948) to work on /opt/airflow/dags/retail_sales_pipeline.py
[2025-07-08T05:49:16.825+0000] {processor.py:743} INFO - Processing file /opt/airflow/dags/retail_sales_pipeline.py for tasks to queue
[2025-07-08T05:49:16.829+0000] {logging_mixin.py:137} INFO - [2025-07-08T05:49:16.829+0000] {dagbag.py:538} INFO - Filling up the DagBag from /opt/airflow/dags/retail_sales_pipeline.py
[2025-07-08T05:49:16.936+0000] {processor.py:753} INFO - DAG(s) dict_keys(['retail_sales_pipeline']) retrieved from /opt/airflow/dags/retail_sales_pipeline.py
[2025-07-08T05:49:17.275+0000] {logging_mixin.py:137} INFO - [2025-07-08T05:49:17.274+0000] {dag.py:2676} INFO - Sync 1 DAGs
[2025-07-08T05:49:17.426+0000] {logging_mixin.py:137} INFO - [2025-07-08T05:49:17.425+0000] {dag.py:3427} INFO - Setting next_dagrun for retail_sales_pipeline to None, run_after=None
[2025-07-08T05:49:17.585+0000] {processor.py:175} INFO - Processing /opt/airflow/dags/retail_sales_pipeline.py took 0.774 seconds
[2025-07-08T05:49:56.296+0000] {processor.py:153} INFO - Started process (PID=1953) to work on /opt/airflow/dags/retail_sales_pipeline.py
[2025-07-08T05:49:56.299+0000] {processor.py:743} INFO - Processing file /opt/airflow/dags/retail_sales_pipeline.py for tasks to queue
[2025-07-08T05:49:56.300+0000] {logging_mixin.py:137} INFO - [2025-07-08T05:49:56.300+0000] {dagbag.py:538} INFO - Filling up the DagBag from /opt/airflow/dags/retail_sales_pipeline.py
[2025-07-08T05:49:56.355+0000] {processor.py:753} INFO - DAG(s) dict_keys(['retail_sales_pipeline']) retrieved from /opt/airflow/dags/retail_sales_pipeline.py
[2025-07-08T05:49:56.549+0000] {logging_mixin.py:137} INFO - [2025-07-08T05:49:56.548+0000] {dag.py:2676} INFO - Sync 1 DAGs
[2025-07-08T05:49:56.653+0000] {logging_mixin.py:137} INFO - [2025-07-08T05:49:56.653+0000] {dag.py:3427} INFO - Setting next_dagrun for retail_sales_pipeline to None, run_after=None
[2025-07-08T05:49:56.705+0000] {processor.py:175} INFO - Processing /opt/airflow/dags/retail_sales_pipeline.py took 0.420 seconds
[2025-07-08T05:50:29.710+0000] {processor.py:153} INFO - Started process (PID=1958) to work on /opt/airflow/dags/retail_sales_pipeline.py
[2025-07-08T05:50:29.712+0000] {processor.py:743} INFO - Processing file /opt/airflow/dags/retail_sales_pipeline.py for tasks to queue
[2025-07-08T05:50:29.715+0000] {logging_mixin.py:137} INFO - [2025-07-08T05:50:29.715+0000] {dagbag.py:538} INFO - Filling up the DagBag from /opt/airflow/dags/retail_sales_pipeline.py
[2025-07-08T05:50:29.760+0000] {processor.py:753} INFO - DAG(s) dict_keys(['retail_sales_pipeline']) retrieved from /opt/airflow/dags/retail_sales_pipeline.py
[2025-07-08T05:50:29.930+0000] {logging_mixin.py:137} INFO - [2025-07-08T05:50:29.930+0000] {dag.py:2676} INFO - Sync 1 DAGs
[2025-07-08T05:50:29.972+0000] {logging_mixin.py:137} INFO - [2025-07-08T05:50:29.972+0000] {dag.py:3427} INFO - Setting next_dagrun for retail_sales_pipeline to None, run_after=None
[2025-07-08T05:50:30.000+0000] {processor.py:175} INFO - Processing /opt/airflow/dags/retail_sales_pipeline.py took 0.301 seconds
[2025-07-08T05:51:49.805+0000] {processor.py:153} INFO - Started process (PID=1963) to work on /opt/airflow/dags/retail_sales_pipeline.py
[2025-07-08T05:51:49.807+0000] {processor.py:743} INFO - Processing file /opt/airflow/dags/retail_sales_pipeline.py for tasks to queue
[2025-07-08T05:51:49.808+0000] {logging_mixin.py:137} INFO - [2025-07-08T05:51:49.808+0000] {dagbag.py:538} INFO - Filling up the DagBag from /opt/airflow/dags/retail_sales_pipeline.py
[2025-07-08T05:51:49.851+0000] {processor.py:753} INFO - DAG(s) dict_keys(['retail_sales_pipeline']) retrieved from /opt/airflow/dags/retail_sales_pipeline.py
[2025-07-08T05:51:50.005+0000] {logging_mixin.py:137} INFO - [2025-07-08T05:51:50.005+0000] {dag.py:2676} INFO - Sync 1 DAGs
[2025-07-08T05:51:50.055+0000] {logging_mixin.py:137} INFO - [2025-07-08T05:51:50.055+0000] {dag.py:3427} INFO - Setting next_dagrun for retail_sales_pipeline to None, run_after=None
[2025-07-08T05:51:50.084+0000] {processor.py:175} INFO - Processing /opt/airflow/dags/retail_sales_pipeline.py took 0.296 seconds
[2025-07-08T06:10:25.607+0000] {processor.py:153} INFO - Started process (PID=1968) to work on /opt/airflow/dags/retail_sales_pipeline.py
[2025-07-08T06:10:25.613+0000] {processor.py:743} INFO - Processing file /opt/airflow/dags/retail_sales_pipeline.py for tasks to queue
[2025-07-08T06:10:25.616+0000] {logging_mixin.py:137} INFO - [2025-07-08T06:10:25.616+0000] {dagbag.py:538} INFO - Filling up the DagBag from /opt/airflow/dags/retail_sales_pipeline.py
[2025-07-08T06:10:25.812+0000] {processor.py:753} INFO - DAG(s) dict_keys(['retail_sales_pipeline']) retrieved from /opt/airflow/dags/retail_sales_pipeline.py
[2025-07-08T06:10:26.332+0000] {logging_mixin.py:137} INFO - [2025-07-08T06:10:26.331+0000] {dag.py:2676} INFO - Sync 1 DAGs
[2025-07-08T06:10:26.434+0000] {logging_mixin.py:137} INFO - [2025-07-08T06:10:26.434+0000] {dag.py:3427} INFO - Setting next_dagrun for retail_sales_pipeline to None, run_after=None
[2025-07-08T06:10:26.475+0000] {processor.py:175} INFO - Processing /opt/airflow/dags/retail_sales_pipeline.py took 0.882 seconds
[2025-07-08T06:19:49.233+0000] {processor.py:153} INFO - Started process (PID=1973) to work on /opt/airflow/dags/retail_sales_pipeline.py
[2025-07-08T06:19:49.235+0000] {processor.py:743} INFO - Processing file /opt/airflow/dags/retail_sales_pipeline.py for tasks to queue
[2025-07-08T06:19:49.236+0000] {logging_mixin.py:137} INFO - [2025-07-08T06:19:49.236+0000] {dagbag.py:538} INFO - Filling up the DagBag from /opt/airflow/dags/retail_sales_pipeline.py
[2025-07-08T06:19:49.280+0000] {processor.py:753} INFO - DAG(s) dict_keys(['retail_sales_pipeline']) retrieved from /opt/airflow/dags/retail_sales_pipeline.py
[2025-07-08T06:19:49.425+0000] {logging_mixin.py:137} INFO - [2025-07-08T06:19:49.425+0000] {dag.py:2676} INFO - Sync 1 DAGs
[2025-07-08T06:19:49.471+0000] {logging_mixin.py:137} INFO - [2025-07-08T06:19:49.470+0000] {dag.py:3427} INFO - Setting next_dagrun for retail_sales_pipeline to None, run_after=None
[2025-07-08T06:19:49.502+0000] {processor.py:175} INFO - Processing /opt/airflow/dags/retail_sales_pipeline.py took 0.279 seconds
[2025-07-08T06:49:30.106+0000] {processor.py:153} INFO - Started process (PID=1978) to work on /opt/airflow/dags/retail_sales_pipeline.py
[2025-07-08T06:49:30.110+0000] {processor.py:743} INFO - Processing file /opt/airflow/dags/retail_sales_pipeline.py for tasks to queue
[2025-07-08T06:49:30.113+0000] {logging_mixin.py:137} INFO - [2025-07-08T06:49:30.113+0000] {dagbag.py:538} INFO - Filling up the DagBag from /opt/airflow/dags/retail_sales_pipeline.py
[2025-07-08T06:49:30.188+0000] {processor.py:753} INFO - DAG(s) dict_keys(['retail_sales_pipeline']) retrieved from /opt/airflow/dags/retail_sales_pipeline.py
[2025-07-08T06:49:30.347+0000] {logging_mixin.py:137} INFO - [2025-07-08T06:49:30.347+0000] {dag.py:2676} INFO - Sync 1 DAGs
[2025-07-08T06:49:30.397+0000] {logging_mixin.py:137} INFO - [2025-07-08T06:49:30.397+0000] {dag.py:3427} INFO - Setting next_dagrun for retail_sales_pipeline to None, run_after=None
[2025-07-08T06:49:30.427+0000] {processor.py:175} INFO - Processing /opt/airflow/dags/retail_sales_pipeline.py took 0.337 seconds
[2025-07-08T07:00:28.932+0000] {processor.py:153} INFO - Started process (PID=1985) to work on /opt/airflow/dags/retail_sales_pipeline.py
[2025-07-08T07:00:28.934+0000] {processor.py:743} INFO - Processing file /opt/airflow/dags/retail_sales_pipeline.py for tasks to queue
[2025-07-08T07:00:28.935+0000] {logging_mixin.py:137} INFO - [2025-07-08T07:00:28.935+0000] {dagbag.py:538} INFO - Filling up the DagBag from /opt/airflow/dags/retail_sales_pipeline.py
[2025-07-08T07:00:28.979+0000] {processor.py:753} INFO - DAG(s) dict_keys(['retail_sales_pipeline']) retrieved from /opt/airflow/dags/retail_sales_pipeline.py
[2025-07-08T07:00:29.317+0000] {logging_mixin.py:137} INFO - [2025-07-08T07:00:29.316+0000] {dag.py:2676} INFO - Sync 1 DAGs
[2025-07-08T07:00:29.430+0000] {logging_mixin.py:137} INFO - [2025-07-08T07:00:29.430+0000] {dag.py:3427} INFO - Setting next_dagrun for retail_sales_pipeline to None, run_after=None
[2025-07-08T07:00:29.540+0000] {processor.py:175} INFO - Processing /opt/airflow/dags/retail_sales_pipeline.py took 0.614 seconds
[2025-07-08T07:16:03.617+0000] {processor.py:153} INFO - Started process (PID=1990) to work on /opt/airflow/dags/retail_sales_pipeline.py
[2025-07-08T07:16:03.621+0000] {processor.py:743} INFO - Processing file /opt/airflow/dags/retail_sales_pipeline.py for tasks to queue
[2025-07-08T07:16:03.625+0000] {logging_mixin.py:137} INFO - [2025-07-08T07:16:03.625+0000] {dagbag.py:538} INFO - Filling up the DagBag from /opt/airflow/dags/retail_sales_pipeline.py
[2025-07-08T07:16:03.761+0000] {processor.py:753} INFO - DAG(s) dict_keys(['retail_sales_pipeline']) retrieved from /opt/airflow/dags/retail_sales_pipeline.py
[2025-07-08T07:16:04.339+0000] {logging_mixin.py:137} INFO - [2025-07-08T07:16:04.338+0000] {dag.py:2676} INFO - Sync 1 DAGs
[2025-07-08T07:16:04.430+0000] {logging_mixin.py:137} INFO - [2025-07-08T07:16:04.430+0000] {dag.py:3427} INFO - Setting next_dagrun for retail_sales_pipeline to None, run_after=None
[2025-07-08T07:16:04.480+0000] {processor.py:175} INFO - Processing /opt/airflow/dags/retail_sales_pipeline.py took 0.878 seconds
[2025-07-08T07:16:42.795+0000] {processor.py:153} INFO - Started process (PID=1995) to work on /opt/airflow/dags/retail_sales_pipeline.py
[2025-07-08T07:16:42.800+0000] {processor.py:743} INFO - Processing file /opt/airflow/dags/retail_sales_pipeline.py for tasks to queue
[2025-07-08T07:16:42.802+0000] {logging_mixin.py:137} INFO - [2025-07-08T07:16:42.802+0000] {dagbag.py:538} INFO - Filling up the DagBag from /opt/airflow/dags/retail_sales_pipeline.py
[2025-07-08T07:16:42.844+0000] {processor.py:753} INFO - DAG(s) dict_keys(['retail_sales_pipeline']) retrieved from /opt/airflow/dags/retail_sales_pipeline.py
[2025-07-08T07:16:42.994+0000] {logging_mixin.py:137} INFO - [2025-07-08T07:16:42.994+0000] {dag.py:2676} INFO - Sync 1 DAGs
[2025-07-08T07:16:43.045+0000] {logging_mixin.py:137} INFO - [2025-07-08T07:16:43.045+0000] {dag.py:3427} INFO - Setting next_dagrun for retail_sales_pipeline to None, run_after=None
[2025-07-08T07:16:43.071+0000] {processor.py:175} INFO - Processing /opt/airflow/dags/retail_sales_pipeline.py took 0.282 seconds
[2025-07-08T07:17:21.089+0000] {processor.py:153} INFO - Started process (PID=2000) to work on /opt/airflow/dags/retail_sales_pipeline.py
[2025-07-08T07:17:21.092+0000] {processor.py:743} INFO - Processing file /opt/airflow/dags/retail_sales_pipeline.py for tasks to queue
[2025-07-08T07:17:21.097+0000] {logging_mixin.py:137} INFO - [2025-07-08T07:17:21.097+0000] {dagbag.py:538} INFO - Filling up the DagBag from /opt/airflow/dags/retail_sales_pipeline.py
[2025-07-08T07:17:21.145+0000] {processor.py:753} INFO - DAG(s) dict_keys(['retail_sales_pipeline']) retrieved from /opt/airflow/dags/retail_sales_pipeline.py
[2025-07-08T07:17:21.284+0000] {logging_mixin.py:137} INFO - [2025-07-08T07:17:21.283+0000] {dag.py:2676} INFO - Sync 1 DAGs
[2025-07-08T07:17:21.331+0000] {logging_mixin.py:137} INFO - [2025-07-08T07:17:21.331+0000] {dag.py:3427} INFO - Setting next_dagrun for retail_sales_pipeline to None, run_after=None
[2025-07-08T07:17:21.359+0000] {processor.py:175} INFO - Processing /opt/airflow/dags/retail_sales_pipeline.py took 0.284 seconds
[2025-07-08T07:18:13.751+0000] {processor.py:153} INFO - Started process (PID=2005) to work on /opt/airflow/dags/retail_sales_pipeline.py
[2025-07-08T07:18:13.753+0000] {processor.py:743} INFO - Processing file /opt/airflow/dags/retail_sales_pipeline.py for tasks to queue
[2025-07-08T07:18:13.755+0000] {logging_mixin.py:137} INFO - [2025-07-08T07:18:13.754+0000] {dagbag.py:538} INFO - Filling up the DagBag from /opt/airflow/dags/retail_sales_pipeline.py
[2025-07-08T07:18:13.801+0000] {processor.py:753} INFO - DAG(s) dict_keys(['retail_sales_pipeline']) retrieved from /opt/airflow/dags/retail_sales_pipeline.py
[2025-07-08T07:18:13.974+0000] {logging_mixin.py:137} INFO - [2025-07-08T07:18:13.972+0000] {dag.py:2676} INFO - Sync 1 DAGs
[2025-07-08T07:18:14.092+0000] {logging_mixin.py:137} INFO - [2025-07-08T07:18:14.091+0000] {dag.py:3427} INFO - Setting next_dagrun for retail_sales_pipeline to None, run_after=None
[2025-07-08T07:18:14.146+0000] {processor.py:175} INFO - Processing /opt/airflow/dags/retail_sales_pipeline.py took 0.407 seconds
[2025-07-08T07:20:12.265+0000] {processor.py:153} INFO - Started process (PID=2012) to work on /opt/airflow/dags/retail_sales_pipeline.py
[2025-07-08T07:20:12.267+0000] {processor.py:743} INFO - Processing file /opt/airflow/dags/retail_sales_pipeline.py for tasks to queue
[2025-07-08T07:20:12.268+0000] {logging_mixin.py:137} INFO - [2025-07-08T07:20:12.268+0000] {dagbag.py:538} INFO - Filling up the DagBag from /opt/airflow/dags/retail_sales_pipeline.py
[2025-07-08T07:20:12.321+0000] {processor.py:753} INFO - DAG(s) dict_keys(['retail_sales_pipeline']) retrieved from /opt/airflow/dags/retail_sales_pipeline.py
[2025-07-08T07:20:12.826+0000] {logging_mixin.py:137} INFO - [2025-07-08T07:20:12.823+0000] {dag.py:2676} INFO - Sync 1 DAGs
[2025-07-08T07:20:12.971+0000] {logging_mixin.py:137} INFO - [2025-07-08T07:20:12.970+0000] {dag.py:3427} INFO - Setting next_dagrun for retail_sales_pipeline to None, run_after=None
[2025-07-08T07:20:13.046+0000] {processor.py:175} INFO - Processing /opt/airflow/dags/retail_sales_pipeline.py took 0.792 seconds
[2025-07-08T07:20:59.927+0000] {processor.py:153} INFO - Started process (PID=2017) to work on /opt/airflow/dags/retail_sales_pipeline.py
[2025-07-08T07:20:59.929+0000] {processor.py:743} INFO - Processing file /opt/airflow/dags/retail_sales_pipeline.py for tasks to queue
[2025-07-08T07:20:59.930+0000] {logging_mixin.py:137} INFO - [2025-07-08T07:20:59.930+0000] {dagbag.py:538} INFO - Filling up the DagBag from /opt/airflow/dags/retail_sales_pipeline.py
[2025-07-08T07:20:59.978+0000] {processor.py:753} INFO - DAG(s) dict_keys(['retail_sales_pipeline']) retrieved from /opt/airflow/dags/retail_sales_pipeline.py
[2025-07-08T07:21:00.122+0000] {logging_mixin.py:137} INFO - [2025-07-08T07:21:00.122+0000] {dag.py:2676} INFO - Sync 1 DAGs
[2025-07-08T07:21:00.169+0000] {logging_mixin.py:137} INFO - [2025-07-08T07:21:00.169+0000] {dag.py:3427} INFO - Setting next_dagrun for retail_sales_pipeline to None, run_after=None
[2025-07-08T07:21:00.202+0000] {processor.py:175} INFO - Processing /opt/airflow/dags/retail_sales_pipeline.py took 0.282 seconds
[2025-07-08T07:23:21.602+0000] {processor.py:153} INFO - Started process (PID=2022) to work on /opt/airflow/dags/retail_sales_pipeline.py
[2025-07-08T07:23:21.605+0000] {processor.py:743} INFO - Processing file /opt/airflow/dags/retail_sales_pipeline.py for tasks to queue
[2025-07-08T07:23:21.606+0000] {logging_mixin.py:137} INFO - [2025-07-08T07:23:21.606+0000] {dagbag.py:538} INFO - Filling up the DagBag from /opt/airflow/dags/retail_sales_pipeline.py
[2025-07-08T07:23:21.654+0000] {processor.py:753} INFO - DAG(s) dict_keys(['retail_sales_pipeline']) retrieved from /opt/airflow/dags/retail_sales_pipeline.py
[2025-07-08T07:23:21.785+0000] {logging_mixin.py:137} INFO - [2025-07-08T07:23:21.785+0000] {dag.py:2676} INFO - Sync 1 DAGs
[2025-07-08T07:23:21.832+0000] {logging_mixin.py:137} INFO - [2025-07-08T07:23:21.832+0000] {dag.py:3427} INFO - Setting next_dagrun for retail_sales_pipeline to None, run_after=None
[2025-07-08T07:23:21.860+0000] {processor.py:175} INFO - Processing /opt/airflow/dags/retail_sales_pipeline.py took 0.268 seconds
[2025-07-08T07:30:10.848+0000] {processor.py:153} INFO - Started process (PID=2029) to work on /opt/airflow/dags/retail_sales_pipeline.py
[2025-07-08T07:30:10.856+0000] {processor.py:743} INFO - Processing file /opt/airflow/dags/retail_sales_pipeline.py for tasks to queue
[2025-07-08T07:30:10.859+0000] {logging_mixin.py:137} INFO - [2025-07-08T07:30:10.858+0000] {dagbag.py:538} INFO - Filling up the DagBag from /opt/airflow/dags/retail_sales_pipeline.py
[2025-07-08T07:30:10.983+0000] {processor.py:753} INFO - DAG(s) dict_keys(['retail_sales_pipeline']) retrieved from /opt/airflow/dags/retail_sales_pipeline.py
[2025-07-08T07:30:11.470+0000] {logging_mixin.py:137} INFO - [2025-07-08T07:30:11.464+0000] {dag.py:2676} INFO - Sync 1 DAGs
[2025-07-08T07:30:11.710+0000] {logging_mixin.py:137} INFO - [2025-07-08T07:30:11.709+0000] {dag.py:3427} INFO - Setting next_dagrun for retail_sales_pipeline to None, run_after=None
[2025-07-08T07:30:11.788+0000] {processor.py:175} INFO - Processing /opt/airflow/dags/retail_sales_pipeline.py took 0.952 seconds
[2025-07-08T07:31:05.328+0000] {processor.py:153} INFO - Started process (PID=2034) to work on /opt/airflow/dags/retail_sales_pipeline.py
[2025-07-08T07:31:05.331+0000] {processor.py:743} INFO - Processing file /opt/airflow/dags/retail_sales_pipeline.py for tasks to queue
[2025-07-08T07:31:05.337+0000] {logging_mixin.py:137} INFO - [2025-07-08T07:31:05.336+0000] {dagbag.py:538} INFO - Filling up the DagBag from /opt/airflow/dags/retail_sales_pipeline.py
[2025-07-08T07:31:05.382+0000] {processor.py:753} INFO - DAG(s) dict_keys(['retail_sales_pipeline']) retrieved from /opt/airflow/dags/retail_sales_pipeline.py
[2025-07-08T07:31:05.562+0000] {logging_mixin.py:137} INFO - [2025-07-08T07:31:05.562+0000] {dag.py:2676} INFO - Sync 1 DAGs
[2025-07-08T07:31:05.622+0000] {logging_mixin.py:137} INFO - [2025-07-08T07:31:05.622+0000] {dag.py:3427} INFO - Setting next_dagrun for retail_sales_pipeline to None, run_after=None
[2025-07-08T07:31:05.650+0000] {processor.py:175} INFO - Processing /opt/airflow/dags/retail_sales_pipeline.py took 0.336 seconds
[2025-07-08T07:33:33.300+0000] {processor.py:153} INFO - Started process (PID=2039) to work on /opt/airflow/dags/retail_sales_pipeline.py
[2025-07-08T07:33:33.309+0000] {processor.py:743} INFO - Processing file /opt/airflow/dags/retail_sales_pipeline.py for tasks to queue
[2025-07-08T07:33:33.312+0000] {logging_mixin.py:137} INFO - [2025-07-08T07:33:33.312+0000] {dagbag.py:538} INFO - Filling up the DagBag from /opt/airflow/dags/retail_sales_pipeline.py
[2025-07-08T07:33:33.465+0000] {processor.py:753} INFO - DAG(s) dict_keys(['retail_sales_pipeline']) retrieved from /opt/airflow/dags/retail_sales_pipeline.py
[2025-07-08T07:33:33.838+0000] {logging_mixin.py:137} INFO - [2025-07-08T07:33:33.836+0000] {dag.py:2676} INFO - Sync 1 DAGs
[2025-07-08T07:33:34.061+0000] {logging_mixin.py:137} INFO - [2025-07-08T07:33:34.060+0000] {dag.py:3427} INFO - Setting next_dagrun for retail_sales_pipeline to None, run_after=None
[2025-07-08T07:33:34.115+0000] {processor.py:175} INFO - Processing /opt/airflow/dags/retail_sales_pipeline.py took 0.831 seconds
[2025-07-08T07:35:35.751+0000] {processor.py:153} INFO - Started process (PID=2044) to work on /opt/airflow/dags/retail_sales_pipeline.py
[2025-07-08T07:35:35.752+0000] {processor.py:743} INFO - Processing file /opt/airflow/dags/retail_sales_pipeline.py for tasks to queue
[2025-07-08T07:35:35.753+0000] {logging_mixin.py:137} INFO - [2025-07-08T07:35:35.753+0000] {dagbag.py:538} INFO - Filling up the DagBag from /opt/airflow/dags/retail_sales_pipeline.py
[2025-07-08T07:35:35.798+0000] {processor.py:753} INFO - DAG(s) dict_keys(['retail_sales_pipeline']) retrieved from /opt/airflow/dags/retail_sales_pipeline.py
[2025-07-08T07:35:35.944+0000] {logging_mixin.py:137} INFO - [2025-07-08T07:35:35.944+0000] {dag.py:2676} INFO - Sync 1 DAGs
[2025-07-08T07:35:35.996+0000] {logging_mixin.py:137} INFO - [2025-07-08T07:35:35.995+0000] {dag.py:3427} INFO - Setting next_dagrun for retail_sales_pipeline to None, run_after=None
[2025-07-08T07:35:36.025+0000] {processor.py:175} INFO - Processing /opt/airflow/dags/retail_sales_pipeline.py took 0.279 seconds
[2025-07-08T07:36:15.828+0000] {processor.py:153} INFO - Started process (PID=2049) to work on /opt/airflow/dags/retail_sales_pipeline.py
[2025-07-08T07:36:15.831+0000] {processor.py:743} INFO - Processing file /opt/airflow/dags/retail_sales_pipeline.py for tasks to queue
[2025-07-08T07:36:15.832+0000] {logging_mixin.py:137} INFO - [2025-07-08T07:36:15.832+0000] {dagbag.py:538} INFO - Filling up the DagBag from /opt/airflow/dags/retail_sales_pipeline.py
[2025-07-08T07:36:15.890+0000] {processor.py:753} INFO - DAG(s) dict_keys(['retail_sales_pipeline']) retrieved from /opt/airflow/dags/retail_sales_pipeline.py
[2025-07-08T07:36:16.023+0000] {logging_mixin.py:137} INFO - [2025-07-08T07:36:16.023+0000] {dag.py:2676} INFO - Sync 1 DAGs
[2025-07-08T07:36:16.073+0000] {logging_mixin.py:137} INFO - [2025-07-08T07:36:16.073+0000] {dag.py:3427} INFO - Setting next_dagrun for retail_sales_pipeline to None, run_after=None
[2025-07-08T07:36:16.098+0000] {processor.py:175} INFO - Processing /opt/airflow/dags/retail_sales_pipeline.py took 0.286 seconds
[2025-07-08T07:36:55.890+0000] {processor.py:153} INFO - Started process (PID=2054) to work on /opt/airflow/dags/retail_sales_pipeline.py
[2025-07-08T07:36:55.893+0000] {processor.py:743} INFO - Processing file /opt/airflow/dags/retail_sales_pipeline.py for tasks to queue
[2025-07-08T07:36:55.894+0000] {logging_mixin.py:137} INFO - [2025-07-08T07:36:55.894+0000] {dagbag.py:538} INFO - Filling up the DagBag from /opt/airflow/dags/retail_sales_pipeline.py
[2025-07-08T07:36:55.946+0000] {processor.py:753} INFO - DAG(s) dict_keys(['retail_sales_pipeline']) retrieved from /opt/airflow/dags/retail_sales_pipeline.py
[2025-07-08T07:36:56.078+0000] {logging_mixin.py:137} INFO - [2025-07-08T07:36:56.077+0000] {dag.py:2676} INFO - Sync 1 DAGs
[2025-07-08T07:36:56.127+0000] {logging_mixin.py:137} INFO - [2025-07-08T07:36:56.127+0000] {dag.py:3427} INFO - Setting next_dagrun for retail_sales_pipeline to None, run_after=None
[2025-07-08T07:36:56.152+0000] {processor.py:175} INFO - Processing /opt/airflow/dags/retail_sales_pipeline.py took 0.275 seconds
[2025-07-08T07:37:50.947+0000] {processor.py:153} INFO - Started process (PID=2059) to work on /opt/airflow/dags/retail_sales_pipeline.py
[2025-07-08T07:37:50.949+0000] {processor.py:743} INFO - Processing file /opt/airflow/dags/retail_sales_pipeline.py for tasks to queue
[2025-07-08T07:37:50.950+0000] {logging_mixin.py:137} INFO - [2025-07-08T07:37:50.950+0000] {dagbag.py:538} INFO - Filling up the DagBag from /opt/airflow/dags/retail_sales_pipeline.py
[2025-07-08T07:37:50.995+0000] {processor.py:753} INFO - DAG(s) dict_keys(['retail_sales_pipeline']) retrieved from /opt/airflow/dags/retail_sales_pipeline.py
[2025-07-08T07:37:51.184+0000] {logging_mixin.py:137} INFO - [2025-07-08T07:37:51.184+0000] {dag.py:2676} INFO - Sync 1 DAGs
[2025-07-08T07:37:51.261+0000] {logging_mixin.py:137} INFO - [2025-07-08T07:37:51.261+0000] {dag.py:3427} INFO - Setting next_dagrun for retail_sales_pipeline to None, run_after=None
[2025-07-08T07:37:51.296+0000] {processor.py:175} INFO - Processing /opt/airflow/dags/retail_sales_pipeline.py took 0.354 seconds
[2025-07-08T07:38:42.953+0000] {processor.py:153} INFO - Started process (PID=2064) to work on /opt/airflow/dags/retail_sales_pipeline.py
[2025-07-08T07:38:42.955+0000] {processor.py:743} INFO - Processing file /opt/airflow/dags/retail_sales_pipeline.py for tasks to queue
[2025-07-08T07:38:42.957+0000] {logging_mixin.py:137} INFO - [2025-07-08T07:38:42.956+0000] {dagbag.py:538} INFO - Filling up the DagBag from /opt/airflow/dags/retail_sales_pipeline.py
[2025-07-08T07:38:43.004+0000] {processor.py:753} INFO - DAG(s) dict_keys(['retail_sales_pipeline']) retrieved from /opt/airflow/dags/retail_sales_pipeline.py
[2025-07-08T07:38:43.151+0000] {logging_mixin.py:137} INFO - [2025-07-08T07:38:43.151+0000] {dag.py:2676} INFO - Sync 1 DAGs
[2025-07-08T07:38:43.208+0000] {logging_mixin.py:137} INFO - [2025-07-08T07:38:43.208+0000] {dag.py:3427} INFO - Setting next_dagrun for retail_sales_pipeline to None, run_after=None
[2025-07-08T07:38:43.238+0000] {processor.py:175} INFO - Processing /opt/airflow/dags/retail_sales_pipeline.py took 0.298 seconds
[2025-07-08T07:39:26.917+0000] {processor.py:153} INFO - Started process (PID=2069) to work on /opt/airflow/dags/retail_sales_pipeline.py
[2025-07-08T07:39:26.919+0000] {processor.py:743} INFO - Processing file /opt/airflow/dags/retail_sales_pipeline.py for tasks to queue
[2025-07-08T07:39:26.922+0000] {logging_mixin.py:137} INFO - [2025-07-08T07:39:26.921+0000] {dagbag.py:538} INFO - Filling up the DagBag from /opt/airflow/dags/retail_sales_pipeline.py
[2025-07-08T07:39:26.994+0000] {processor.py:753} INFO - DAG(s) dict_keys(['retail_sales_pipeline']) retrieved from /opt/airflow/dags/retail_sales_pipeline.py
[2025-07-08T07:39:27.222+0000] {logging_mixin.py:137} INFO - [2025-07-08T07:39:27.222+0000] {dag.py:2676} INFO - Sync 1 DAGs
[2025-07-08T07:39:27.289+0000] {logging_mixin.py:137} INFO - [2025-07-08T07:39:27.289+0000] {dag.py:3427} INFO - Setting next_dagrun for retail_sales_pipeline to None, run_after=None
[2025-07-08T07:39:27.322+0000] {processor.py:175} INFO - Processing /opt/airflow/dags/retail_sales_pipeline.py took 0.410 seconds
[2025-07-08T07:40:04.687+0000] {processor.py:153} INFO - Started process (PID=2074) to work on /opt/airflow/dags/retail_sales_pipeline.py
[2025-07-08T07:40:04.733+0000] {processor.py:743} INFO - Processing file /opt/airflow/dags/retail_sales_pipeline.py for tasks to queue
[2025-07-08T07:40:04.734+0000] {logging_mixin.py:137} INFO - [2025-07-08T07:40:04.734+0000] {dagbag.py:538} INFO - Filling up the DagBag from /opt/airflow/dags/retail_sales_pipeline.py
[2025-07-08T07:40:04.781+0000] {processor.py:753} INFO - DAG(s) dict_keys(['retail_sales_pipeline']) retrieved from /opt/airflow/dags/retail_sales_pipeline.py
[2025-07-08T07:40:04.968+0000] {logging_mixin.py:137} INFO - [2025-07-08T07:40:04.968+0000] {dag.py:2676} INFO - Sync 1 DAGs
[2025-07-08T07:40:05.017+0000] {logging_mixin.py:137} INFO - [2025-07-08T07:40:05.016+0000] {dag.py:3427} INFO - Setting next_dagrun for retail_sales_pipeline to None, run_after=None
[2025-07-08T07:40:05.041+0000] {processor.py:175} INFO - Processing /opt/airflow/dags/retail_sales_pipeline.py took 0.364 seconds
[2025-07-08T07:40:58.813+0000] {processor.py:153} INFO - Started process (PID=2081) to work on /opt/airflow/dags/retail_sales_pipeline.py
[2025-07-08T07:40:58.814+0000] {processor.py:743} INFO - Processing file /opt/airflow/dags/retail_sales_pipeline.py for tasks to queue
[2025-07-08T07:40:58.816+0000] {logging_mixin.py:137} INFO - [2025-07-08T07:40:58.815+0000] {dagbag.py:538} INFO - Filling up the DagBag from /opt/airflow/dags/retail_sales_pipeline.py
[2025-07-08T07:40:58.855+0000] {processor.py:753} INFO - DAG(s) dict_keys(['retail_sales_pipeline']) retrieved from /opt/airflow/dags/retail_sales_pipeline.py
[2025-07-08T07:40:58.990+0000] {logging_mixin.py:137} INFO - [2025-07-08T07:40:58.989+0000] {dag.py:2676} INFO - Sync 1 DAGs
[2025-07-08T07:40:59.037+0000] {logging_mixin.py:137} INFO - [2025-07-08T07:40:59.037+0000] {dag.py:3427} INFO - Setting next_dagrun for retail_sales_pipeline to None, run_after=None
[2025-07-08T07:40:59.064+0000] {processor.py:175} INFO - Processing /opt/airflow/dags/retail_sales_pipeline.py took 0.259 seconds
[2025-07-08T07:46:46.697+0000] {processor.py:153} INFO - Started process (PID=2086) to work on /opt/airflow/dags/retail_sales_pipeline.py
[2025-07-08T07:46:46.700+0000] {processor.py:743} INFO - Processing file /opt/airflow/dags/retail_sales_pipeline.py for tasks to queue
[2025-07-08T07:46:46.702+0000] {logging_mixin.py:137} INFO - [2025-07-08T07:46:46.701+0000] {dagbag.py:538} INFO - Filling up the DagBag from /opt/airflow/dags/retail_sales_pipeline.py
[2025-07-08T07:46:46.749+0000] {processor.py:753} INFO - DAG(s) dict_keys(['retail_sales_pipeline']) retrieved from /opt/airflow/dags/retail_sales_pipeline.py
[2025-07-08T07:46:46.895+0000] {logging_mixin.py:137} INFO - [2025-07-08T07:46:46.894+0000] {dag.py:2676} INFO - Sync 1 DAGs
[2025-07-08T07:46:46.943+0000] {logging_mixin.py:137} INFO - [2025-07-08T07:46:46.943+0000] {dag.py:3427} INFO - Setting next_dagrun for retail_sales_pipeline to None, run_after=None
[2025-07-08T07:46:46.967+0000] {processor.py:175} INFO - Processing /opt/airflow/dags/retail_sales_pipeline.py took 0.277 seconds
[2025-07-08T07:58:11.589+0000] {processor.py:153} INFO - Started process (PID=2091) to work on /opt/airflow/dags/retail_sales_pipeline.py
[2025-07-08T07:58:11.591+0000] {processor.py:743} INFO - Processing file /opt/airflow/dags/retail_sales_pipeline.py for tasks to queue
[2025-07-08T07:58:11.595+0000] {logging_mixin.py:137} INFO - [2025-07-08T07:58:11.594+0000] {dagbag.py:538} INFO - Filling up the DagBag from /opt/airflow/dags/retail_sales_pipeline.py
[2025-07-08T07:58:11.698+0000] {processor.py:753} INFO - DAG(s) dict_keys(['retail_sales_pipeline']) retrieved from /opt/airflow/dags/retail_sales_pipeline.py
[2025-07-08T07:58:11.989+0000] {logging_mixin.py:137} INFO - [2025-07-08T07:58:11.988+0000] {dag.py:2676} INFO - Sync 1 DAGs
[2025-07-08T07:58:12.059+0000] {logging_mixin.py:137} INFO - [2025-07-08T07:58:12.059+0000] {dag.py:3427} INFO - Setting next_dagrun for retail_sales_pipeline to None, run_after=None
[2025-07-08T07:58:12.100+0000] {processor.py:175} INFO - Processing /opt/airflow/dags/retail_sales_pipeline.py took 0.527 seconds
[2025-07-08T07:58:45.323+0000] {processor.py:153} INFO - Started process (PID=2096) to work on /opt/airflow/dags/retail_sales_pipeline.py
[2025-07-08T07:58:45.325+0000] {processor.py:743} INFO - Processing file /opt/airflow/dags/retail_sales_pipeline.py for tasks to queue
[2025-07-08T07:58:45.326+0000] {logging_mixin.py:137} INFO - [2025-07-08T07:58:45.326+0000] {dagbag.py:538} INFO - Filling up the DagBag from /opt/airflow/dags/retail_sales_pipeline.py
[2025-07-08T07:58:45.369+0000] {processor.py:753} INFO - DAG(s) dict_keys(['retail_sales_pipeline']) retrieved from /opt/airflow/dags/retail_sales_pipeline.py
[2025-07-08T07:58:45.505+0000] {logging_mixin.py:137} INFO - [2025-07-08T07:58:45.504+0000] {dag.py:2676} INFO - Sync 1 DAGs
[2025-07-08T07:58:45.551+0000] {logging_mixin.py:137} INFO - [2025-07-08T07:58:45.551+0000] {dag.py:3427} INFO - Setting next_dagrun for retail_sales_pipeline to None, run_after=None
[2025-07-08T07:58:45.579+0000] {processor.py:175} INFO - Processing /opt/airflow/dags/retail_sales_pipeline.py took 0.264 seconds
[2025-07-08T07:59:26.676+0000] {processor.py:153} INFO - Started process (PID=2101) to work on /opt/airflow/dags/retail_sales_pipeline.py
[2025-07-08T07:59:26.678+0000] {processor.py:743} INFO - Processing file /opt/airflow/dags/retail_sales_pipeline.py for tasks to queue
[2025-07-08T07:59:26.680+0000] {logging_mixin.py:137} INFO - [2025-07-08T07:59:26.679+0000] {dagbag.py:538} INFO - Filling up the DagBag from /opt/airflow/dags/retail_sales_pipeline.py
[2025-07-08T07:59:26.759+0000] {processor.py:753} INFO - DAG(s) dict_keys(['retail_sales_pipeline']) retrieved from /opt/airflow/dags/retail_sales_pipeline.py
[2025-07-08T07:59:26.906+0000] {logging_mixin.py:137} INFO - [2025-07-08T07:59:26.906+0000] {dag.py:2676} INFO - Sync 1 DAGs
[2025-07-08T07:59:26.953+0000] {logging_mixin.py:137} INFO - [2025-07-08T07:59:26.952+0000] {dag.py:3427} INFO - Setting next_dagrun for retail_sales_pipeline to None, run_after=None
[2025-07-08T07:59:26.978+0000] {processor.py:175} INFO - Processing /opt/airflow/dags/retail_sales_pipeline.py took 0.311 seconds
[2025-07-08T08:00:30.475+0000] {processor.py:153} INFO - Started process (PID=2108) to work on /opt/airflow/dags/retail_sales_pipeline.py
[2025-07-08T08:00:30.477+0000] {processor.py:743} INFO - Processing file /opt/airflow/dags/retail_sales_pipeline.py for tasks to queue
[2025-07-08T08:00:30.482+0000] {logging_mixin.py:137} INFO - [2025-07-08T08:00:30.481+0000] {dagbag.py:538} INFO - Filling up the DagBag from /opt/airflow/dags/retail_sales_pipeline.py
[2025-07-08T08:00:30.538+0000] {processor.py:753} INFO - DAG(s) dict_keys(['retail_sales_pipeline']) retrieved from /opt/airflow/dags/retail_sales_pipeline.py
[2025-07-08T08:00:30.683+0000] {logging_mixin.py:137} INFO - [2025-07-08T08:00:30.683+0000] {dag.py:2676} INFO - Sync 1 DAGs
[2025-07-08T08:00:30.730+0000] {logging_mixin.py:137} INFO - [2025-07-08T08:00:30.730+0000] {dag.py:3427} INFO - Setting next_dagrun for retail_sales_pipeline to None, run_after=None
[2025-07-08T08:00:30.756+0000] {processor.py:175} INFO - Processing /opt/airflow/dags/retail_sales_pipeline.py took 0.292 seconds
[2025-07-08T09:01:28.955+0000] {processor.py:153} INFO - Started process (PID=2113) to work on /opt/airflow/dags/retail_sales_pipeline.py
[2025-07-08T09:01:28.960+0000] {processor.py:743} INFO - Processing file /opt/airflow/dags/retail_sales_pipeline.py for tasks to queue
[2025-07-08T09:01:28.967+0000] {logging_mixin.py:137} INFO - [2025-07-08T09:01:28.966+0000] {dagbag.py:538} INFO - Filling up the DagBag from /opt/airflow/dags/retail_sales_pipeline.py
[2025-07-08T09:01:29.078+0000] {processor.py:753} INFO - DAG(s) dict_keys(['retail_sales_pipeline']) retrieved from /opt/airflow/dags/retail_sales_pipeline.py
[2025-07-08T09:01:29.287+0000] {logging_mixin.py:137} INFO - [2025-07-08T09:01:29.286+0000] {dag.py:2676} INFO - Sync 1 DAGs
[2025-07-08T09:01:29.363+0000] {logging_mixin.py:137} INFO - [2025-07-08T09:01:29.362+0000] {dag.py:3427} INFO - Setting next_dagrun for retail_sales_pipeline to None, run_after=None
[2025-07-08T09:01:29.398+0000] {processor.py:175} INFO - Processing /opt/airflow/dags/retail_sales_pipeline.py took 0.466 seconds
[2025-07-08T09:10:13.928+0000] {processor.py:153} INFO - Started process (PID=2118) to work on /opt/airflow/dags/retail_sales_pipeline.py
[2025-07-08T09:10:13.933+0000] {processor.py:743} INFO - Processing file /opt/airflow/dags/retail_sales_pipeline.py for tasks to queue
[2025-07-08T09:10:13.936+0000] {logging_mixin.py:137} INFO - [2025-07-08T09:10:13.935+0000] {dagbag.py:538} INFO - Filling up the DagBag from /opt/airflow/dags/retail_sales_pipeline.py
[2025-07-08T09:10:14.014+0000] {processor.py:753} INFO - DAG(s) dict_keys(['retail_sales_pipeline']) retrieved from /opt/airflow/dags/retail_sales_pipeline.py
[2025-07-08T09:10:14.301+0000] {logging_mixin.py:137} INFO - [2025-07-08T09:10:14.300+0000] {dag.py:2676} INFO - Sync 1 DAGs
[2025-07-08T09:10:14.428+0000] {logging_mixin.py:137} INFO - [2025-07-08T09:10:14.427+0000] {dag.py:3427} INFO - Setting next_dagrun for retail_sales_pipeline to None, run_after=None
[2025-07-08T09:10:14.534+0000] {processor.py:175} INFO - Processing /opt/airflow/dags/retail_sales_pipeline.py took 0.619 seconds
[2025-07-08T09:36:57.970+0000] {processor.py:153} INFO - Started process (PID=2123) to work on /opt/airflow/dags/retail_sales_pipeline.py
[2025-07-08T09:36:57.973+0000] {processor.py:743} INFO - Processing file /opt/airflow/dags/retail_sales_pipeline.py for tasks to queue
[2025-07-08T09:36:57.977+0000] {logging_mixin.py:137} INFO - [2025-07-08T09:36:57.976+0000] {dagbag.py:538} INFO - Filling up the DagBag from /opt/airflow/dags/retail_sales_pipeline.py
[2025-07-08T09:36:58.263+0000] {processor.py:753} INFO - DAG(s) dict_keys(['retail_sales_pipeline']) retrieved from /opt/airflow/dags/retail_sales_pipeline.py
[2025-07-08T09:36:58.598+0000] {logging_mixin.py:137} INFO - [2025-07-08T09:36:58.598+0000] {dag.py:2676} INFO - Sync 1 DAGs
[2025-07-08T09:36:58.668+0000] {logging_mixin.py:137} INFO - [2025-07-08T09:36:58.667+0000] {dag.py:3427} INFO - Setting next_dagrun for retail_sales_pipeline to None, run_after=None
[2025-07-08T09:36:58.696+0000] {processor.py:175} INFO - Processing /opt/airflow/dags/retail_sales_pipeline.py took 0.748 seconds
[2025-07-08T09:49:52.730+0000] {processor.py:153} INFO - Started process (PID=2130) to work on /opt/airflow/dags/retail_sales_pipeline.py
[2025-07-08T09:49:52.734+0000] {processor.py:743} INFO - Processing file /opt/airflow/dags/retail_sales_pipeline.py for tasks to queue
[2025-07-08T09:49:52.738+0000] {logging_mixin.py:137} INFO - [2025-07-08T09:49:52.737+0000] {dagbag.py:538} INFO - Filling up the DagBag from /opt/airflow/dags/retail_sales_pipeline.py
[2025-07-08T09:49:52.900+0000] {processor.py:753} INFO - DAG(s) dict_keys(['retail_sales_pipeline']) retrieved from /opt/airflow/dags/retail_sales_pipeline.py
[2025-07-08T09:49:53.475+0000] {logging_mixin.py:137} INFO - [2025-07-08T09:49:53.472+0000] {dag.py:2676} INFO - Sync 1 DAGs
[2025-07-08T09:49:53.577+0000] {logging_mixin.py:137} INFO - [2025-07-08T09:49:53.577+0000] {dag.py:3427} INFO - Setting next_dagrun for retail_sales_pipeline to None, run_after=None
[2025-07-08T09:49:53.636+0000] {processor.py:175} INFO - Processing /opt/airflow/dags/retail_sales_pipeline.py took 0.923 seconds
[2025-07-08T09:54:35.958+0000] {processor.py:153} INFO - Started process (PID=2135) to work on /opt/airflow/dags/retail_sales_pipeline.py
[2025-07-08T09:54:35.960+0000] {processor.py:743} INFO - Processing file /opt/airflow/dags/retail_sales_pipeline.py for tasks to queue
[2025-07-08T09:54:35.964+0000] {logging_mixin.py:137} INFO - [2025-07-08T09:54:35.964+0000] {dagbag.py:538} INFO - Filling up the DagBag from /opt/airflow/dags/retail_sales_pipeline.py
[2025-07-08T09:54:36.060+0000] {processor.py:753} INFO - DAG(s) dict_keys(['retail_sales_pipeline']) retrieved from /opt/airflow/dags/retail_sales_pipeline.py
[2025-07-08T09:54:36.305+0000] {logging_mixin.py:137} INFO - [2025-07-08T09:54:36.304+0000] {dag.py:2676} INFO - Sync 1 DAGs
[2025-07-08T09:54:36.418+0000] {logging_mixin.py:137} INFO - [2025-07-08T09:54:36.418+0000] {dag.py:3427} INFO - Setting next_dagrun for retail_sales_pipeline to None, run_after=None
[2025-07-08T09:54:36.561+0000] {processor.py:175} INFO - Processing /opt/airflow/dags/retail_sales_pipeline.py took 0.611 seconds
[2025-07-08T10:03:32.591+0000] {processor.py:153} INFO - Started process (PID=2140) to work on /opt/airflow/dags/retail_sales_pipeline.py
[2025-07-08T10:03:32.597+0000] {processor.py:743} INFO - Processing file /opt/airflow/dags/retail_sales_pipeline.py for tasks to queue
[2025-07-08T10:03:32.604+0000] {logging_mixin.py:137} INFO - [2025-07-08T10:03:32.603+0000] {dagbag.py:538} INFO - Filling up the DagBag from /opt/airflow/dags/retail_sales_pipeline.py
[2025-07-08T10:03:32.764+0000] {processor.py:753} INFO - DAG(s) dict_keys(['retail_sales_pipeline']) retrieved from /opt/airflow/dags/retail_sales_pipeline.py
[2025-07-08T10:03:33.572+0000] {logging_mixin.py:137} INFO - [2025-07-08T10:03:33.564+0000] {dag.py:2676} INFO - Sync 1 DAGs
[2025-07-08T10:03:33.692+0000] {logging_mixin.py:137} INFO - [2025-07-08T10:03:33.692+0000] {dag.py:3427} INFO - Setting next_dagrun for retail_sales_pipeline to None, run_after=None
[2025-07-08T10:03:33.746+0000] {processor.py:175} INFO - Processing /opt/airflow/dags/retail_sales_pipeline.py took 1.189 seconds
[2025-07-08T10:10:57.457+0000] {processor.py:153} INFO - Started process (PID=2145) to work on /opt/airflow/dags/retail_sales_pipeline.py
[2025-07-08T10:10:57.462+0000] {processor.py:743} INFO - Processing file /opt/airflow/dags/retail_sales_pipeline.py for tasks to queue
[2025-07-08T10:10:57.469+0000] {logging_mixin.py:137} INFO - [2025-07-08T10:10:57.469+0000] {dagbag.py:538} INFO - Filling up the DagBag from /opt/airflow/dags/retail_sales_pipeline.py
[2025-07-08T10:10:57.612+0000] {processor.py:753} INFO - DAG(s) dict_keys(['retail_sales_pipeline']) retrieved from /opt/airflow/dags/retail_sales_pipeline.py
[2025-07-08T10:10:58.055+0000] {logging_mixin.py:137} INFO - [2025-07-08T10:10:58.054+0000] {dag.py:2676} INFO - Sync 1 DAGs
[2025-07-08T10:10:58.130+0000] {logging_mixin.py:137} INFO - [2025-07-08T10:10:58.130+0000] {dag.py:3427} INFO - Setting next_dagrun for retail_sales_pipeline to None, run_after=None
[2025-07-08T10:10:58.163+0000] {processor.py:175} INFO - Processing /opt/airflow/dags/retail_sales_pipeline.py took 0.723 seconds
[2025-07-08T10:17:43.262+0000] {processor.py:153} INFO - Started process (PID=2152) to work on /opt/airflow/dags/retail_sales_pipeline.py
[2025-07-08T10:17:43.267+0000] {processor.py:743} INFO - Processing file /opt/airflow/dags/retail_sales_pipeline.py for tasks to queue
[2025-07-08T10:17:43.270+0000] {logging_mixin.py:137} INFO - [2025-07-08T10:17:43.270+0000] {dagbag.py:538} INFO - Filling up the DagBag from /opt/airflow/dags/retail_sales_pipeline.py
[2025-07-08T10:17:43.407+0000] {processor.py:753} INFO - DAG(s) dict_keys(['retail_sales_pipeline']) retrieved from /opt/airflow/dags/retail_sales_pipeline.py
[2025-07-08T10:17:43.714+0000] {logging_mixin.py:137} INFO - [2025-07-08T10:17:43.714+0000] {dag.py:2676} INFO - Sync 1 DAGs
[2025-07-08T10:17:43.764+0000] {logging_mixin.py:137} INFO - [2025-07-08T10:17:43.764+0000] {dag.py:3427} INFO - Setting next_dagrun for retail_sales_pipeline to None, run_after=None
[2025-07-08T10:17:43.799+0000] {processor.py:175} INFO - Processing /opt/airflow/dags/retail_sales_pipeline.py took 0.550 seconds
[2025-07-08T10:22:34.895+0000] {processor.py:153} INFO - Started process (PID=2157) to work on /opt/airflow/dags/retail_sales_pipeline.py
[2025-07-08T10:22:34.900+0000] {processor.py:743} INFO - Processing file /opt/airflow/dags/retail_sales_pipeline.py for tasks to queue
[2025-07-08T10:22:34.902+0000] {logging_mixin.py:137} INFO - [2025-07-08T10:22:34.901+0000] {dagbag.py:538} INFO - Filling up the DagBag from /opt/airflow/dags/retail_sales_pipeline.py
[2025-07-08T10:22:35.000+0000] {processor.py:753} INFO - DAG(s) dict_keys(['retail_sales_pipeline']) retrieved from /opt/airflow/dags/retail_sales_pipeline.py
[2025-07-08T10:22:35.358+0000] {logging_mixin.py:137} INFO - [2025-07-08T10:22:35.357+0000] {dag.py:2676} INFO - Sync 1 DAGs
[2025-07-08T10:22:35.440+0000] {logging_mixin.py:137} INFO - [2025-07-08T10:22:35.439+0000] {dag.py:3427} INFO - Setting next_dagrun for retail_sales_pipeline to None, run_after=None
[2025-07-08T10:22:35.521+0000] {processor.py:175} INFO - Processing /opt/airflow/dags/retail_sales_pipeline.py took 0.638 seconds
[2025-07-08T10:23:08.872+0000] {processor.py:153} INFO - Started process (PID=2162) to work on /opt/airflow/dags/retail_sales_pipeline.py
[2025-07-08T10:23:08.877+0000] {processor.py:743} INFO - Processing file /opt/airflow/dags/retail_sales_pipeline.py for tasks to queue
[2025-07-08T10:23:08.879+0000] {logging_mixin.py:137} INFO - [2025-07-08T10:23:08.879+0000] {dagbag.py:538} INFO - Filling up the DagBag from /opt/airflow/dags/retail_sales_pipeline.py
[2025-07-08T10:23:08.922+0000] {processor.py:753} INFO - DAG(s) dict_keys(['retail_sales_pipeline']) retrieved from /opt/airflow/dags/retail_sales_pipeline.py
[2025-07-08T10:23:09.076+0000] {logging_mixin.py:137} INFO - [2025-07-08T10:23:09.076+0000] {dag.py:2676} INFO - Sync 1 DAGs
[2025-07-08T10:23:09.128+0000] {logging_mixin.py:137} INFO - [2025-07-08T10:23:09.128+0000] {dag.py:3427} INFO - Setting next_dagrun for retail_sales_pipeline to None, run_after=None
[2025-07-08T10:23:09.155+0000] {processor.py:175} INFO - Processing /opt/airflow/dags/retail_sales_pipeline.py took 0.290 seconds
[2025-07-08T10:44:31.805+0000] {processor.py:153} INFO - Started process (PID=2167) to work on /opt/airflow/dags/retail_sales_pipeline.py
[2025-07-08T10:44:31.809+0000] {processor.py:743} INFO - Processing file /opt/airflow/dags/retail_sales_pipeline.py for tasks to queue
[2025-07-08T10:44:31.812+0000] {logging_mixin.py:137} INFO - [2025-07-08T10:44:31.812+0000] {dagbag.py:538} INFO - Filling up the DagBag from /opt/airflow/dags/retail_sales_pipeline.py
[2025-07-08T10:44:31.934+0000] {processor.py:753} INFO - DAG(s) dict_keys(['retail_sales_pipeline']) retrieved from /opt/airflow/dags/retail_sales_pipeline.py
[2025-07-08T10:44:32.181+0000] {logging_mixin.py:137} INFO - [2025-07-08T10:44:32.180+0000] {dag.py:2676} INFO - Sync 1 DAGs
[2025-07-08T10:44:32.310+0000] {logging_mixin.py:137} INFO - [2025-07-08T10:44:32.309+0000] {dag.py:3427} INFO - Setting next_dagrun for retail_sales_pipeline to None, run_after=None
[2025-07-08T10:44:32.463+0000] {processor.py:175} INFO - Processing /opt/airflow/dags/retail_sales_pipeline.py took 0.660 seconds
[2025-07-08T10:58:47.688+0000] {processor.py:153} INFO - Started process (PID=2174) to work on /opt/airflow/dags/retail_sales_pipeline.py
[2025-07-08T10:58:47.690+0000] {processor.py:743} INFO - Processing file /opt/airflow/dags/retail_sales_pipeline.py for tasks to queue
[2025-07-08T10:58:47.693+0000] {logging_mixin.py:137} INFO - [2025-07-08T10:58:47.692+0000] {dagbag.py:538} INFO - Filling up the DagBag from /opt/airflow/dags/retail_sales_pipeline.py
[2025-07-08T10:58:47.772+0000] {processor.py:753} INFO - DAG(s) dict_keys(['retail_sales_pipeline']) retrieved from /opt/airflow/dags/retail_sales_pipeline.py
[2025-07-08T10:58:48.234+0000] {logging_mixin.py:137} INFO - [2025-07-08T10:58:48.233+0000] {dag.py:2676} INFO - Sync 1 DAGs
[2025-07-08T10:58:48.483+0000] {logging_mixin.py:137} INFO - [2025-07-08T10:58:48.482+0000] {dag.py:3427} INFO - Setting next_dagrun for retail_sales_pipeline to None, run_after=None
[2025-07-08T10:58:48.558+0000] {processor.py:175} INFO - Processing /opt/airflow/dags/retail_sales_pipeline.py took 0.885 seconds
[2025-07-08T11:00:26.364+0000] {processor.py:153} INFO - Started process (PID=2179) to work on /opt/airflow/dags/retail_sales_pipeline.py
[2025-07-08T11:00:26.366+0000] {processor.py:743} INFO - Processing file /opt/airflow/dags/retail_sales_pipeline.py for tasks to queue
[2025-07-08T11:00:26.367+0000] {logging_mixin.py:137} INFO - [2025-07-08T11:00:26.367+0000] {dagbag.py:538} INFO - Filling up the DagBag from /opt/airflow/dags/retail_sales_pipeline.py
[2025-07-08T11:00:26.418+0000] {processor.py:753} INFO - DAG(s) dict_keys(['retail_sales_pipeline']) retrieved from /opt/airflow/dags/retail_sales_pipeline.py
[2025-07-08T11:00:26.588+0000] {logging_mixin.py:137} INFO - [2025-07-08T11:00:26.588+0000] {dag.py:2676} INFO - Sync 1 DAGs
[2025-07-08T11:00:26.636+0000] {logging_mixin.py:137} INFO - [2025-07-08T11:00:26.636+0000] {dag.py:3427} INFO - Setting next_dagrun for retail_sales_pipeline to None, run_after=None
[2025-07-08T11:00:26.662+0000] {processor.py:175} INFO - Processing /opt/airflow/dags/retail_sales_pipeline.py took 0.308 seconds
[2025-07-08T11:01:09.200+0000] {processor.py:153} INFO - Started process (PID=2184) to work on /opt/airflow/dags/retail_sales_pipeline.py
[2025-07-08T11:01:09.206+0000] {processor.py:743} INFO - Processing file /opt/airflow/dags/retail_sales_pipeline.py for tasks to queue
[2025-07-08T11:01:09.224+0000] {logging_mixin.py:137} INFO - [2025-07-08T11:01:09.224+0000] {dagbag.py:538} INFO - Filling up the DagBag from /opt/airflow/dags/retail_sales_pipeline.py
[2025-07-08T11:01:09.270+0000] {processor.py:753} INFO - DAG(s) dict_keys(['retail_sales_pipeline']) retrieved from /opt/airflow/dags/retail_sales_pipeline.py
[2025-07-08T11:01:09.419+0000] {logging_mixin.py:137} INFO - [2025-07-08T11:01:09.419+0000] {dag.py:2676} INFO - Sync 1 DAGs
[2025-07-08T11:01:09.470+0000] {logging_mixin.py:137} INFO - [2025-07-08T11:01:09.470+0000] {dag.py:3427} INFO - Setting next_dagrun for retail_sales_pipeline to None, run_after=None
[2025-07-08T11:01:09.499+0000] {processor.py:175} INFO - Processing /opt/airflow/dags/retail_sales_pipeline.py took 0.308 seconds
[2025-07-08T11:21:37.419+0000] {processor.py:153} INFO - Started process (PID=2189) to work on /opt/airflow/dags/retail_sales_pipeline.py
[2025-07-08T11:21:37.423+0000] {processor.py:743} INFO - Processing file /opt/airflow/dags/retail_sales_pipeline.py for tasks to queue
[2025-07-08T11:21:37.424+0000] {logging_mixin.py:137} INFO - [2025-07-08T11:21:37.424+0000] {dagbag.py:538} INFO - Filling up the DagBag from /opt/airflow/dags/retail_sales_pipeline.py
[2025-07-08T11:21:37.470+0000] {processor.py:753} INFO - DAG(s) dict_keys(['retail_sales_pipeline']) retrieved from /opt/airflow/dags/retail_sales_pipeline.py
[2025-07-08T11:21:37.693+0000] {logging_mixin.py:137} INFO - [2025-07-08T11:21:37.693+0000] {dag.py:2676} INFO - Sync 1 DAGs
[2025-07-08T11:21:37.803+0000] {logging_mixin.py:137} INFO - [2025-07-08T11:21:37.802+0000] {dag.py:3427} INFO - Setting next_dagrun for retail_sales_pipeline to None, run_after=None
[2025-07-08T11:21:37.905+0000] {processor.py:175} INFO - Processing /opt/airflow/dags/retail_sales_pipeline.py took 0.491 seconds
[2025-07-08T12:20:06.800+0000] {processor.py:153} INFO - Started process (PID=2194) to work on /opt/airflow/dags/retail_sales_pipeline.py
[2025-07-08T12:20:06.805+0000] {processor.py:743} INFO - Processing file /opt/airflow/dags/retail_sales_pipeline.py for tasks to queue
[2025-07-08T12:20:06.808+0000] {logging_mixin.py:137} INFO - [2025-07-08T12:20:06.808+0000] {dagbag.py:538} INFO - Filling up the DagBag from /opt/airflow/dags/retail_sales_pipeline.py
[2025-07-08T12:20:06.958+0000] {processor.py:753} INFO - DAG(s) dict_keys(['retail_sales_pipeline']) retrieved from /opt/airflow/dags/retail_sales_pipeline.py
[2025-07-08T12:20:07.286+0000] {logging_mixin.py:137} INFO - [2025-07-08T12:20:07.285+0000] {dag.py:2676} INFO - Sync 1 DAGs
[2025-07-08T12:20:07.469+0000] {logging_mixin.py:137} INFO - [2025-07-08T12:20:07.469+0000] {dag.py:3427} INFO - Setting next_dagrun for retail_sales_pipeline to None, run_after=None
[2025-07-08T12:20:07.528+0000] {processor.py:175} INFO - Processing /opt/airflow/dags/retail_sales_pipeline.py took 0.742 seconds
[2025-07-08T12:20:38.038+0000] {processor.py:153} INFO - Started process (PID=2199) to work on /opt/airflow/dags/retail_sales_pipeline.py
[2025-07-08T12:20:38.040+0000] {processor.py:743} INFO - Processing file /opt/airflow/dags/retail_sales_pipeline.py for tasks to queue
[2025-07-08T12:20:38.042+0000] {logging_mixin.py:137} INFO - [2025-07-08T12:20:38.041+0000] {dagbag.py:538} INFO - Filling up the DagBag from /opt/airflow/dags/retail_sales_pipeline.py
[2025-07-08T12:20:38.090+0000] {processor.py:753} INFO - DAG(s) dict_keys(['retail_sales_pipeline']) retrieved from /opt/airflow/dags/retail_sales_pipeline.py
[2025-07-08T12:20:38.243+0000] {logging_mixin.py:137} INFO - [2025-07-08T12:20:38.243+0000] {dag.py:2676} INFO - Sync 1 DAGs
[2025-07-08T12:20:38.297+0000] {logging_mixin.py:137} INFO - [2025-07-08T12:20:38.297+0000] {dag.py:3427} INFO - Setting next_dagrun for retail_sales_pipeline to None, run_after=None
[2025-07-08T12:20:38.322+0000] {processor.py:175} INFO - Processing /opt/airflow/dags/retail_sales_pipeline.py took 0.297 seconds
[2025-07-08T12:40:05.059+0000] {processor.py:153} INFO - Started process (PID=2206) to work on /opt/airflow/dags/retail_sales_pipeline.py
[2025-07-08T12:40:05.060+0000] {processor.py:743} INFO - Processing file /opt/airflow/dags/retail_sales_pipeline.py for tasks to queue
[2025-07-08T12:40:05.061+0000] {logging_mixin.py:137} INFO - [2025-07-08T12:40:05.061+0000] {dagbag.py:538} INFO - Filling up the DagBag from /opt/airflow/dags/retail_sales_pipeline.py
[2025-07-08T12:40:05.113+0000] {processor.py:753} INFO - DAG(s) dict_keys(['retail_sales_pipeline']) retrieved from /opt/airflow/dags/retail_sales_pipeline.py
[2025-07-08T12:40:05.345+0000] {logging_mixin.py:137} INFO - [2025-07-08T12:40:05.344+0000] {dag.py:2676} INFO - Sync 1 DAGs
[2025-07-08T12:40:05.456+0000] {logging_mixin.py:137} INFO - [2025-07-08T12:40:05.456+0000] {dag.py:3427} INFO - Setting next_dagrun for retail_sales_pipeline to None, run_after=None
[2025-07-08T12:40:05.527+0000] {processor.py:175} INFO - Processing /opt/airflow/dags/retail_sales_pipeline.py took 0.474 seconds
[2025-07-08T13:05:30.986+0000] {processor.py:153} INFO - Started process (PID=2211) to work on /opt/airflow/dags/retail_sales_pipeline.py
[2025-07-08T13:05:30.987+0000] {processor.py:743} INFO - Processing file /opt/airflow/dags/retail_sales_pipeline.py for tasks to queue
[2025-07-08T13:05:30.989+0000] {logging_mixin.py:137} INFO - [2025-07-08T13:05:30.988+0000] {dagbag.py:538} INFO - Filling up the DagBag from /opt/airflow/dags/retail_sales_pipeline.py
[2025-07-08T13:05:31.033+0000] {processor.py:753} INFO - DAG(s) dict_keys(['retail_sales_pipeline']) retrieved from /opt/airflow/dags/retail_sales_pipeline.py
[2025-07-08T13:05:31.324+0000] {logging_mixin.py:137} INFO - [2025-07-08T13:05:31.323+0000] {dag.py:2676} INFO - Sync 1 DAGs
[2025-07-08T13:05:31.437+0000] {logging_mixin.py:137} INFO - [2025-07-08T13:05:31.437+0000] {dag.py:3427} INFO - Setting next_dagrun for retail_sales_pipeline to None, run_after=None
[2025-07-08T13:05:31.546+0000] {processor.py:175} INFO - Processing /opt/airflow/dags/retail_sales_pipeline.py took 0.569 seconds
[2025-07-08T14:06:30.296+0000] {processor.py:153} INFO - Started process (PID=2216) to work on /opt/airflow/dags/retail_sales_pipeline.py
[2025-07-08T14:06:30.297+0000] {processor.py:743} INFO - Processing file /opt/airflow/dags/retail_sales_pipeline.py for tasks to queue
[2025-07-08T14:06:30.298+0000] {logging_mixin.py:137} INFO - [2025-07-08T14:06:30.298+0000] {dagbag.py:538} INFO - Filling up the DagBag from /opt/airflow/dags/retail_sales_pipeline.py
[2025-07-08T14:06:30.350+0000] {processor.py:753} INFO - DAG(s) dict_keys(['retail_sales_pipeline']) retrieved from /opt/airflow/dags/retail_sales_pipeline.py
[2025-07-08T14:06:30.659+0000] {logging_mixin.py:137} INFO - [2025-07-08T14:06:30.658+0000] {dag.py:2676} INFO - Sync 1 DAGs
[2025-07-08T14:06:30.819+0000] {logging_mixin.py:137} INFO - [2025-07-08T14:06:30.818+0000] {dag.py:3427} INFO - Setting next_dagrun for retail_sales_pipeline to None, run_after=None
[2025-07-08T14:06:30.916+0000] {processor.py:175} INFO - Processing /opt/airflow/dags/retail_sales_pipeline.py took 0.624 seconds
[2025-07-08T14:37:37.389+0000] {processor.py:153} INFO - Started process (PID=2223) to work on /opt/airflow/dags/retail_sales_pipeline.py
[2025-07-08T14:37:37.399+0000] {processor.py:743} INFO - Processing file /opt/airflow/dags/retail_sales_pipeline.py for tasks to queue
[2025-07-08T14:37:37.405+0000] {logging_mixin.py:137} INFO - [2025-07-08T14:37:37.403+0000] {dagbag.py:538} INFO - Filling up the DagBag from /opt/airflow/dags/retail_sales_pipeline.py
[2025-07-08T14:37:37.887+0000] {processor.py:753} INFO - DAG(s) dict_keys(['retail_sales_pipeline']) retrieved from /opt/airflow/dags/retail_sales_pipeline.py
[2025-07-08T14:37:38.139+0000] {logging_mixin.py:137} INFO - [2025-07-08T14:37:38.139+0000] {dag.py:2676} INFO - Sync 1 DAGs
[2025-07-08T14:37:38.199+0000] {logging_mixin.py:137} INFO - [2025-07-08T14:37:38.199+0000] {dag.py:3427} INFO - Setting next_dagrun for retail_sales_pipeline to None, run_after=None
[2025-07-08T14:37:38.230+0000] {processor.py:175} INFO - Processing /opt/airflow/dags/retail_sales_pipeline.py took 0.870 seconds
[2025-07-08T15:21:27.130+0000] {processor.py:153} INFO - Started process (PID=2228) to work on /opt/airflow/dags/retail_sales_pipeline.py
[2025-07-08T15:21:27.131+0000] {processor.py:743} INFO - Processing file /opt/airflow/dags/retail_sales_pipeline.py for tasks to queue
[2025-07-08T15:21:27.132+0000] {logging_mixin.py:137} INFO - [2025-07-08T15:21:27.132+0000] {dagbag.py:538} INFO - Filling up the DagBag from /opt/airflow/dags/retail_sales_pipeline.py
[2025-07-08T15:21:27.174+0000] {processor.py:753} INFO - DAG(s) dict_keys(['retail_sales_pipeline']) retrieved from /opt/airflow/dags/retail_sales_pipeline.py
[2025-07-08T15:21:27.311+0000] {logging_mixin.py:137} INFO - [2025-07-08T15:21:27.311+0000] {dag.py:2676} INFO - Sync 1 DAGs
[2025-07-08T15:21:27.357+0000] {logging_mixin.py:137} INFO - [2025-07-08T15:21:27.356+0000] {dag.py:3427} INFO - Setting next_dagrun for retail_sales_pipeline to None, run_after=None
[2025-07-08T15:21:27.382+0000] {processor.py:175} INFO - Processing /opt/airflow/dags/retail_sales_pipeline.py took 0.262 seconds
[2025-07-08T16:19:00.351+0000] {processor.py:153} INFO - Started process (PID=2237) to work on /opt/airflow/dags/retail_sales_pipeline.py
[2025-07-08T16:19:00.353+0000] {processor.py:743} INFO - Processing file /opt/airflow/dags/retail_sales_pipeline.py for tasks to queue
[2025-07-08T16:19:00.354+0000] {logging_mixin.py:137} INFO - [2025-07-08T16:19:00.354+0000] {dagbag.py:538} INFO - Filling up the DagBag from /opt/airflow/dags/retail_sales_pipeline.py
[2025-07-08T16:19:00.454+0000] {processor.py:753} INFO - DAG(s) dict_keys(['retail_sales_pipeline']) retrieved from /opt/airflow/dags/retail_sales_pipeline.py
[2025-07-08T16:19:00.724+0000] {logging_mixin.py:137} INFO - [2025-07-08T16:19:00.724+0000] {dag.py:2676} INFO - Sync 1 DAGs
[2025-07-08T16:19:00.843+0000] {logging_mixin.py:137} INFO - [2025-07-08T16:19:00.843+0000] {dag.py:3427} INFO - Setting next_dagrun for retail_sales_pipeline to None, run_after=None
[2025-07-08T16:19:00.918+0000] {processor.py:175} INFO - Processing /opt/airflow/dags/retail_sales_pipeline.py took 0.574 seconds
[2025-07-08T17:13:39.342+0000] {processor.py:153} INFO - Started process (PID=2242) to work on /opt/airflow/dags/retail_sales_pipeline.py
[2025-07-08T17:13:39.344+0000] {processor.py:743} INFO - Processing file /opt/airflow/dags/retail_sales_pipeline.py for tasks to queue
[2025-07-08T17:13:39.349+0000] {logging_mixin.py:137} INFO - [2025-07-08T17:13:39.349+0000] {dagbag.py:538} INFO - Filling up the DagBag from /opt/airflow/dags/retail_sales_pipeline.py
[2025-07-08T17:13:39.449+0000] {processor.py:753} INFO - DAG(s) dict_keys(['retail_sales_pipeline']) retrieved from /opt/airflow/dags/retail_sales_pipeline.py
[2025-07-08T17:13:39.741+0000] {logging_mixin.py:137} INFO - [2025-07-08T17:13:39.739+0000] {dag.py:2676} INFO - Sync 1 DAGs
[2025-07-08T17:13:39.844+0000] {logging_mixin.py:137} INFO - [2025-07-08T17:13:39.843+0000] {dag.py:3427} INFO - Setting next_dagrun for retail_sales_pipeline to None, run_after=None
[2025-07-08T17:13:39.920+0000] {processor.py:175} INFO - Processing /opt/airflow/dags/retail_sales_pipeline.py took 0.599 seconds
[2025-07-08T17:14:12.199+0000] {processor.py:153} INFO - Started process (PID=2247) to work on /opt/airflow/dags/retail_sales_pipeline.py
[2025-07-08T17:14:12.202+0000] {processor.py:743} INFO - Processing file /opt/airflow/dags/retail_sales_pipeline.py for tasks to queue
[2025-07-08T17:14:12.203+0000] {logging_mixin.py:137} INFO - [2025-07-08T17:14:12.203+0000] {dagbag.py:538} INFO - Filling up the DagBag from /opt/airflow/dags/retail_sales_pipeline.py
[2025-07-08T17:14:12.245+0000] {processor.py:753} INFO - DAG(s) dict_keys(['retail_sales_pipeline']) retrieved from /opt/airflow/dags/retail_sales_pipeline.py
[2025-07-08T17:14:12.398+0000] {logging_mixin.py:137} INFO - [2025-07-08T17:14:12.398+0000] {dag.py:2676} INFO - Sync 1 DAGs
[2025-07-08T17:14:12.450+0000] {logging_mixin.py:137} INFO - [2025-07-08T17:14:12.450+0000] {dag.py:3427} INFO - Setting next_dagrun for retail_sales_pipeline to None, run_after=None
[2025-07-08T17:14:12.476+0000] {processor.py:175} INFO - Processing /opt/airflow/dags/retail_sales_pipeline.py took 0.292 seconds
[2025-07-08T17:14:58.231+0000] {processor.py:153} INFO - Started process (PID=2252) to work on /opt/airflow/dags/retail_sales_pipeline.py
[2025-07-08T17:14:58.233+0000] {processor.py:743} INFO - Processing file /opt/airflow/dags/retail_sales_pipeline.py for tasks to queue
[2025-07-08T17:14:58.235+0000] {logging_mixin.py:137} INFO - [2025-07-08T17:14:58.235+0000] {dagbag.py:538} INFO - Filling up the DagBag from /opt/airflow/dags/retail_sales_pipeline.py
[2025-07-08T17:14:58.288+0000] {processor.py:753} INFO - DAG(s) dict_keys(['retail_sales_pipeline']) retrieved from /opt/airflow/dags/retail_sales_pipeline.py
[2025-07-08T17:14:58.441+0000] {logging_mixin.py:137} INFO - [2025-07-08T17:14:58.440+0000] {dag.py:2676} INFO - Sync 1 DAGs
[2025-07-08T17:14:58.486+0000] {logging_mixin.py:137} INFO - [2025-07-08T17:14:58.486+0000] {dag.py:3427} INFO - Setting next_dagrun for retail_sales_pipeline to None, run_after=None
[2025-07-08T17:14:58.514+0000] {processor.py:175} INFO - Processing /opt/airflow/dags/retail_sales_pipeline.py took 0.290 seconds
[2025-07-08T17:23:00.764+0000] {processor.py:153} INFO - Started process (PID=2259) to work on /opt/airflow/dags/retail_sales_pipeline.py
[2025-07-08T17:23:00.768+0000] {processor.py:743} INFO - Processing file /opt/airflow/dags/retail_sales_pipeline.py for tasks to queue
[2025-07-08T17:23:00.773+0000] {logging_mixin.py:137} INFO - [2025-07-08T17:23:00.772+0000] {dagbag.py:538} INFO - Filling up the DagBag from /opt/airflow/dags/retail_sales_pipeline.py
[2025-07-08T17:23:00.952+0000] {processor.py:753} INFO - DAG(s) dict_keys(['retail_sales_pipeline']) retrieved from /opt/airflow/dags/retail_sales_pipeline.py
[2025-07-08T17:23:01.522+0000] {logging_mixin.py:137} INFO - [2025-07-08T17:23:01.519+0000] {dag.py:2676} INFO - Sync 1 DAGs
[2025-07-08T17:23:01.655+0000] {logging_mixin.py:137} INFO - [2025-07-08T17:23:01.655+0000] {dag.py:3427} INFO - Setting next_dagrun for retail_sales_pipeline to None, run_after=None
[2025-07-08T17:23:01.714+0000] {processor.py:175} INFO - Processing /opt/airflow/dags/retail_sales_pipeline.py took 0.975 seconds
[2025-07-08T17:56:55.571+0000] {processor.py:153} INFO - Started process (PID=2264) to work on /opt/airflow/dags/retail_sales_pipeline.py
[2025-07-08T17:56:55.573+0000] {processor.py:743} INFO - Processing file /opt/airflow/dags/retail_sales_pipeline.py for tasks to queue
[2025-07-08T17:56:55.577+0000] {logging_mixin.py:137} INFO - [2025-07-08T17:56:55.576+0000] {dagbag.py:538} INFO - Filling up the DagBag from /opt/airflow/dags/retail_sales_pipeline.py
[2025-07-08T17:56:55.717+0000] {processor.py:753} INFO - DAG(s) dict_keys(['retail_sales_pipeline']) retrieved from /opt/airflow/dags/retail_sales_pipeline.py
[2025-07-08T17:56:56.575+0000] {logging_mixin.py:137} INFO - [2025-07-08T17:56:56.570+0000] {dag.py:2676} INFO - Sync 1 DAGs
[2025-07-08T17:56:56.745+0000] {logging_mixin.py:137} INFO - [2025-07-08T17:56:56.745+0000] {dag.py:3427} INFO - Setting next_dagrun for retail_sales_pipeline to None, run_after=None
[2025-07-08T17:56:56.869+0000] {processor.py:175} INFO - Processing /opt/airflow/dags/retail_sales_pipeline.py took 1.323 seconds
[2025-07-08T19:14:01.074+0000] {processor.py:153} INFO - Started process (PID=2269) to work on /opt/airflow/dags/retail_sales_pipeline.py
[2025-07-08T19:14:01.075+0000] {processor.py:743} INFO - Processing file /opt/airflow/dags/retail_sales_pipeline.py for tasks to queue
[2025-07-08T19:14:01.076+0000] {logging_mixin.py:137} INFO - [2025-07-08T19:14:01.076+0000] {dagbag.py:538} INFO - Filling up the DagBag from /opt/airflow/dags/retail_sales_pipeline.py
[2025-07-08T19:14:01.221+0000] {processor.py:753} INFO - DAG(s) dict_keys(['retail_sales_pipeline']) retrieved from /opt/airflow/dags/retail_sales_pipeline.py
[2025-07-08T19:14:01.363+0000] {logging_mixin.py:137} INFO - [2025-07-08T19:14:01.363+0000] {dag.py:2676} INFO - Sync 1 DAGs
[2025-07-08T19:14:01.431+0000] {logging_mixin.py:137} INFO - [2025-07-08T19:14:01.431+0000] {dag.py:3427} INFO - Setting next_dagrun for retail_sales_pipeline to None, run_after=None
[2025-07-08T19:14:01.536+0000] {processor.py:175} INFO - Processing /opt/airflow/dags/retail_sales_pipeline.py took 0.466 seconds
[2025-07-08T20:01:36.585+0000] {processor.py:153} INFO - Started process (PID=2276) to work on /opt/airflow/dags/retail_sales_pipeline.py
[2025-07-08T20:01:36.590+0000] {processor.py:743} INFO - Processing file /opt/airflow/dags/retail_sales_pipeline.py for tasks to queue
[2025-07-08T20:01:36.593+0000] {logging_mixin.py:137} INFO - [2025-07-08T20:01:36.592+0000] {dagbag.py:538} INFO - Filling up the DagBag from /opt/airflow/dags/retail_sales_pipeline.py
[2025-07-08T20:01:36.727+0000] {processor.py:753} INFO - DAG(s) dict_keys(['retail_sales_pipeline']) retrieved from /opt/airflow/dags/retail_sales_pipeline.py
[2025-07-08T20:01:37.241+0000] {logging_mixin.py:137} INFO - [2025-07-08T20:01:37.240+0000] {dag.py:2676} INFO - Sync 1 DAGs
[2025-07-08T20:01:37.513+0000] {logging_mixin.py:137} INFO - [2025-07-08T20:01:37.510+0000] {dag.py:3427} INFO - Setting next_dagrun for retail_sales_pipeline to None, run_after=None
[2025-07-08T20:01:37.678+0000] {processor.py:175} INFO - Processing /opt/airflow/dags/retail_sales_pipeline.py took 1.114 seconds
[2025-07-08T20:02:08.115+0000] {processor.py:153} INFO - Started process (PID=2281) to work on /opt/airflow/dags/retail_sales_pipeline.py
[2025-07-08T20:02:08.118+0000] {processor.py:743} INFO - Processing file /opt/airflow/dags/retail_sales_pipeline.py for tasks to queue
[2025-07-08T20:02:08.119+0000] {logging_mixin.py:137} INFO - [2025-07-08T20:02:08.119+0000] {dagbag.py:538} INFO - Filling up the DagBag from /opt/airflow/dags/retail_sales_pipeline.py
[2025-07-08T20:02:08.177+0000] {processor.py:753} INFO - DAG(s) dict_keys(['retail_sales_pipeline']) retrieved from /opt/airflow/dags/retail_sales_pipeline.py
[2025-07-08T20:02:08.330+0000] {logging_mixin.py:137} INFO - [2025-07-08T20:02:08.329+0000] {dag.py:2676} INFO - Sync 1 DAGs
[2025-07-08T20:02:08.381+0000] {logging_mixin.py:137} INFO - [2025-07-08T20:02:08.380+0000] {dag.py:3427} INFO - Setting next_dagrun for retail_sales_pipeline to None, run_after=None
[2025-07-08T20:02:08.406+0000] {processor.py:175} INFO - Processing /opt/airflow/dags/retail_sales_pipeline.py took 0.300 seconds
[2025-07-08T20:20:12.419+0000] {processor.py:153} INFO - Started process (PID=2286) to work on /opt/airflow/dags/retail_sales_pipeline.py
[2025-07-08T20:20:12.431+0000] {processor.py:743} INFO - Processing file /opt/airflow/dags/retail_sales_pipeline.py for tasks to queue
[2025-07-08T20:20:12.434+0000] {logging_mixin.py:137} INFO - [2025-07-08T20:20:12.433+0000] {dagbag.py:538} INFO - Filling up the DagBag from /opt/airflow/dags/retail_sales_pipeline.py
[2025-07-08T20:20:12.636+0000] {processor.py:753} INFO - DAG(s) dict_keys(['retail_sales_pipeline']) retrieved from /opt/airflow/dags/retail_sales_pipeline.py
[2025-07-08T20:20:13.153+0000] {logging_mixin.py:137} INFO - [2025-07-08T20:20:13.153+0000] {dag.py:2676} INFO - Sync 1 DAGs
[2025-07-08T20:20:13.254+0000] {logging_mixin.py:137} INFO - [2025-07-08T20:20:13.254+0000] {dag.py:3427} INFO - Setting next_dagrun for retail_sales_pipeline to None, run_after=None
[2025-07-08T20:20:13.327+0000] {processor.py:175} INFO - Processing /opt/airflow/dags/retail_sales_pipeline.py took 0.946 seconds
[2025-07-08T21:41:20.985+0000] {processor.py:153} INFO - Started process (PID=2291) to work on /opt/airflow/dags/retail_sales_pipeline.py
[2025-07-08T21:41:20.987+0000] {processor.py:743} INFO - Processing file /opt/airflow/dags/retail_sales_pipeline.py for tasks to queue
[2025-07-08T21:41:20.988+0000] {logging_mixin.py:137} INFO - [2025-07-08T21:41:20.988+0000] {dagbag.py:538} INFO - Filling up the DagBag from /opt/airflow/dags/retail_sales_pipeline.py
[2025-07-08T21:41:21.042+0000] {processor.py:753} INFO - DAG(s) dict_keys(['retail_sales_pipeline']) retrieved from /opt/airflow/dags/retail_sales_pipeline.py
[2025-07-08T21:41:21.177+0000] {logging_mixin.py:137} INFO - [2025-07-08T21:41:21.177+0000] {dag.py:2676} INFO - Sync 1 DAGs
[2025-07-08T21:41:21.229+0000] {logging_mixin.py:137} INFO - [2025-07-08T21:41:21.229+0000] {dag.py:3427} INFO - Setting next_dagrun for retail_sales_pipeline to None, run_after=None
[2025-07-08T21:41:21.252+0000] {processor.py:175} INFO - Processing /opt/airflow/dags/retail_sales_pipeline.py took 0.271 seconds
[2025-07-08T21:41:51.507+0000] {processor.py:153} INFO - Started process (PID=2296) to work on /opt/airflow/dags/retail_sales_pipeline.py
[2025-07-08T21:41:51.511+0000] {processor.py:743} INFO - Processing file /opt/airflow/dags/retail_sales_pipeline.py for tasks to queue
[2025-07-08T21:41:51.512+0000] {logging_mixin.py:137} INFO - [2025-07-08T21:41:51.512+0000] {dagbag.py:538} INFO - Filling up the DagBag from /opt/airflow/dags/retail_sales_pipeline.py
[2025-07-08T21:41:51.558+0000] {processor.py:753} INFO - DAG(s) dict_keys(['retail_sales_pipeline']) retrieved from /opt/airflow/dags/retail_sales_pipeline.py
[2025-07-08T21:41:51.693+0000] {logging_mixin.py:137} INFO - [2025-07-08T21:41:51.693+0000] {dag.py:2676} INFO - Sync 1 DAGs
[2025-07-08T21:41:51.742+0000] {logging_mixin.py:137} INFO - [2025-07-08T21:41:51.742+0000] {dag.py:3427} INFO - Setting next_dagrun for retail_sales_pipeline to None, run_after=None
[2025-07-08T21:41:51.768+0000] {processor.py:175} INFO - Processing /opt/airflow/dags/retail_sales_pipeline.py took 0.279 seconds
[2025-07-08T22:10:02.753+0000] {processor.py:153} INFO - Started process (PID=2301) to work on /opt/airflow/dags/retail_sales_pipeline.py
[2025-07-08T22:10:02.754+0000] {processor.py:743} INFO - Processing file /opt/airflow/dags/retail_sales_pipeline.py for tasks to queue
[2025-07-08T22:10:02.754+0000] {logging_mixin.py:137} INFO - [2025-07-08T22:10:02.754+0000] {dagbag.py:538} INFO - Filling up the DagBag from /opt/airflow/dags/retail_sales_pipeline.py
[2025-07-08T22:10:02.797+0000] {processor.py:753} INFO - DAG(s) dict_keys(['retail_sales_pipeline']) retrieved from /opt/airflow/dags/retail_sales_pipeline.py
[2025-07-08T22:10:03.106+0000] {logging_mixin.py:137} INFO - [2025-07-08T22:10:03.104+0000] {dag.py:2676} INFO - Sync 1 DAGs
[2025-07-08T22:10:03.250+0000] {logging_mixin.py:137} INFO - [2025-07-08T22:10:03.249+0000] {dag.py:3427} INFO - Setting next_dagrun for retail_sales_pipeline to None, run_after=None
[2025-07-08T22:10:03.327+0000] {processor.py:175} INFO - Processing /opt/airflow/dags/retail_sales_pipeline.py took 0.578 seconds
[2025-07-08T22:10:33.848+0000] {processor.py:153} INFO - Started process (PID=2306) to work on /opt/airflow/dags/retail_sales_pipeline.py
[2025-07-08T22:10:33.850+0000] {processor.py:743} INFO - Processing file /opt/airflow/dags/retail_sales_pipeline.py for tasks to queue
[2025-07-08T22:10:33.851+0000] {logging_mixin.py:137} INFO - [2025-07-08T22:10:33.851+0000] {dagbag.py:538} INFO - Filling up the DagBag from /opt/airflow/dags/retail_sales_pipeline.py
[2025-07-08T22:10:33.892+0000] {processor.py:753} INFO - DAG(s) dict_keys(['retail_sales_pipeline']) retrieved from /opt/airflow/dags/retail_sales_pipeline.py
[2025-07-08T22:10:34.040+0000] {logging_mixin.py:137} INFO - [2025-07-08T22:10:34.039+0000] {dag.py:2676} INFO - Sync 1 DAGs
[2025-07-08T22:10:34.089+0000] {logging_mixin.py:137} INFO - [2025-07-08T22:10:34.089+0000] {dag.py:3427} INFO - Setting next_dagrun for retail_sales_pipeline to None, run_after=None
[2025-07-08T22:10:34.120+0000] {processor.py:175} INFO - Processing /opt/airflow/dags/retail_sales_pipeline.py took 0.283 seconds
[2025-07-08T23:34:45.839+0000] {processor.py:153} INFO - Started process (PID=2313) to work on /opt/airflow/dags/retail_sales_pipeline.py
[2025-07-08T23:34:45.842+0000] {processor.py:743} INFO - Processing file /opt/airflow/dags/retail_sales_pipeline.py for tasks to queue
[2025-07-08T23:34:45.843+0000] {logging_mixin.py:137} INFO - [2025-07-08T23:34:45.843+0000] {dagbag.py:538} INFO - Filling up the DagBag from /opt/airflow/dags/retail_sales_pipeline.py
[2025-07-08T23:34:45.959+0000] {processor.py:753} INFO - DAG(s) dict_keys(['retail_sales_pipeline']) retrieved from /opt/airflow/dags/retail_sales_pipeline.py
[2025-07-08T23:34:46.419+0000] {logging_mixin.py:137} INFO - [2025-07-08T23:34:46.419+0000] {dag.py:2676} INFO - Sync 1 DAGs
[2025-07-08T23:34:46.475+0000] {logging_mixin.py:137} INFO - [2025-07-08T23:34:46.475+0000] {dag.py:3427} INFO - Setting next_dagrun for retail_sales_pipeline to None, run_after=None
[2025-07-08T23:34:46.515+0000] {processor.py:175} INFO - Processing /opt/airflow/dags/retail_sales_pipeline.py took 0.718 seconds
