[2025-07-17T00:01:09.931+0000] {processor.py:153} INFO - Started process (PID=10999) to work on /opt/airflow/dags/retail_sales_pipeline.py
[2025-07-17T00:01:09.932+0000] {processor.py:743} INFO - Processing file /opt/airflow/dags/retail_sales_pipeline.py for tasks to queue
[2025-07-17T00:01:09.933+0000] {logging_mixin.py:137} INFO - [2025-07-17T00:01:09.933+0000] {dagbag.py:538} INFO - Filling up the DagBag from /opt/airflow/dags/retail_sales_pipeline.py
[2025-07-17T00:01:10.011+0000] {processor.py:753} INFO - DAG(s) dict_keys(['retail_sales_pipeline']) retrieved from /opt/airflow/dags/retail_sales_pipeline.py
[2025-07-17T00:01:10.377+0000] {logging_mixin.py:137} INFO - [2025-07-17T00:01:10.374+0000] {dag.py:2676} INFO - Sync 1 DAGs
[2025-07-17T00:01:10.550+0000] {logging_mixin.py:137} INFO - [2025-07-17T00:01:10.550+0000] {dag.py:3427} INFO - Setting next_dagrun for retail_sales_pipeline to None, run_after=None
[2025-07-17T00:01:10.757+0000] {processor.py:175} INFO - Processing /opt/airflow/dags/retail_sales_pipeline.py took 0.829 seconds
[2025-07-17T00:17:06.444+0000] {processor.py:153} INFO - Started process (PID=11004) to work on /opt/airflow/dags/retail_sales_pipeline.py
[2025-07-17T00:17:06.446+0000] {processor.py:743} INFO - Processing file /opt/airflow/dags/retail_sales_pipeline.py for tasks to queue
[2025-07-17T00:17:06.448+0000] {logging_mixin.py:137} INFO - [2025-07-17T00:17:06.448+0000] {dagbag.py:538} INFO - Filling up the DagBag from /opt/airflow/dags/retail_sales_pipeline.py
[2025-07-17T00:17:06.548+0000] {processor.py:753} INFO - DAG(s) dict_keys(['retail_sales_pipeline']) retrieved from /opt/airflow/dags/retail_sales_pipeline.py
[2025-07-17T00:17:06.957+0000] {logging_mixin.py:137} INFO - [2025-07-17T00:17:06.956+0000] {dag.py:2676} INFO - Sync 1 DAGs
[2025-07-17T00:17:07.193+0000] {logging_mixin.py:137} INFO - [2025-07-17T00:17:07.192+0000] {dag.py:3427} INFO - Setting next_dagrun for retail_sales_pipeline to None, run_after=None
[2025-07-17T00:17:07.294+0000] {processor.py:175} INFO - Processing /opt/airflow/dags/retail_sales_pipeline.py took 0.866 seconds
[2025-07-17T01:05:46.222+0000] {processor.py:153} INFO - Started process (PID=11009) to work on /opt/airflow/dags/retail_sales_pipeline.py
[2025-07-17T01:05:46.227+0000] {processor.py:743} INFO - Processing file /opt/airflow/dags/retail_sales_pipeline.py for tasks to queue
[2025-07-17T01:05:46.231+0000] {logging_mixin.py:137} INFO - [2025-07-17T01:05:46.230+0000] {dagbag.py:538} INFO - Filling up the DagBag from /opt/airflow/dags/retail_sales_pipeline.py
[2025-07-17T01:05:46.373+0000] {processor.py:753} INFO - DAG(s) dict_keys(['retail_sales_pipeline']) retrieved from /opt/airflow/dags/retail_sales_pipeline.py
[2025-07-17T01:05:46.823+0000] {logging_mixin.py:137} INFO - [2025-07-17T01:05:46.821+0000] {dag.py:2676} INFO - Sync 1 DAGs
[2025-07-17T01:05:46.891+0000] {logging_mixin.py:137} INFO - [2025-07-17T01:05:46.891+0000] {dag.py:3427} INFO - Setting next_dagrun for retail_sales_pipeline to None, run_after=None
[2025-07-17T01:05:46.919+0000] {processor.py:175} INFO - Processing /opt/airflow/dags/retail_sales_pipeline.py took 0.714 seconds
[2025-07-17T02:42:10.321+0000] {processor.py:153} INFO - Started process (PID=11014) to work on /opt/airflow/dags/retail_sales_pipeline.py
[2025-07-17T02:42:10.322+0000] {processor.py:743} INFO - Processing file /opt/airflow/dags/retail_sales_pipeline.py for tasks to queue
[2025-07-17T02:42:10.323+0000] {logging_mixin.py:137} INFO - [2025-07-17T02:42:10.323+0000] {dagbag.py:538} INFO - Filling up the DagBag from /opt/airflow/dags/retail_sales_pipeline.py
[2025-07-17T02:42:10.420+0000] {processor.py:753} INFO - DAG(s) dict_keys(['retail_sales_pipeline']) retrieved from /opt/airflow/dags/retail_sales_pipeline.py
[2025-07-17T02:42:10.624+0000] {logging_mixin.py:137} INFO - [2025-07-17T02:42:10.624+0000] {dag.py:2676} INFO - Sync 1 DAGs
[2025-07-17T02:42:10.680+0000] {logging_mixin.py:137} INFO - [2025-07-17T02:42:10.680+0000] {dag.py:3427} INFO - Setting next_dagrun for retail_sales_pipeline to None, run_after=None
[2025-07-17T02:42:10.737+0000] {processor.py:175} INFO - Processing /opt/airflow/dags/retail_sales_pipeline.py took 0.420 seconds
[2025-07-17T03:16:18.937+0000] {processor.py:153} INFO - Started process (PID=11019) to work on /opt/airflow/dags/retail_sales_pipeline.py
[2025-07-17T03:16:18.939+0000] {processor.py:743} INFO - Processing file /opt/airflow/dags/retail_sales_pipeline.py for tasks to queue
[2025-07-17T03:16:18.941+0000] {logging_mixin.py:137} INFO - [2025-07-17T03:16:18.940+0000] {dagbag.py:538} INFO - Filling up the DagBag from /opt/airflow/dags/retail_sales_pipeline.py
[2025-07-17T03:16:19.008+0000] {processor.py:753} INFO - DAG(s) dict_keys(['retail_sales_pipeline']) retrieved from /opt/airflow/dags/retail_sales_pipeline.py
[2025-07-17T03:16:19.269+0000] {logging_mixin.py:137} INFO - [2025-07-17T03:16:19.269+0000] {dag.py:2676} INFO - Sync 1 DAGs
[2025-07-17T03:16:19.330+0000] {logging_mixin.py:137} INFO - [2025-07-17T03:16:19.330+0000] {dag.py:3427} INFO - Setting next_dagrun for retail_sales_pipeline to None, run_after=None
[2025-07-17T03:16:19.365+0000] {processor.py:175} INFO - Processing /opt/airflow/dags/retail_sales_pipeline.py took 0.438 seconds
[2025-07-17T04:20:15.704+0000] {processor.py:153} INFO - Started process (PID=11026) to work on /opt/airflow/dags/retail_sales_pipeline.py
[2025-07-17T04:20:15.705+0000] {processor.py:743} INFO - Processing file /opt/airflow/dags/retail_sales_pipeline.py for tasks to queue
[2025-07-17T04:20:15.708+0000] {logging_mixin.py:137} INFO - [2025-07-17T04:20:15.708+0000] {dagbag.py:538} INFO - Filling up the DagBag from /opt/airflow/dags/retail_sales_pipeline.py
[2025-07-17T04:20:15.760+0000] {processor.py:753} INFO - DAG(s) dict_keys(['retail_sales_pipeline']) retrieved from /opt/airflow/dags/retail_sales_pipeline.py
[2025-07-17T04:20:15.899+0000] {logging_mixin.py:137} INFO - [2025-07-17T04:20:15.899+0000] {dag.py:2676} INFO - Sync 1 DAGs
[2025-07-17T04:20:15.954+0000] {logging_mixin.py:137} INFO - [2025-07-17T04:20:15.953+0000] {dag.py:3427} INFO - Setting next_dagrun for retail_sales_pipeline to None, run_after=None
[2025-07-17T04:20:16.054+0000] {processor.py:175} INFO - Processing /opt/airflow/dags/retail_sales_pipeline.py took 0.359 seconds
[2025-07-17T04:43:29.542+0000] {processor.py:153} INFO - Started process (PID=11031) to work on /opt/airflow/dags/retail_sales_pipeline.py
[2025-07-17T04:43:29.545+0000] {processor.py:743} INFO - Processing file /opt/airflow/dags/retail_sales_pipeline.py for tasks to queue
[2025-07-17T04:43:29.549+0000] {logging_mixin.py:137} INFO - [2025-07-17T04:43:29.548+0000] {dagbag.py:538} INFO - Filling up the DagBag from /opt/airflow/dags/retail_sales_pipeline.py
[2025-07-17T04:43:29.656+0000] {processor.py:753} INFO - DAG(s) dict_keys(['retail_sales_pipeline']) retrieved from /opt/airflow/dags/retail_sales_pipeline.py
[2025-07-17T04:43:30.324+0000] {logging_mixin.py:137} INFO - [2025-07-17T04:43:30.322+0000] {dag.py:2676} INFO - Sync 1 DAGs
[2025-07-17T04:43:30.401+0000] {logging_mixin.py:137} INFO - [2025-07-17T04:43:30.401+0000] {dag.py:3427} INFO - Setting next_dagrun for retail_sales_pipeline to None, run_after=None
[2025-07-17T04:43:30.440+0000] {processor.py:175} INFO - Processing /opt/airflow/dags/retail_sales_pipeline.py took 0.914 seconds
[2025-07-17T04:59:16.368+0000] {processor.py:153} INFO - Started process (PID=11036) to work on /opt/airflow/dags/retail_sales_pipeline.py
[2025-07-17T04:59:16.370+0000] {processor.py:743} INFO - Processing file /opt/airflow/dags/retail_sales_pipeline.py for tasks to queue
[2025-07-17T04:59:16.371+0000] {logging_mixin.py:137} INFO - [2025-07-17T04:59:16.371+0000] {dagbag.py:538} INFO - Filling up the DagBag from /opt/airflow/dags/retail_sales_pipeline.py
[2025-07-17T04:59:16.418+0000] {processor.py:753} INFO - DAG(s) dict_keys(['retail_sales_pipeline']) retrieved from /opt/airflow/dags/retail_sales_pipeline.py
[2025-07-17T04:59:16.569+0000] {logging_mixin.py:137} INFO - [2025-07-17T04:59:16.569+0000] {dag.py:2676} INFO - Sync 1 DAGs
[2025-07-17T04:59:16.619+0000] {logging_mixin.py:137} INFO - [2025-07-17T04:59:16.618+0000] {dag.py:3427} INFO - Setting next_dagrun for retail_sales_pipeline to None, run_after=None
[2025-07-17T04:59:16.643+0000] {processor.py:175} INFO - Processing /opt/airflow/dags/retail_sales_pipeline.py took 0.279 seconds
[2025-07-17T05:00:51.221+0000] {processor.py:153} INFO - Started process (PID=11041) to work on /opt/airflow/dags/retail_sales_pipeline.py
[2025-07-17T05:00:51.226+0000] {processor.py:743} INFO - Processing file /opt/airflow/dags/retail_sales_pipeline.py for tasks to queue
[2025-07-17T05:00:51.227+0000] {logging_mixin.py:137} INFO - [2025-07-17T05:00:51.226+0000] {dagbag.py:538} INFO - Filling up the DagBag from /opt/airflow/dags/retail_sales_pipeline.py
[2025-07-17T05:00:51.290+0000] {processor.py:753} INFO - DAG(s) dict_keys(['retail_sales_pipeline']) retrieved from /opt/airflow/dags/retail_sales_pipeline.py
[2025-07-17T05:00:51.456+0000] {logging_mixin.py:137} INFO - [2025-07-17T05:00:51.456+0000] {dag.py:2676} INFO - Sync 1 DAGs
[2025-07-17T05:00:51.504+0000] {logging_mixin.py:137} INFO - [2025-07-17T05:00:51.504+0000] {dag.py:3427} INFO - Setting next_dagrun for retail_sales_pipeline to None, run_after=None
[2025-07-17T05:00:51.530+0000] {processor.py:175} INFO - Processing /opt/airflow/dags/retail_sales_pipeline.py took 0.324 seconds
[2025-07-17T05:52:52.828+0000] {processor.py:153} INFO - Started process (PID=11046) to work on /opt/airflow/dags/retail_sales_pipeline.py
[2025-07-17T05:52:52.829+0000] {processor.py:743} INFO - Processing file /opt/airflow/dags/retail_sales_pipeline.py for tasks to queue
[2025-07-17T05:52:52.830+0000] {logging_mixin.py:137} INFO - [2025-07-17T05:52:52.830+0000] {dagbag.py:538} INFO - Filling up the DagBag from /opt/airflow/dags/retail_sales_pipeline.py
[2025-07-17T05:52:52.888+0000] {processor.py:753} INFO - DAG(s) dict_keys(['retail_sales_pipeline']) retrieved from /opt/airflow/dags/retail_sales_pipeline.py
[2025-07-17T05:52:53.355+0000] {logging_mixin.py:137} INFO - [2025-07-17T05:52:53.352+0000] {dag.py:2676} INFO - Sync 1 DAGs
[2025-07-17T05:52:53.586+0000] {logging_mixin.py:137} INFO - [2025-07-17T05:52:53.585+0000] {dag.py:3427} INFO - Setting next_dagrun for retail_sales_pipeline to None, run_after=None
[2025-07-17T05:52:53.761+0000] {processor.py:175} INFO - Processing /opt/airflow/dags/retail_sales_pipeline.py took 0.937 seconds
[2025-07-17T05:53:27.614+0000] {processor.py:153} INFO - Started process (PID=11051) to work on /opt/airflow/dags/retail_sales_pipeline.py
[2025-07-17T05:53:27.616+0000] {processor.py:743} INFO - Processing file /opt/airflow/dags/retail_sales_pipeline.py for tasks to queue
[2025-07-17T05:53:27.618+0000] {logging_mixin.py:137} INFO - [2025-07-17T05:53:27.618+0000] {dagbag.py:538} INFO - Filling up the DagBag from /opt/airflow/dags/retail_sales_pipeline.py
[2025-07-17T05:53:27.672+0000] {processor.py:753} INFO - DAG(s) dict_keys(['retail_sales_pipeline']) retrieved from /opt/airflow/dags/retail_sales_pipeline.py
[2025-07-17T05:53:27.820+0000] {logging_mixin.py:137} INFO - [2025-07-17T05:53:27.820+0000] {dag.py:2676} INFO - Sync 1 DAGs
[2025-07-17T05:53:27.871+0000] {logging_mixin.py:137} INFO - [2025-07-17T05:53:27.870+0000] {dag.py:3427} INFO - Setting next_dagrun for retail_sales_pipeline to None, run_after=None
[2025-07-17T05:53:27.895+0000] {processor.py:175} INFO - Processing /opt/airflow/dags/retail_sales_pipeline.py took 0.291 seconds
[2025-07-17T05:54:01.356+0000] {processor.py:153} INFO - Started process (PID=11056) to work on /opt/airflow/dags/retail_sales_pipeline.py
[2025-07-17T05:54:01.363+0000] {processor.py:743} INFO - Processing file /opt/airflow/dags/retail_sales_pipeline.py for tasks to queue
[2025-07-17T05:54:01.365+0000] {logging_mixin.py:137} INFO - [2025-07-17T05:54:01.365+0000] {dagbag.py:538} INFO - Filling up the DagBag from /opt/airflow/dags/retail_sales_pipeline.py
[2025-07-17T05:54:01.411+0000] {processor.py:753} INFO - DAG(s) dict_keys(['retail_sales_pipeline']) retrieved from /opt/airflow/dags/retail_sales_pipeline.py
[2025-07-17T05:54:01.561+0000] {logging_mixin.py:137} INFO - [2025-07-17T05:54:01.561+0000] {dag.py:2676} INFO - Sync 1 DAGs
[2025-07-17T05:54:01.610+0000] {logging_mixin.py:137} INFO - [2025-07-17T05:54:01.610+0000] {dag.py:3427} INFO - Setting next_dagrun for retail_sales_pipeline to None, run_after=None
[2025-07-17T05:54:01.643+0000] {processor.py:175} INFO - Processing /opt/airflow/dags/retail_sales_pipeline.py took 0.297 seconds
[2025-07-17T05:56:50.862+0000] {processor.py:153} INFO - Started process (PID=11061) to work on /opt/airflow/dags/retail_sales_pipeline.py
[2025-07-17T05:56:50.865+0000] {processor.py:743} INFO - Processing file /opt/airflow/dags/retail_sales_pipeline.py for tasks to queue
[2025-07-17T05:56:50.867+0000] {logging_mixin.py:137} INFO - [2025-07-17T05:56:50.866+0000] {dagbag.py:538} INFO - Filling up the DagBag from /opt/airflow/dags/retail_sales_pipeline.py
[2025-07-17T05:56:50.918+0000] {processor.py:753} INFO - DAG(s) dict_keys(['retail_sales_pipeline']) retrieved from /opt/airflow/dags/retail_sales_pipeline.py
[2025-07-17T05:56:51.075+0000] {logging_mixin.py:137} INFO - [2025-07-17T05:56:51.075+0000] {dag.py:2676} INFO - Sync 1 DAGs
[2025-07-17T05:56:51.157+0000] {logging_mixin.py:137} INFO - [2025-07-17T05:56:51.156+0000] {dag.py:3427} INFO - Setting next_dagrun for retail_sales_pipeline to None, run_after=None
[2025-07-17T05:56:51.247+0000] {processor.py:175} INFO - Processing /opt/airflow/dags/retail_sales_pipeline.py took 0.393 seconds
[2025-07-17T05:58:02.953+0000] {processor.py:153} INFO - Started process (PID=11066) to work on /opt/airflow/dags/retail_sales_pipeline.py
[2025-07-17T05:58:02.954+0000] {processor.py:743} INFO - Processing file /opt/airflow/dags/retail_sales_pipeline.py for tasks to queue
[2025-07-17T05:58:02.955+0000] {logging_mixin.py:137} INFO - [2025-07-17T05:58:02.955+0000] {dagbag.py:538} INFO - Filling up the DagBag from /opt/airflow/dags/retail_sales_pipeline.py
[2025-07-17T05:58:03.017+0000] {processor.py:753} INFO - DAG(s) dict_keys(['retail_sales_pipeline']) retrieved from /opt/airflow/dags/retail_sales_pipeline.py
[2025-07-17T05:58:03.177+0000] {logging_mixin.py:137} INFO - [2025-07-17T05:58:03.176+0000] {dag.py:2676} INFO - Sync 1 DAGs
[2025-07-17T05:58:03.222+0000] {logging_mixin.py:137} INFO - [2025-07-17T05:58:03.222+0000] {dag.py:3427} INFO - Setting next_dagrun for retail_sales_pipeline to None, run_after=None
[2025-07-17T05:58:03.257+0000] {processor.py:175} INFO - Processing /opt/airflow/dags/retail_sales_pipeline.py took 0.311 seconds
[2025-07-17T05:59:03.764+0000] {processor.py:153} INFO - Started process (PID=11071) to work on /opt/airflow/dags/retail_sales_pipeline.py
[2025-07-17T05:59:03.765+0000] {processor.py:743} INFO - Processing file /opt/airflow/dags/retail_sales_pipeline.py for tasks to queue
[2025-07-17T05:59:03.766+0000] {logging_mixin.py:137} INFO - [2025-07-17T05:59:03.766+0000] {dagbag.py:538} INFO - Filling up the DagBag from /opt/airflow/dags/retail_sales_pipeline.py
[2025-07-17T05:59:03.809+0000] {processor.py:753} INFO - DAG(s) dict_keys(['retail_sales_pipeline']) retrieved from /opt/airflow/dags/retail_sales_pipeline.py
[2025-07-17T05:59:03.968+0000] {logging_mixin.py:137} INFO - [2025-07-17T05:59:03.968+0000] {dag.py:2676} INFO - Sync 1 DAGs
[2025-07-17T05:59:04.013+0000] {logging_mixin.py:137} INFO - [2025-07-17T05:59:04.013+0000] {dag.py:3427} INFO - Setting next_dagrun for retail_sales_pipeline to None, run_after=None
[2025-07-17T05:59:04.041+0000] {processor.py:175} INFO - Processing /opt/airflow/dags/retail_sales_pipeline.py took 0.288 seconds
[2025-07-17T06:15:58.514+0000] {processor.py:153} INFO - Started process (PID=11078) to work on /opt/airflow/dags/retail_sales_pipeline.py
[2025-07-17T06:15:58.515+0000] {processor.py:743} INFO - Processing file /opt/airflow/dags/retail_sales_pipeline.py for tasks to queue
[2025-07-17T06:15:58.516+0000] {logging_mixin.py:137} INFO - [2025-07-17T06:15:58.516+0000] {dagbag.py:538} INFO - Filling up the DagBag from /opt/airflow/dags/retail_sales_pipeline.py
[2025-07-17T06:15:58.564+0000] {processor.py:753} INFO - DAG(s) dict_keys(['retail_sales_pipeline']) retrieved from /opt/airflow/dags/retail_sales_pipeline.py
[2025-07-17T06:15:58.718+0000] {logging_mixin.py:137} INFO - [2025-07-17T06:15:58.718+0000] {dag.py:2676} INFO - Sync 1 DAGs
[2025-07-17T06:15:58.764+0000] {logging_mixin.py:137} INFO - [2025-07-17T06:15:58.764+0000] {dag.py:3427} INFO - Setting next_dagrun for retail_sales_pipeline to None, run_after=None
[2025-07-17T06:15:58.802+0000] {processor.py:175} INFO - Processing /opt/airflow/dags/retail_sales_pipeline.py took 0.301 seconds
[2025-07-17T06:16:36.828+0000] {processor.py:153} INFO - Started process (PID=11083) to work on /opt/airflow/dags/retail_sales_pipeline.py
[2025-07-17T06:16:36.833+0000] {processor.py:743} INFO - Processing file /opt/airflow/dags/retail_sales_pipeline.py for tasks to queue
[2025-07-17T06:16:36.835+0000] {logging_mixin.py:137} INFO - [2025-07-17T06:16:36.835+0000] {dagbag.py:538} INFO - Filling up the DagBag from /opt/airflow/dags/retail_sales_pipeline.py
[2025-07-17T06:16:36.891+0000] {processor.py:753} INFO - DAG(s) dict_keys(['retail_sales_pipeline']) retrieved from /opt/airflow/dags/retail_sales_pipeline.py
[2025-07-17T06:16:37.055+0000] {logging_mixin.py:137} INFO - [2025-07-17T06:16:37.055+0000] {dag.py:2676} INFO - Sync 1 DAGs
[2025-07-17T06:16:37.106+0000] {logging_mixin.py:137} INFO - [2025-07-17T06:16:37.106+0000] {dag.py:3427} INFO - Setting next_dagrun for retail_sales_pipeline to None, run_after=None
[2025-07-17T06:16:37.132+0000] {processor.py:175} INFO - Processing /opt/airflow/dags/retail_sales_pipeline.py took 0.314 seconds
[2025-07-17T06:17:09.892+0000] {processor.py:153} INFO - Started process (PID=11088) to work on /opt/airflow/dags/retail_sales_pipeline.py
[2025-07-17T06:17:09.894+0000] {processor.py:743} INFO - Processing file /opt/airflow/dags/retail_sales_pipeline.py for tasks to queue
[2025-07-17T06:17:09.896+0000] {logging_mixin.py:137} INFO - [2025-07-17T06:17:09.896+0000] {dagbag.py:538} INFO - Filling up the DagBag from /opt/airflow/dags/retail_sales_pipeline.py
[2025-07-17T06:17:09.953+0000] {processor.py:753} INFO - DAG(s) dict_keys(['retail_sales_pipeline']) retrieved from /opt/airflow/dags/retail_sales_pipeline.py
[2025-07-17T06:17:10.123+0000] {logging_mixin.py:137} INFO - [2025-07-17T06:17:10.123+0000] {dag.py:2676} INFO - Sync 1 DAGs
[2025-07-17T06:17:10.169+0000] {logging_mixin.py:137} INFO - [2025-07-17T06:17:10.169+0000] {dag.py:3427} INFO - Setting next_dagrun for retail_sales_pipeline to None, run_after=None
[2025-07-17T06:17:10.197+0000] {processor.py:175} INFO - Processing /opt/airflow/dags/retail_sales_pipeline.py took 0.319 seconds
[2025-07-17T06:43:48.601+0000] {processor.py:153} INFO - Started process (PID=11093) to work on /opt/airflow/dags/retail_sales_pipeline.py
[2025-07-17T06:43:48.603+0000] {processor.py:743} INFO - Processing file /opt/airflow/dags/retail_sales_pipeline.py for tasks to queue
[2025-07-17T06:43:48.604+0000] {logging_mixin.py:137} INFO - [2025-07-17T06:43:48.604+0000] {dagbag.py:538} INFO - Filling up the DagBag from /opt/airflow/dags/retail_sales_pipeline.py
[2025-07-17T06:43:48.656+0000] {processor.py:753} INFO - DAG(s) dict_keys(['retail_sales_pipeline']) retrieved from /opt/airflow/dags/retail_sales_pipeline.py
[2025-07-17T06:43:48.792+0000] {logging_mixin.py:137} INFO - [2025-07-17T06:43:48.792+0000] {dag.py:2676} INFO - Sync 1 DAGs
[2025-07-17T06:43:48.850+0000] {logging_mixin.py:137} INFO - [2025-07-17T06:43:48.849+0000] {dag.py:3427} INFO - Setting next_dagrun for retail_sales_pipeline to None, run_after=None
[2025-07-17T06:43:48.945+0000] {processor.py:175} INFO - Processing /opt/airflow/dags/retail_sales_pipeline.py took 0.356 seconds
[2025-07-17T06:44:19.288+0000] {processor.py:153} INFO - Started process (PID=11098) to work on /opt/airflow/dags/retail_sales_pipeline.py
[2025-07-17T06:44:19.289+0000] {processor.py:743} INFO - Processing file /opt/airflow/dags/retail_sales_pipeline.py for tasks to queue
[2025-07-17T06:44:19.290+0000] {logging_mixin.py:137} INFO - [2025-07-17T06:44:19.290+0000] {dagbag.py:538} INFO - Filling up the DagBag from /opt/airflow/dags/retail_sales_pipeline.py
[2025-07-17T06:44:19.341+0000] {processor.py:753} INFO - DAG(s) dict_keys(['retail_sales_pipeline']) retrieved from /opt/airflow/dags/retail_sales_pipeline.py
[2025-07-17T06:44:19.495+0000] {logging_mixin.py:137} INFO - [2025-07-17T06:44:19.495+0000] {dag.py:2676} INFO - Sync 1 DAGs
[2025-07-17T06:44:19.545+0000] {logging_mixin.py:137} INFO - [2025-07-17T06:44:19.545+0000] {dag.py:3427} INFO - Setting next_dagrun for retail_sales_pipeline to None, run_after=None
[2025-07-17T06:44:19.574+0000] {processor.py:175} INFO - Processing /opt/airflow/dags/retail_sales_pipeline.py took 0.294 seconds
[2025-07-17T07:17:28.555+0000] {processor.py:153} INFO - Started process (PID=11105) to work on /opt/airflow/dags/retail_sales_pipeline.py
[2025-07-17T07:17:28.559+0000] {processor.py:743} INFO - Processing file /opt/airflow/dags/retail_sales_pipeline.py for tasks to queue
[2025-07-17T07:17:28.562+0000] {logging_mixin.py:137} INFO - [2025-07-17T07:17:28.561+0000] {dagbag.py:538} INFO - Filling up the DagBag from /opt/airflow/dags/retail_sales_pipeline.py
[2025-07-17T07:17:28.730+0000] {processor.py:753} INFO - DAG(s) dict_keys(['retail_sales_pipeline']) retrieved from /opt/airflow/dags/retail_sales_pipeline.py
[2025-07-17T07:17:29.392+0000] {logging_mixin.py:137} INFO - [2025-07-17T07:17:29.391+0000] {dag.py:2676} INFO - Sync 1 DAGs
[2025-07-17T07:17:29.512+0000] {logging_mixin.py:137} INFO - [2025-07-17T07:17:29.512+0000] {dag.py:3427} INFO - Setting next_dagrun for retail_sales_pipeline to None, run_after=None
[2025-07-17T07:17:29.607+0000] {processor.py:175} INFO - Processing /opt/airflow/dags/retail_sales_pipeline.py took 1.064 seconds
[2025-07-17T07:18:00.119+0000] {processor.py:153} INFO - Started process (PID=11110) to work on /opt/airflow/dags/retail_sales_pipeline.py
[2025-07-17T07:18:00.124+0000] {processor.py:743} INFO - Processing file /opt/airflow/dags/retail_sales_pipeline.py for tasks to queue
[2025-07-17T07:18:00.125+0000] {logging_mixin.py:137} INFO - [2025-07-17T07:18:00.125+0000] {dagbag.py:538} INFO - Filling up the DagBag from /opt/airflow/dags/retail_sales_pipeline.py
[2025-07-17T07:18:00.168+0000] {processor.py:753} INFO - DAG(s) dict_keys(['retail_sales_pipeline']) retrieved from /opt/airflow/dags/retail_sales_pipeline.py
[2025-07-17T07:18:00.321+0000] {logging_mixin.py:137} INFO - [2025-07-17T07:18:00.321+0000] {dag.py:2676} INFO - Sync 1 DAGs
[2025-07-17T07:18:00.371+0000] {logging_mixin.py:137} INFO - [2025-07-17T07:18:00.370+0000] {dag.py:3427} INFO - Setting next_dagrun for retail_sales_pipeline to None, run_after=None
[2025-07-17T07:18:00.396+0000] {processor.py:175} INFO - Processing /opt/airflow/dags/retail_sales_pipeline.py took 0.287 seconds
[2025-07-17T07:33:27.174+0000] {processor.py:153} INFO - Started process (PID=11115) to work on /opt/airflow/dags/retail_sales_pipeline.py
[2025-07-17T07:33:27.177+0000] {processor.py:743} INFO - Processing file /opt/airflow/dags/retail_sales_pipeline.py for tasks to queue
[2025-07-17T07:33:27.180+0000] {logging_mixin.py:137} INFO - [2025-07-17T07:33:27.179+0000] {dagbag.py:538} INFO - Filling up the DagBag from /opt/airflow/dags/retail_sales_pipeline.py
[2025-07-17T07:33:27.295+0000] {processor.py:753} INFO - DAG(s) dict_keys(['retail_sales_pipeline']) retrieved from /opt/airflow/dags/retail_sales_pipeline.py
[2025-07-17T07:33:27.715+0000] {logging_mixin.py:137} INFO - [2025-07-17T07:33:27.714+0000] {dag.py:2676} INFO - Sync 1 DAGs
[2025-07-17T07:33:28.095+0000] {logging_mixin.py:137} INFO - [2025-07-17T07:33:28.093+0000] {dag.py:3427} INFO - Setting next_dagrun for retail_sales_pipeline to None, run_after=None
[2025-07-17T07:33:28.282+0000] {processor.py:175} INFO - Processing /opt/airflow/dags/retail_sales_pipeline.py took 1.141 seconds
[2025-07-17T07:51:41.591+0000] {processor.py:153} INFO - Started process (PID=11120) to work on /opt/airflow/dags/retail_sales_pipeline.py
[2025-07-17T07:51:41.596+0000] {processor.py:743} INFO - Processing file /opt/airflow/dags/retail_sales_pipeline.py for tasks to queue
[2025-07-17T07:51:41.618+0000] {logging_mixin.py:137} INFO - [2025-07-17T07:51:41.616+0000] {dagbag.py:538} INFO - Filling up the DagBag from /opt/airflow/dags/retail_sales_pipeline.py
[2025-07-17T07:51:41.964+0000] {processor.py:753} INFO - DAG(s) dict_keys(['retail_sales_pipeline']) retrieved from /opt/airflow/dags/retail_sales_pipeline.py
[2025-07-17T07:51:42.817+0000] {logging_mixin.py:137} INFO - [2025-07-17T07:51:42.815+0000] {dag.py:2676} INFO - Sync 1 DAGs
[2025-07-17T07:51:43.092+0000] {logging_mixin.py:137} INFO - [2025-07-17T07:51:43.091+0000] {dag.py:3427} INFO - Setting next_dagrun for retail_sales_pipeline to None, run_after=None
[2025-07-17T07:51:43.233+0000] {processor.py:175} INFO - Processing /opt/airflow/dags/retail_sales_pipeline.py took 1.714 seconds
[2025-07-17T08:21:03.223+0000] {processor.py:153} INFO - Started process (PID=11125) to work on /opt/airflow/dags/retail_sales_pipeline.py
[2025-07-17T08:21:03.225+0000] {processor.py:743} INFO - Processing file /opt/airflow/dags/retail_sales_pipeline.py for tasks to queue
[2025-07-17T08:21:03.226+0000] {logging_mixin.py:137} INFO - [2025-07-17T08:21:03.225+0000] {dagbag.py:538} INFO - Filling up the DagBag from /opt/airflow/dags/retail_sales_pipeline.py
[2025-07-17T08:21:03.273+0000] {processor.py:753} INFO - DAG(s) dict_keys(['retail_sales_pipeline']) retrieved from /opt/airflow/dags/retail_sales_pipeline.py
[2025-07-17T08:21:03.991+0000] {logging_mixin.py:137} INFO - [2025-07-17T08:21:03.988+0000] {dag.py:2676} INFO - Sync 1 DAGs
[2025-07-17T08:21:04.243+0000] {logging_mixin.py:137} INFO - [2025-07-17T08:21:04.242+0000] {dag.py:3427} INFO - Setting next_dagrun for retail_sales_pipeline to None, run_after=None
[2025-07-17T08:21:04.340+0000] {processor.py:175} INFO - Processing /opt/airflow/dags/retail_sales_pipeline.py took 1.127 seconds
[2025-07-17T08:37:00.027+0000] {processor.py:153} INFO - Started process (PID=11132) to work on /opt/airflow/dags/retail_sales_pipeline.py
[2025-07-17T08:37:00.030+0000] {processor.py:743} INFO - Processing file /opt/airflow/dags/retail_sales_pipeline.py for tasks to queue
[2025-07-17T08:37:00.031+0000] {logging_mixin.py:137} INFO - [2025-07-17T08:37:00.031+0000] {dagbag.py:538} INFO - Filling up the DagBag from /opt/airflow/dags/retail_sales_pipeline.py
[2025-07-17T08:37:00.090+0000] {processor.py:753} INFO - DAG(s) dict_keys(['retail_sales_pipeline']) retrieved from /opt/airflow/dags/retail_sales_pipeline.py
[2025-07-17T08:37:00.285+0000] {logging_mixin.py:137} INFO - [2025-07-17T08:37:00.285+0000] {dag.py:2676} INFO - Sync 1 DAGs
[2025-07-17T08:37:00.346+0000] {logging_mixin.py:137} INFO - [2025-07-17T08:37:00.346+0000] {dag.py:3427} INFO - Setting next_dagrun for retail_sales_pipeline to None, run_after=None
[2025-07-17T08:37:00.385+0000] {processor.py:175} INFO - Processing /opt/airflow/dags/retail_sales_pipeline.py took 0.366 seconds
[2025-07-17T08:58:12.400+0000] {processor.py:153} INFO - Started process (PID=11137) to work on /opt/airflow/dags/retail_sales_pipeline.py
[2025-07-17T08:58:12.402+0000] {processor.py:743} INFO - Processing file /opt/airflow/dags/retail_sales_pipeline.py for tasks to queue
[2025-07-17T08:58:12.403+0000] {logging_mixin.py:137} INFO - [2025-07-17T08:58:12.403+0000] {dagbag.py:538} INFO - Filling up the DagBag from /opt/airflow/dags/retail_sales_pipeline.py
[2025-07-17T08:58:12.454+0000] {processor.py:753} INFO - DAG(s) dict_keys(['retail_sales_pipeline']) retrieved from /opt/airflow/dags/retail_sales_pipeline.py
[2025-07-17T08:58:12.593+0000] {logging_mixin.py:137} INFO - [2025-07-17T08:58:12.593+0000] {dag.py:2676} INFO - Sync 1 DAGs
[2025-07-17T08:58:12.641+0000] {logging_mixin.py:137} INFO - [2025-07-17T08:58:12.641+0000] {dag.py:3427} INFO - Setting next_dagrun for retail_sales_pipeline to None, run_after=None
[2025-07-17T08:58:12.672+0000] {processor.py:175} INFO - Processing /opt/airflow/dags/retail_sales_pipeline.py took 0.278 seconds
[2025-07-17T09:33:46.765+0000] {processor.py:153} INFO - Started process (PID=11142) to work on /opt/airflow/dags/retail_sales_pipeline.py
[2025-07-17T09:33:46.772+0000] {processor.py:743} INFO - Processing file /opt/airflow/dags/retail_sales_pipeline.py for tasks to queue
[2025-07-17T09:33:46.775+0000] {logging_mixin.py:137} INFO - [2025-07-17T09:33:46.775+0000] {dagbag.py:538} INFO - Filling up the DagBag from /opt/airflow/dags/retail_sales_pipeline.py
[2025-07-17T09:33:46.860+0000] {processor.py:753} INFO - DAG(s) dict_keys(['retail_sales_pipeline']) retrieved from /opt/airflow/dags/retail_sales_pipeline.py
[2025-07-17T09:33:47.185+0000] {logging_mixin.py:137} INFO - [2025-07-17T09:33:47.184+0000] {dag.py:2676} INFO - Sync 1 DAGs
[2025-07-17T09:33:47.268+0000] {logging_mixin.py:137} INFO - [2025-07-17T09:33:47.268+0000] {dag.py:3427} INFO - Setting next_dagrun for retail_sales_pipeline to None, run_after=None
[2025-07-17T09:33:47.305+0000] {processor.py:175} INFO - Processing /opt/airflow/dags/retail_sales_pipeline.py took 0.551 seconds
[2025-07-17T10:20:47.338+0000] {processor.py:153} INFO - Started process (PID=11147) to work on /opt/airflow/dags/retail_sales_pipeline.py
[2025-07-17T10:20:47.341+0000] {processor.py:743} INFO - Processing file /opt/airflow/dags/retail_sales_pipeline.py for tasks to queue
[2025-07-17T10:20:47.342+0000] {logging_mixin.py:137} INFO - [2025-07-17T10:20:47.342+0000] {dagbag.py:538} INFO - Filling up the DagBag from /opt/airflow/dags/retail_sales_pipeline.py
[2025-07-17T10:20:47.394+0000] {processor.py:753} INFO - DAG(s) dict_keys(['retail_sales_pipeline']) retrieved from /opt/airflow/dags/retail_sales_pipeline.py
[2025-07-17T10:20:47.582+0000] {logging_mixin.py:137} INFO - [2025-07-17T10:20:47.582+0000] {dag.py:2676} INFO - Sync 1 DAGs
[2025-07-17T10:20:47.719+0000] {logging_mixin.py:137} INFO - [2025-07-17T10:20:47.719+0000] {dag.py:3427} INFO - Setting next_dagrun for retail_sales_pipeline to None, run_after=None
[2025-07-17T10:20:47.806+0000] {processor.py:175} INFO - Processing /opt/airflow/dags/retail_sales_pipeline.py took 0.479 seconds
[2025-07-17T11:20:05.103+0000] {processor.py:153} INFO - Started process (PID=11152) to work on /opt/airflow/dags/retail_sales_pipeline.py
[2025-07-17T11:20:05.109+0000] {processor.py:743} INFO - Processing file /opt/airflow/dags/retail_sales_pipeline.py for tasks to queue
[2025-07-17T11:20:05.115+0000] {logging_mixin.py:137} INFO - [2025-07-17T11:20:05.114+0000] {dagbag.py:538} INFO - Filling up the DagBag from /opt/airflow/dags/retail_sales_pipeline.py
[2025-07-17T11:20:05.271+0000] {processor.py:753} INFO - DAG(s) dict_keys(['retail_sales_pipeline']) retrieved from /opt/airflow/dags/retail_sales_pipeline.py
[2025-07-17T11:20:05.658+0000] {logging_mixin.py:137} INFO - [2025-07-17T11:20:05.657+0000] {dag.py:2676} INFO - Sync 1 DAGs
[2025-07-17T11:20:05.760+0000] {logging_mixin.py:137} INFO - [2025-07-17T11:20:05.759+0000] {dag.py:3427} INFO - Setting next_dagrun for retail_sales_pipeline to None, run_after=None
[2025-07-17T11:20:05.803+0000] {processor.py:175} INFO - Processing /opt/airflow/dags/retail_sales_pipeline.py took 0.719 seconds
[2025-07-17T11:20:36.277+0000] {processor.py:153} INFO - Started process (PID=11157) to work on /opt/airflow/dags/retail_sales_pipeline.py
[2025-07-17T11:20:36.278+0000] {processor.py:743} INFO - Processing file /opt/airflow/dags/retail_sales_pipeline.py for tasks to queue
[2025-07-17T11:20:36.280+0000] {logging_mixin.py:137} INFO - [2025-07-17T11:20:36.279+0000] {dagbag.py:538} INFO - Filling up the DagBag from /opt/airflow/dags/retail_sales_pipeline.py
[2025-07-17T11:20:36.319+0000] {processor.py:753} INFO - DAG(s) dict_keys(['retail_sales_pipeline']) retrieved from /opt/airflow/dags/retail_sales_pipeline.py
[2025-07-17T11:20:36.464+0000] {logging_mixin.py:137} INFO - [2025-07-17T11:20:36.464+0000] {dag.py:2676} INFO - Sync 1 DAGs
[2025-07-17T11:20:36.518+0000] {logging_mixin.py:137} INFO - [2025-07-17T11:20:36.517+0000] {dag.py:3427} INFO - Setting next_dagrun for retail_sales_pipeline to None, run_after=None
[2025-07-17T11:20:36.548+0000] {processor.py:175} INFO - Processing /opt/airflow/dags/retail_sales_pipeline.py took 0.282 seconds
[2025-07-17T12:24:42.705+0000] {processor.py:153} INFO - Started process (PID=11164) to work on /opt/airflow/dags/retail_sales_pipeline.py
[2025-07-17T12:24:42.706+0000] {processor.py:743} INFO - Processing file /opt/airflow/dags/retail_sales_pipeline.py for tasks to queue
[2025-07-17T12:24:42.707+0000] {logging_mixin.py:137} INFO - [2025-07-17T12:24:42.706+0000] {dagbag.py:538} INFO - Filling up the DagBag from /opt/airflow/dags/retail_sales_pipeline.py
[2025-07-17T12:24:42.834+0000] {processor.py:753} INFO - DAG(s) dict_keys(['retail_sales_pipeline']) retrieved from /opt/airflow/dags/retail_sales_pipeline.py
[2025-07-17T12:24:43.251+0000] {logging_mixin.py:137} INFO - [2025-07-17T12:24:43.250+0000] {dag.py:2676} INFO - Sync 1 DAGs
[2025-07-17T12:24:43.477+0000] {logging_mixin.py:137} INFO - [2025-07-17T12:24:43.476+0000] {dag.py:3427} INFO - Setting next_dagrun for retail_sales_pipeline to None, run_after=None
[2025-07-17T12:24:43.688+0000] {processor.py:175} INFO - Processing /opt/airflow/dags/retail_sales_pipeline.py took 0.986 seconds
[2025-07-17T12:44:57.662+0000] {processor.py:153} INFO - Started process (PID=11169) to work on /opt/airflow/dags/retail_sales_pipeline.py
[2025-07-17T12:44:57.666+0000] {processor.py:743} INFO - Processing file /opt/airflow/dags/retail_sales_pipeline.py for tasks to queue
[2025-07-17T12:44:57.671+0000] {logging_mixin.py:137} INFO - [2025-07-17T12:44:57.671+0000] {dagbag.py:538} INFO - Filling up the DagBag from /opt/airflow/dags/retail_sales_pipeline.py
[2025-07-17T12:44:57.778+0000] {processor.py:753} INFO - DAG(s) dict_keys(['retail_sales_pipeline']) retrieved from /opt/airflow/dags/retail_sales_pipeline.py
[2025-07-17T12:44:58.081+0000] {logging_mixin.py:137} INFO - [2025-07-17T12:44:58.080+0000] {dag.py:2676} INFO - Sync 1 DAGs
[2025-07-17T12:44:58.177+0000] {logging_mixin.py:137} INFO - [2025-07-17T12:44:58.176+0000] {dag.py:3427} INFO - Setting next_dagrun for retail_sales_pipeline to None, run_after=None
[2025-07-17T12:44:58.261+0000] {processor.py:175} INFO - Processing /opt/airflow/dags/retail_sales_pipeline.py took 0.616 seconds
[2025-07-17T12:45:28.824+0000] {processor.py:153} INFO - Started process (PID=11174) to work on /opt/airflow/dags/retail_sales_pipeline.py
[2025-07-17T12:45:28.830+0000] {processor.py:743} INFO - Processing file /opt/airflow/dags/retail_sales_pipeline.py for tasks to queue
[2025-07-17T12:45:28.832+0000] {logging_mixin.py:137} INFO - [2025-07-17T12:45:28.832+0000] {dagbag.py:538} INFO - Filling up the DagBag from /opt/airflow/dags/retail_sales_pipeline.py
[2025-07-17T12:45:28.881+0000] {processor.py:753} INFO - DAG(s) dict_keys(['retail_sales_pipeline']) retrieved from /opt/airflow/dags/retail_sales_pipeline.py
[2025-07-17T12:45:29.024+0000] {logging_mixin.py:137} INFO - [2025-07-17T12:45:29.024+0000] {dag.py:2676} INFO - Sync 1 DAGs
[2025-07-17T12:45:29.068+0000] {logging_mixin.py:137} INFO - [2025-07-17T12:45:29.068+0000] {dag.py:3427} INFO - Setting next_dagrun for retail_sales_pipeline to None, run_after=None
[2025-07-17T12:45:29.092+0000] {processor.py:175} INFO - Processing /opt/airflow/dags/retail_sales_pipeline.py took 0.276 seconds
[2025-07-17T13:46:56.917+0000] {processor.py:153} INFO - Started process (PID=11181) to work on /opt/airflow/dags/retail_sales_pipeline.py
[2025-07-17T13:46:56.919+0000] {processor.py:743} INFO - Processing file /opt/airflow/dags/retail_sales_pipeline.py for tasks to queue
[2025-07-17T13:46:56.920+0000] {logging_mixin.py:137} INFO - [2025-07-17T13:46:56.919+0000] {dagbag.py:538} INFO - Filling up the DagBag from /opt/airflow/dags/retail_sales_pipeline.py
[2025-07-17T13:46:56.966+0000] {processor.py:753} INFO - DAG(s) dict_keys(['retail_sales_pipeline']) retrieved from /opt/airflow/dags/retail_sales_pipeline.py
[2025-07-17T13:46:57.106+0000] {logging_mixin.py:137} INFO - [2025-07-17T13:46:57.105+0000] {dag.py:2676} INFO - Sync 1 DAGs
[2025-07-17T13:46:57.148+0000] {logging_mixin.py:137} INFO - [2025-07-17T13:46:57.148+0000] {dag.py:3427} INFO - Setting next_dagrun for retail_sales_pipeline to None, run_after=None
[2025-07-17T13:46:57.179+0000] {processor.py:175} INFO - Processing /opt/airflow/dags/retail_sales_pipeline.py took 0.268 seconds
[2025-07-17T13:47:27.407+0000] {processor.py:153} INFO - Started process (PID=11186) to work on /opt/airflow/dags/retail_sales_pipeline.py
[2025-07-17T13:47:27.410+0000] {processor.py:743} INFO - Processing file /opt/airflow/dags/retail_sales_pipeline.py for tasks to queue
[2025-07-17T13:47:27.411+0000] {logging_mixin.py:137} INFO - [2025-07-17T13:47:27.411+0000] {dagbag.py:538} INFO - Filling up the DagBag from /opt/airflow/dags/retail_sales_pipeline.py
[2025-07-17T13:47:27.465+0000] {processor.py:753} INFO - DAG(s) dict_keys(['retail_sales_pipeline']) retrieved from /opt/airflow/dags/retail_sales_pipeline.py
[2025-07-17T13:47:27.610+0000] {logging_mixin.py:137} INFO - [2025-07-17T13:47:27.610+0000] {dag.py:2676} INFO - Sync 1 DAGs
[2025-07-17T13:47:27.659+0000] {logging_mixin.py:137} INFO - [2025-07-17T13:47:27.659+0000] {dag.py:3427} INFO - Setting next_dagrun for retail_sales_pipeline to None, run_after=None
[2025-07-17T13:47:27.686+0000] {processor.py:175} INFO - Processing /opt/airflow/dags/retail_sales_pipeline.py took 0.289 seconds
[2025-07-17T14:27:01.667+0000] {processor.py:153} INFO - Started process (PID=11191) to work on /opt/airflow/dags/retail_sales_pipeline.py
[2025-07-17T14:27:01.688+0000] {processor.py:743} INFO - Processing file /opt/airflow/dags/retail_sales_pipeline.py for tasks to queue
[2025-07-17T14:27:01.692+0000] {logging_mixin.py:137} INFO - [2025-07-17T14:27:01.691+0000] {dagbag.py:538} INFO - Filling up the DagBag from /opt/airflow/dags/retail_sales_pipeline.py
[2025-07-17T14:27:01.927+0000] {processor.py:753} INFO - DAG(s) dict_keys(['retail_sales_pipeline']) retrieved from /opt/airflow/dags/retail_sales_pipeline.py
[2025-07-17T14:27:02.254+0000] {logging_mixin.py:137} INFO - [2025-07-17T14:27:02.254+0000] {dag.py:2676} INFO - Sync 1 DAGs
[2025-07-17T14:27:02.309+0000] {logging_mixin.py:137} INFO - [2025-07-17T14:27:02.309+0000] {dag.py:3427} INFO - Setting next_dagrun for retail_sales_pipeline to None, run_after=None
[2025-07-17T14:27:02.348+0000] {processor.py:175} INFO - Processing /opt/airflow/dags/retail_sales_pipeline.py took 0.721 seconds
[2025-07-17T15:32:05.514+0000] {processor.py:153} INFO - Started process (PID=11196) to work on /opt/airflow/dags/retail_sales_pipeline.py
[2025-07-17T15:32:05.515+0000] {processor.py:743} INFO - Processing file /opt/airflow/dags/retail_sales_pipeline.py for tasks to queue
[2025-07-17T15:32:05.517+0000] {logging_mixin.py:137} INFO - [2025-07-17T15:32:05.516+0000] {dagbag.py:538} INFO - Filling up the DagBag from /opt/airflow/dags/retail_sales_pipeline.py
[2025-07-17T15:32:05.605+0000] {processor.py:753} INFO - DAG(s) dict_keys(['retail_sales_pipeline']) retrieved from /opt/airflow/dags/retail_sales_pipeline.py
[2025-07-17T15:32:05.886+0000] {logging_mixin.py:137} INFO - [2025-07-17T15:32:05.881+0000] {dag.py:2676} INFO - Sync 1 DAGs
[2025-07-17T15:32:06.023+0000] {logging_mixin.py:137} INFO - [2025-07-17T15:32:06.023+0000] {dag.py:3427} INFO - Setting next_dagrun for retail_sales_pipeline to None, run_after=None
[2025-07-17T15:32:06.082+0000] {processor.py:175} INFO - Processing /opt/airflow/dags/retail_sales_pipeline.py took 0.577 seconds
[2025-07-17T16:10:16.485+0000] {processor.py:153} INFO - Started process (PID=11201) to work on /opt/airflow/dags/retail_sales_pipeline.py
[2025-07-17T16:10:16.487+0000] {processor.py:743} INFO - Processing file /opt/airflow/dags/retail_sales_pipeline.py for tasks to queue
[2025-07-17T16:10:16.488+0000] {logging_mixin.py:137} INFO - [2025-07-17T16:10:16.488+0000] {dagbag.py:538} INFO - Filling up the DagBag from /opt/airflow/dags/retail_sales_pipeline.py
[2025-07-17T16:10:16.531+0000] {processor.py:753} INFO - DAG(s) dict_keys(['retail_sales_pipeline']) retrieved from /opt/airflow/dags/retail_sales_pipeline.py
[2025-07-17T16:10:16.665+0000] {logging_mixin.py:137} INFO - [2025-07-17T16:10:16.665+0000] {dag.py:2676} INFO - Sync 1 DAGs
[2025-07-17T16:10:16.808+0000] {logging_mixin.py:137} INFO - [2025-07-17T16:10:16.808+0000] {dag.py:3427} INFO - Setting next_dagrun for retail_sales_pipeline to None, run_after=None
[2025-07-17T16:10:17.071+0000] {processor.py:175} INFO - Processing /opt/airflow/dags/retail_sales_pipeline.py took 0.596 seconds
[2025-07-17T16:41:57.442+0000] {processor.py:153} INFO - Started process (PID=11208) to work on /opt/airflow/dags/retail_sales_pipeline.py
[2025-07-17T16:41:57.444+0000] {processor.py:743} INFO - Processing file /opt/airflow/dags/retail_sales_pipeline.py for tasks to queue
[2025-07-17T16:41:57.446+0000] {logging_mixin.py:137} INFO - [2025-07-17T16:41:57.446+0000] {dagbag.py:538} INFO - Filling up the DagBag from /opt/airflow/dags/retail_sales_pipeline.py
[2025-07-17T16:41:57.529+0000] {processor.py:753} INFO - DAG(s) dict_keys(['retail_sales_pipeline']) retrieved from /opt/airflow/dags/retail_sales_pipeline.py
[2025-07-17T16:41:57.791+0000] {logging_mixin.py:137} INFO - [2025-07-17T16:41:57.791+0000] {dag.py:2676} INFO - Sync 1 DAGs
[2025-07-17T16:41:57.859+0000] {logging_mixin.py:137} INFO - [2025-07-17T16:41:57.858+0000] {dag.py:3427} INFO - Setting next_dagrun for retail_sales_pipeline to None, run_after=None
[2025-07-17T16:41:57.893+0000] {processor.py:175} INFO - Processing /opt/airflow/dags/retail_sales_pipeline.py took 0.466 seconds
[2025-07-17T16:54:17.549+0000] {processor.py:153} INFO - Started process (PID=11213) to work on /opt/airflow/dags/retail_sales_pipeline.py
[2025-07-17T16:54:17.553+0000] {processor.py:743} INFO - Processing file /opt/airflow/dags/retail_sales_pipeline.py for tasks to queue
[2025-07-17T16:54:17.554+0000] {logging_mixin.py:137} INFO - [2025-07-17T16:54:17.554+0000] {dagbag.py:538} INFO - Filling up the DagBag from /opt/airflow/dags/retail_sales_pipeline.py
[2025-07-17T16:54:17.613+0000] {processor.py:753} INFO - DAG(s) dict_keys(['retail_sales_pipeline']) retrieved from /opt/airflow/dags/retail_sales_pipeline.py
[2025-07-17T16:54:17.931+0000] {logging_mixin.py:137} INFO - [2025-07-17T16:54:17.929+0000] {dag.py:2676} INFO - Sync 1 DAGs
[2025-07-17T16:54:18.077+0000] {logging_mixin.py:137} INFO - [2025-07-17T16:54:18.076+0000] {dag.py:3427} INFO - Setting next_dagrun for retail_sales_pipeline to None, run_after=None
[2025-07-17T16:54:18.182+0000] {processor.py:175} INFO - Processing /opt/airflow/dags/retail_sales_pipeline.py took 0.639 seconds
[2025-07-17T17:25:11.823+0000] {processor.py:153} INFO - Started process (PID=11218) to work on /opt/airflow/dags/retail_sales_pipeline.py
[2025-07-17T17:25:11.825+0000] {processor.py:743} INFO - Processing file /opt/airflow/dags/retail_sales_pipeline.py for tasks to queue
[2025-07-17T17:25:11.826+0000] {logging_mixin.py:137} INFO - [2025-07-17T17:25:11.826+0000] {dagbag.py:538} INFO - Filling up the DagBag from /opt/airflow/dags/retail_sales_pipeline.py
[2025-07-17T17:25:11.881+0000] {processor.py:753} INFO - DAG(s) dict_keys(['retail_sales_pipeline']) retrieved from /opt/airflow/dags/retail_sales_pipeline.py
[2025-07-17T17:25:12.064+0000] {logging_mixin.py:137} INFO - [2025-07-17T17:25:12.063+0000] {dag.py:2676} INFO - Sync 1 DAGs
[2025-07-17T17:25:12.107+0000] {logging_mixin.py:137} INFO - [2025-07-17T17:25:12.106+0000] {dag.py:3427} INFO - Setting next_dagrun for retail_sales_pipeline to None, run_after=None
[2025-07-17T17:25:12.135+0000] {processor.py:175} INFO - Processing /opt/airflow/dags/retail_sales_pipeline.py took 0.319 seconds
[2025-07-17T17:41:25.178+0000] {processor.py:153} INFO - Started process (PID=11223) to work on /opt/airflow/dags/retail_sales_pipeline.py
[2025-07-17T17:41:25.179+0000] {processor.py:743} INFO - Processing file /opt/airflow/dags/retail_sales_pipeline.py for tasks to queue
[2025-07-17T17:41:25.180+0000] {logging_mixin.py:137} INFO - [2025-07-17T17:41:25.180+0000] {dagbag.py:538} INFO - Filling up the DagBag from /opt/airflow/dags/retail_sales_pipeline.py
[2025-07-17T17:41:25.223+0000] {processor.py:753} INFO - DAG(s) dict_keys(['retail_sales_pipeline']) retrieved from /opt/airflow/dags/retail_sales_pipeline.py
[2025-07-17T17:41:25.355+0000] {logging_mixin.py:137} INFO - [2025-07-17T17:41:25.354+0000] {dag.py:2676} INFO - Sync 1 DAGs
[2025-07-17T17:41:25.398+0000] {logging_mixin.py:137} INFO - [2025-07-17T17:41:25.398+0000] {dag.py:3427} INFO - Setting next_dagrun for retail_sales_pipeline to None, run_after=None
[2025-07-17T17:41:25.422+0000] {processor.py:175} INFO - Processing /opt/airflow/dags/retail_sales_pipeline.py took 0.250 seconds
[2025-07-17T18:58:53.413+0000] {processor.py:153} INFO - Started process (PID=11230) to work on /opt/airflow/dags/retail_sales_pipeline.py
[2025-07-17T18:58:53.420+0000] {processor.py:743} INFO - Processing file /opt/airflow/dags/retail_sales_pipeline.py for tasks to queue
[2025-07-17T18:58:53.424+0000] {logging_mixin.py:137} INFO - [2025-07-17T18:58:53.424+0000] {dagbag.py:538} INFO - Filling up the DagBag from /opt/airflow/dags/retail_sales_pipeline.py
[2025-07-17T18:58:53.533+0000] {processor.py:753} INFO - DAG(s) dict_keys(['retail_sales_pipeline']) retrieved from /opt/airflow/dags/retail_sales_pipeline.py
[2025-07-17T18:58:53.784+0000] {logging_mixin.py:137} INFO - [2025-07-17T18:58:53.783+0000] {dag.py:2676} INFO - Sync 1 DAGs
[2025-07-17T18:58:53.834+0000] {logging_mixin.py:137} INFO - [2025-07-17T18:58:53.833+0000] {dag.py:3427} INFO - Setting next_dagrun for retail_sales_pipeline to None, run_after=None
[2025-07-17T18:58:53.867+0000] {processor.py:175} INFO - Processing /opt/airflow/dags/retail_sales_pipeline.py took 0.467 seconds
[2025-07-17T19:14:47.939+0000] {processor.py:153} INFO - Started process (PID=11235) to work on /opt/airflow/dags/retail_sales_pipeline.py
[2025-07-17T19:14:47.941+0000] {processor.py:743} INFO - Processing file /opt/airflow/dags/retail_sales_pipeline.py for tasks to queue
[2025-07-17T19:14:47.942+0000] {logging_mixin.py:137} INFO - [2025-07-17T19:14:47.942+0000] {dagbag.py:538} INFO - Filling up the DagBag from /opt/airflow/dags/retail_sales_pipeline.py
[2025-07-17T19:14:47.990+0000] {processor.py:753} INFO - DAG(s) dict_keys(['retail_sales_pipeline']) retrieved from /opt/airflow/dags/retail_sales_pipeline.py
[2025-07-17T19:14:48.128+0000] {logging_mixin.py:137} INFO - [2025-07-17T19:14:48.128+0000] {dag.py:2676} INFO - Sync 1 DAGs
[2025-07-17T19:14:48.176+0000] {logging_mixin.py:137} INFO - [2025-07-17T19:14:48.175+0000] {dag.py:3427} INFO - Setting next_dagrun for retail_sales_pipeline to None, run_after=None
[2025-07-17T19:14:48.201+0000] {processor.py:175} INFO - Processing /opt/airflow/dags/retail_sales_pipeline.py took 0.271 seconds
[2025-07-17T19:46:26.208+0000] {processor.py:153} INFO - Started process (PID=11240) to work on /opt/airflow/dags/retail_sales_pipeline.py
[2025-07-17T19:46:26.215+0000] {processor.py:743} INFO - Processing file /opt/airflow/dags/retail_sales_pipeline.py for tasks to queue
[2025-07-17T19:46:26.220+0000] {logging_mixin.py:137} INFO - [2025-07-17T19:46:26.219+0000] {dagbag.py:538} INFO - Filling up the DagBag from /opt/airflow/dags/retail_sales_pipeline.py
[2025-07-17T19:46:26.337+0000] {processor.py:753} INFO - DAG(s) dict_keys(['retail_sales_pipeline']) retrieved from /opt/airflow/dags/retail_sales_pipeline.py
[2025-07-17T19:46:26.704+0000] {logging_mixin.py:137} INFO - [2025-07-17T19:46:26.703+0000] {dag.py:2676} INFO - Sync 1 DAGs
[2025-07-17T19:46:26.886+0000] {logging_mixin.py:137} INFO - [2025-07-17T19:46:26.886+0000] {dag.py:3427} INFO - Setting next_dagrun for retail_sales_pipeline to None, run_after=None
[2025-07-17T19:46:26.968+0000] {processor.py:175} INFO - Processing /opt/airflow/dags/retail_sales_pipeline.py took 0.779 seconds
[2025-07-17T20:33:13.027+0000] {processor.py:153} INFO - Started process (PID=11245) to work on /opt/airflow/dags/retail_sales_pipeline.py
[2025-07-17T20:33:13.033+0000] {processor.py:743} INFO - Processing file /opt/airflow/dags/retail_sales_pipeline.py for tasks to queue
[2025-07-17T20:33:13.037+0000] {logging_mixin.py:137} INFO - [2025-07-17T20:33:13.036+0000] {dagbag.py:538} INFO - Filling up the DagBag from /opt/airflow/dags/retail_sales_pipeline.py
[2025-07-17T20:33:13.145+0000] {processor.py:753} INFO - DAG(s) dict_keys(['retail_sales_pipeline']) retrieved from /opt/airflow/dags/retail_sales_pipeline.py
[2025-07-17T20:33:13.648+0000] {logging_mixin.py:137} INFO - [2025-07-17T20:33:13.647+0000] {dag.py:2676} INFO - Sync 1 DAGs
[2025-07-17T20:33:13.846+0000] {logging_mixin.py:137} INFO - [2025-07-17T20:33:13.846+0000] {dag.py:3427} INFO - Setting next_dagrun for retail_sales_pipeline to None, run_after=None
[2025-07-17T20:33:13.920+0000] {processor.py:175} INFO - Processing /opt/airflow/dags/retail_sales_pipeline.py took 0.910 seconds
[2025-07-17T20:50:17.550+0000] {processor.py:153} INFO - Started process (PID=11252) to work on /opt/airflow/dags/retail_sales_pipeline.py
[2025-07-17T20:50:17.560+0000] {processor.py:743} INFO - Processing file /opt/airflow/dags/retail_sales_pipeline.py for tasks to queue
[2025-07-17T20:50:17.566+0000] {logging_mixin.py:137} INFO - [2025-07-17T20:50:17.566+0000] {dagbag.py:538} INFO - Filling up the DagBag from /opt/airflow/dags/retail_sales_pipeline.py
[2025-07-17T20:50:17.721+0000] {processor.py:753} INFO - DAG(s) dict_keys(['retail_sales_pipeline']) retrieved from /opt/airflow/dags/retail_sales_pipeline.py
[2025-07-17T20:50:18.141+0000] {logging_mixin.py:137} INFO - [2025-07-17T20:50:18.135+0000] {dag.py:2676} INFO - Sync 1 DAGs
[2025-07-17T20:50:18.317+0000] {logging_mixin.py:137} INFO - [2025-07-17T20:50:18.317+0000] {dag.py:3427} INFO - Setting next_dagrun for retail_sales_pipeline to None, run_after=None
[2025-07-17T20:50:18.378+0000] {processor.py:175} INFO - Processing /opt/airflow/dags/retail_sales_pipeline.py took 0.877 seconds
[2025-07-17T21:47:57.379+0000] {processor.py:153} INFO - Started process (PID=11257) to work on /opt/airflow/dags/retail_sales_pipeline.py
[2025-07-17T21:47:57.391+0000] {processor.py:743} INFO - Processing file /opt/airflow/dags/retail_sales_pipeline.py for tasks to queue
[2025-07-17T21:47:57.396+0000] {logging_mixin.py:137} INFO - [2025-07-17T21:47:57.395+0000] {dagbag.py:538} INFO - Filling up the DagBag from /opt/airflow/dags/retail_sales_pipeline.py
[2025-07-17T21:47:57.503+0000] {processor.py:753} INFO - DAG(s) dict_keys(['retail_sales_pipeline']) retrieved from /opt/airflow/dags/retail_sales_pipeline.py
[2025-07-17T21:47:57.917+0000] {logging_mixin.py:137} INFO - [2025-07-17T21:47:57.916+0000] {dag.py:2676} INFO - Sync 1 DAGs
[2025-07-17T21:47:58.007+0000] {logging_mixin.py:137} INFO - [2025-07-17T21:47:58.007+0000] {dag.py:3427} INFO - Setting next_dagrun for retail_sales_pipeline to None, run_after=None
[2025-07-17T21:47:58.078+0000] {processor.py:175} INFO - Processing /opt/airflow/dags/retail_sales_pipeline.py took 0.714 seconds
[2025-07-17T22:08:58.392+0000] {processor.py:153} INFO - Started process (PID=11262) to work on /opt/airflow/dags/retail_sales_pipeline.py
[2025-07-17T22:08:58.397+0000] {processor.py:743} INFO - Processing file /opt/airflow/dags/retail_sales_pipeline.py for tasks to queue
[2025-07-17T22:08:58.402+0000] {logging_mixin.py:137} INFO - [2025-07-17T22:08:58.401+0000] {dagbag.py:538} INFO - Filling up the DagBag from /opt/airflow/dags/retail_sales_pipeline.py
[2025-07-17T22:08:58.513+0000] {processor.py:753} INFO - DAG(s) dict_keys(['retail_sales_pipeline']) retrieved from /opt/airflow/dags/retail_sales_pipeline.py
[2025-07-17T22:08:58.765+0000] {logging_mixin.py:137} INFO - [2025-07-17T22:08:58.765+0000] {dag.py:2676} INFO - Sync 1 DAGs
[2025-07-17T22:08:58.875+0000] {logging_mixin.py:137} INFO - [2025-07-17T22:08:58.874+0000] {dag.py:3427} INFO - Setting next_dagrun for retail_sales_pipeline to None, run_after=None
[2025-07-17T22:08:58.947+0000] {processor.py:175} INFO - Processing /opt/airflow/dags/retail_sales_pipeline.py took 0.567 seconds
[2025-07-17T22:26:31.823+0000] {processor.py:153} INFO - Started process (PID=11267) to work on /opt/airflow/dags/retail_sales_pipeline.py
[2025-07-17T22:26:31.824+0000] {processor.py:743} INFO - Processing file /opt/airflow/dags/retail_sales_pipeline.py for tasks to queue
[2025-07-17T22:26:31.825+0000] {logging_mixin.py:137} INFO - [2025-07-17T22:26:31.825+0000] {dagbag.py:538} INFO - Filling up the DagBag from /opt/airflow/dags/retail_sales_pipeline.py
[2025-07-17T22:26:31.873+0000] {processor.py:753} INFO - DAG(s) dict_keys(['retail_sales_pipeline']) retrieved from /opt/airflow/dags/retail_sales_pipeline.py
[2025-07-17T22:26:32.011+0000] {logging_mixin.py:137} INFO - [2025-07-17T22:26:32.010+0000] {dag.py:2676} INFO - Sync 1 DAGs
[2025-07-17T22:26:32.058+0000] {logging_mixin.py:137} INFO - [2025-07-17T22:26:32.058+0000] {dag.py:3427} INFO - Setting next_dagrun for retail_sales_pipeline to None, run_after=None
[2025-07-17T22:26:32.083+0000] {processor.py:175} INFO - Processing /opt/airflow/dags/retail_sales_pipeline.py took 0.270 seconds
[2025-07-17T22:43:52.337+0000] {processor.py:153} INFO - Started process (PID=11272) to work on /opt/airflow/dags/retail_sales_pipeline.py
[2025-07-17T22:43:52.340+0000] {processor.py:743} INFO - Processing file /opt/airflow/dags/retail_sales_pipeline.py for tasks to queue
[2025-07-17T22:43:52.341+0000] {logging_mixin.py:137} INFO - [2025-07-17T22:43:52.341+0000] {dagbag.py:538} INFO - Filling up the DagBag from /opt/airflow/dags/retail_sales_pipeline.py
[2025-07-17T22:43:52.381+0000] {processor.py:753} INFO - DAG(s) dict_keys(['retail_sales_pipeline']) retrieved from /opt/airflow/dags/retail_sales_pipeline.py
[2025-07-17T22:43:52.641+0000] {logging_mixin.py:137} INFO - [2025-07-17T22:43:52.640+0000] {dag.py:2676} INFO - Sync 1 DAGs
[2025-07-17T22:43:52.773+0000] {logging_mixin.py:137} INFO - [2025-07-17T22:43:52.772+0000] {dag.py:3427} INFO - Setting next_dagrun for retail_sales_pipeline to None, run_after=None
[2025-07-17T22:43:52.867+0000] {processor.py:175} INFO - Processing /opt/airflow/dags/retail_sales_pipeline.py took 0.536 seconds
[2025-07-17T22:59:24.052+0000] {processor.py:153} INFO - Started process (PID=11279) to work on /opt/airflow/dags/retail_sales_pipeline.py
[2025-07-17T22:59:24.053+0000] {processor.py:743} INFO - Processing file /opt/airflow/dags/retail_sales_pipeline.py for tasks to queue
[2025-07-17T22:59:24.054+0000] {logging_mixin.py:137} INFO - [2025-07-17T22:59:24.054+0000] {dagbag.py:538} INFO - Filling up the DagBag from /opt/airflow/dags/retail_sales_pipeline.py
[2025-07-17T22:59:24.100+0000] {processor.py:753} INFO - DAG(s) dict_keys(['retail_sales_pipeline']) retrieved from /opt/airflow/dags/retail_sales_pipeline.py
[2025-07-17T22:59:24.252+0000] {logging_mixin.py:137} INFO - [2025-07-17T22:59:24.251+0000] {dag.py:2676} INFO - Sync 1 DAGs
[2025-07-17T22:59:24.313+0000] {logging_mixin.py:137} INFO - [2025-07-17T22:59:24.313+0000] {dag.py:3427} INFO - Setting next_dagrun for retail_sales_pipeline to None, run_after=None
[2025-07-17T22:59:24.348+0000] {processor.py:175} INFO - Processing /opt/airflow/dags/retail_sales_pipeline.py took 0.307 seconds
[2025-07-17T22:59:54.788+0000] {processor.py:153} INFO - Started process (PID=11284) to work on /opt/airflow/dags/retail_sales_pipeline.py
[2025-07-17T22:59:54.790+0000] {processor.py:743} INFO - Processing file /opt/airflow/dags/retail_sales_pipeline.py for tasks to queue
[2025-07-17T22:59:54.791+0000] {logging_mixin.py:137} INFO - [2025-07-17T22:59:54.791+0000] {dagbag.py:538} INFO - Filling up the DagBag from /opt/airflow/dags/retail_sales_pipeline.py
[2025-07-17T22:59:54.836+0000] {processor.py:753} INFO - DAG(s) dict_keys(['retail_sales_pipeline']) retrieved from /opt/airflow/dags/retail_sales_pipeline.py
[2025-07-17T22:59:54.969+0000] {logging_mixin.py:137} INFO - [2025-07-17T22:59:54.969+0000] {dag.py:2676} INFO - Sync 1 DAGs
[2025-07-17T22:59:55.016+0000] {logging_mixin.py:137} INFO - [2025-07-17T22:59:55.016+0000] {dag.py:3427} INFO - Setting next_dagrun for retail_sales_pipeline to None, run_after=None
[2025-07-17T22:59:55.046+0000] {processor.py:175} INFO - Processing /opt/airflow/dags/retail_sales_pipeline.py took 0.267 seconds
[2025-07-17T23:15:33.909+0000] {processor.py:153} INFO - Started process (PID=11289) to work on /opt/airflow/dags/retail_sales_pipeline.py
[2025-07-17T23:15:33.915+0000] {processor.py:743} INFO - Processing file /opt/airflow/dags/retail_sales_pipeline.py for tasks to queue
[2025-07-17T23:15:33.921+0000] {logging_mixin.py:137} INFO - [2025-07-17T23:15:33.920+0000] {dagbag.py:538} INFO - Filling up the DagBag from /opt/airflow/dags/retail_sales_pipeline.py
[2025-07-17T23:15:34.019+0000] {processor.py:753} INFO - DAG(s) dict_keys(['retail_sales_pipeline']) retrieved from /opt/airflow/dags/retail_sales_pipeline.py
[2025-07-17T23:15:34.419+0000] {logging_mixin.py:137} INFO - [2025-07-17T23:15:34.417+0000] {dag.py:2676} INFO - Sync 1 DAGs
[2025-07-17T23:15:34.648+0000] {logging_mixin.py:137} INFO - [2025-07-17T23:15:34.648+0000] {dag.py:3427} INFO - Setting next_dagrun for retail_sales_pipeline to None, run_after=None
[2025-07-17T23:15:34.718+0000] {processor.py:175} INFO - Processing /opt/airflow/dags/retail_sales_pipeline.py took 0.828 seconds
[2025-07-17T23:32:10.174+0000] {processor.py:153} INFO - Started process (PID=11294) to work on /opt/airflow/dags/retail_sales_pipeline.py
[2025-07-17T23:32:10.176+0000] {processor.py:743} INFO - Processing file /opt/airflow/dags/retail_sales_pipeline.py for tasks to queue
[2025-07-17T23:32:10.177+0000] {logging_mixin.py:137} INFO - [2025-07-17T23:32:10.177+0000] {dagbag.py:538} INFO - Filling up the DagBag from /opt/airflow/dags/retail_sales_pipeline.py
[2025-07-17T23:32:10.227+0000] {processor.py:753} INFO - DAG(s) dict_keys(['retail_sales_pipeline']) retrieved from /opt/airflow/dags/retail_sales_pipeline.py
[2025-07-17T23:32:10.371+0000] {logging_mixin.py:137} INFO - [2025-07-17T23:32:10.371+0000] {dag.py:2676} INFO - Sync 1 DAGs
[2025-07-17T23:32:10.421+0000] {logging_mixin.py:137} INFO - [2025-07-17T23:32:10.420+0000] {dag.py:3427} INFO - Setting next_dagrun for retail_sales_pipeline to None, run_after=None
[2025-07-17T23:32:10.453+0000] {processor.py:175} INFO - Processing /opt/airflow/dags/retail_sales_pipeline.py took 0.284 seconds
[2025-07-17T23:32:40.591+0000] {processor.py:153} INFO - Started process (PID=11299) to work on /opt/airflow/dags/retail_sales_pipeline.py
[2025-07-17T23:32:40.594+0000] {processor.py:743} INFO - Processing file /opt/airflow/dags/retail_sales_pipeline.py for tasks to queue
[2025-07-17T23:32:40.595+0000] {logging_mixin.py:137} INFO - [2025-07-17T23:32:40.595+0000] {dagbag.py:538} INFO - Filling up the DagBag from /opt/airflow/dags/retail_sales_pipeline.py
[2025-07-17T23:32:40.652+0000] {processor.py:753} INFO - DAG(s) dict_keys(['retail_sales_pipeline']) retrieved from /opt/airflow/dags/retail_sales_pipeline.py
[2025-07-17T23:32:40.791+0000] {logging_mixin.py:137} INFO - [2025-07-17T23:32:40.791+0000] {dag.py:2676} INFO - Sync 1 DAGs
[2025-07-17T23:32:40.837+0000] {logging_mixin.py:137} INFO - [2025-07-17T23:32:40.837+0000] {dag.py:3427} INFO - Setting next_dagrun for retail_sales_pipeline to None, run_after=None
[2025-07-17T23:32:40.861+0000] {processor.py:175} INFO - Processing /opt/airflow/dags/retail_sales_pipeline.py took 0.289 seconds
[2025-07-17T23:49:26.221+0000] {processor.py:153} INFO - Started process (PID=11306) to work on /opt/airflow/dags/retail_sales_pipeline.py
[2025-07-17T23:49:26.230+0000] {processor.py:743} INFO - Processing file /opt/airflow/dags/retail_sales_pipeline.py for tasks to queue
[2025-07-17T23:49:26.235+0000] {logging_mixin.py:137} INFO - [2025-07-17T23:49:26.234+0000] {dagbag.py:538} INFO - Filling up the DagBag from /opt/airflow/dags/retail_sales_pipeline.py
[2025-07-17T23:49:26.321+0000] {processor.py:753} INFO - DAG(s) dict_keys(['retail_sales_pipeline']) retrieved from /opt/airflow/dags/retail_sales_pipeline.py
[2025-07-17T23:49:26.813+0000] {logging_mixin.py:137} INFO - [2025-07-17T23:49:26.812+0000] {dag.py:2676} INFO - Sync 1 DAGs
[2025-07-17T23:49:27.032+0000] {logging_mixin.py:137} INFO - [2025-07-17T23:49:27.031+0000] {dag.py:3427} INFO - Setting next_dagrun for retail_sales_pipeline to None, run_after=None
[2025-07-17T23:49:27.174+0000] {processor.py:175} INFO - Processing /opt/airflow/dags/retail_sales_pipeline.py took 0.969 seconds
