[2025-07-02T14:53:34.725+0000] {taskinstance.py:1087} INFO - Dependencies all met for <TaskInstance: retail_sales_pipeline.run_spark_job manual__2025-07-02T14:52:29.692712+00:00 [queued]>
[2025-07-02T14:53:34.762+0000] {taskinstance.py:1087} INFO - Dependencies all met for <TaskInstance: retail_sales_pipeline.run_spark_job manual__2025-07-02T14:52:29.692712+00:00 [queued]>
[2025-07-02T14:53:34.762+0000] {taskinstance.py:1283} INFO - 
--------------------------------------------------------------------------------
[2025-07-02T14:53:34.763+0000] {taskinstance.py:1284} INFO - Starting attempt 1 of 2
[2025-07-02T14:53:34.763+0000] {taskinstance.py:1285} INFO - 
--------------------------------------------------------------------------------
[2025-07-02T14:53:34.828+0000] {taskinstance.py:1304} INFO - Executing <Task(BashOperator): run_spark_job> on 2025-07-02 14:52:29.692712+00:00
[2025-07-02T14:53:34.875+0000] {standard_task_runner.py:55} INFO - Started process 223 to run task
[2025-07-02T14:53:34.889+0000] {standard_task_runner.py:82} INFO - Running: ['***', 'tasks', 'run', 'retail_sales_pipeline', 'run_spark_job', 'manual__2025-07-02T14:52:29.692712+00:00', '--job-id', '3', '--raw', '--subdir', 'DAGS_FOLDER/retail_sales_pipeline.py', '--cfg-path', '/tmp/tmpj6z232gk']
[2025-07-02T14:53:34.892+0000] {standard_task_runner.py:83} INFO - Job 3: Subtask run_spark_job
[2025-07-02T14:53:35.512+0000] {task_command.py:389} INFO - Running <TaskInstance: retail_sales_pipeline.run_spark_job manual__2025-07-02T14:52:29.692712+00:00 [running]> on host 0eb7c1db5dcf
[2025-07-02T14:53:36.024+0000] {taskinstance.py:1513} INFO - Exporting the following env vars:
AIRFLOW_CTX_DAG_OWNER=***
AIRFLOW_CTX_DAG_ID=retail_sales_pipeline
AIRFLOW_CTX_TASK_ID=run_spark_job
AIRFLOW_CTX_EXECUTION_DATE=2025-07-02T14:52:29.692712+00:00
AIRFLOW_CTX_TRY_NUMBER=1
AIRFLOW_CTX_DAG_RUN_ID=manual__2025-07-02T14:52:29.692712+00:00
[2025-07-02T14:53:36.029+0000] {subprocess.py:63} INFO - Tmp dir root location: 
 /tmp
[2025-07-02T14:53:36.033+0000] {subprocess.py:75} INFO - Running command: ['/bin/bash', '-c', '\n        /opt/bitnami/spark/bin/spark-submit           --master spark://spark-master:7077           --jars /opt/bitnami/spark/jars/spark-sql-kafka-0-10_2.12-3.5.5.jar,/opt/bitnami/spark/jars/kafka-clients-3.5.1.jar,/opt/bitnami/spark/jars/kafka_2.12-3.5.1.jar,/opt/bitnami/spark/jars/commons-pool2-2.11.1.jar,/opt/bitnami/spark/jars/delta-spark_2.12-3.0.0.jar,/opt/bitnami/spark/jars/delta-storage-3.0.0.jar,/opt/bitnami/spark/jars/spark-token-provider-kafka-0-10_2.12-3.5.5.jar           /opt/***/scripts/transformation/process_sales_new.py\n        ']
[2025-07-02T14:53:36.128+0000] {subprocess.py:86} INFO - Output:
[2025-07-02T14:53:36.205+0000] {subprocess.py:93} INFO - /bin/bash: line 2: /opt/bitnami/spark/bin/spark-submit: No such file or directory
[2025-07-02T14:53:36.209+0000] {subprocess.py:97} INFO - Command exited with return code 127
[2025-07-02T14:53:36.369+0000] {taskinstance.py:1772} ERROR - Task failed with exception
Traceback (most recent call last):
  File "/home/airflow/.local/lib/python3.7/site-packages/airflow/operators/bash.py", line 197, in execute
    f"Bash command failed. The command returned a non-zero exit code {result.exit_code}."
airflow.exceptions.AirflowException: Bash command failed. The command returned a non-zero exit code 127.
[2025-07-02T14:53:36.399+0000] {taskinstance.py:1327} INFO - Marking task as UP_FOR_RETRY. dag_id=retail_sales_pipeline, task_id=run_spark_job, execution_date=20250702T145229, start_date=20250702T145334, end_date=20250702T145336
[2025-07-02T14:53:36.504+0000] {standard_task_runner.py:105} ERROR - Failed to execute job 3 for task run_spark_job (Bash command failed. The command returned a non-zero exit code 127.; 223)
[2025-07-02T14:53:36.567+0000] {local_task_job.py:159} INFO - Task exited with return code 1
[2025-07-02T14:53:36.752+0000] {taskinstance.py:2582} INFO - 0 downstream tasks scheduled from follow-on schedule check
