[2025-07-20T11:08:44.474+0000] {taskinstance.py:1087} INFO - Dependencies all met for <TaskInstance: retail_sales_pipeline.simulate_kafka_events manual__2025-07-20T11:08:07+00:00 [queued]>
[2025-07-20T11:08:44.499+0000] {taskinstance.py:1087} INFO - Dependencies all met for <TaskInstance: retail_sales_pipeline.simulate_kafka_events manual__2025-07-20T11:08:07+00:00 [queued]>
[2025-07-20T11:08:44.500+0000] {taskinstance.py:1283} INFO - 
--------------------------------------------------------------------------------
[2025-07-20T11:08:44.500+0000] {taskinstance.py:1284} INFO - Starting attempt 1 of 2
[2025-07-20T11:08:44.500+0000] {taskinstance.py:1285} INFO - 
--------------------------------------------------------------------------------
[2025-07-20T11:08:44.556+0000] {taskinstance.py:1304} INFO - Executing <Task(BashOperator): simulate_kafka_events> on 2025-07-20 11:08:07+00:00
[2025-07-20T11:08:44.568+0000] {standard_task_runner.py:55} INFO - Started process 216 to run task
[2025-07-20T11:08:44.574+0000] {standard_task_runner.py:82} INFO - Running: ['***', 'tasks', 'run', 'retail_sales_pipeline', 'simulate_kafka_events', 'manual__2025-07-20T11:08:07+00:00', '--job-id', '4', '--raw', '--subdir', 'DAGS_FOLDER/retail_sales_pipeline.py', '--cfg-path', '/tmp/tmpdccyp_ys']
[2025-07-20T11:08:44.576+0000] {standard_task_runner.py:83} INFO - Job 4: Subtask simulate_kafka_events
[2025-07-20T11:08:44.890+0000] {task_command.py:389} INFO - Running <TaskInstance: retail_sales_pipeline.simulate_kafka_events manual__2025-07-20T11:08:07+00:00 [running]> on host 73fb4a0b9ff1
[2025-07-20T11:08:45.174+0000] {taskinstance.py:1513} INFO - Exporting the following env vars:
AIRFLOW_CTX_DAG_OWNER=***
AIRFLOW_CTX_DAG_ID=retail_sales_pipeline
AIRFLOW_CTX_TASK_ID=simulate_kafka_events
AIRFLOW_CTX_EXECUTION_DATE=2025-07-20T11:08:07+00:00
AIRFLOW_CTX_TRY_NUMBER=1
AIRFLOW_CTX_DAG_RUN_ID=manual__2025-07-20T11:08:07+00:00
[2025-07-20T11:08:45.175+0000] {subprocess.py:63} INFO - Tmp dir root location: 
 /tmp
[2025-07-20T11:08:45.177+0000] {subprocess.py:75} INFO - Running command: ['/bin/bash', '-c', '\n        python3 /opt/***/scripts/ingestion/kafka_producer.py\n        ']
[2025-07-20T11:08:45.186+0000] {subprocess.py:86} INFO - Output:
[2025-07-20T11:10:47.099+0000] {subprocess.py:93} INFO - Record successfully produced to transaction-events [0] at offset 0
[2025-07-20T11:10:47.110+0000] {subprocess.py:93} INFO - Record successfully produced to transaction-events [0] at offset 1
[2025-07-20T11:10:47.110+0000] {subprocess.py:93} INFO - Record successfully produced to transaction-events [0] at offset 2
[2025-07-20T11:10:47.110+0000] {subprocess.py:93} INFO - Record successfully produced to transaction-events [0] at offset 3
[2025-07-20T11:10:47.111+0000] {subprocess.py:93} INFO - Record successfully produced to transaction-events [0] at offset 4
[2025-07-20T11:10:47.111+0000] {subprocess.py:93} INFO - Record successfully produced to transaction-events [0] at offset 5
[2025-07-20T11:10:47.111+0000] {subprocess.py:93} INFO - Record successfully produced to transaction-events [0] at offset 6
[2025-07-20T11:10:47.111+0000] {subprocess.py:93} INFO - Record successfully produced to transaction-events [0] at offset 7
[2025-07-20T11:10:47.111+0000] {subprocess.py:93} INFO - Record successfully produced to transaction-events [0] at offset 8
[2025-07-20T11:10:47.111+0000] {subprocess.py:93} INFO - Record successfully produced to transaction-events [0] at offset 9
[2025-07-20T11:10:47.111+0000] {subprocess.py:93} INFO - Record successfully produced to transaction-events [0] at offset 10
[2025-07-20T11:10:47.112+0000] {subprocess.py:93} INFO - Record successfully produced to transaction-events [0] at offset 11
[2025-07-20T11:10:47.112+0000] {subprocess.py:93} INFO - Record successfully produced to transaction-events [0] at offset 12
[2025-07-20T11:10:47.112+0000] {subprocess.py:93} INFO - Record successfully produced to transaction-events [0] at offset 13
[2025-07-20T11:10:47.112+0000] {subprocess.py:93} INFO - Record successfully produced to transaction-events [0] at offset 14
[2025-07-20T11:10:47.112+0000] {subprocess.py:93} INFO - Record successfully produced to transaction-events [0] at offset 15
[2025-07-20T11:10:47.112+0000] {subprocess.py:93} INFO - Record successfully produced to transaction-events [0] at offset 16
[2025-07-20T11:10:47.113+0000] {subprocess.py:93} INFO - Record successfully produced to transaction-events [0] at offset 17
[2025-07-20T11:10:47.113+0000] {subprocess.py:93} INFO - Record successfully produced to transaction-events [0] at offset 18
[2025-07-20T11:10:47.113+0000] {subprocess.py:93} INFO - Record successfully produced to transaction-events [0] at offset 19
[2025-07-20T11:10:47.113+0000] {subprocess.py:93} INFO - Record successfully produced to transaction-events [0] at offset 20
[2025-07-20T11:10:47.113+0000] {subprocess.py:93} INFO - Record successfully produced to transaction-events [0] at offset 21
[2025-07-20T11:10:47.113+0000] {subprocess.py:93} INFO - Record successfully produced to transaction-events [0] at offset 22
[2025-07-20T11:10:47.113+0000] {subprocess.py:93} INFO - Record successfully produced to transaction-events [0] at offset 23
[2025-07-20T11:10:47.113+0000] {subprocess.py:93} INFO - Record successfully produced to transaction-events [0] at offset 24
[2025-07-20T11:10:47.113+0000] {subprocess.py:93} INFO - Record successfully produced to transaction-events [0] at offset 25
[2025-07-20T11:10:47.114+0000] {subprocess.py:93} INFO - Record successfully produced to transaction-events [0] at offset 26
[2025-07-20T11:10:47.114+0000] {subprocess.py:93} INFO - Record successfully produced to transaction-events [0] at offset 27
[2025-07-20T11:10:47.114+0000] {subprocess.py:93} INFO - Record successfully produced to transaction-events [0] at offset 28
[2025-07-20T11:10:47.114+0000] {subprocess.py:93} INFO - Record successfully produced to transaction-events [0] at offset 29
[2025-07-20T11:10:47.114+0000] {subprocess.py:93} INFO - Record successfully produced to transaction-events [0] at offset 30
[2025-07-20T11:10:47.114+0000] {subprocess.py:93} INFO - Record successfully produced to transaction-events [0] at offset 31
[2025-07-20T11:10:47.114+0000] {subprocess.py:93} INFO - Record successfully produced to transaction-events [0] at offset 32
[2025-07-20T11:10:47.115+0000] {subprocess.py:93} INFO - Record successfully produced to transaction-events [0] at offset 33
[2025-07-20T11:10:47.115+0000] {subprocess.py:93} INFO - Record successfully produced to transaction-events [0] at offset 34
[2025-07-20T11:10:47.115+0000] {subprocess.py:93} INFO - Record successfully produced to transaction-events [0] at offset 35
[2025-07-20T11:10:47.115+0000] {subprocess.py:93} INFO - Record successfully produced to transaction-events [0] at offset 36
[2025-07-20T11:10:47.115+0000] {subprocess.py:93} INFO - Record successfully produced to transaction-events [0] at offset 37
[2025-07-20T11:10:47.115+0000] {subprocess.py:93} INFO - Record successfully produced to transaction-events [0] at offset 38
[2025-07-20T11:10:47.115+0000] {subprocess.py:93} INFO - Record successfully produced to transaction-events [0] at offset 39
[2025-07-20T11:10:47.116+0000] {subprocess.py:93} INFO - Record successfully produced to transaction-events [0] at offset 40
[2025-07-20T11:10:47.116+0000] {subprocess.py:93} INFO - Record successfully produced to transaction-events [0] at offset 41
[2025-07-20T11:10:47.116+0000] {subprocess.py:93} INFO - Record successfully produced to transaction-events [0] at offset 42
[2025-07-20T11:10:47.116+0000] {subprocess.py:93} INFO - Record successfully produced to transaction-events [0] at offset 43
[2025-07-20T11:10:47.116+0000] {subprocess.py:93} INFO - Record successfully produced to transaction-events [0] at offset 44
[2025-07-20T11:10:47.116+0000] {subprocess.py:93} INFO - Record successfully produced to transaction-events [0] at offset 45
[2025-07-20T11:10:47.116+0000] {subprocess.py:93} INFO - Record successfully produced to transaction-events [0] at offset 46
[2025-07-20T11:10:47.116+0000] {subprocess.py:93} INFO - Record successfully produced to transaction-events [0] at offset 47
[2025-07-20T11:10:47.116+0000] {subprocess.py:93} INFO - Record successfully produced to transaction-events [0] at offset 48
[2025-07-20T11:10:47.116+0000] {subprocess.py:93} INFO - Record successfully produced to transaction-events [0] at offset 49
[2025-07-20T11:10:47.117+0000] {subprocess.py:93} INFO - Record successfully produced to transaction-events [0] at offset 50
[2025-07-20T11:10:47.117+0000] {subprocess.py:93} INFO - Record successfully produced to transaction-events [0] at offset 51
[2025-07-20T11:10:47.117+0000] {subprocess.py:93} INFO - Record successfully produced to transaction-events [0] at offset 52
[2025-07-20T11:10:47.117+0000] {subprocess.py:93} INFO - Record successfully produced to transaction-events [0] at offset 53
[2025-07-20T11:10:47.117+0000] {subprocess.py:93} INFO - Record successfully produced to transaction-events [0] at offset 54
[2025-07-20T11:10:47.117+0000] {subprocess.py:93} INFO - Record successfully produced to transaction-events [0] at offset 55
[2025-07-20T11:10:47.117+0000] {subprocess.py:93} INFO - Record successfully produced to transaction-events [0] at offset 56
[2025-07-20T11:10:47.117+0000] {subprocess.py:93} INFO - Record successfully produced to transaction-events [0] at offset 57
[2025-07-20T11:10:47.117+0000] {subprocess.py:93} INFO - Record successfully produced to transaction-events [0] at offset 58
[2025-07-20T11:10:47.117+0000] {subprocess.py:93} INFO - Record successfully produced to transaction-events [0] at offset 59
[2025-07-20T11:10:47.119+0000] {subprocess.py:93} INFO - Record successfully produced to transaction-events [0] at offset 60
[2025-07-20T11:10:47.119+0000] {subprocess.py:93} INFO - Record successfully produced to transaction-events [0] at offset 61
[2025-07-20T11:10:47.119+0000] {subprocess.py:93} INFO - Record successfully produced to transaction-events [0] at offset 62
[2025-07-20T11:10:47.119+0000] {subprocess.py:93} INFO - Record successfully produced to transaction-events [0] at offset 63
[2025-07-20T11:10:47.120+0000] {subprocess.py:93} INFO - Record successfully produced to transaction-events [0] at offset 64
[2025-07-20T11:10:47.120+0000] {subprocess.py:93} INFO - Record successfully produced to transaction-events [0] at offset 65
[2025-07-20T11:10:47.120+0000] {subprocess.py:93} INFO - Record successfully produced to transaction-events [0] at offset 66
[2025-07-20T11:10:47.120+0000] {subprocess.py:93} INFO - Record successfully produced to transaction-events [0] at offset 67
[2025-07-20T11:10:47.120+0000] {subprocess.py:93} INFO - Record successfully produced to transaction-events [0] at offset 68
[2025-07-20T11:10:47.120+0000] {subprocess.py:93} INFO - Record successfully produced to transaction-events [0] at offset 69
[2025-07-20T11:10:47.120+0000] {subprocess.py:93} INFO - Record successfully produced to transaction-events [0] at offset 70
[2025-07-20T11:10:47.121+0000] {subprocess.py:93} INFO - Record successfully produced to transaction-events [0] at offset 71
[2025-07-20T11:10:47.121+0000] {subprocess.py:93} INFO - Record successfully produced to transaction-events [0] at offset 72
[2025-07-20T11:10:47.121+0000] {subprocess.py:93} INFO - Record successfully produced to transaction-events [0] at offset 73
[2025-07-20T11:10:47.121+0000] {subprocess.py:93} INFO - Record successfully produced to transaction-events [0] at offset 74
[2025-07-20T11:10:47.121+0000] {subprocess.py:93} INFO - Record successfully produced to transaction-events [0] at offset 75
[2025-07-20T11:10:47.121+0000] {subprocess.py:93} INFO - Record successfully produced to transaction-events [0] at offset 76
[2025-07-20T11:10:47.122+0000] {subprocess.py:93} INFO - Record successfully produced to transaction-events [0] at offset 77
[2025-07-20T11:10:47.122+0000] {subprocess.py:93} INFO - Record successfully produced to transaction-events [0] at offset 78
[2025-07-20T11:10:47.122+0000] {subprocess.py:93} INFO - Record successfully produced to transaction-events [0] at offset 79
[2025-07-20T11:10:47.122+0000] {subprocess.py:93} INFO - Record successfully produced to transaction-events [0] at offset 80
[2025-07-20T11:10:47.122+0000] {subprocess.py:93} INFO - Record successfully produced to transaction-events [0] at offset 81
[2025-07-20T11:10:47.123+0000] {subprocess.py:93} INFO - Record successfully produced to transaction-events [0] at offset 82
[2025-07-20T11:10:47.123+0000] {subprocess.py:93} INFO - Record successfully produced to transaction-events [0] at offset 83
[2025-07-20T11:10:47.123+0000] {subprocess.py:93} INFO - Record successfully produced to transaction-events [0] at offset 84
[2025-07-20T11:10:47.123+0000] {subprocess.py:93} INFO - Record successfully produced to transaction-events [0] at offset 85
[2025-07-20T11:10:47.124+0000] {subprocess.py:93} INFO - Record successfully produced to transaction-events [0] at offset 86
[2025-07-20T11:10:47.124+0000] {subprocess.py:93} INFO - Record successfully produced to transaction-events [0] at offset 87
[2025-07-20T11:10:47.124+0000] {subprocess.py:93} INFO - Record successfully produced to transaction-events [0] at offset 88
[2025-07-20T11:10:47.124+0000] {subprocess.py:93} INFO - Record successfully produced to transaction-events [0] at offset 89
[2025-07-20T11:10:47.124+0000] {subprocess.py:93} INFO - Record successfully produced to transaction-events [0] at offset 90
[2025-07-20T11:10:47.124+0000] {subprocess.py:93} INFO - Record successfully produced to transaction-events [0] at offset 91
[2025-07-20T11:10:47.125+0000] {subprocess.py:93} INFO - Record successfully produced to transaction-events [0] at offset 92
[2025-07-20T11:10:47.125+0000] {subprocess.py:93} INFO - Record successfully produced to transaction-events [0] at offset 93
[2025-07-20T11:10:47.125+0000] {subprocess.py:93} INFO - Record successfully produced to transaction-events [0] at offset 94
[2025-07-20T11:10:47.125+0000] {subprocess.py:93} INFO - Record successfully produced to transaction-events [0] at offset 95
[2025-07-20T11:10:47.125+0000] {subprocess.py:93} INFO - Record successfully produced to transaction-events [0] at offset 96
[2025-07-20T11:10:47.125+0000] {subprocess.py:93} INFO - Record successfully produced to transaction-events [0] at offset 97
[2025-07-20T11:10:47.126+0000] {subprocess.py:93} INFO - Record successfully produced to transaction-events [0] at offset 98
[2025-07-20T11:10:47.126+0000] {subprocess.py:93} INFO - Record successfully produced to transaction-events [0] at offset 99
[2025-07-20T11:10:47.126+0000] {subprocess.py:93} INFO - Record successfully produced to transaction-events [0] at offset 100
[2025-07-20T11:10:47.126+0000] {subprocess.py:93} INFO - Record successfully produced to transaction-events [0] at offset 101
[2025-07-20T11:10:47.126+0000] {subprocess.py:93} INFO - Record successfully produced to transaction-events [0] at offset 102
[2025-07-20T11:10:47.126+0000] {subprocess.py:93} INFO - Record successfully produced to transaction-events [0] at offset 103
[2025-07-20T11:10:47.127+0000] {subprocess.py:93} INFO - Record successfully produced to transaction-events [0] at offset 104
[2025-07-20T11:10:47.127+0000] {subprocess.py:93} INFO - Record successfully produced to transaction-events [0] at offset 105
[2025-07-20T11:10:47.127+0000] {subprocess.py:93} INFO - Record successfully produced to transaction-events [0] at offset 106
[2025-07-20T11:10:47.127+0000] {subprocess.py:93} INFO - Record successfully produced to transaction-events [0] at offset 107
[2025-07-20T11:10:47.127+0000] {subprocess.py:93} INFO - Record successfully produced to transaction-events [0] at offset 108
[2025-07-20T11:10:47.127+0000] {subprocess.py:93} INFO - Record successfully produced to transaction-events [0] at offset 109
[2025-07-20T11:10:47.127+0000] {subprocess.py:93} INFO - Record successfully produced to transaction-events [0] at offset 110
[2025-07-20T11:10:47.128+0000] {subprocess.py:93} INFO - Record successfully produced to transaction-events [0] at offset 111
[2025-07-20T11:10:47.128+0000] {subprocess.py:93} INFO - Record successfully produced to transaction-events [0] at offset 112
[2025-07-20T11:10:47.128+0000] {subprocess.py:93} INFO - Record successfully produced to transaction-events [0] at offset 113
[2025-07-20T11:10:47.128+0000] {subprocess.py:93} INFO - Record successfully produced to transaction-events [0] at offset 114
[2025-07-20T11:10:47.129+0000] {subprocess.py:93} INFO - Record successfully produced to transaction-events [0] at offset 115
[2025-07-20T11:10:47.129+0000] {subprocess.py:93} INFO - Record successfully produced to transaction-events [0] at offset 116
[2025-07-20T11:10:47.129+0000] {subprocess.py:93} INFO - Record successfully produced to transaction-events [0] at offset 117
[2025-07-20T11:10:47.129+0000] {subprocess.py:93} INFO - Record successfully produced to transaction-events [0] at offset 118
[2025-07-20T11:10:47.129+0000] {subprocess.py:93} INFO - Record successfully produced to transaction-events [0] at offset 119
[2025-07-20T11:12:22.529+0000] {local_task_job.py:82} ERROR - Received SIGTERM. Terminating subprocesses
[2025-07-20T11:12:22.656+0000] {process_utils.py:133} INFO - Sending Signals.SIGTERM to group 216. PIDs of all processes in the group: [217, 218, 216]
[2025-07-20T11:12:22.665+0000] {process_utils.py:84} INFO - Sending the signal Signals.SIGTERM to group 216
[2025-07-20T11:12:22.744+0000] {taskinstance.py:1483} ERROR - Received SIGTERM. Terminating subprocesses.
[2025-07-20T11:12:22.756+0000] {subprocess.py:104} INFO - Sending SIGTERM signal to process group
[2025-07-20T11:12:23.053+0000] {process_utils.py:79} INFO - Process psutil.Process(pid=218, status='terminated', started='11:08:44') (218) terminated with exit code None
[2025-07-20T11:12:23.043+0000] {taskinstance.py:1772} ERROR - Task failed with exception
Traceback (most recent call last):
  File "/home/airflow/.local/lib/python3.7/site-packages/airflow/operators/bash.py", line 191, in execute
    cwd=self.cwd,
  File "/home/airflow/.local/lib/python3.7/site-packages/airflow/hooks/subprocess.py", line 91, in run_command
    for raw_line in iter(self.sub_process.stdout.readline, b""):
  File "/home/airflow/.local/lib/python3.7/site-packages/airflow/models/taskinstance.py", line 1485, in signal_handler
    raise AirflowException("Task received SIGTERM signal")
airflow.exceptions.AirflowException: Task received SIGTERM signal
[2025-07-20T11:12:23.074+0000] {taskinstance.py:1327} INFO - Marking task as UP_FOR_RETRY. dag_id=retail_sales_pipeline, task_id=simulate_kafka_events, execution_date=20250720T110807, start_date=20250720T110844, end_date=20250720T111223
[2025-07-20T11:12:23.204+0000] {standard_task_runner.py:105} ERROR - Failed to execute job 4 for task simulate_kafka_events (Task received SIGTERM signal; 216)
[2025-07-20T11:12:23.238+0000] {process_utils.py:79} INFO - Process psutil.Process(pid=217, status='terminated', started='11:08:44') (217) terminated with exit code None
[2025-07-20T11:12:23.240+0000] {process_utils.py:79} INFO - Process psutil.Process(pid=216, status='terminated', exitcode=1, started='11:08:43') (216) terminated with exit code 1
[2025-07-20T11:12:23.243+0000] {local_task_job.py:159} INFO - Task exited with return code 143
[2025-07-20T11:12:23.731+0000] {taskinstance.py:2582} INFO - 0 downstream tasks scheduled from follow-on schedule check
