[2025-07-20T09:06:17.253+0000] {taskinstance.py:1087} INFO - Dependencies all met for <TaskInstance: retail_sales_pipeline.process_products manual__2025-07-20T09:06:15.055327+00:00 [queued]>
[2025-07-20T09:06:17.320+0000] {taskinstance.py:1087} INFO - Dependencies all met for <TaskInstance: retail_sales_pipeline.process_products manual__2025-07-20T09:06:15.055327+00:00 [queued]>
[2025-07-20T09:06:17.321+0000] {taskinstance.py:1283} INFO - 
--------------------------------------------------------------------------------
[2025-07-20T09:06:17.323+0000] {taskinstance.py:1284} INFO - Starting attempt 1 of 2
[2025-07-20T09:06:17.324+0000] {taskinstance.py:1285} INFO - 
--------------------------------------------------------------------------------
[2025-07-20T09:06:17.428+0000] {taskinstance.py:1304} INFO - Executing <Task(BashOperator): process_products> on 2025-07-20 09:06:15.055327+00:00
[2025-07-20T09:06:17.459+0000] {standard_task_runner.py:55} INFO - Started process 268 to run task
[2025-07-20T09:06:17.506+0000] {standard_task_runner.py:82} INFO - Running: ['***', 'tasks', 'run', 'retail_sales_pipeline', 'process_products', 'manual__2025-07-20T09:06:15.055327+00:00', '--job-id', '2', '--raw', '--subdir', 'DAGS_FOLDER/retail_sales_pipeline.py', '--cfg-path', '/tmp/tmpheyiskzh']
[2025-07-20T09:06:17.520+0000] {standard_task_runner.py:83} INFO - Job 2: Subtask process_products
[2025-07-20T09:06:18.070+0000] {task_command.py:389} INFO - Running <TaskInstance: retail_sales_pipeline.process_products manual__2025-07-20T09:06:15.055327+00:00 [running]> on host fbabcc26ebe4
[2025-07-20T09:06:18.396+0000] {taskinstance.py:1513} INFO - Exporting the following env vars:
AIRFLOW_CTX_DAG_OWNER=***
AIRFLOW_CTX_DAG_ID=retail_sales_pipeline
AIRFLOW_CTX_TASK_ID=process_products
AIRFLOW_CTX_EXECUTION_DATE=2025-07-20T09:06:15.055327+00:00
AIRFLOW_CTX_TRY_NUMBER=1
AIRFLOW_CTX_DAG_RUN_ID=manual__2025-07-20T09:06:15.055327+00:00
[2025-07-20T09:06:18.401+0000] {subprocess.py:63} INFO - Tmp dir root location: 
 /tmp
[2025-07-20T09:06:18.402+0000] {subprocess.py:75} INFO - Running command: ['/bin/bash', '-c', '\n        docker exec spark-master /opt/bitnami/spark/bin/spark-submit             /opt/***/scripts/ingestion/process_products.py\n        ']
[2025-07-20T09:06:18.413+0000] {subprocess.py:86} INFO - Output:
[2025-07-20T09:06:27.229+0000] {subprocess.py:93} INFO - 25/07/20 09:06:27 INFO SparkContext: Running Spark version 3.5.5
[2025-07-20T09:06:27.245+0000] {subprocess.py:93} INFO - 25/07/20 09:06:27 INFO SparkContext: OS info Linux, 6.10.14-linuxkit, amd64
[2025-07-20T09:06:27.246+0000] {subprocess.py:93} INFO - 25/07/20 09:06:27 INFO SparkContext: Java version 17.0.14
[2025-07-20T09:06:27.365+0000] {subprocess.py:93} INFO - 25/07/20 09:06:27 INFO ResourceUtils: ==============================================================
[2025-07-20T09:06:27.366+0000] {subprocess.py:93} INFO - 25/07/20 09:06:27 INFO ResourceUtils: No custom resources configured for spark.driver.
[2025-07-20T09:06:27.367+0000] {subprocess.py:93} INFO - 25/07/20 09:06:27 INFO ResourceUtils: ==============================================================
[2025-07-20T09:06:27.368+0000] {subprocess.py:93} INFO - 25/07/20 09:06:27 INFO SparkContext: Submitted application: ProcessProducts
[2025-07-20T09:06:27.435+0000] {subprocess.py:93} INFO - 25/07/20 09:06:27 INFO ResourceProfile: Default ResourceProfile created, executor resources: Map(cores -> name: cores, amount: 1, script: , vendor: , memory -> name: memory, amount: 1024, script: , vendor: , offHeap -> name: offHeap, amount: 0, script: , vendor: ), task resources: Map(cpus -> name: cpus, amount: 1.0)
[2025-07-20T09:06:27.450+0000] {subprocess.py:93} INFO - 25/07/20 09:06:27 INFO ResourceProfile: Limiting resource is cpu
[2025-07-20T09:06:27.451+0000] {subprocess.py:93} INFO - 25/07/20 09:06:27 INFO ResourceProfileManager: Added ResourceProfile id: 0
[2025-07-20T09:06:27.565+0000] {subprocess.py:93} INFO - 25/07/20 09:06:27 INFO SecurityManager: Changing view acls to: spark
[2025-07-20T09:06:27.566+0000] {subprocess.py:93} INFO - 25/07/20 09:06:27 INFO SecurityManager: Changing modify acls to: spark
[2025-07-20T09:06:27.566+0000] {subprocess.py:93} INFO - 25/07/20 09:06:27 INFO SecurityManager: Changing view acls groups to:
[2025-07-20T09:06:27.568+0000] {subprocess.py:93} INFO - 25/07/20 09:06:27 INFO SecurityManager: Changing modify acls groups to:
[2025-07-20T09:06:27.570+0000] {subprocess.py:93} INFO - 25/07/20 09:06:27 INFO SecurityManager: SecurityManager: authentication disabled; ui acls disabled; users with view permissions: spark; groups with view permissions: EMPTY; users with modify permissions: spark; groups with modify permissions: EMPTY
[2025-07-20T09:06:27.747+0000] {subprocess.py:93} INFO - 25/07/20 09:06:27 WARN NativeCodeLoader: Unable to load native-hadoop library for your platform... using builtin-java classes where applicable
[2025-07-20T09:06:28.551+0000] {subprocess.py:93} INFO - 25/07/20 09:06:28 INFO Utils: Successfully started service 'sparkDriver' on port 42509.
[2025-07-20T09:06:28.603+0000] {subprocess.py:93} INFO - 25/07/20 09:06:28 INFO SparkEnv: Registering MapOutputTracker
[2025-07-20T09:06:28.677+0000] {subprocess.py:93} INFO - 25/07/20 09:06:28 INFO SparkEnv: Registering BlockManagerMaster
[2025-07-20T09:06:28.705+0000] {subprocess.py:93} INFO - 25/07/20 09:06:28 INFO BlockManagerMasterEndpoint: Using org.apache.spark.storage.DefaultTopologyMapper for getting topology information
[2025-07-20T09:06:28.707+0000] {subprocess.py:93} INFO - 25/07/20 09:06:28 INFO BlockManagerMasterEndpoint: BlockManagerMasterEndpoint up
[2025-07-20T09:06:28.720+0000] {subprocess.py:93} INFO - 25/07/20 09:06:28 INFO SparkEnv: Registering BlockManagerMasterHeartbeat
[2025-07-20T09:06:28.751+0000] {subprocess.py:93} INFO - 25/07/20 09:06:28 INFO DiskBlockManager: Created local directory at /tmp/blockmgr-86f3bd96-f760-40c9-9ace-fb8376930f99
[2025-07-20T09:06:28.775+0000] {subprocess.py:93} INFO - 25/07/20 09:06:28 INFO MemoryStore: MemoryStore started with capacity 434.4 MiB
[2025-07-20T09:06:28.799+0000] {subprocess.py:93} INFO - 25/07/20 09:06:28 INFO SparkEnv: Registering OutputCommitCoordinator
[2025-07-20T09:06:28.992+0000] {subprocess.py:93} INFO - 25/07/20 09:06:28 INFO JettyUtils: Start Jetty 0.0.0.0:4040 for SparkUI
[2025-07-20T09:06:29.082+0000] {subprocess.py:93} INFO - 25/07/20 09:06:29 WARN Utils: Service 'SparkUI' could not bind on port 4040. Attempting port 4041.
[2025-07-20T09:06:29.098+0000] {subprocess.py:93} INFO - 25/07/20 09:06:29 INFO Utils: Successfully started service 'SparkUI' on port 4041.
[2025-07-20T09:06:29.275+0000] {subprocess.py:93} INFO - 25/07/20 09:06:29 INFO Executor: Starting executor ID driver on host 2c1c54a40160
[2025-07-20T09:06:29.276+0000] {subprocess.py:93} INFO - 25/07/20 09:06:29 INFO Executor: OS info Linux, 6.10.14-linuxkit, amd64
[2025-07-20T09:06:29.277+0000] {subprocess.py:93} INFO - 25/07/20 09:06:29 INFO Executor: Java version 17.0.14
[2025-07-20T09:06:29.288+0000] {subprocess.py:93} INFO - 25/07/20 09:06:29 INFO Executor: Starting executor with user classpath (userClassPathFirst = false): ''
[2025-07-20T09:06:29.289+0000] {subprocess.py:93} INFO - 25/07/20 09:06:29 INFO Executor: Created or updated repl class loader org.apache.spark.util.MutableURLClassLoader@58a942f9 for default.
[2025-07-20T09:06:29.478+0000] {subprocess.py:93} INFO - 25/07/20 09:06:29 INFO Utils: Successfully started service 'org.apache.spark.network.netty.NettyBlockTransferService' on port 34327.
[2025-07-20T09:06:29.478+0000] {subprocess.py:93} INFO - 25/07/20 09:06:29 INFO NettyBlockTransferService: Server created on 2c1c54a40160:34327
[2025-07-20T09:06:29.481+0000] {subprocess.py:93} INFO - 25/07/20 09:06:29 INFO BlockManager: Using org.apache.spark.storage.RandomBlockReplicationPolicy for block replication policy
[2025-07-20T09:06:29.491+0000] {subprocess.py:93} INFO - 25/07/20 09:06:29 INFO BlockManagerMaster: Registering BlockManager BlockManagerId(driver, 2c1c54a40160, 34327, None)
[2025-07-20T09:06:29.500+0000] {subprocess.py:93} INFO - 25/07/20 09:06:29 INFO BlockManagerMasterEndpoint: Registering block manager 2c1c54a40160:34327 with 434.4 MiB RAM, BlockManagerId(driver, 2c1c54a40160, 34327, None)
[2025-07-20T09:06:29.503+0000] {subprocess.py:93} INFO - 25/07/20 09:06:29 INFO BlockManagerMaster: Registered BlockManager BlockManagerId(driver, 2c1c54a40160, 34327, None)
[2025-07-20T09:06:29.505+0000] {subprocess.py:93} INFO - 25/07/20 09:06:29 INFO BlockManager: Initialized BlockManager: BlockManagerId(driver, 2c1c54a40160, 34327, None)
[2025-07-20T09:06:30.838+0000] {subprocess.py:93} INFO - 25/07/20 09:06:30 INFO SharedState: Setting hive.metastore.warehouse.dir ('null') to the value of spark.sql.warehouse.dir.
[2025-07-20T09:06:30.851+0000] {subprocess.py:93} INFO - 25/07/20 09:06:30 INFO SharedState: Warehouse path is 'file:/opt/bitnami/spark/spark-warehouse'.
[2025-07-20T09:06:32.554+0000] {subprocess.py:93} INFO - 25/07/20 09:06:32 INFO InMemoryFileIndex: It took 121 ms to list leaf files for 1 paths.
[2025-07-20T09:06:32.749+0000] {subprocess.py:93} INFO - 25/07/20 09:06:32 INFO InMemoryFileIndex: It took 10 ms to list leaf files for 1 paths.
[2025-07-20T09:06:37.425+0000] {subprocess.py:93} INFO - 25/07/20 09:06:37 INFO FileSourceStrategy: Pushed Filters:
[2025-07-20T09:06:37.440+0000] {subprocess.py:93} INFO - 25/07/20 09:06:37 INFO FileSourceStrategy: Post-Scan Filters: (length(trim(value#0, None)) > 0)
[2025-07-20T09:06:38.912+0000] {subprocess.py:93} INFO - 25/07/20 09:06:38 INFO CodeGenerator: Code generated in 651.005417 ms
[2025-07-20T09:06:39.179+0000] {subprocess.py:93} INFO - 25/07/20 09:06:39 INFO MemoryStore: Block broadcast_0 stored as values in memory (estimated size 199.6 KiB, free 434.2 MiB)
[2025-07-20T09:06:39.370+0000] {subprocess.py:93} INFO - 25/07/20 09:06:39 INFO MemoryStore: Block broadcast_0_piece0 stored as bytes in memory (estimated size 34.3 KiB, free 434.2 MiB)
[2025-07-20T09:06:39.378+0000] {subprocess.py:93} INFO - 25/07/20 09:06:39 INFO BlockManagerInfo: Added broadcast_0_piece0 in memory on 2c1c54a40160:34327 (size: 34.3 KiB, free: 434.4 MiB)
[2025-07-20T09:06:39.430+0000] {subprocess.py:93} INFO - 25/07/20 09:06:39 INFO SparkContext: Created broadcast 0 from csv at <unknown>:0
[2025-07-20T09:06:39.471+0000] {subprocess.py:93} INFO - 25/07/20 09:06:39 INFO FileSourceScanExec: Planning scan with bin packing, max size: 4194304 bytes, open cost is considered as scanning 4194304 bytes.
[2025-07-20T09:06:39.703+0000] {subprocess.py:93} INFO - 25/07/20 09:06:39 INFO SparkContext: Starting job: csv at <unknown>:0
[2025-07-20T09:06:39.740+0000] {subprocess.py:93} INFO - 25/07/20 09:06:39 INFO DAGScheduler: Got job 0 (csv at <unknown>:0) with 1 output partitions
[2025-07-20T09:06:39.740+0000] {subprocess.py:93} INFO - 25/07/20 09:06:39 INFO DAGScheduler: Final stage: ResultStage 0 (csv at <unknown>:0)
[2025-07-20T09:06:39.741+0000] {subprocess.py:93} INFO - 25/07/20 09:06:39 INFO DAGScheduler: Parents of final stage: List()
[2025-07-20T09:06:39.741+0000] {subprocess.py:93} INFO - 25/07/20 09:06:39 INFO DAGScheduler: Missing parents: List()
[2025-07-20T09:06:39.748+0000] {subprocess.py:93} INFO - 25/07/20 09:06:39 INFO DAGScheduler: Submitting ResultStage 0 (MapPartitionsRDD[3] at csv at <unknown>:0), which has no missing parents
[2025-07-20T09:06:39.902+0000] {subprocess.py:93} INFO - 25/07/20 09:06:39 INFO MemoryStore: Block broadcast_1 stored as values in memory (estimated size 13.5 KiB, free 434.2 MiB)
[2025-07-20T09:06:39.918+0000] {subprocess.py:93} INFO - 25/07/20 09:06:39 INFO MemoryStore: Block broadcast_1_piece0 stored as bytes in memory (estimated size 6.4 KiB, free 434.2 MiB)
[2025-07-20T09:06:39.920+0000] {subprocess.py:93} INFO - 25/07/20 09:06:39 INFO BlockManagerInfo: Added broadcast_1_piece0 in memory on 2c1c54a40160:34327 (size: 6.4 KiB, free: 434.4 MiB)
[2025-07-20T09:06:39.922+0000] {subprocess.py:93} INFO - 25/07/20 09:06:39 INFO SparkContext: Created broadcast 1 from broadcast at DAGScheduler.scala:1585
[2025-07-20T09:06:39.968+0000] {subprocess.py:93} INFO - 25/07/20 09:06:39 INFO DAGScheduler: Submitting 1 missing tasks from ResultStage 0 (MapPartitionsRDD[3] at csv at <unknown>:0) (first 15 tasks are for partitions Vector(0))
[2025-07-20T09:06:39.972+0000] {subprocess.py:93} INFO - 25/07/20 09:06:39 INFO TaskSchedulerImpl: Adding task set 0.0 with 1 tasks resource profile 0
[2025-07-20T09:06:40.053+0000] {subprocess.py:93} INFO - 25/07/20 09:06:40 INFO TaskSetManager: Starting task 0.0 in stage 0.0 (TID 0) (2c1c54a40160, executor driver, partition 0, PROCESS_LOCAL, 9608 bytes)
[2025-07-20T09:06:40.076+0000] {subprocess.py:93} INFO - 25/07/20 09:06:40 INFO Executor: Running task 0.0 in stage 0.0 (TID 0)
[2025-07-20T09:06:40.440+0000] {subprocess.py:93} INFO - 25/07/20 09:06:40 INFO CodeGenerator: Code generated in 69.825 ms
[2025-07-20T09:06:40.448+0000] {subprocess.py:93} INFO - 25/07/20 09:06:40 INFO FileScanRDD: Reading File path: file:///opt/***/data/products/products.csv, range: 0-1256, partition values: [empty row]
[2025-07-20T09:06:40.533+0000] {subprocess.py:93} INFO - 25/07/20 09:06:40 INFO CodeGenerator: Code generated in 58.399917 ms
[2025-07-20T09:06:40.922+0000] {subprocess.py:93} INFO - 25/07/20 09:06:40 INFO Executor: Finished task 0.0 in stage 0.0 (TID 0). 1691 bytes result sent to driver
[2025-07-20T09:06:40.969+0000] {subprocess.py:93} INFO - 25/07/20 09:06:40 INFO TaskSetManager: Finished task 0.0 in stage 0.0 (TID 0) in 935 ms on 2c1c54a40160 (executor driver) (1/1)
[2025-07-20T09:06:40.972+0000] {subprocess.py:93} INFO - 25/07/20 09:06:40 INFO TaskSchedulerImpl: Removed TaskSet 0.0, whose tasks have all completed, from pool
[2025-07-20T09:06:40.994+0000] {subprocess.py:93} INFO - 25/07/20 09:06:40 INFO DAGScheduler: ResultStage 0 (csv at <unknown>:0) finished in 1.210 s
[2025-07-20T09:06:41.013+0000] {subprocess.py:93} INFO - 25/07/20 09:06:41 INFO DAGScheduler: Job 0 is finished. Cancelling potential speculative or zombie tasks for this job
[2025-07-20T09:06:41.017+0000] {subprocess.py:93} INFO - 25/07/20 09:06:41 INFO TaskSchedulerImpl: Killing all running tasks in stage 0: Stage finished
[2025-07-20T09:06:41.037+0000] {subprocess.py:93} INFO - 25/07/20 09:06:41 INFO DAGScheduler: Job 0 finished: csv at <unknown>:0, took 1.331542 s
[2025-07-20T09:06:41.151+0000] {subprocess.py:93} INFO - 25/07/20 09:06:41 INFO CodeGenerator: Code generated in 58.763 ms
[2025-07-20T09:06:41.536+0000] {subprocess.py:93} INFO - 25/07/20 09:06:41 INFO BlockManagerInfo: Removed broadcast_1_piece0 on 2c1c54a40160:34327 in memory (size: 6.4 KiB, free: 434.4 MiB)
[2025-07-20T09:06:41.618+0000] {subprocess.py:93} INFO - 25/07/20 09:06:41 INFO FileSourceStrategy: Pushed Filters:
[2025-07-20T09:06:41.620+0000] {subprocess.py:93} INFO - 25/07/20 09:06:41 INFO FileSourceStrategy: Post-Scan Filters:
[2025-07-20T09:06:41.682+0000] {subprocess.py:93} INFO - 25/07/20 09:06:41 INFO MemoryStore: Block broadcast_2 stored as values in memory (estimated size 199.6 KiB, free 434.0 MiB)
[2025-07-20T09:06:41.848+0000] {subprocess.py:93} INFO - 25/07/20 09:06:41 INFO MemoryStore: Block broadcast_2_piece0 stored as bytes in memory (estimated size 34.3 KiB, free 433.9 MiB)
[2025-07-20T09:06:41.856+0000] {subprocess.py:93} INFO - 25/07/20 09:06:41 INFO BlockManagerInfo: Added broadcast_2_piece0 in memory on 2c1c54a40160:34327 (size: 34.3 KiB, free: 434.3 MiB)
[2025-07-20T09:06:42.020+0000] {subprocess.py:93} INFO - 25/07/20 09:06:42 INFO SparkContext: Created broadcast 2 from csv at <unknown>:0
[2025-07-20T09:06:42.049+0000] {subprocess.py:93} INFO - 25/07/20 09:06:42 INFO FileSourceScanExec: Planning scan with bin packing, max size: 4194304 bytes, open cost is considered as scanning 4194304 bytes.
[2025-07-20T09:06:42.375+0000] {subprocess.py:93} INFO - 25/07/20 09:06:42 INFO SparkContext: Starting job: csv at <unknown>:0
[2025-07-20T09:06:42.383+0000] {subprocess.py:93} INFO - 25/07/20 09:06:42 INFO DAGScheduler: Got job 1 (csv at <unknown>:0) with 1 output partitions
[2025-07-20T09:06:42.384+0000] {subprocess.py:93} INFO - 25/07/20 09:06:42 INFO DAGScheduler: Final stage: ResultStage 1 (csv at <unknown>:0)
[2025-07-20T09:06:42.385+0000] {subprocess.py:93} INFO - 25/07/20 09:06:42 INFO DAGScheduler: Parents of final stage: List()
[2025-07-20T09:06:42.386+0000] {subprocess.py:93} INFO - 25/07/20 09:06:42 INFO DAGScheduler: Missing parents: List()
[2025-07-20T09:06:42.389+0000] {subprocess.py:93} INFO - 25/07/20 09:06:42 INFO DAGScheduler: Submitting ResultStage 1 (MapPartitionsRDD[9] at csv at <unknown>:0), which has no missing parents
[2025-07-20T09:06:42.457+0000] {subprocess.py:93} INFO - 25/07/20 09:06:42 INFO MemoryStore: Block broadcast_3 stored as values in memory (estimated size 27.7 KiB, free 433.9 MiB)
[2025-07-20T09:06:42.488+0000] {subprocess.py:93} INFO - 25/07/20 09:06:42 INFO MemoryStore: Block broadcast_3_piece0 stored as bytes in memory (estimated size 12.7 KiB, free 433.9 MiB)
[2025-07-20T09:06:42.491+0000] {subprocess.py:93} INFO - 25/07/20 09:06:42 INFO BlockManagerInfo: Added broadcast_3_piece0 in memory on 2c1c54a40160:34327 (size: 12.7 KiB, free: 434.3 MiB)
[2025-07-20T09:06:42.501+0000] {subprocess.py:93} INFO - 25/07/20 09:06:42 INFO BlockManagerInfo: Removed broadcast_0_piece0 on 2c1c54a40160:34327 in memory (size: 34.3 KiB, free: 434.4 MiB)
[2025-07-20T09:06:42.502+0000] {subprocess.py:93} INFO - 25/07/20 09:06:42 INFO SparkContext: Created broadcast 3 from broadcast at DAGScheduler.scala:1585
[2025-07-20T09:06:42.628+0000] {subprocess.py:93} INFO - 25/07/20 09:06:42 INFO DAGScheduler: Submitting 1 missing tasks from ResultStage 1 (MapPartitionsRDD[9] at csv at <unknown>:0) (first 15 tasks are for partitions Vector(0))
[2025-07-20T09:06:42.630+0000] {subprocess.py:93} INFO - 25/07/20 09:06:42 INFO TaskSchedulerImpl: Adding task set 1.0 with 1 tasks resource profile 0
[2025-07-20T09:06:42.656+0000] {subprocess.py:93} INFO - 25/07/20 09:06:42 INFO TaskSetManager: Starting task 0.0 in stage 1.0 (TID 1) (2c1c54a40160, executor driver, partition 0, PROCESS_LOCAL, 9608 bytes)
[2025-07-20T09:06:42.664+0000] {subprocess.py:93} INFO - 25/07/20 09:06:42 INFO Executor: Running task 0.0 in stage 1.0 (TID 1)
[2025-07-20T09:06:42.950+0000] {subprocess.py:93} INFO - 25/07/20 09:06:42 INFO CodeGenerator: Code generated in 58.874958 ms
[2025-07-20T09:06:42.960+0000] {subprocess.py:93} INFO - 25/07/20 09:06:42 INFO FileScanRDD: Reading File path: file:///opt/***/data/products/products.csv, range: 0-1256, partition values: [empty row]
[2025-07-20T09:06:43.117+0000] {subprocess.py:93} INFO - 25/07/20 09:06:43 INFO Executor: Finished task 0.0 in stage 1.0 (TID 1). 1664 bytes result sent to driver
[2025-07-20T09:06:43.138+0000] {subprocess.py:93} INFO - 25/07/20 09:06:43 INFO TaskSetManager: Finished task 0.0 in stage 1.0 (TID 1) in 484 ms on 2c1c54a40160 (executor driver) (1/1)
[2025-07-20T09:06:43.140+0000] {subprocess.py:93} INFO - 25/07/20 09:06:43 INFO TaskSchedulerImpl: Removed TaskSet 1.0, whose tasks have all completed, from pool
[2025-07-20T09:06:43.149+0000] {subprocess.py:93} INFO - 25/07/20 09:06:43 INFO DAGScheduler: ResultStage 1 (csv at <unknown>:0) finished in 0.740 s
[2025-07-20T09:06:43.151+0000] {subprocess.py:93} INFO - 25/07/20 09:06:43 INFO DAGScheduler: Job 1 is finished. Cancelling potential speculative or zombie tasks for this job
[2025-07-20T09:06:43.153+0000] {subprocess.py:93} INFO - 25/07/20 09:06:43 INFO TaskSchedulerImpl: Killing all running tasks in stage 1: Stage finished
[2025-07-20T09:06:43.157+0000] {subprocess.py:93} INFO - 25/07/20 09:06:43 INFO DAGScheduler: Job 1 finished: csv at <unknown>:0, took 0.781539 s
[2025-07-20T09:06:43.427+0000] {subprocess.py:93} INFO - 25/07/20 09:06:43 INFO FileSourceStrategy: Pushed Filters:
[2025-07-20T09:06:43.428+0000] {subprocess.py:93} INFO - 25/07/20 09:06:43 INFO FileSourceStrategy: Post-Scan Filters:
[2025-07-20T09:06:43.530+0000] {subprocess.py:93} INFO - 25/07/20 09:06:43 INFO ParquetUtils: Using default output committer for Parquet: org.apache.parquet.hadoop.ParquetOutputCommitter
[2025-07-20T09:06:43.580+0000] {subprocess.py:93} INFO - 25/07/20 09:06:43 INFO FileOutputCommitter: File Output Committer Algorithm version is 1
[2025-07-20T09:06:43.581+0000] {subprocess.py:93} INFO - 25/07/20 09:06:43 INFO FileOutputCommitter: FileOutputCommitter skip cleanup _temporary folders under output directory:false, ignore cleanup failures: false
[2025-07-20T09:06:43.582+0000] {subprocess.py:93} INFO - 25/07/20 09:06:43 INFO SQLHadoopMapReduceCommitProtocol: Using user defined output committer class org.apache.parquet.hadoop.ParquetOutputCommitter
[2025-07-20T09:06:43.583+0000] {subprocess.py:93} INFO - 25/07/20 09:06:43 INFO FileOutputCommitter: File Output Committer Algorithm version is 1
[2025-07-20T09:06:43.584+0000] {subprocess.py:93} INFO - 25/07/20 09:06:43 INFO FileOutputCommitter: FileOutputCommitter skip cleanup _temporary folders under output directory:false, ignore cleanup failures: false
[2025-07-20T09:06:43.584+0000] {subprocess.py:93} INFO - 25/07/20 09:06:43 INFO SQLHadoopMapReduceCommitProtocol: Using output committer class org.apache.parquet.hadoop.ParquetOutputCommitter
[2025-07-20T09:06:43.801+0000] {subprocess.py:93} INFO - 25/07/20 09:06:43 INFO MemoryStore: Block broadcast_4 stored as values in memory (estimated size 199.5 KiB, free 433.9 MiB)
[2025-07-20T09:06:43.829+0000] {subprocess.py:93} INFO - 25/07/20 09:06:43 INFO MemoryStore: Block broadcast_4_piece0 stored as bytes in memory (estimated size 34.3 KiB, free 433.9 MiB)
[2025-07-20T09:06:43.829+0000] {subprocess.py:93} INFO - 25/07/20 09:06:43 INFO BlockManagerInfo: Added broadcast_4_piece0 in memory on 2c1c54a40160:34327 (size: 34.3 KiB, free: 434.3 MiB)
[2025-07-20T09:06:43.836+0000] {subprocess.py:93} INFO - 25/07/20 09:06:43 INFO SparkContext: Created broadcast 4 from save at <unknown>:0
[2025-07-20T09:06:43.855+0000] {subprocess.py:93} INFO - 25/07/20 09:06:43 INFO FileSourceScanExec: Planning scan with bin packing, max size: 4194304 bytes, open cost is considered as scanning 4194304 bytes.
[2025-07-20T09:06:43.904+0000] {subprocess.py:93} INFO - 25/07/20 09:06:43 INFO SparkContext: Starting job: save at <unknown>:0
[2025-07-20T09:06:43.907+0000] {subprocess.py:93} INFO - 25/07/20 09:06:43 INFO DAGScheduler: Got job 2 (save at <unknown>:0) with 1 output partitions
[2025-07-20T09:06:43.908+0000] {subprocess.py:93} INFO - 25/07/20 09:06:43 INFO DAGScheduler: Final stage: ResultStage 2 (save at <unknown>:0)
[2025-07-20T09:06:43.909+0000] {subprocess.py:93} INFO - 25/07/20 09:06:43 INFO DAGScheduler: Parents of final stage: List()
[2025-07-20T09:06:43.912+0000] {subprocess.py:93} INFO - 25/07/20 09:06:43 INFO DAGScheduler: Missing parents: List()
[2025-07-20T09:06:43.914+0000] {subprocess.py:93} INFO - 25/07/20 09:06:43 INFO DAGScheduler: Submitting ResultStage 2 (MapPartitionsRDD[12] at save at <unknown>:0), which has no missing parents
[2025-07-20T09:06:44.034+0000] {subprocess.py:93} INFO - 25/07/20 09:06:44 INFO MemoryStore: Block broadcast_5 stored as values in memory (estimated size 213.0 KiB, free 433.7 MiB)
[2025-07-20T09:06:44.050+0000] {subprocess.py:93} INFO - 25/07/20 09:06:44 INFO MemoryStore: Block broadcast_5_piece0 stored as bytes in memory (estimated size 76.9 KiB, free 433.6 MiB)
[2025-07-20T09:06:44.057+0000] {subprocess.py:93} INFO - 25/07/20 09:06:44 INFO BlockManagerInfo: Added broadcast_5_piece0 in memory on 2c1c54a40160:34327 (size: 76.9 KiB, free: 434.2 MiB)
[2025-07-20T09:06:44.060+0000] {subprocess.py:93} INFO - 25/07/20 09:06:44 INFO SparkContext: Created broadcast 5 from broadcast at DAGScheduler.scala:1585
[2025-07-20T09:06:44.068+0000] {subprocess.py:93} INFO - 25/07/20 09:06:44 INFO DAGScheduler: Submitting 1 missing tasks from ResultStage 2 (MapPartitionsRDD[12] at save at <unknown>:0) (first 15 tasks are for partitions Vector(0))
[2025-07-20T09:06:44.069+0000] {subprocess.py:93} INFO - 25/07/20 09:06:44 INFO TaskSchedulerImpl: Adding task set 2.0 with 1 tasks resource profile 0
[2025-07-20T09:06:44.085+0000] {subprocess.py:93} INFO - 25/07/20 09:06:44 INFO TaskSetManager: Starting task 0.0 in stage 2.0 (TID 2) (2c1c54a40160, executor driver, partition 0, PROCESS_LOCAL, 9608 bytes)
[2025-07-20T09:06:44.097+0000] {subprocess.py:93} INFO - 25/07/20 09:06:44 INFO Executor: Running task 0.0 in stage 2.0 (TID 2)
[2025-07-20T09:06:44.386+0000] {subprocess.py:93} INFO - 25/07/20 09:06:44 INFO FileOutputCommitter: File Output Committer Algorithm version is 1
[2025-07-20T09:06:44.388+0000] {subprocess.py:93} INFO - 25/07/20 09:06:44 INFO FileOutputCommitter: FileOutputCommitter skip cleanup _temporary folders under output directory:false, ignore cleanup failures: false
[2025-07-20T09:06:44.399+0000] {subprocess.py:93} INFO - 25/07/20 09:06:44 INFO SQLHadoopMapReduceCommitProtocol: Using user defined output committer class org.apache.parquet.hadoop.ParquetOutputCommitter
[2025-07-20T09:06:44.402+0000] {subprocess.py:93} INFO - 25/07/20 09:06:44 INFO FileOutputCommitter: File Output Committer Algorithm version is 1
[2025-07-20T09:06:44.403+0000] {subprocess.py:93} INFO - 25/07/20 09:06:44 INFO FileOutputCommitter: FileOutputCommitter skip cleanup _temporary folders under output directory:false, ignore cleanup failures: false
[2025-07-20T09:06:44.403+0000] {subprocess.py:93} INFO - 25/07/20 09:06:44 INFO SQLHadoopMapReduceCommitProtocol: Using output committer class org.apache.parquet.hadoop.ParquetOutputCommitter
[2025-07-20T09:06:44.424+0000] {subprocess.py:93} INFO - 25/07/20 09:06:44 INFO CodecConfig: Compression: SNAPPY
[2025-07-20T09:06:44.439+0000] {subprocess.py:93} INFO - 25/07/20 09:06:44 INFO CodecConfig: Compression: SNAPPY
[2025-07-20T09:06:44.524+0000] {subprocess.py:93} INFO - 25/07/20 09:06:44 INFO ParquetOutputFormat: ParquetRecordWriter [block size: 134217728b, row group padding size: 8388608b, validating: false]
[2025-07-20T09:06:44.603+0000] {subprocess.py:93} INFO - 25/07/20 09:06:44 INFO ParquetWriteSupport: Initialized Parquet WriteSupport with Catalyst schema:
[2025-07-20T09:06:44.604+0000] {subprocess.py:93} INFO - {
[2025-07-20T09:06:44.604+0000] {subprocess.py:93} INFO -   "type" : "struct",
[2025-07-20T09:06:44.604+0000] {subprocess.py:93} INFO -   "fields" : [ {
[2025-07-20T09:06:44.605+0000] {subprocess.py:93} INFO -     "name" : "product_id",
[2025-07-20T09:06:44.605+0000] {subprocess.py:93} INFO -     "type" : "integer",
[2025-07-20T09:06:44.607+0000] {subprocess.py:93} INFO -     "nullable" : true,
[2025-07-20T09:06:44.609+0000] {subprocess.py:93} INFO -     "metadata" : { }
[2025-07-20T09:06:44.610+0000] {subprocess.py:93} INFO -   }, {
[2025-07-20T09:06:44.612+0000] {subprocess.py:93} INFO -     "name" : "product_name",
[2025-07-20T09:06:44.614+0000] {subprocess.py:93} INFO -     "type" : "string",
[2025-07-20T09:06:44.617+0000] {subprocess.py:93} INFO -     "nullable" : true,
[2025-07-20T09:06:44.618+0000] {subprocess.py:93} INFO -     "metadata" : { }
[2025-07-20T09:06:44.619+0000] {subprocess.py:93} INFO -   }, {
[2025-07-20T09:06:44.620+0000] {subprocess.py:93} INFO -     "name" : "category",
[2025-07-20T09:06:44.623+0000] {subprocess.py:93} INFO -     "type" : "string",
[2025-07-20T09:06:44.624+0000] {subprocess.py:93} INFO -     "nullable" : true,
[2025-07-20T09:06:44.626+0000] {subprocess.py:93} INFO -     "metadata" : { }
[2025-07-20T09:06:44.627+0000] {subprocess.py:93} INFO -   }, {
[2025-07-20T09:06:44.628+0000] {subprocess.py:93} INFO -     "name" : "price",
[2025-07-20T09:06:44.629+0000] {subprocess.py:93} INFO -     "type" : "integer",
[2025-07-20T09:06:44.630+0000] {subprocess.py:93} INFO -     "nullable" : true,
[2025-07-20T09:06:44.631+0000] {subprocess.py:93} INFO -     "metadata" : { }
[2025-07-20T09:06:44.632+0000] {subprocess.py:93} INFO -   } ]
[2025-07-20T09:06:44.633+0000] {subprocess.py:93} INFO - }
[2025-07-20T09:06:44.634+0000] {subprocess.py:93} INFO - and corresponding Parquet message type:
[2025-07-20T09:06:44.634+0000] {subprocess.py:93} INFO - message spark_schema {
[2025-07-20T09:06:44.635+0000] {subprocess.py:93} INFO -   optional int32 product_id;
[2025-07-20T09:06:44.637+0000] {subprocess.py:93} INFO -   optional binary product_name (STRING);
[2025-07-20T09:06:44.638+0000] {subprocess.py:93} INFO -   optional binary category (STRING);
[2025-07-20T09:06:44.638+0000] {subprocess.py:93} INFO -   optional int32 price;
[2025-07-20T09:06:44.639+0000] {subprocess.py:93} INFO - }
[2025-07-20T09:06:44.640+0000] {subprocess.py:93} INFO - 
[2025-07-20T09:06:44.642+0000] {subprocess.py:93} INFO - 
[2025-07-20T09:06:45.034+0000] {subprocess.py:93} INFO - 25/07/20 09:06:45 INFO CodecPool: Got brand-new compressor [.snappy]
[2025-07-20T09:06:45.374+0000] {subprocess.py:93} INFO - 25/07/20 09:06:45 INFO FileScanRDD: Reading File path: file:///opt/***/data/products/products.csv, range: 0-1256, partition values: [empty row]
[2025-07-20T09:06:45.517+0000] {subprocess.py:93} INFO - 25/07/20 09:06:45 INFO CodeGenerator: Code generated in 114.672458 ms
[2025-07-20T09:06:46.038+0000] {subprocess.py:93} INFO - 25/07/20 09:06:46 INFO FileOutputCommitter: Saved output of task 'attempt_202507200906431616139525889077499_0002_m_000000_2' to file:/opt/***/data/delta/dim_product/_temporary/0/task_202507200906431616139525889077499_0002_m_000000
[2025-07-20T09:06:46.063+0000] {subprocess.py:93} INFO - 25/07/20 09:06:46 INFO SparkHadoopMapRedUtil: attempt_202507200906431616139525889077499_0002_m_000000_2: Committed. Elapsed time: 24 ms.
[2025-07-20T09:06:46.097+0000] {subprocess.py:93} INFO - 25/07/20 09:06:46 INFO Executor: Finished task 0.0 in stage 2.0 (TID 2). 2502 bytes result sent to driver
[2025-07-20T09:06:46.108+0000] {subprocess.py:93} INFO - 25/07/20 09:06:46 INFO TaskSetManager: Finished task 0.0 in stage 2.0 (TID 2) in 2025 ms on 2c1c54a40160 (executor driver) (1/1)
[2025-07-20T09:06:46.113+0000] {subprocess.py:93} INFO - 25/07/20 09:06:46 INFO TaskSchedulerImpl: Removed TaskSet 2.0, whose tasks have all completed, from pool
[2025-07-20T09:06:46.117+0000] {subprocess.py:93} INFO - 25/07/20 09:06:46 INFO DAGScheduler: ResultStage 2 (save at <unknown>:0) finished in 2.197 s
[2025-07-20T09:06:46.118+0000] {subprocess.py:93} INFO - 25/07/20 09:06:46 INFO DAGScheduler: Job 2 is finished. Cancelling potential speculative or zombie tasks for this job
[2025-07-20T09:06:46.125+0000] {subprocess.py:93} INFO - 25/07/20 09:06:46 INFO TaskSchedulerImpl: Killing all running tasks in stage 2: Stage finished
[2025-07-20T09:06:46.130+0000] {subprocess.py:93} INFO - 25/07/20 09:06:46 INFO DAGScheduler: Job 2 finished: save at <unknown>:0, took 2.225134 s
[2025-07-20T09:06:46.139+0000] {subprocess.py:93} INFO - 25/07/20 09:06:46 INFO FileFormatWriter: Start to commit write Job e6237c00-5ec2-4cbb-987f-572386adff69.
[2025-07-20T09:06:46.354+0000] {subprocess.py:93} INFO - 25/07/20 09:06:46 INFO FileFormatWriter: Write Job e6237c00-5ec2-4cbb-987f-572386adff69 committed. Elapsed time: 204 ms.
[2025-07-20T09:06:46.379+0000] {subprocess.py:93} INFO - 25/07/20 09:06:46 INFO FileFormatWriter: Finished processing stats for write job e6237c00-5ec2-4cbb-987f-572386adff69.
[2025-07-20T09:06:46.601+0000] {subprocess.py:93} INFO - 25/07/20 09:06:46 INFO SparkContext: Invoking stop() from shutdown hook
[2025-07-20T09:06:46.603+0000] {subprocess.py:93} INFO - 25/07/20 09:06:46 INFO SparkContext: SparkContext is stopping with exitCode 0.
[2025-07-20T09:06:46.640+0000] {subprocess.py:93} INFO - 25/07/20 09:06:46 INFO SparkUI: Stopped Spark web UI at http://2c1c54a40160:4041
[2025-07-20T09:06:46.668+0000] {subprocess.py:93} INFO - 25/07/20 09:06:46 INFO MapOutputTrackerMasterEndpoint: MapOutputTrackerMasterEndpoint stopped!
[2025-07-20T09:06:46.790+0000] {subprocess.py:93} INFO - 25/07/20 09:06:46 INFO MemoryStore: MemoryStore cleared
[2025-07-20T09:06:46.792+0000] {subprocess.py:93} INFO - 25/07/20 09:06:46 INFO BlockManager: BlockManager stopped
[2025-07-20T09:06:46.796+0000] {subprocess.py:93} INFO - 25/07/20 09:06:46 INFO BlockManagerMaster: BlockManagerMaster stopped
[2025-07-20T09:06:46.801+0000] {subprocess.py:93} INFO - 25/07/20 09:06:46 INFO OutputCommitCoordinator$OutputCommitCoordinatorEndpoint: OutputCommitCoordinator stopped!
[2025-07-20T09:06:46.873+0000] {subprocess.py:93} INFO - 25/07/20 09:06:46 INFO SparkContext: Successfully stopped SparkContext
[2025-07-20T09:06:46.874+0000] {subprocess.py:93} INFO - 25/07/20 09:06:46 INFO ShutdownHookManager: Shutdown hook called
[2025-07-20T09:06:46.874+0000] {subprocess.py:93} INFO - 25/07/20 09:06:46 INFO ShutdownHookManager: Deleting directory /tmp/spark-9a91a028-0f4c-4481-b88d-cb99c95dabb8
[2025-07-20T09:06:46.927+0000] {subprocess.py:93} INFO - 25/07/20 09:06:46 INFO ShutdownHookManager: Deleting directory /tmp/spark-9a91a028-0f4c-4481-b88d-cb99c95dabb8/pyspark-b08996ec-445c-401d-a41b-8c141b5a6a84
[2025-07-20T09:06:46.985+0000] {subprocess.py:93} INFO - 25/07/20 09:06:46 INFO ShutdownHookManager: Deleting directory /tmp/spark-c9c52166-636d-4761-83e6-6551a0b813cb
[2025-07-20T09:06:47.138+0000] {subprocess.py:97} INFO - Command exited with return code 0
[2025-07-20T09:06:47.316+0000] {taskinstance.py:1327} INFO - Marking task as SUCCESS. dag_id=retail_sales_pipeline, task_id=process_products, execution_date=20250720T090615, start_date=20250720T090617, end_date=20250720T090647
[2025-07-20T09:06:47.383+0000] {local_task_job.py:159} INFO - Task exited with return code 0
[2025-07-20T09:06:47.507+0000] {taskinstance.py:2582} INFO - 1 downstream tasks scheduled from follow-on schedule check
