[2025-07-02T16:47:36.313+0000] {taskinstance.py:1087} INFO - Dependencies all met for <TaskInstance: retail_sales_pipeline.simulate_kafka_events manual__2025-07-02T16:47:27.723418+00:00 [queued]>
[2025-07-02T16:47:36.395+0000] {taskinstance.py:1087} INFO - Dependencies all met for <TaskInstance: retail_sales_pipeline.simulate_kafka_events manual__2025-07-02T16:47:27.723418+00:00 [queued]>
[2025-07-02T16:47:36.396+0000] {taskinstance.py:1283} INFO - 
--------------------------------------------------------------------------------
[2025-07-02T16:47:36.397+0000] {taskinstance.py:1284} INFO - Starting attempt 1 of 2
[2025-07-02T16:47:36.397+0000] {taskinstance.py:1285} INFO - 
--------------------------------------------------------------------------------
[2025-07-02T16:47:36.564+0000] {taskinstance.py:1304} INFO - Executing <Task(BashOperator): simulate_kafka_events> on 2025-07-02 16:47:27.723418+00:00
[2025-07-02T16:47:36.688+0000] {standard_task_runner.py:55} INFO - Started process 1415 to run task
[2025-07-02T16:47:36.721+0000] {standard_task_runner.py:82} INFO - Running: ['***', 'tasks', 'run', 'retail_sales_pipeline', 'simulate_kafka_events', 'manual__2025-07-02T16:47:27.723418+00:00', '--job-id', '25', '--raw', '--subdir', 'DAGS_FOLDER/retail_sales_pipeline.py', '--cfg-path', '/tmp/tmp6lxp41q1']
[2025-07-02T16:47:36.727+0000] {standard_task_runner.py:83} INFO - Job 25: Subtask simulate_kafka_events
[2025-07-02T16:47:38.381+0000] {task_command.py:389} INFO - Running <TaskInstance: retail_sales_pipeline.simulate_kafka_events manual__2025-07-02T16:47:27.723418+00:00 [running]> on host febdae18cce2
[2025-07-02T16:47:40.661+0000] {taskinstance.py:1513} INFO - Exporting the following env vars:
AIRFLOW_CTX_DAG_OWNER=***
AIRFLOW_CTX_DAG_ID=retail_sales_pipeline
AIRFLOW_CTX_TASK_ID=simulate_kafka_events
AIRFLOW_CTX_EXECUTION_DATE=2025-07-02T16:47:27.723418+00:00
AIRFLOW_CTX_TRY_NUMBER=1
AIRFLOW_CTX_DAG_RUN_ID=manual__2025-07-02T16:47:27.723418+00:00
[2025-07-02T16:47:40.704+0000] {subprocess.py:63} INFO - Tmp dir root location: 
 /tmp
[2025-07-02T16:47:40.746+0000] {subprocess.py:75} INFO - Running command: ['/bin/bash', '-c', '\n        python3 /opt/***/scripts/ingestion/kafka_producer.py\n        ']
[2025-07-02T16:47:41.015+0000] {subprocess.py:86} INFO - Output:
[2025-07-02T16:47:55.224+0000] {subprocess.py:93} INFO - Record successfully produced to transaction-events [0] at offset 350
[2025-07-02T16:47:55.247+0000] {subprocess.py:93} INFO - Record successfully produced to transaction-events [0] at offset 351
[2025-07-02T16:47:55.250+0000] {subprocess.py:93} INFO - Record successfully produced to transaction-events [0] at offset 352
[2025-07-02T16:47:55.251+0000] {subprocess.py:93} INFO - Record successfully produced to transaction-events [0] at offset 353
[2025-07-02T16:47:55.255+0000] {subprocess.py:93} INFO - Record successfully produced to transaction-events [0] at offset 354
[2025-07-02T16:47:55.259+0000] {subprocess.py:93} INFO - Record successfully produced to transaction-events [0] at offset 355
[2025-07-02T16:47:55.262+0000] {subprocess.py:93} INFO - Record successfully produced to transaction-events [0] at offset 356
[2025-07-02T16:47:55.268+0000] {subprocess.py:93} INFO - Record successfully produced to transaction-events [0] at offset 357
[2025-07-02T16:47:55.273+0000] {subprocess.py:93} INFO - Record successfully produced to transaction-events [0] at offset 358
[2025-07-02T16:47:55.274+0000] {subprocess.py:93} INFO - Record successfully produced to transaction-events [0] at offset 359
[2025-07-02T16:47:55.479+0000] {subprocess.py:97} INFO - Command exited with return code 0
[2025-07-02T16:47:57.512+0000] {taskinstance.py:1327} INFO - Marking task as SUCCESS. dag_id=retail_sales_pipeline, task_id=simulate_kafka_events, execution_date=20250702T164727, start_date=20250702T164736, end_date=20250702T164757
[2025-07-02T16:47:58.846+0000] {local_task_job.py:159} INFO - Task exited with return code 0
[2025-07-02T16:47:59.371+0000] {taskinstance.py:2582} INFO - 0 downstream tasks scheduled from follow-on schedule check
