[2025-07-04T20:02:29.865+0000] {taskinstance.py:1087} INFO - Dependencies all met for <TaskInstance: retail_sales_pipeline.simulate_kafka_events manual__2025-07-04T19:41:01.587132+00:00 [queued]>
[2025-07-04T20:02:29.878+0000] {taskinstance.py:1087} INFO - Dependencies all met for <TaskInstance: retail_sales_pipeline.simulate_kafka_events manual__2025-07-04T19:41:01.587132+00:00 [queued]>
[2025-07-04T20:02:29.878+0000] {taskinstance.py:1283} INFO - 
--------------------------------------------------------------------------------
[2025-07-04T20:02:29.878+0000] {taskinstance.py:1284} INFO - Starting attempt 4 of 5
[2025-07-04T20:02:29.878+0000] {taskinstance.py:1285} INFO - 
--------------------------------------------------------------------------------
[2025-07-04T20:02:29.906+0000] {taskinstance.py:1304} INFO - Executing <Task(BashOperator): simulate_kafka_events> on 2025-07-04 19:41:01.587132+00:00
[2025-07-04T20:02:29.913+0000] {standard_task_runner.py:55} INFO - Started process 963 to run task
[2025-07-04T20:02:29.916+0000] {standard_task_runner.py:82} INFO - Running: ['***', 'tasks', 'run', 'retail_sales_pipeline', 'simulate_kafka_events', 'manual__2025-07-04T19:41:01.587132+00:00', '--job-id', '14', '--raw', '--subdir', 'DAGS_FOLDER/retail_sales_pipeline.py', '--cfg-path', '/tmp/tmplgyby2s0']
[2025-07-04T20:02:29.917+0000] {standard_task_runner.py:83} INFO - Job 14: Subtask simulate_kafka_events
[2025-07-04T20:02:30.267+0000] {task_command.py:389} INFO - Running <TaskInstance: retail_sales_pipeline.simulate_kafka_events manual__2025-07-04T19:41:01.587132+00:00 [running]> on host ce609c2457b1
[2025-07-04T20:02:30.558+0000] {taskinstance.py:1513} INFO - Exporting the following env vars:
AIRFLOW_CTX_DAG_OWNER=***
AIRFLOW_CTX_DAG_ID=retail_sales_pipeline
AIRFLOW_CTX_TASK_ID=simulate_kafka_events
AIRFLOW_CTX_EXECUTION_DATE=2025-07-04T19:41:01.587132+00:00
AIRFLOW_CTX_TRY_NUMBER=4
AIRFLOW_CTX_DAG_RUN_ID=manual__2025-07-04T19:41:01.587132+00:00
[2025-07-04T20:02:30.560+0000] {subprocess.py:63} INFO - Tmp dir root location: 
 /tmp
[2025-07-04T20:02:30.562+0000] {subprocess.py:75} INFO - Running command: ['/bin/bash', '-c', '\n        python3 /opt/***/scripts/ingestion/kafka_producer.py\n        ']
[2025-07-04T20:02:30.578+0000] {subprocess.py:86} INFO - Output:
[2025-07-04T20:04:32.404+0000] {subprocess.py:93} INFO - Record successfully produced to transaction-events [0] at offset 0
[2025-07-04T20:04:32.411+0000] {subprocess.py:93} INFO - Record successfully produced to transaction-events [0] at offset 1
[2025-07-04T20:04:32.412+0000] {subprocess.py:93} INFO - Record successfully produced to transaction-events [0] at offset 2
[2025-07-04T20:04:32.412+0000] {subprocess.py:93} INFO - Record successfully produced to transaction-events [0] at offset 3
[2025-07-04T20:04:32.412+0000] {subprocess.py:93} INFO - Record successfully produced to transaction-events [0] at offset 4
[2025-07-04T20:04:32.412+0000] {subprocess.py:93} INFO - Record successfully produced to transaction-events [0] at offset 5
[2025-07-04T20:04:32.413+0000] {subprocess.py:93} INFO - Record successfully produced to transaction-events [0] at offset 6
[2025-07-04T20:04:32.413+0000] {subprocess.py:93} INFO - Record successfully produced to transaction-events [0] at offset 7
[2025-07-04T20:04:32.413+0000] {subprocess.py:93} INFO - Record successfully produced to transaction-events [0] at offset 8
[2025-07-04T20:04:32.413+0000] {subprocess.py:93} INFO - Record successfully produced to transaction-events [0] at offset 9
[2025-07-04T20:04:32.413+0000] {subprocess.py:93} INFO - Record successfully produced to transaction-events [0] at offset 10
[2025-07-04T20:04:32.414+0000] {subprocess.py:93} INFO - Record successfully produced to transaction-events [0] at offset 11
[2025-07-04T20:04:32.414+0000] {subprocess.py:93} INFO - Record successfully produced to transaction-events [0] at offset 12
[2025-07-04T20:04:32.414+0000] {subprocess.py:93} INFO - Record successfully produced to transaction-events [0] at offset 13
[2025-07-04T20:04:32.414+0000] {subprocess.py:93} INFO - Record successfully produced to transaction-events [0] at offset 14
[2025-07-04T20:04:32.414+0000] {subprocess.py:93} INFO - Record successfully produced to transaction-events [0] at offset 15
[2025-07-04T20:04:32.415+0000] {subprocess.py:93} INFO - Record successfully produced to transaction-events [0] at offset 16
[2025-07-04T20:04:32.415+0000] {subprocess.py:93} INFO - Record successfully produced to transaction-events [0] at offset 17
[2025-07-04T20:04:32.415+0000] {subprocess.py:93} INFO - Record successfully produced to transaction-events [0] at offset 18
[2025-07-04T20:04:32.415+0000] {subprocess.py:93} INFO - Record successfully produced to transaction-events [0] at offset 19
[2025-07-04T20:04:32.415+0000] {subprocess.py:93} INFO - Record successfully produced to transaction-events [0] at offset 20
[2025-07-04T20:04:32.415+0000] {subprocess.py:93} INFO - Record successfully produced to transaction-events [0] at offset 21
[2025-07-04T20:04:32.415+0000] {subprocess.py:93} INFO - Record successfully produced to transaction-events [0] at offset 22
[2025-07-04T20:04:32.415+0000] {subprocess.py:93} INFO - Record successfully produced to transaction-events [0] at offset 23
[2025-07-04T20:04:32.416+0000] {subprocess.py:93} INFO - Record successfully produced to transaction-events [0] at offset 24
[2025-07-04T20:04:32.416+0000] {subprocess.py:93} INFO - Record successfully produced to transaction-events [0] at offset 25
[2025-07-04T20:04:32.416+0000] {subprocess.py:93} INFO - Record successfully produced to transaction-events [0] at offset 26
[2025-07-04T20:04:32.416+0000] {subprocess.py:93} INFO - Record successfully produced to transaction-events [0] at offset 27
[2025-07-04T20:04:32.416+0000] {subprocess.py:93} INFO - Record successfully produced to transaction-events [0] at offset 28
[2025-07-04T20:04:32.416+0000] {subprocess.py:93} INFO - Record successfully produced to transaction-events [0] at offset 29
[2025-07-04T20:04:32.416+0000] {subprocess.py:93} INFO - Record successfully produced to transaction-events [0] at offset 30
[2025-07-04T20:04:32.416+0000] {subprocess.py:93} INFO - Record successfully produced to transaction-events [0] at offset 31
[2025-07-04T20:04:32.417+0000] {subprocess.py:93} INFO - Record successfully produced to transaction-events [0] at offset 32
[2025-07-04T20:04:32.417+0000] {subprocess.py:93} INFO - Record successfully produced to transaction-events [0] at offset 33
[2025-07-04T20:04:32.417+0000] {subprocess.py:93} INFO - Record successfully produced to transaction-events [0] at offset 34
[2025-07-04T20:04:32.417+0000] {subprocess.py:93} INFO - Record successfully produced to transaction-events [0] at offset 35
[2025-07-04T20:04:32.417+0000] {subprocess.py:93} INFO - Record successfully produced to transaction-events [0] at offset 36
[2025-07-04T20:04:32.417+0000] {subprocess.py:93} INFO - Record successfully produced to transaction-events [0] at offset 37
[2025-07-04T20:04:32.417+0000] {subprocess.py:93} INFO - Record successfully produced to transaction-events [0] at offset 38
[2025-07-04T20:04:32.418+0000] {subprocess.py:93} INFO - Record successfully produced to transaction-events [0] at offset 39
[2025-07-04T20:04:32.418+0000] {subprocess.py:93} INFO - Record successfully produced to transaction-events [0] at offset 40
[2025-07-04T20:04:32.418+0000] {subprocess.py:93} INFO - Record successfully produced to transaction-events [0] at offset 41
[2025-07-04T20:04:32.418+0000] {subprocess.py:93} INFO - Record successfully produced to transaction-events [0] at offset 42
[2025-07-04T20:04:32.418+0000] {subprocess.py:93} INFO - Record successfully produced to transaction-events [0] at offset 43
[2025-07-04T20:04:32.419+0000] {subprocess.py:93} INFO - Record successfully produced to transaction-events [0] at offset 44
[2025-07-04T20:04:32.419+0000] {subprocess.py:93} INFO - Record successfully produced to transaction-events [0] at offset 45
[2025-07-04T20:04:32.419+0000] {subprocess.py:93} INFO - Record successfully produced to transaction-events [0] at offset 46
[2025-07-04T20:04:32.419+0000] {subprocess.py:93} INFO - Record successfully produced to transaction-events [0] at offset 47
[2025-07-04T20:04:32.419+0000] {subprocess.py:93} INFO - Record successfully produced to transaction-events [0] at offset 48
[2025-07-04T20:04:32.420+0000] {subprocess.py:93} INFO - Record successfully produced to transaction-events [0] at offset 49
[2025-07-04T20:04:32.420+0000] {subprocess.py:93} INFO - Record successfully produced to transaction-events [0] at offset 50
[2025-07-04T20:04:32.420+0000] {subprocess.py:93} INFO - Record successfully produced to transaction-events [0] at offset 51
[2025-07-04T20:04:32.420+0000] {subprocess.py:93} INFO - Record successfully produced to transaction-events [0] at offset 52
[2025-07-04T20:04:32.420+0000] {subprocess.py:93} INFO - Record successfully produced to transaction-events [0] at offset 53
[2025-07-04T20:04:32.420+0000] {subprocess.py:93} INFO - Record successfully produced to transaction-events [0] at offset 54
[2025-07-04T20:04:32.421+0000] {subprocess.py:93} INFO - Record successfully produced to transaction-events [0] at offset 55
[2025-07-04T20:04:32.421+0000] {subprocess.py:93} INFO - Record successfully produced to transaction-events [0] at offset 56
[2025-07-04T20:04:32.421+0000] {subprocess.py:93} INFO - Record successfully produced to transaction-events [0] at offset 57
[2025-07-04T20:04:32.421+0000] {subprocess.py:93} INFO - Record successfully produced to transaction-events [0] at offset 58
[2025-07-04T20:04:32.421+0000] {subprocess.py:93} INFO - Record successfully produced to transaction-events [0] at offset 59
[2025-07-04T20:04:32.422+0000] {subprocess.py:93} INFO - Record successfully produced to transaction-events [0] at offset 60
[2025-07-04T20:04:32.423+0000] {subprocess.py:93} INFO - Record successfully produced to transaction-events [0] at offset 61
[2025-07-04T20:04:32.423+0000] {subprocess.py:93} INFO - Record successfully produced to transaction-events [0] at offset 62
[2025-07-04T20:04:32.423+0000] {subprocess.py:93} INFO - Record successfully produced to transaction-events [0] at offset 63
[2025-07-04T20:04:32.423+0000] {subprocess.py:93} INFO - Record successfully produced to transaction-events [0] at offset 64
[2025-07-04T20:04:32.423+0000] {subprocess.py:93} INFO - Record successfully produced to transaction-events [0] at offset 65
[2025-07-04T20:04:32.423+0000] {subprocess.py:93} INFO - Record successfully produced to transaction-events [0] at offset 66
[2025-07-04T20:04:32.424+0000] {subprocess.py:93} INFO - Record successfully produced to transaction-events [0] at offset 67
[2025-07-04T20:04:32.424+0000] {subprocess.py:93} INFO - Record successfully produced to transaction-events [0] at offset 68
[2025-07-04T20:04:32.424+0000] {subprocess.py:93} INFO - Record successfully produced to transaction-events [0] at offset 69
[2025-07-04T20:04:32.424+0000] {subprocess.py:93} INFO - Record successfully produced to transaction-events [0] at offset 70
[2025-07-04T20:04:32.424+0000] {subprocess.py:93} INFO - Record successfully produced to transaction-events [0] at offset 71
[2025-07-04T20:04:32.424+0000] {subprocess.py:93} INFO - Record successfully produced to transaction-events [0] at offset 72
[2025-07-04T20:04:32.424+0000] {subprocess.py:93} INFO - Record successfully produced to transaction-events [0] at offset 73
[2025-07-04T20:04:32.425+0000] {subprocess.py:93} INFO - Record successfully produced to transaction-events [0] at offset 74
[2025-07-04T20:04:32.425+0000] {subprocess.py:93} INFO - Record successfully produced to transaction-events [0] at offset 75
[2025-07-04T20:04:32.425+0000] {subprocess.py:93} INFO - Record successfully produced to transaction-events [0] at offset 76
[2025-07-04T20:04:32.425+0000] {subprocess.py:93} INFO - Record successfully produced to transaction-events [0] at offset 77
[2025-07-04T20:04:32.425+0000] {subprocess.py:93} INFO - Record successfully produced to transaction-events [0] at offset 78
[2025-07-04T20:04:32.425+0000] {subprocess.py:93} INFO - Record successfully produced to transaction-events [0] at offset 79
[2025-07-04T20:04:32.426+0000] {subprocess.py:93} INFO - Record successfully produced to transaction-events [0] at offset 80
[2025-07-04T20:04:32.426+0000] {subprocess.py:93} INFO - Record successfully produced to transaction-events [0] at offset 81
[2025-07-04T20:04:32.426+0000] {subprocess.py:93} INFO - Record successfully produced to transaction-events [0] at offset 82
[2025-07-04T20:04:32.426+0000] {subprocess.py:93} INFO - Record successfully produced to transaction-events [0] at offset 83
[2025-07-04T20:04:32.426+0000] {subprocess.py:93} INFO - Record successfully produced to transaction-events [0] at offset 84
[2025-07-04T20:04:32.426+0000] {subprocess.py:93} INFO - Record successfully produced to transaction-events [0] at offset 85
[2025-07-04T20:04:32.427+0000] {subprocess.py:93} INFO - Record successfully produced to transaction-events [0] at offset 86
[2025-07-04T20:04:32.427+0000] {subprocess.py:93} INFO - Record successfully produced to transaction-events [0] at offset 87
[2025-07-04T20:04:32.427+0000] {subprocess.py:93} INFO - Record successfully produced to transaction-events [0] at offset 88
[2025-07-04T20:04:32.427+0000] {subprocess.py:93} INFO - Record successfully produced to transaction-events [0] at offset 89
[2025-07-04T20:04:32.427+0000] {subprocess.py:93} INFO - Record successfully produced to transaction-events [0] at offset 90
[2025-07-04T20:04:32.427+0000] {subprocess.py:93} INFO - Record successfully produced to transaction-events [0] at offset 91
[2025-07-04T20:04:32.427+0000] {subprocess.py:93} INFO - Record successfully produced to transaction-events [0] at offset 92
[2025-07-04T20:04:32.428+0000] {subprocess.py:93} INFO - Record successfully produced to transaction-events [0] at offset 93
[2025-07-04T20:04:32.428+0000] {subprocess.py:93} INFO - Record successfully produced to transaction-events [0] at offset 94
[2025-07-04T20:04:32.428+0000] {subprocess.py:93} INFO - Record successfully produced to transaction-events [0] at offset 95
[2025-07-04T20:04:32.428+0000] {subprocess.py:93} INFO - Record successfully produced to transaction-events [0] at offset 96
[2025-07-04T20:04:32.428+0000] {subprocess.py:93} INFO - Record successfully produced to transaction-events [0] at offset 97
[2025-07-04T20:04:32.428+0000] {subprocess.py:93} INFO - Record successfully produced to transaction-events [0] at offset 98
[2025-07-04T20:04:32.428+0000] {subprocess.py:93} INFO - Record successfully produced to transaction-events [0] at offset 99
[2025-07-04T20:04:32.429+0000] {subprocess.py:93} INFO - Record successfully produced to transaction-events [0] at offset 100
[2025-07-04T20:04:32.429+0000] {subprocess.py:93} INFO - Record successfully produced to transaction-events [0] at offset 101
[2025-07-04T20:04:32.429+0000] {subprocess.py:93} INFO - Record successfully produced to transaction-events [0] at offset 102
[2025-07-04T20:04:32.429+0000] {subprocess.py:93} INFO - Record successfully produced to transaction-events [0] at offset 103
[2025-07-04T20:04:32.429+0000] {subprocess.py:93} INFO - Record successfully produced to transaction-events [0] at offset 104
[2025-07-04T20:04:32.429+0000] {subprocess.py:93} INFO - Record successfully produced to transaction-events [0] at offset 105
[2025-07-04T20:04:32.429+0000] {subprocess.py:93} INFO - Record successfully produced to transaction-events [0] at offset 106
[2025-07-04T20:04:32.430+0000] {subprocess.py:93} INFO - Record successfully produced to transaction-events [0] at offset 107
[2025-07-04T20:04:32.430+0000] {subprocess.py:93} INFO - Record successfully produced to transaction-events [0] at offset 108
[2025-07-04T20:04:32.430+0000] {subprocess.py:93} INFO - Record successfully produced to transaction-events [0] at offset 109
[2025-07-04T20:04:32.430+0000] {subprocess.py:93} INFO - Record successfully produced to transaction-events [0] at offset 110
[2025-07-04T20:04:32.430+0000] {subprocess.py:93} INFO - Record successfully produced to transaction-events [0] at offset 111
[2025-07-04T20:04:32.430+0000] {subprocess.py:93} INFO - Record successfully produced to transaction-events [0] at offset 112
[2025-07-04T20:04:32.430+0000] {subprocess.py:93} INFO - Record successfully produced to transaction-events [0] at offset 113
[2025-07-04T20:04:32.431+0000] {subprocess.py:93} INFO - Record successfully produced to transaction-events [0] at offset 114
[2025-07-04T20:04:32.431+0000] {subprocess.py:93} INFO - Record successfully produced to transaction-events [0] at offset 115
[2025-07-04T20:04:32.431+0000] {subprocess.py:93} INFO - Record successfully produced to transaction-events [0] at offset 116
[2025-07-04T20:04:32.431+0000] {subprocess.py:93} INFO - Record successfully produced to transaction-events [0] at offset 117
[2025-07-04T20:04:32.431+0000] {subprocess.py:93} INFO - Record successfully produced to transaction-events [0] at offset 118
[2025-07-04T20:04:32.431+0000] {subprocess.py:93} INFO - Record successfully produced to transaction-events [0] at offset 119
[2025-07-04T20:06:31.974+0000] {subprocess.py:93} INFO - Record successfully produced to transaction-events [0] at offset 120
[2025-07-04T20:06:31.983+0000] {subprocess.py:93} INFO - Record successfully produced to transaction-events [0] at offset 121
[2025-07-04T20:06:31.984+0000] {subprocess.py:93} INFO - Record successfully produced to transaction-events [0] at offset 122
[2025-07-04T20:06:31.984+0000] {subprocess.py:93} INFO - Record successfully produced to transaction-events [0] at offset 123
[2025-07-04T20:06:31.985+0000] {subprocess.py:93} INFO - Record successfully produced to transaction-events [0] at offset 124
[2025-07-04T20:06:31.985+0000] {subprocess.py:93} INFO - Record successfully produced to transaction-events [0] at offset 125
[2025-07-04T20:06:31.986+0000] {subprocess.py:93} INFO - Record successfully produced to transaction-events [0] at offset 126
[2025-07-04T20:06:31.986+0000] {subprocess.py:93} INFO - Record successfully produced to transaction-events [0] at offset 127
[2025-07-04T20:06:31.987+0000] {subprocess.py:93} INFO - Record successfully produced to transaction-events [0] at offset 128
[2025-07-04T20:06:31.987+0000] {subprocess.py:93} INFO - Record successfully produced to transaction-events [0] at offset 129
[2025-07-04T20:06:31.988+0000] {subprocess.py:93} INFO - Record successfully produced to transaction-events [0] at offset 130
[2025-07-04T20:06:31.988+0000] {subprocess.py:93} INFO - Record successfully produced to transaction-events [0] at offset 131
[2025-07-04T20:06:31.989+0000] {subprocess.py:93} INFO - Record successfully produced to transaction-events [0] at offset 132
[2025-07-04T20:06:31.989+0000] {subprocess.py:93} INFO - Record successfully produced to transaction-events [0] at offset 133
[2025-07-04T20:06:31.990+0000] {subprocess.py:93} INFO - Record successfully produced to transaction-events [0] at offset 134
[2025-07-04T20:06:31.990+0000] {subprocess.py:93} INFO - Record successfully produced to transaction-events [0] at offset 135
[2025-07-04T20:06:31.990+0000] {subprocess.py:93} INFO - Record successfully produced to transaction-events [0] at offset 136
[2025-07-04T20:06:31.991+0000] {subprocess.py:93} INFO - Record successfully produced to transaction-events [0] at offset 137
[2025-07-04T20:06:31.991+0000] {subprocess.py:93} INFO - Record successfully produced to transaction-events [0] at offset 138
[2025-07-04T20:06:31.992+0000] {subprocess.py:93} INFO - Record successfully produced to transaction-events [0] at offset 139
[2025-07-04T20:06:31.992+0000] {subprocess.py:93} INFO - Record successfully produced to transaction-events [0] at offset 140
[2025-07-04T20:06:31.992+0000] {subprocess.py:93} INFO - Record successfully produced to transaction-events [0] at offset 141
[2025-07-04T20:06:31.992+0000] {subprocess.py:93} INFO - Record successfully produced to transaction-events [0] at offset 142
[2025-07-04T20:06:31.993+0000] {subprocess.py:93} INFO - Record successfully produced to transaction-events [0] at offset 143
[2025-07-04T20:06:31.994+0000] {subprocess.py:93} INFO - Record successfully produced to transaction-events [0] at offset 144
[2025-07-04T20:06:31.994+0000] {subprocess.py:93} INFO - Record successfully produced to transaction-events [0] at offset 145
[2025-07-04T20:06:31.995+0000] {subprocess.py:93} INFO - Record successfully produced to transaction-events [0] at offset 146
[2025-07-04T20:06:31.995+0000] {subprocess.py:93} INFO - Record successfully produced to transaction-events [0] at offset 147
[2025-07-04T20:06:31.996+0000] {subprocess.py:93} INFO - Record successfully produced to transaction-events [0] at offset 148
[2025-07-04T20:06:31.996+0000] {subprocess.py:93} INFO - Record successfully produced to transaction-events [0] at offset 149
[2025-07-04T20:06:31.996+0000] {subprocess.py:93} INFO - Record successfully produced to transaction-events [0] at offset 150
[2025-07-04T20:06:31.997+0000] {subprocess.py:93} INFO - Record successfully produced to transaction-events [0] at offset 151
[2025-07-04T20:06:31.997+0000] {subprocess.py:93} INFO - Record successfully produced to transaction-events [0] at offset 152
[2025-07-04T20:06:31.998+0000] {subprocess.py:93} INFO - Record successfully produced to transaction-events [0] at offset 153
[2025-07-04T20:06:31.998+0000] {subprocess.py:93} INFO - Record successfully produced to transaction-events [0] at offset 154
[2025-07-04T20:06:31.999+0000] {subprocess.py:93} INFO - Record successfully produced to transaction-events [0] at offset 155
[2025-07-04T20:06:31.999+0000] {subprocess.py:93} INFO - Record successfully produced to transaction-events [0] at offset 156
[2025-07-04T20:06:31.999+0000] {subprocess.py:93} INFO - Record successfully produced to transaction-events [0] at offset 157
[2025-07-04T20:06:32.000+0000] {subprocess.py:93} INFO - Record successfully produced to transaction-events [0] at offset 158
[2025-07-04T20:06:32.000+0000] {subprocess.py:93} INFO - Record successfully produced to transaction-events [0] at offset 159
[2025-07-04T20:06:32.000+0000] {subprocess.py:93} INFO - Record successfully produced to transaction-events [0] at offset 160
[2025-07-04T20:06:32.001+0000] {subprocess.py:93} INFO - Record successfully produced to transaction-events [0] at offset 161
[2025-07-04T20:06:32.001+0000] {subprocess.py:93} INFO - Record successfully produced to transaction-events [0] at offset 162
[2025-07-04T20:06:32.001+0000] {subprocess.py:93} INFO - Record successfully produced to transaction-events [0] at offset 163
[2025-07-04T20:06:32.002+0000] {subprocess.py:93} INFO - Record successfully produced to transaction-events [0] at offset 164
[2025-07-04T20:06:32.002+0000] {subprocess.py:93} INFO - Record successfully produced to transaction-events [0] at offset 165
[2025-07-04T20:06:32.002+0000] {subprocess.py:93} INFO - Record successfully produced to transaction-events [0] at offset 166
[2025-07-04T20:06:32.003+0000] {subprocess.py:93} INFO - Record successfully produced to transaction-events [0] at offset 167
[2025-07-04T20:06:32.003+0000] {subprocess.py:93} INFO - Record successfully produced to transaction-events [0] at offset 168
[2025-07-04T20:06:32.004+0000] {subprocess.py:93} INFO - Record successfully produced to transaction-events [0] at offset 169
[2025-07-04T20:06:32.004+0000] {subprocess.py:93} INFO - Record successfully produced to transaction-events [0] at offset 170
[2025-07-04T20:06:32.004+0000] {subprocess.py:93} INFO - Record successfully produced to transaction-events [0] at offset 171
[2025-07-04T20:06:32.004+0000] {subprocess.py:93} INFO - Record successfully produced to transaction-events [0] at offset 172
[2025-07-04T20:06:32.005+0000] {subprocess.py:93} INFO - Record successfully produced to transaction-events [0] at offset 173
[2025-07-04T20:06:32.005+0000] {subprocess.py:93} INFO - Record successfully produced to transaction-events [0] at offset 174
[2025-07-04T20:06:32.005+0000] {subprocess.py:93} INFO - Record successfully produced to transaction-events [0] at offset 175
[2025-07-04T20:06:32.006+0000] {subprocess.py:93} INFO - Record successfully produced to transaction-events [0] at offset 176
[2025-07-04T20:06:32.006+0000] {subprocess.py:93} INFO - Record successfully produced to transaction-events [0] at offset 177
[2025-07-04T20:06:32.006+0000] {subprocess.py:93} INFO - Record successfully produced to transaction-events [0] at offset 178
[2025-07-04T20:06:32.006+0000] {subprocess.py:93} INFO - Record successfully produced to transaction-events [0] at offset 179
[2025-07-04T20:06:32.007+0000] {subprocess.py:93} INFO - Record successfully produced to transaction-events [0] at offset 180
[2025-07-04T20:06:32.007+0000] {subprocess.py:93} INFO - Record successfully produced to transaction-events [0] at offset 181
[2025-07-04T20:06:32.007+0000] {subprocess.py:93} INFO - Record successfully produced to transaction-events [0] at offset 182
[2025-07-04T20:06:32.007+0000] {subprocess.py:93} INFO - Record successfully produced to transaction-events [0] at offset 183
[2025-07-04T20:06:32.008+0000] {subprocess.py:93} INFO - Record successfully produced to transaction-events [0] at offset 184
[2025-07-04T20:06:32.008+0000] {subprocess.py:93} INFO - Record successfully produced to transaction-events [0] at offset 185
[2025-07-04T20:06:32.008+0000] {subprocess.py:93} INFO - Record successfully produced to transaction-events [0] at offset 186
[2025-07-04T20:06:32.008+0000] {subprocess.py:93} INFO - Record successfully produced to transaction-events [0] at offset 187
[2025-07-04T20:06:32.008+0000] {subprocess.py:93} INFO - Record successfully produced to transaction-events [0] at offset 188
[2025-07-04T20:06:32.009+0000] {subprocess.py:93} INFO - Record successfully produced to transaction-events [0] at offset 189
[2025-07-04T20:06:32.009+0000] {subprocess.py:93} INFO - Record successfully produced to transaction-events [0] at offset 190
[2025-07-04T20:06:32.009+0000] {subprocess.py:93} INFO - Record successfully produced to transaction-events [0] at offset 191
[2025-07-04T20:06:32.009+0000] {subprocess.py:93} INFO - Record successfully produced to transaction-events [0] at offset 192
[2025-07-04T20:06:32.009+0000] {subprocess.py:93} INFO - Record successfully produced to transaction-events [0] at offset 193
[2025-07-04T20:06:32.010+0000] {subprocess.py:93} INFO - Record successfully produced to transaction-events [0] at offset 194
[2025-07-04T20:06:32.010+0000] {subprocess.py:93} INFO - Record successfully produced to transaction-events [0] at offset 195
[2025-07-04T20:06:32.010+0000] {subprocess.py:93} INFO - Record successfully produced to transaction-events [0] at offset 196
[2025-07-04T20:06:32.010+0000] {subprocess.py:93} INFO - Record successfully produced to transaction-events [0] at offset 197
[2025-07-04T20:06:32.010+0000] {subprocess.py:93} INFO - Record successfully produced to transaction-events [0] at offset 198
[2025-07-04T20:06:32.011+0000] {subprocess.py:93} INFO - Record successfully produced to transaction-events [0] at offset 199
[2025-07-04T20:06:32.011+0000] {subprocess.py:93} INFO - Record successfully produced to transaction-events [0] at offset 200
[2025-07-04T20:06:32.011+0000] {subprocess.py:93} INFO - Record successfully produced to transaction-events [0] at offset 201
[2025-07-04T20:06:32.011+0000] {subprocess.py:93} INFO - Record successfully produced to transaction-events [0] at offset 202
[2025-07-04T20:06:32.011+0000] {subprocess.py:93} INFO - Record successfully produced to transaction-events [0] at offset 203
[2025-07-04T20:06:32.012+0000] {subprocess.py:93} INFO - Record successfully produced to transaction-events [0] at offset 204
[2025-07-04T20:06:32.012+0000] {subprocess.py:93} INFO - Record successfully produced to transaction-events [0] at offset 205
[2025-07-04T20:06:32.012+0000] {subprocess.py:93} INFO - Record successfully produced to transaction-events [0] at offset 206
[2025-07-04T20:06:32.012+0000] {subprocess.py:93} INFO - Record successfully produced to transaction-events [0] at offset 207
[2025-07-04T20:06:32.012+0000] {subprocess.py:93} INFO - Record successfully produced to transaction-events [0] at offset 208
[2025-07-04T20:06:32.013+0000] {subprocess.py:93} INFO - Record successfully produced to transaction-events [0] at offset 209
[2025-07-04T20:06:32.013+0000] {subprocess.py:93} INFO - Record successfully produced to transaction-events [0] at offset 210
[2025-07-04T20:06:32.013+0000] {subprocess.py:93} INFO - Record successfully produced to transaction-events [0] at offset 211
[2025-07-04T20:06:32.013+0000] {subprocess.py:93} INFO - Record successfully produced to transaction-events [0] at offset 212
[2025-07-04T20:06:32.013+0000] {subprocess.py:93} INFO - Record successfully produced to transaction-events [0] at offset 213
[2025-07-04T20:06:32.014+0000] {subprocess.py:93} INFO - Record successfully produced to transaction-events [0] at offset 214
[2025-07-04T20:06:32.014+0000] {subprocess.py:93} INFO - Record successfully produced to transaction-events [0] at offset 215
[2025-07-04T20:06:32.014+0000] {subprocess.py:93} INFO - Record successfully produced to transaction-events [0] at offset 216
[2025-07-04T20:06:32.014+0000] {subprocess.py:93} INFO - Record successfully produced to transaction-events [0] at offset 217
[2025-07-04T20:06:32.014+0000] {subprocess.py:93} INFO - Record successfully produced to transaction-events [0] at offset 218
[2025-07-04T20:06:32.015+0000] {subprocess.py:93} INFO - Record successfully produced to transaction-events [0] at offset 219
[2025-07-04T20:06:32.015+0000] {subprocess.py:93} INFO - Record successfully produced to transaction-events [0] at offset 220
[2025-07-04T20:06:32.015+0000] {subprocess.py:93} INFO - Record successfully produced to transaction-events [0] at offset 221
[2025-07-04T20:06:32.015+0000] {subprocess.py:93} INFO - Record successfully produced to transaction-events [0] at offset 222
[2025-07-04T20:06:32.015+0000] {subprocess.py:93} INFO - Record successfully produced to transaction-events [0] at offset 223
[2025-07-04T20:06:32.016+0000] {subprocess.py:93} INFO - Record successfully produced to transaction-events [0] at offset 224
[2025-07-04T20:06:32.016+0000] {subprocess.py:93} INFO - Record successfully produced to transaction-events [0] at offset 225
[2025-07-04T20:06:32.016+0000] {subprocess.py:93} INFO - Record successfully produced to transaction-events [0] at offset 226
[2025-07-04T20:06:32.016+0000] {subprocess.py:93} INFO - Record successfully produced to transaction-events [0] at offset 227
[2025-07-04T20:06:32.016+0000] {subprocess.py:93} INFO - Record successfully produced to transaction-events [0] at offset 228
[2025-07-04T20:06:32.017+0000] {subprocess.py:93} INFO - Record successfully produced to transaction-events [0] at offset 229
[2025-07-04T20:06:32.017+0000] {subprocess.py:93} INFO - Record successfully produced to transaction-events [0] at offset 230
[2025-07-04T20:06:32.017+0000] {subprocess.py:93} INFO - Record successfully produced to transaction-events [0] at offset 231
[2025-07-04T20:06:32.017+0000] {subprocess.py:93} INFO - Record successfully produced to transaction-events [0] at offset 232
[2025-07-04T20:06:32.017+0000] {subprocess.py:93} INFO - Record successfully produced to transaction-events [0] at offset 233
[2025-07-04T20:06:32.018+0000] {subprocess.py:93} INFO - Record successfully produced to transaction-events [0] at offset 234
[2025-07-04T20:06:32.018+0000] {subprocess.py:93} INFO - Record successfully produced to transaction-events [0] at offset 235
[2025-07-04T20:06:32.018+0000] {subprocess.py:93} INFO - Record successfully produced to transaction-events [0] at offset 236
[2025-07-04T20:06:32.018+0000] {subprocess.py:93} INFO - Record successfully produced to transaction-events [0] at offset 237
[2025-07-04T20:06:32.018+0000] {subprocess.py:93} INFO - Record successfully produced to transaction-events [0] at offset 238
[2025-07-04T20:08:31.545+0000] {subprocess.py:93} INFO - Record successfully produced to transaction-events [0] at offset 239
[2025-07-04T20:08:31.554+0000] {subprocess.py:93} INFO - Record successfully produced to transaction-events [0] at offset 240
[2025-07-04T20:08:31.555+0000] {subprocess.py:93} INFO - Record successfully produced to transaction-events [0] at offset 241
[2025-07-04T20:08:31.556+0000] {subprocess.py:93} INFO - Record successfully produced to transaction-events [0] at offset 242
[2025-07-04T20:08:31.557+0000] {subprocess.py:93} INFO - Record successfully produced to transaction-events [0] at offset 243
[2025-07-04T20:08:31.558+0000] {subprocess.py:93} INFO - Record successfully produced to transaction-events [0] at offset 244
[2025-07-04T20:08:31.558+0000] {subprocess.py:93} INFO - Record successfully produced to transaction-events [0] at offset 245
[2025-07-04T20:08:31.559+0000] {subprocess.py:93} INFO - Record successfully produced to transaction-events [0] at offset 246
[2025-07-04T20:08:31.560+0000] {subprocess.py:93} INFO - Record successfully produced to transaction-events [0] at offset 247
[2025-07-04T20:08:31.561+0000] {subprocess.py:93} INFO - Record successfully produced to transaction-events [0] at offset 248
[2025-07-04T20:08:31.561+0000] {subprocess.py:93} INFO - Record successfully produced to transaction-events [0] at offset 249
[2025-07-04T20:08:31.562+0000] {subprocess.py:93} INFO - Record successfully produced to transaction-events [0] at offset 250
[2025-07-04T20:08:31.562+0000] {subprocess.py:93} INFO - Record successfully produced to transaction-events [0] at offset 251
[2025-07-04T20:08:31.563+0000] {subprocess.py:93} INFO - Record successfully produced to transaction-events [0] at offset 252
[2025-07-04T20:08:31.563+0000] {subprocess.py:93} INFO - Record successfully produced to transaction-events [0] at offset 253
[2025-07-04T20:08:31.564+0000] {subprocess.py:93} INFO - Record successfully produced to transaction-events [0] at offset 254
[2025-07-04T20:08:31.564+0000] {subprocess.py:93} INFO - Record successfully produced to transaction-events [0] at offset 255
[2025-07-04T20:08:31.564+0000] {subprocess.py:93} INFO - Record successfully produced to transaction-events [0] at offset 256
[2025-07-04T20:08:31.565+0000] {subprocess.py:93} INFO - Record successfully produced to transaction-events [0] at offset 257
[2025-07-04T20:08:31.565+0000] {subprocess.py:93} INFO - Record successfully produced to transaction-events [0] at offset 258
[2025-07-04T20:08:31.566+0000] {subprocess.py:93} INFO - Record successfully produced to transaction-events [0] at offset 259
[2025-07-04T20:08:31.566+0000] {subprocess.py:93} INFO - Record successfully produced to transaction-events [0] at offset 260
[2025-07-04T20:08:31.566+0000] {subprocess.py:93} INFO - Record successfully produced to transaction-events [0] at offset 261
[2025-07-04T20:08:31.567+0000] {subprocess.py:93} INFO - Record successfully produced to transaction-events [0] at offset 262
[2025-07-04T20:08:31.567+0000] {subprocess.py:93} INFO - Record successfully produced to transaction-events [0] at offset 263
[2025-07-04T20:08:31.567+0000] {subprocess.py:93} INFO - Record successfully produced to transaction-events [0] at offset 264
[2025-07-04T20:08:31.568+0000] {subprocess.py:93} INFO - Record successfully produced to transaction-events [0] at offset 265
[2025-07-04T20:08:31.568+0000] {subprocess.py:93} INFO - Record successfully produced to transaction-events [0] at offset 266
[2025-07-04T20:08:31.568+0000] {subprocess.py:93} INFO - Record successfully produced to transaction-events [0] at offset 267
[2025-07-04T20:08:31.568+0000] {subprocess.py:93} INFO - Record successfully produced to transaction-events [0] at offset 268
[2025-07-04T20:08:31.569+0000] {subprocess.py:93} INFO - Record successfully produced to transaction-events [0] at offset 269
[2025-07-04T20:08:31.569+0000] {subprocess.py:93} INFO - Record successfully produced to transaction-events [0] at offset 270
[2025-07-04T20:08:31.569+0000] {subprocess.py:93} INFO - Record successfully produced to transaction-events [0] at offset 271
[2025-07-04T20:08:31.569+0000] {subprocess.py:93} INFO - Record successfully produced to transaction-events [0] at offset 272
[2025-07-04T20:08:31.570+0000] {subprocess.py:93} INFO - Record successfully produced to transaction-events [0] at offset 273
[2025-07-04T20:08:31.570+0000] {subprocess.py:93} INFO - Record successfully produced to transaction-events [0] at offset 274
[2025-07-04T20:08:31.570+0000] {subprocess.py:93} INFO - Record successfully produced to transaction-events [0] at offset 275
[2025-07-04T20:08:31.571+0000] {subprocess.py:93} INFO - Record successfully produced to transaction-events [0] at offset 276
[2025-07-04T20:08:31.571+0000] {subprocess.py:93} INFO - Record successfully produced to transaction-events [0] at offset 277
[2025-07-04T20:08:31.571+0000] {subprocess.py:93} INFO - Record successfully produced to transaction-events [0] at offset 278
[2025-07-04T20:08:31.571+0000] {subprocess.py:93} INFO - Record successfully produced to transaction-events [0] at offset 279
[2025-07-04T20:08:31.572+0000] {subprocess.py:93} INFO - Record successfully produced to transaction-events [0] at offset 280
[2025-07-04T20:08:31.572+0000] {subprocess.py:93} INFO - Record successfully produced to transaction-events [0] at offset 281
[2025-07-04T20:08:31.572+0000] {subprocess.py:93} INFO - Record successfully produced to transaction-events [0] at offset 282
[2025-07-04T20:08:31.573+0000] {subprocess.py:93} INFO - Record successfully produced to transaction-events [0] at offset 283
[2025-07-04T20:08:31.573+0000] {subprocess.py:93} INFO - Record successfully produced to transaction-events [0] at offset 284
[2025-07-04T20:08:31.573+0000] {subprocess.py:93} INFO - Record successfully produced to transaction-events [0] at offset 285
[2025-07-04T20:08:31.573+0000] {subprocess.py:93} INFO - Record successfully produced to transaction-events [0] at offset 286
[2025-07-04T20:08:31.574+0000] {subprocess.py:93} INFO - Record successfully produced to transaction-events [0] at offset 287
[2025-07-04T20:08:31.574+0000] {subprocess.py:93} INFO - Record successfully produced to transaction-events [0] at offset 288
[2025-07-04T20:08:31.574+0000] {subprocess.py:93} INFO - Record successfully produced to transaction-events [0] at offset 289
[2025-07-04T20:08:31.574+0000] {subprocess.py:93} INFO - Record successfully produced to transaction-events [0] at offset 290
[2025-07-04T20:08:31.575+0000] {subprocess.py:93} INFO - Record successfully produced to transaction-events [0] at offset 291
[2025-07-04T20:08:31.575+0000] {subprocess.py:93} INFO - Record successfully produced to transaction-events [0] at offset 292
[2025-07-04T20:08:31.575+0000] {subprocess.py:93} INFO - Record successfully produced to transaction-events [0] at offset 293
[2025-07-04T20:08:31.575+0000] {subprocess.py:93} INFO - Record successfully produced to transaction-events [0] at offset 294
[2025-07-04T20:08:31.576+0000] {subprocess.py:93} INFO - Record successfully produced to transaction-events [0] at offset 295
[2025-07-04T20:08:31.576+0000] {subprocess.py:93} INFO - Record successfully produced to transaction-events [0] at offset 296
[2025-07-04T20:08:31.576+0000] {subprocess.py:93} INFO - Record successfully produced to transaction-events [0] at offset 297
[2025-07-04T20:08:31.576+0000] {subprocess.py:93} INFO - Record successfully produced to transaction-events [0] at offset 298
[2025-07-04T20:08:31.577+0000] {subprocess.py:93} INFO - Record successfully produced to transaction-events [0] at offset 299
[2025-07-04T20:08:31.577+0000] {subprocess.py:93} INFO - Record successfully produced to transaction-events [0] at offset 300
[2025-07-04T20:08:31.577+0000] {subprocess.py:93} INFO - Record successfully produced to transaction-events [0] at offset 301
[2025-07-04T20:08:31.577+0000] {subprocess.py:93} INFO - Record successfully produced to transaction-events [0] at offset 302
[2025-07-04T20:08:31.578+0000] {subprocess.py:93} INFO - Record successfully produced to transaction-events [0] at offset 303
[2025-07-04T20:08:31.578+0000] {subprocess.py:93} INFO - Record successfully produced to transaction-events [0] at offset 304
[2025-07-04T20:08:31.578+0000] {subprocess.py:93} INFO - Record successfully produced to transaction-events [0] at offset 305
[2025-07-04T20:08:31.578+0000] {subprocess.py:93} INFO - Record successfully produced to transaction-events [0] at offset 306
[2025-07-04T20:08:31.578+0000] {subprocess.py:93} INFO - Record successfully produced to transaction-events [0] at offset 307
[2025-07-04T20:08:31.579+0000] {subprocess.py:93} INFO - Record successfully produced to transaction-events [0] at offset 308
[2025-07-04T20:08:31.579+0000] {subprocess.py:93} INFO - Record successfully produced to transaction-events [0] at offset 309
[2025-07-04T20:08:31.579+0000] {subprocess.py:93} INFO - Record successfully produced to transaction-events [0] at offset 310
[2025-07-04T20:08:31.579+0000] {subprocess.py:93} INFO - Record successfully produced to transaction-events [0] at offset 311
[2025-07-04T20:08:31.580+0000] {subprocess.py:93} INFO - Record successfully produced to transaction-events [0] at offset 312
[2025-07-04T20:08:31.580+0000] {subprocess.py:93} INFO - Record successfully produced to transaction-events [0] at offset 313
[2025-07-04T20:08:31.580+0000] {subprocess.py:93} INFO - Record successfully produced to transaction-events [0] at offset 314
[2025-07-04T20:08:31.580+0000] {subprocess.py:93} INFO - Record successfully produced to transaction-events [0] at offset 315
[2025-07-04T20:08:31.581+0000] {subprocess.py:93} INFO - Record successfully produced to transaction-events [0] at offset 316
[2025-07-04T20:08:31.581+0000] {subprocess.py:93} INFO - Record successfully produced to transaction-events [0] at offset 317
[2025-07-04T20:08:31.581+0000] {subprocess.py:93} INFO - Record successfully produced to transaction-events [0] at offset 318
[2025-07-04T20:08:31.581+0000] {subprocess.py:93} INFO - Record successfully produced to transaction-events [0] at offset 319
[2025-07-04T20:08:31.581+0000] {subprocess.py:93} INFO - Record successfully produced to transaction-events [0] at offset 320
[2025-07-04T20:08:31.582+0000] {subprocess.py:93} INFO - Record successfully produced to transaction-events [0] at offset 321
[2025-07-04T20:08:31.582+0000] {subprocess.py:93} INFO - Record successfully produced to transaction-events [0] at offset 322
[2025-07-04T20:08:31.582+0000] {subprocess.py:93} INFO - Record successfully produced to transaction-events [0] at offset 323
[2025-07-04T20:08:31.582+0000] {subprocess.py:93} INFO - Record successfully produced to transaction-events [0] at offset 324
[2025-07-04T20:08:31.582+0000] {subprocess.py:93} INFO - Record successfully produced to transaction-events [0] at offset 325
[2025-07-04T20:08:31.583+0000] {subprocess.py:93} INFO - Record successfully produced to transaction-events [0] at offset 326
[2025-07-04T20:08:31.583+0000] {subprocess.py:93} INFO - Record successfully produced to transaction-events [0] at offset 327
[2025-07-04T20:08:31.583+0000] {subprocess.py:93} INFO - Record successfully produced to transaction-events [0] at offset 328
[2025-07-04T20:08:31.583+0000] {subprocess.py:93} INFO - Record successfully produced to transaction-events [0] at offset 329
[2025-07-04T20:08:31.584+0000] {subprocess.py:93} INFO - Record successfully produced to transaction-events [0] at offset 330
[2025-07-04T20:08:31.584+0000] {subprocess.py:93} INFO - Record successfully produced to transaction-events [0] at offset 331
[2025-07-04T20:08:31.584+0000] {subprocess.py:93} INFO - Record successfully produced to transaction-events [0] at offset 332
[2025-07-04T20:08:31.584+0000] {subprocess.py:93} INFO - Record successfully produced to transaction-events [0] at offset 333
[2025-07-04T20:08:31.584+0000] {subprocess.py:93} INFO - Record successfully produced to transaction-events [0] at offset 334
[2025-07-04T20:08:31.585+0000] {subprocess.py:93} INFO - Record successfully produced to transaction-events [0] at offset 335
[2025-07-04T20:08:31.585+0000] {subprocess.py:93} INFO - Record successfully produced to transaction-events [0] at offset 336
[2025-07-04T20:08:31.585+0000] {subprocess.py:93} INFO - Record successfully produced to transaction-events [0] at offset 337
[2025-07-04T20:08:31.585+0000] {subprocess.py:93} INFO - Record successfully produced to transaction-events [0] at offset 338
[2025-07-04T20:08:31.585+0000] {subprocess.py:93} INFO - Record successfully produced to transaction-events [0] at offset 339
[2025-07-04T20:08:31.586+0000] {subprocess.py:93} INFO - Record successfully produced to transaction-events [0] at offset 340
[2025-07-04T20:08:31.586+0000] {subprocess.py:93} INFO - Record successfully produced to transaction-events [0] at offset 341
[2025-07-04T20:08:31.586+0000] {subprocess.py:93} INFO - Record successfully produced to transaction-events [0] at offset 342
[2025-07-04T20:08:31.586+0000] {subprocess.py:93} INFO - Record successfully produced to transaction-events [0] at offset 343
[2025-07-04T20:08:31.587+0000] {subprocess.py:93} INFO - Record successfully produced to transaction-events [0] at offset 344
[2025-07-04T20:08:31.587+0000] {subprocess.py:93} INFO - Record successfully produced to transaction-events [0] at offset 345
[2025-07-04T20:08:31.587+0000] {subprocess.py:93} INFO - Record successfully produced to transaction-events [0] at offset 346
[2025-07-04T20:08:31.587+0000] {subprocess.py:93} INFO - Record successfully produced to transaction-events [0] at offset 347
[2025-07-04T20:08:31.587+0000] {subprocess.py:93} INFO - Record successfully produced to transaction-events [0] at offset 348
[2025-07-04T20:08:31.588+0000] {subprocess.py:93} INFO - Record successfully produced to transaction-events [0] at offset 349
[2025-07-04T20:08:31.588+0000] {subprocess.py:93} INFO - Record successfully produced to transaction-events [0] at offset 350
[2025-07-04T20:08:31.588+0000] {subprocess.py:93} INFO - Record successfully produced to transaction-events [0] at offset 351
[2025-07-04T20:08:31.588+0000] {subprocess.py:93} INFO - Record successfully produced to transaction-events [0] at offset 352
[2025-07-04T20:08:31.588+0000] {subprocess.py:93} INFO - Record successfully produced to transaction-events [0] at offset 353
[2025-07-04T20:08:31.588+0000] {subprocess.py:93} INFO - Record successfully produced to transaction-events [0] at offset 354
[2025-07-04T20:08:31.589+0000] {subprocess.py:93} INFO - Record successfully produced to transaction-events [0] at offset 355
[2025-07-04T20:08:31.589+0000] {subprocess.py:93} INFO - Record successfully produced to transaction-events [0] at offset 356
[2025-07-04T20:08:31.589+0000] {subprocess.py:93} INFO - Record successfully produced to transaction-events [0] at offset 357
[2025-07-04T20:10:31.114+0000] {subprocess.py:93} INFO - Record successfully produced to transaction-events [0] at offset 358
[2025-07-04T20:10:31.122+0000] {subprocess.py:93} INFO - Record successfully produced to transaction-events [0] at offset 359
[2025-07-04T20:10:31.122+0000] {subprocess.py:93} INFO - Record successfully produced to transaction-events [0] at offset 360
[2025-07-04T20:10:31.123+0000] {subprocess.py:93} INFO - Record successfully produced to transaction-events [0] at offset 361
[2025-07-04T20:10:31.123+0000] {subprocess.py:93} INFO - Record successfully produced to transaction-events [0] at offset 362
[2025-07-04T20:10:31.123+0000] {subprocess.py:93} INFO - Record successfully produced to transaction-events [0] at offset 363
[2025-07-04T20:10:31.124+0000] {subprocess.py:93} INFO - Record successfully produced to transaction-events [0] at offset 364
[2025-07-04T20:10:31.124+0000] {subprocess.py:93} INFO - Record successfully produced to transaction-events [0] at offset 365
[2025-07-04T20:10:31.124+0000] {subprocess.py:93} INFO - Record successfully produced to transaction-events [0] at offset 366
[2025-07-04T20:10:31.125+0000] {subprocess.py:93} INFO - Record successfully produced to transaction-events [0] at offset 367
[2025-07-04T20:10:31.125+0000] {subprocess.py:93} INFO - Record successfully produced to transaction-events [0] at offset 368
[2025-07-04T20:10:31.125+0000] {subprocess.py:93} INFO - Record successfully produced to transaction-events [0] at offset 369
[2025-07-04T20:10:31.126+0000] {subprocess.py:93} INFO - Record successfully produced to transaction-events [0] at offset 370
[2025-07-04T20:10:31.126+0000] {subprocess.py:93} INFO - Record successfully produced to transaction-events [0] at offset 371
[2025-07-04T20:10:31.126+0000] {subprocess.py:93} INFO - Record successfully produced to transaction-events [0] at offset 372
[2025-07-04T20:10:31.127+0000] {subprocess.py:93} INFO - Record successfully produced to transaction-events [0] at offset 373
[2025-07-04T20:10:31.127+0000] {subprocess.py:93} INFO - Record successfully produced to transaction-events [0] at offset 374
[2025-07-04T20:10:31.127+0000] {subprocess.py:93} INFO - Record successfully produced to transaction-events [0] at offset 375
[2025-07-04T20:10:31.127+0000] {subprocess.py:93} INFO - Record successfully produced to transaction-events [0] at offset 376
[2025-07-04T20:10:31.128+0000] {subprocess.py:93} INFO - Record successfully produced to transaction-events [0] at offset 377
[2025-07-04T20:10:31.128+0000] {subprocess.py:93} INFO - Record successfully produced to transaction-events [0] at offset 378
[2025-07-04T20:10:31.129+0000] {subprocess.py:93} INFO - Record successfully produced to transaction-events [0] at offset 379
[2025-07-04T20:10:31.129+0000] {subprocess.py:93} INFO - Record successfully produced to transaction-events [0] at offset 380
[2025-07-04T20:10:31.129+0000] {subprocess.py:93} INFO - Record successfully produced to transaction-events [0] at offset 381
[2025-07-04T20:10:31.129+0000] {subprocess.py:93} INFO - Record successfully produced to transaction-events [0] at offset 382
[2025-07-04T20:10:31.130+0000] {subprocess.py:93} INFO - Record successfully produced to transaction-events [0] at offset 383
[2025-07-04T20:10:31.130+0000] {subprocess.py:93} INFO - Record successfully produced to transaction-events [0] at offset 384
[2025-07-04T20:10:31.130+0000] {subprocess.py:93} INFO - Record successfully produced to transaction-events [0] at offset 385
[2025-07-04T20:10:31.130+0000] {subprocess.py:93} INFO - Record successfully produced to transaction-events [0] at offset 386
[2025-07-04T20:10:31.131+0000] {subprocess.py:93} INFO - Record successfully produced to transaction-events [0] at offset 387
[2025-07-04T20:10:31.131+0000] {subprocess.py:93} INFO - Record successfully produced to transaction-events [0] at offset 388
[2025-07-04T20:10:31.131+0000] {subprocess.py:93} INFO - Record successfully produced to transaction-events [0] at offset 389
[2025-07-04T20:10:31.131+0000] {subprocess.py:93} INFO - Record successfully produced to transaction-events [0] at offset 390
[2025-07-04T20:10:31.132+0000] {subprocess.py:93} INFO - Record successfully produced to transaction-events [0] at offset 391
[2025-07-04T20:10:31.132+0000] {subprocess.py:93} INFO - Record successfully produced to transaction-events [0] at offset 392
[2025-07-04T20:10:31.132+0000] {subprocess.py:93} INFO - Record successfully produced to transaction-events [0] at offset 393
[2025-07-04T20:10:31.133+0000] {subprocess.py:93} INFO - Record successfully produced to transaction-events [0] at offset 394
[2025-07-04T20:10:31.133+0000] {subprocess.py:93} INFO - Record successfully produced to transaction-events [0] at offset 395
[2025-07-04T20:10:31.133+0000] {subprocess.py:93} INFO - Record successfully produced to transaction-events [0] at offset 396
[2025-07-04T20:10:31.150+0000] {subprocess.py:93} INFO - Record successfully produced to transaction-events [0] at offset 397
[2025-07-04T20:10:31.151+0000] {subprocess.py:93} INFO - Record successfully produced to transaction-events [0] at offset 398
[2025-07-04T20:10:31.151+0000] {subprocess.py:93} INFO - Record successfully produced to transaction-events [0] at offset 399
[2025-07-04T20:10:31.151+0000] {subprocess.py:93} INFO - Record successfully produced to transaction-events [0] at offset 400
[2025-07-04T20:10:31.152+0000] {subprocess.py:93} INFO - Record successfully produced to transaction-events [0] at offset 401
[2025-07-04T20:10:31.152+0000] {subprocess.py:93} INFO - Record successfully produced to transaction-events [0] at offset 402
[2025-07-04T20:10:31.152+0000] {subprocess.py:93} INFO - Record successfully produced to transaction-events [0] at offset 403
[2025-07-04T20:10:31.152+0000] {subprocess.py:93} INFO - Record successfully produced to transaction-events [0] at offset 404
[2025-07-04T20:10:31.153+0000] {subprocess.py:93} INFO - Record successfully produced to transaction-events [0] at offset 405
[2025-07-04T20:10:31.153+0000] {subprocess.py:93} INFO - Record successfully produced to transaction-events [0] at offset 406
[2025-07-04T20:10:31.153+0000] {subprocess.py:93} INFO - Record successfully produced to transaction-events [0] at offset 407
[2025-07-04T20:10:31.154+0000] {subprocess.py:93} INFO - Record successfully produced to transaction-events [0] at offset 408
[2025-07-04T20:10:31.154+0000] {subprocess.py:93} INFO - Record successfully produced to transaction-events [0] at offset 409
[2025-07-04T20:10:31.154+0000] {subprocess.py:93} INFO - Record successfully produced to transaction-events [0] at offset 410
[2025-07-04T20:10:31.155+0000] {subprocess.py:93} INFO - Record successfully produced to transaction-events [0] at offset 411
[2025-07-04T20:10:31.155+0000] {subprocess.py:93} INFO - Record successfully produced to transaction-events [0] at offset 412
[2025-07-04T20:10:31.155+0000] {subprocess.py:93} INFO - Record successfully produced to transaction-events [0] at offset 413
[2025-07-04T20:10:31.155+0000] {subprocess.py:93} INFO - Record successfully produced to transaction-events [0] at offset 414
[2025-07-04T20:10:31.155+0000] {subprocess.py:93} INFO - Record successfully produced to transaction-events [0] at offset 415
[2025-07-04T20:10:31.156+0000] {subprocess.py:93} INFO - Record successfully produced to transaction-events [0] at offset 416
[2025-07-04T20:10:31.156+0000] {subprocess.py:93} INFO - Record successfully produced to transaction-events [0] at offset 417
[2025-07-04T20:10:31.156+0000] {subprocess.py:93} INFO - Record successfully produced to transaction-events [0] at offset 418
[2025-07-04T20:10:31.157+0000] {subprocess.py:93} INFO - Record successfully produced to transaction-events [0] at offset 419
[2025-07-04T20:10:31.157+0000] {subprocess.py:93} INFO - Record successfully produced to transaction-events [0] at offset 420
[2025-07-04T20:10:31.157+0000] {subprocess.py:93} INFO - Record successfully produced to transaction-events [0] at offset 421
[2025-07-04T20:10:31.157+0000] {subprocess.py:93} INFO - Record successfully produced to transaction-events [0] at offset 422
[2025-07-04T20:10:31.157+0000] {subprocess.py:93} INFO - Record successfully produced to transaction-events [0] at offset 423
[2025-07-04T20:10:31.158+0000] {subprocess.py:93} INFO - Record successfully produced to transaction-events [0] at offset 424
[2025-07-04T20:10:31.158+0000] {subprocess.py:93} INFO - Record successfully produced to transaction-events [0] at offset 425
[2025-07-04T20:10:31.158+0000] {subprocess.py:93} INFO - Record successfully produced to transaction-events [0] at offset 426
[2025-07-04T20:10:31.158+0000] {subprocess.py:93} INFO - Record successfully produced to transaction-events [0] at offset 427
[2025-07-04T20:10:31.159+0000] {subprocess.py:93} INFO - Record successfully produced to transaction-events [0] at offset 428
[2025-07-04T20:10:31.159+0000] {subprocess.py:93} INFO - Record successfully produced to transaction-events [0] at offset 429
[2025-07-04T20:10:31.159+0000] {subprocess.py:93} INFO - Record successfully produced to transaction-events [0] at offset 430
[2025-07-04T20:10:31.159+0000] {subprocess.py:93} INFO - Record successfully produced to transaction-events [0] at offset 431
[2025-07-04T20:10:31.159+0000] {subprocess.py:93} INFO - Record successfully produced to transaction-events [0] at offset 432
[2025-07-04T20:10:31.160+0000] {subprocess.py:93} INFO - Record successfully produced to transaction-events [0] at offset 433
[2025-07-04T20:10:31.160+0000] {subprocess.py:93} INFO - Record successfully produced to transaction-events [0] at offset 434
[2025-07-04T20:10:31.160+0000] {subprocess.py:93} INFO - Record successfully produced to transaction-events [0] at offset 435
[2025-07-04T20:10:31.160+0000] {subprocess.py:93} INFO - Record successfully produced to transaction-events [0] at offset 436
[2025-07-04T20:10:31.160+0000] {subprocess.py:93} INFO - Record successfully produced to transaction-events [0] at offset 437
[2025-07-04T20:10:31.161+0000] {subprocess.py:93} INFO - Record successfully produced to transaction-events [0] at offset 438
[2025-07-04T20:10:31.161+0000] {subprocess.py:93} INFO - Record successfully produced to transaction-events [0] at offset 439
[2025-07-04T20:10:31.161+0000] {subprocess.py:93} INFO - Record successfully produced to transaction-events [0] at offset 440
[2025-07-04T20:10:31.161+0000] {subprocess.py:93} INFO - Record successfully produced to transaction-events [0] at offset 441
[2025-07-04T20:10:31.162+0000] {subprocess.py:93} INFO - Record successfully produced to transaction-events [0] at offset 442
[2025-07-04T20:10:31.162+0000] {subprocess.py:93} INFO - Record successfully produced to transaction-events [0] at offset 443
[2025-07-04T20:10:31.162+0000] {subprocess.py:93} INFO - Record successfully produced to transaction-events [0] at offset 444
[2025-07-04T20:10:31.162+0000] {subprocess.py:93} INFO - Record successfully produced to transaction-events [0] at offset 445
[2025-07-04T20:10:31.163+0000] {subprocess.py:93} INFO - Record successfully produced to transaction-events [0] at offset 446
[2025-07-04T20:10:31.163+0000] {subprocess.py:93} INFO - Record successfully produced to transaction-events [0] at offset 447
[2025-07-04T20:10:31.163+0000] {subprocess.py:93} INFO - Record successfully produced to transaction-events [0] at offset 448
[2025-07-04T20:10:31.163+0000] {subprocess.py:93} INFO - Record successfully produced to transaction-events [0] at offset 449
[2025-07-04T20:10:31.164+0000] {subprocess.py:93} INFO - Record successfully produced to transaction-events [0] at offset 450
[2025-07-04T20:10:31.164+0000] {subprocess.py:93} INFO - Record successfully produced to transaction-events [0] at offset 451
[2025-07-04T20:10:31.164+0000] {subprocess.py:93} INFO - Record successfully produced to transaction-events [0] at offset 452
[2025-07-04T20:10:31.164+0000] {subprocess.py:93} INFO - Record successfully produced to transaction-events [0] at offset 453
[2025-07-04T20:10:31.165+0000] {subprocess.py:93} INFO - Record successfully produced to transaction-events [0] at offset 454
[2025-07-04T20:10:31.165+0000] {subprocess.py:93} INFO - Record successfully produced to transaction-events [0] at offset 455
[2025-07-04T20:10:31.165+0000] {subprocess.py:93} INFO - Record successfully produced to transaction-events [0] at offset 456
[2025-07-04T20:10:31.166+0000] {subprocess.py:93} INFO - Record successfully produced to transaction-events [0] at offset 457
[2025-07-04T20:10:31.166+0000] {subprocess.py:93} INFO - Record successfully produced to transaction-events [0] at offset 458
[2025-07-04T20:10:31.166+0000] {subprocess.py:93} INFO - Record successfully produced to transaction-events [0] at offset 459
[2025-07-04T20:10:31.166+0000] {subprocess.py:93} INFO - Record successfully produced to transaction-events [0] at offset 460
[2025-07-04T20:10:31.166+0000] {subprocess.py:93} INFO - Record successfully produced to transaction-events [0] at offset 461
[2025-07-04T20:10:31.167+0000] {subprocess.py:93} INFO - Record successfully produced to transaction-events [0] at offset 462
[2025-07-04T20:10:31.167+0000] {subprocess.py:93} INFO - Record successfully produced to transaction-events [0] at offset 463
[2025-07-04T20:10:31.167+0000] {subprocess.py:93} INFO - Record successfully produced to transaction-events [0] at offset 464
[2025-07-04T20:10:31.167+0000] {subprocess.py:93} INFO - Record successfully produced to transaction-events [0] at offset 465
[2025-07-04T20:10:31.168+0000] {subprocess.py:93} INFO - Record successfully produced to transaction-events [0] at offset 466
[2025-07-04T20:10:31.168+0000] {subprocess.py:93} INFO - Record successfully produced to transaction-events [0] at offset 467
[2025-07-04T20:10:31.168+0000] {subprocess.py:93} INFO - Record successfully produced to transaction-events [0] at offset 468
[2025-07-04T20:10:31.168+0000] {subprocess.py:93} INFO - Record successfully produced to transaction-events [0] at offset 469
[2025-07-04T20:10:31.168+0000] {subprocess.py:93} INFO - Record successfully produced to transaction-events [0] at offset 470
[2025-07-04T20:10:31.169+0000] {subprocess.py:93} INFO - Record successfully produced to transaction-events [0] at offset 471
[2025-07-04T20:10:31.169+0000] {subprocess.py:93} INFO - Record successfully produced to transaction-events [0] at offset 472
[2025-07-04T20:10:31.169+0000] {subprocess.py:93} INFO - Record successfully produced to transaction-events [0] at offset 473
[2025-07-04T20:10:31.169+0000] {subprocess.py:93} INFO - Record successfully produced to transaction-events [0] at offset 474
[2025-07-04T20:10:31.170+0000] {subprocess.py:93} INFO - Record successfully produced to transaction-events [0] at offset 475
[2025-07-04T20:10:31.170+0000] {subprocess.py:93} INFO - Record successfully produced to transaction-events [0] at offset 476
[2025-07-04T20:10:53.251+0000] {subprocess.py:93} INFO - Record successfully produced to transaction-events [0] at offset 477
[2025-07-04T20:10:53.257+0000] {subprocess.py:93} INFO - Record successfully produced to transaction-events [0] at offset 478
[2025-07-04T20:10:53.258+0000] {subprocess.py:93} INFO - Record successfully produced to transaction-events [0] at offset 479
[2025-07-04T20:10:53.258+0000] {subprocess.py:93} INFO - Record successfully produced to transaction-events [0] at offset 480
[2025-07-04T20:10:53.259+0000] {subprocess.py:93} INFO - Record successfully produced to transaction-events [0] at offset 481
[2025-07-04T20:10:53.259+0000] {subprocess.py:93} INFO - Record successfully produced to transaction-events [0] at offset 482
[2025-07-04T20:10:53.259+0000] {subprocess.py:93} INFO - Record successfully produced to transaction-events [0] at offset 483
[2025-07-04T20:10:53.260+0000] {subprocess.py:93} INFO - Record successfully produced to transaction-events [0] at offset 484
[2025-07-04T20:10:53.260+0000] {subprocess.py:93} INFO - Record successfully produced to transaction-events [0] at offset 485
[2025-07-04T20:10:53.260+0000] {subprocess.py:93} INFO - Record successfully produced to transaction-events [0] at offset 486
[2025-07-04T20:10:53.260+0000] {subprocess.py:93} INFO - Record successfully produced to transaction-events [0] at offset 487
[2025-07-04T20:10:53.261+0000] {subprocess.py:93} INFO - Record successfully produced to transaction-events [0] at offset 488
[2025-07-04T20:10:53.261+0000] {subprocess.py:93} INFO - Record successfully produced to transaction-events [0] at offset 489
[2025-07-04T20:10:53.261+0000] {subprocess.py:93} INFO - Record successfully produced to transaction-events [0] at offset 490
[2025-07-04T20:10:53.262+0000] {subprocess.py:93} INFO - Record successfully produced to transaction-events [0] at offset 491
[2025-07-04T20:10:53.262+0000] {subprocess.py:93} INFO - Record successfully produced to transaction-events [0] at offset 492
[2025-07-04T20:10:53.262+0000] {subprocess.py:93} INFO - Record successfully produced to transaction-events [0] at offset 493
[2025-07-04T20:10:53.263+0000] {subprocess.py:93} INFO - Record successfully produced to transaction-events [0] at offset 494
[2025-07-04T20:10:53.263+0000] {subprocess.py:93} INFO - Record successfully produced to transaction-events [0] at offset 495
[2025-07-04T20:10:53.263+0000] {subprocess.py:93} INFO - Record successfully produced to transaction-events [0] at offset 496
[2025-07-04T20:10:53.264+0000] {subprocess.py:93} INFO - Record successfully produced to transaction-events [0] at offset 497
[2025-07-04T20:10:53.264+0000] {subprocess.py:93} INFO - Record successfully produced to transaction-events [0] at offset 498
[2025-07-04T20:10:53.264+0000] {subprocess.py:93} INFO - Record successfully produced to transaction-events [0] at offset 499
[2025-07-04T20:10:53.302+0000] {subprocess.py:97} INFO - Command exited with return code 0
[2025-07-04T20:10:53.486+0000] {taskinstance.py:1327} INFO - Marking task as SUCCESS. dag_id=retail_sales_pipeline, task_id=simulate_kafka_events, execution_date=20250704T194101, start_date=20250704T200229, end_date=20250704T201053
[2025-07-04T20:10:53.571+0000] {local_task_job.py:159} INFO - Task exited with return code 0
[2025-07-04T20:10:53.684+0000] {taskinstance.py:2582} INFO - 1 downstream tasks scheduled from follow-on schedule check
