[2025-07-04T19:41:26.819+0000] {taskinstance.py:1087} INFO - Dependencies all met for <TaskInstance: retail_sales_pipeline.simulate_kafka_events manual__2025-07-04T19:41:01.587132+00:00 [queued]>
[2025-07-04T19:41:26.832+0000] {taskinstance.py:1087} INFO - Dependencies all met for <TaskInstance: retail_sales_pipeline.simulate_kafka_events manual__2025-07-04T19:41:01.587132+00:00 [queued]>
[2025-07-04T19:41:26.832+0000] {taskinstance.py:1283} INFO - 
--------------------------------------------------------------------------------
[2025-07-04T19:41:26.832+0000] {taskinstance.py:1284} INFO - Starting attempt 1 of 2
[2025-07-04T19:41:26.832+0000] {taskinstance.py:1285} INFO - 
--------------------------------------------------------------------------------
[2025-07-04T19:41:26.853+0000] {taskinstance.py:1304} INFO - Executing <Task(BashOperator): simulate_kafka_events> on 2025-07-04 19:41:01.587132+00:00
[2025-07-04T19:41:26.857+0000] {standard_task_runner.py:55} INFO - Started process 687 to run task
[2025-07-04T19:41:26.861+0000] {standard_task_runner.py:82} INFO - Running: ['***', 'tasks', 'run', 'retail_sales_pipeline', 'simulate_kafka_events', 'manual__2025-07-04T19:41:01.587132+00:00', '--job-id', '8', '--raw', '--subdir', 'DAGS_FOLDER/retail_sales_pipeline.py', '--cfg-path', '/tmp/tmp_1mz92m6']
[2025-07-04T19:41:26.863+0000] {standard_task_runner.py:83} INFO - Job 8: Subtask simulate_kafka_events
[2025-07-04T19:41:27.187+0000] {task_command.py:389} INFO - Running <TaskInstance: retail_sales_pipeline.simulate_kafka_events manual__2025-07-04T19:41:01.587132+00:00 [running]> on host ce609c2457b1
[2025-07-04T19:41:27.487+0000] {taskinstance.py:1513} INFO - Exporting the following env vars:
AIRFLOW_CTX_DAG_OWNER=***
AIRFLOW_CTX_DAG_ID=retail_sales_pipeline
AIRFLOW_CTX_TASK_ID=simulate_kafka_events
AIRFLOW_CTX_EXECUTION_DATE=2025-07-04T19:41:01.587132+00:00
AIRFLOW_CTX_TRY_NUMBER=1
AIRFLOW_CTX_DAG_RUN_ID=manual__2025-07-04T19:41:01.587132+00:00
[2025-07-04T19:41:27.488+0000] {subprocess.py:63} INFO - Tmp dir root location: 
 /tmp
[2025-07-04T19:41:27.489+0000] {subprocess.py:75} INFO - Running command: ['/bin/bash', '-c', '\n        python3 /opt/***/scripts/ingestion/kafka_producer.py\n        ']
[2025-07-04T19:41:27.498+0000] {subprocess.py:86} INFO - Output:
[2025-07-04T19:41:37.834+0000] {subprocess.py:93} INFO - Record successfully produced to transaction-events [0] at offset 10
[2025-07-04T19:41:37.846+0000] {subprocess.py:93} INFO - Record successfully produced to transaction-events [0] at offset 11
[2025-07-04T19:41:37.847+0000] {subprocess.py:93} INFO - Record successfully produced to transaction-events [0] at offset 12
[2025-07-04T19:41:37.848+0000] {subprocess.py:93} INFO - Record successfully produced to transaction-events [0] at offset 13
[2025-07-04T19:41:37.848+0000] {subprocess.py:93} INFO - Record successfully produced to transaction-events [0] at offset 14
[2025-07-04T19:41:37.849+0000] {subprocess.py:93} INFO - Record successfully produced to transaction-events [0] at offset 15
[2025-07-04T19:41:37.849+0000] {subprocess.py:93} INFO - Record successfully produced to transaction-events [0] at offset 16
[2025-07-04T19:41:37.850+0000] {subprocess.py:93} INFO - Record successfully produced to transaction-events [0] at offset 17
[2025-07-04T19:41:37.850+0000] {subprocess.py:93} INFO - Record successfully produced to transaction-events [0] at offset 18
[2025-07-04T19:41:37.850+0000] {subprocess.py:93} INFO - Record successfully produced to transaction-events [0] at offset 19
[2025-07-04T19:41:37.877+0000] {subprocess.py:97} INFO - Command exited with return code 0
[2025-07-04T19:41:38.074+0000] {taskinstance.py:1327} INFO - Marking task as SUCCESS. dag_id=retail_sales_pipeline, task_id=simulate_kafka_events, execution_date=20250704T194101, start_date=20250704T194126, end_date=20250704T194138
[2025-07-04T19:41:38.122+0000] {local_task_job.py:159} INFO - Task exited with return code 0
[2025-07-04T19:41:38.234+0000] {taskinstance.py:2582} INFO - 0 downstream tasks scheduled from follow-on schedule check
