[2025-07-20T11:08:09.555+0000] {taskinstance.py:1087} INFO - Dependencies all met for <TaskInstance: retail_sales_pipeline.process_customers manual__2025-07-20T11:08:07+00:00 [queued]>
[2025-07-20T11:08:09.569+0000] {taskinstance.py:1087} INFO - Dependencies all met for <TaskInstance: retail_sales_pipeline.process_customers manual__2025-07-20T11:08:07+00:00 [queued]>
[2025-07-20T11:08:09.569+0000] {taskinstance.py:1283} INFO - 
--------------------------------------------------------------------------------
[2025-07-20T11:08:09.570+0000] {taskinstance.py:1284} INFO - Starting attempt 1 of 2
[2025-07-20T11:08:09.570+0000] {taskinstance.py:1285} INFO - 
--------------------------------------------------------------------------------
[2025-07-20T11:08:09.595+0000] {taskinstance.py:1304} INFO - Executing <Task(BashOperator): process_customers> on 2025-07-20 11:08:07+00:00
[2025-07-20T11:08:09.600+0000] {standard_task_runner.py:55} INFO - Started process 182 to run task
[2025-07-20T11:08:09.603+0000] {standard_task_runner.py:82} INFO - Running: ['***', 'tasks', 'run', 'retail_sales_pipeline', 'process_customers', 'manual__2025-07-20T11:08:07+00:00', '--job-id', '3', '--raw', '--subdir', 'DAGS_FOLDER/retail_sales_pipeline.py', '--cfg-path', '/tmp/tmpgym4k96v']
[2025-07-20T11:08:09.605+0000] {standard_task_runner.py:83} INFO - Job 3: Subtask process_customers
[2025-07-20T11:08:09.875+0000] {task_command.py:389} INFO - Running <TaskInstance: retail_sales_pipeline.process_customers manual__2025-07-20T11:08:07+00:00 [running]> on host 73fb4a0b9ff1
[2025-07-20T11:08:10.180+0000] {taskinstance.py:1513} INFO - Exporting the following env vars:
AIRFLOW_CTX_DAG_OWNER=***
AIRFLOW_CTX_DAG_ID=retail_sales_pipeline
AIRFLOW_CTX_TASK_ID=process_customers
AIRFLOW_CTX_EXECUTION_DATE=2025-07-20T11:08:07+00:00
AIRFLOW_CTX_TRY_NUMBER=1
AIRFLOW_CTX_DAG_RUN_ID=manual__2025-07-20T11:08:07+00:00
[2025-07-20T11:08:10.181+0000] {subprocess.py:63} INFO - Tmp dir root location: 
 /tmp
[2025-07-20T11:08:10.182+0000] {subprocess.py:75} INFO - Running command: ['/bin/bash', '-c', '\n        docker exec spark-master /opt/bitnami/spark/bin/spark-submit             /opt/***/scripts/ingestion/process_customers.py\n        ']
[2025-07-20T11:08:10.192+0000] {subprocess.py:86} INFO - Output:
[2025-07-20T11:08:17.684+0000] {subprocess.py:93} INFO - 25/07/20 11:08:17 INFO SparkContext: Running Spark version 3.5.5
[2025-07-20T11:08:17.690+0000] {subprocess.py:93} INFO - 25/07/20 11:08:17 INFO SparkContext: OS info Linux, 6.10.14-linuxkit, amd64
[2025-07-20T11:08:17.692+0000] {subprocess.py:93} INFO - 25/07/20 11:08:17 INFO SparkContext: Java version 17.0.14
[2025-07-20T11:08:17.794+0000] {subprocess.py:93} INFO - 25/07/20 11:08:17 INFO ResourceUtils: ==============================================================
[2025-07-20T11:08:17.795+0000] {subprocess.py:93} INFO - 25/07/20 11:08:17 INFO ResourceUtils: No custom resources configured for spark.driver.
[2025-07-20T11:08:17.796+0000] {subprocess.py:93} INFO - 25/07/20 11:08:17 INFO ResourceUtils: ==============================================================
[2025-07-20T11:08:17.798+0000] {subprocess.py:93} INFO - 25/07/20 11:08:17 INFO SparkContext: Submitted application: ProcessCustomers
[2025-07-20T11:08:17.828+0000] {subprocess.py:93} INFO - 25/07/20 11:08:17 INFO ResourceProfile: Default ResourceProfile created, executor resources: Map(cores -> name: cores, amount: 1, script: , vendor: , memory -> name: memory, amount: 1024, script: , vendor: , offHeap -> name: offHeap, amount: 0, script: , vendor: ), task resources: Map(cpus -> name: cpus, amount: 1.0)
[2025-07-20T11:08:17.838+0000] {subprocess.py:93} INFO - 25/07/20 11:08:17 INFO ResourceProfile: Limiting resource is cpu
[2025-07-20T11:08:17.840+0000] {subprocess.py:93} INFO - 25/07/20 11:08:17 INFO ResourceProfileManager: Added ResourceProfile id: 0
[2025-07-20T11:08:17.933+0000] {subprocess.py:93} INFO - 25/07/20 11:08:17 INFO SecurityManager: Changing view acls to: spark
[2025-07-20T11:08:17.939+0000] {subprocess.py:93} INFO - 25/07/20 11:08:17 INFO SecurityManager: Changing modify acls to: spark
[2025-07-20T11:08:17.941+0000] {subprocess.py:93} INFO - 25/07/20 11:08:17 INFO SecurityManager: Changing view acls groups to:
[2025-07-20T11:08:17.943+0000] {subprocess.py:93} INFO - 25/07/20 11:08:17 INFO SecurityManager: Changing modify acls groups to:
[2025-07-20T11:08:17.944+0000] {subprocess.py:93} INFO - 25/07/20 11:08:17 INFO SecurityManager: SecurityManager: authentication disabled; ui acls disabled; users with view permissions: spark; groups with view permissions: EMPTY; users with modify permissions: spark; groups with modify permissions: EMPTY
[2025-07-20T11:08:18.134+0000] {subprocess.py:93} INFO - 25/07/20 11:08:18 WARN NativeCodeLoader: Unable to load native-hadoop library for your platform... using builtin-java classes where applicable
[2025-07-20T11:08:18.638+0000] {subprocess.py:93} INFO - 25/07/20 11:08:18 INFO Utils: Successfully started service 'sparkDriver' on port 43457.
[2025-07-20T11:08:18.692+0000] {subprocess.py:93} INFO - 25/07/20 11:08:18 INFO SparkEnv: Registering MapOutputTracker
[2025-07-20T11:08:18.762+0000] {subprocess.py:93} INFO - 25/07/20 11:08:18 INFO SparkEnv: Registering BlockManagerMaster
[2025-07-20T11:08:18.789+0000] {subprocess.py:93} INFO - 25/07/20 11:08:18 INFO BlockManagerMasterEndpoint: Using org.apache.spark.storage.DefaultTopologyMapper for getting topology information
[2025-07-20T11:08:18.791+0000] {subprocess.py:93} INFO - 25/07/20 11:08:18 INFO BlockManagerMasterEndpoint: BlockManagerMasterEndpoint up
[2025-07-20T11:08:18.809+0000] {subprocess.py:93} INFO - 25/07/20 11:08:18 INFO SparkEnv: Registering BlockManagerMasterHeartbeat
[2025-07-20T11:08:18.841+0000] {subprocess.py:93} INFO - 25/07/20 11:08:18 INFO DiskBlockManager: Created local directory at /tmp/blockmgr-963fc283-02ff-4da2-a9a5-bd06ca075605
[2025-07-20T11:08:18.862+0000] {subprocess.py:93} INFO - 25/07/20 11:08:18 INFO MemoryStore: MemoryStore started with capacity 434.4 MiB
[2025-07-20T11:08:18.883+0000] {subprocess.py:93} INFO - 25/07/20 11:08:18 INFO SparkEnv: Registering OutputCommitCoordinator
[2025-07-20T11:08:19.093+0000] {subprocess.py:93} INFO - 25/07/20 11:08:19 INFO JettyUtils: Start Jetty 0.0.0.0:4040 for SparkUI
[2025-07-20T11:08:19.190+0000] {subprocess.py:93} INFO - 25/07/20 11:08:19 INFO Utils: Successfully started service 'SparkUI' on port 4040.
[2025-07-20T11:08:19.432+0000] {subprocess.py:93} INFO - 25/07/20 11:08:19 INFO Executor: Starting executor ID driver on host 6d8fe1a7d9e8
[2025-07-20T11:08:19.436+0000] {subprocess.py:93} INFO - 25/07/20 11:08:19 INFO Executor: OS info Linux, 6.10.14-linuxkit, amd64
[2025-07-20T11:08:19.437+0000] {subprocess.py:93} INFO - 25/07/20 11:08:19 INFO Executor: Java version 17.0.14
[2025-07-20T11:08:19.457+0000] {subprocess.py:93} INFO - 25/07/20 11:08:19 INFO Executor: Starting executor with user classpath (userClassPathFirst = false): ''
[2025-07-20T11:08:19.467+0000] {subprocess.py:93} INFO - 25/07/20 11:08:19 INFO Executor: Created or updated repl class loader org.apache.spark.util.MutableURLClassLoader@32c5ecfa for default.
[2025-07-20T11:08:19.648+0000] {subprocess.py:93} INFO - 25/07/20 11:08:19 INFO Utils: Successfully started service 'org.apache.spark.network.netty.NettyBlockTransferService' on port 36903.
[2025-07-20T11:08:19.650+0000] {subprocess.py:93} INFO - 25/07/20 11:08:19 INFO NettyBlockTransferService: Server created on 6d8fe1a7d9e8:36903
[2025-07-20T11:08:19.656+0000] {subprocess.py:93} INFO - 25/07/20 11:08:19 INFO BlockManager: Using org.apache.spark.storage.RandomBlockReplicationPolicy for block replication policy
[2025-07-20T11:08:19.674+0000] {subprocess.py:93} INFO - 25/07/20 11:08:19 INFO BlockManagerMaster: Registering BlockManager BlockManagerId(driver, 6d8fe1a7d9e8, 36903, None)
[2025-07-20T11:08:19.688+0000] {subprocess.py:93} INFO - 25/07/20 11:08:19 INFO BlockManagerMasterEndpoint: Registering block manager 6d8fe1a7d9e8:36903 with 434.4 MiB RAM, BlockManagerId(driver, 6d8fe1a7d9e8, 36903, None)
[2025-07-20T11:08:19.692+0000] {subprocess.py:93} INFO - 25/07/20 11:08:19 INFO BlockManagerMaster: Registered BlockManager BlockManagerId(driver, 6d8fe1a7d9e8, 36903, None)
[2025-07-20T11:08:19.695+0000] {subprocess.py:93} INFO - 25/07/20 11:08:19 INFO BlockManager: Initialized BlockManager: BlockManagerId(driver, 6d8fe1a7d9e8, 36903, None)
[2025-07-20T11:08:21.119+0000] {subprocess.py:93} INFO - 25/07/20 11:08:21 INFO SharedState: Setting hive.metastore.warehouse.dir ('null') to the value of spark.sql.warehouse.dir.
[2025-07-20T11:08:21.133+0000] {subprocess.py:93} INFO - 25/07/20 11:08:21 INFO SharedState: Warehouse path is 'file:/opt/bitnami/spark/spark-warehouse'.
[2025-07-20T11:08:23.277+0000] {subprocess.py:93} INFO - 25/07/20 11:08:23 INFO InMemoryFileIndex: It took 207 ms to list leaf files for 1 paths.
[2025-07-20T11:08:23.539+0000] {subprocess.py:93} INFO - 25/07/20 11:08:23 INFO InMemoryFileIndex: It took 8 ms to list leaf files for 1 paths.
[2025-07-20T11:08:32.441+0000] {subprocess.py:93} INFO - 25/07/20 11:08:32 INFO FileSourceStrategy: Pushed Filters:
[2025-07-20T11:08:32.444+0000] {subprocess.py:93} INFO - 25/07/20 11:08:32 INFO FileSourceStrategy: Post-Scan Filters: (length(trim(value#0, None)) > 0)
[2025-07-20T11:08:33.757+0000] {subprocess.py:93} INFO - 25/07/20 11:08:33 INFO CodeGenerator: Code generated in 320.665042 ms
[2025-07-20T11:08:33.905+0000] {subprocess.py:93} INFO - 25/07/20 11:08:33 INFO MemoryStore: Block broadcast_0 stored as values in memory (estimated size 199.6 KiB, free 434.2 MiB)
[2025-07-20T11:08:34.036+0000] {subprocess.py:93} INFO - 25/07/20 11:08:34 INFO MemoryStore: Block broadcast_0_piece0 stored as bytes in memory (estimated size 34.3 KiB, free 434.2 MiB)
[2025-07-20T11:08:34.044+0000] {subprocess.py:93} INFO - 25/07/20 11:08:34 INFO BlockManagerInfo: Added broadcast_0_piece0 in memory on 6d8fe1a7d9e8:36903 (size: 34.3 KiB, free: 434.4 MiB)
[2025-07-20T11:08:34.061+0000] {subprocess.py:93} INFO - 25/07/20 11:08:34 INFO SparkContext: Created broadcast 0 from csv at <unknown>:0
[2025-07-20T11:08:34.083+0000] {subprocess.py:93} INFO - 25/07/20 11:08:34 INFO FileSourceScanExec: Planning scan with bin packing, max size: 4194304 bytes, open cost is considered as scanning 4194304 bytes.
[2025-07-20T11:08:34.439+0000] {subprocess.py:93} INFO - 25/07/20 11:08:34 INFO SparkContext: Starting job: csv at <unknown>:0
[2025-07-20T11:08:34.589+0000] {subprocess.py:93} INFO - 25/07/20 11:08:34 INFO DAGScheduler: Got job 0 (csv at <unknown>:0) with 1 output partitions
[2025-07-20T11:08:34.601+0000] {subprocess.py:93} INFO - 25/07/20 11:08:34 INFO DAGScheduler: Final stage: ResultStage 0 (csv at <unknown>:0)
[2025-07-20T11:08:34.606+0000] {subprocess.py:93} INFO - 25/07/20 11:08:34 INFO DAGScheduler: Parents of final stage: List()
[2025-07-20T11:08:34.627+0000] {subprocess.py:93} INFO - 25/07/20 11:08:34 INFO DAGScheduler: Missing parents: List()
[2025-07-20T11:08:34.699+0000] {subprocess.py:93} INFO - 25/07/20 11:08:34 INFO DAGScheduler: Submitting ResultStage 0 (MapPartitionsRDD[3] at csv at <unknown>:0), which has no missing parents
[2025-07-20T11:08:35.025+0000] {subprocess.py:93} INFO - 25/07/20 11:08:35 INFO MemoryStore: Block broadcast_1 stored as values in memory (estimated size 13.5 KiB, free 434.2 MiB)
[2025-07-20T11:08:35.043+0000] {subprocess.py:93} INFO - 25/07/20 11:08:35 INFO MemoryStore: Block broadcast_1_piece0 stored as bytes in memory (estimated size 6.4 KiB, free 434.2 MiB)
[2025-07-20T11:08:35.045+0000] {subprocess.py:93} INFO - 25/07/20 11:08:35 INFO BlockManagerInfo: Added broadcast_1_piece0 in memory on 6d8fe1a7d9e8:36903 (size: 6.4 KiB, free: 434.4 MiB)
[2025-07-20T11:08:35.056+0000] {subprocess.py:93} INFO - 25/07/20 11:08:35 INFO SparkContext: Created broadcast 1 from broadcast at DAGScheduler.scala:1585
[2025-07-20T11:08:35.141+0000] {subprocess.py:93} INFO - 25/07/20 11:08:35 INFO DAGScheduler: Submitting 1 missing tasks from ResultStage 0 (MapPartitionsRDD[3] at csv at <unknown>:0) (first 15 tasks are for partitions Vector(0))
[2025-07-20T11:08:35.146+0000] {subprocess.py:93} INFO - 25/07/20 11:08:35 INFO TaskSchedulerImpl: Adding task set 0.0 with 1 tasks resource profile 0
[2025-07-20T11:08:35.243+0000] {subprocess.py:93} INFO - 25/07/20 11:08:35 INFO TaskSetManager: Starting task 0.0 in stage 0.0 (TID 0) (6d8fe1a7d9e8, executor driver, partition 0, PROCESS_LOCAL, 9610 bytes)
[2025-07-20T11:08:35.273+0000] {subprocess.py:93} INFO - 25/07/20 11:08:35 INFO Executor: Running task 0.0 in stage 0.0 (TID 0)
[2025-07-20T11:08:35.997+0000] {subprocess.py:93} INFO - 25/07/20 11:08:35 INFO CodeGenerator: Code generated in 152.764208 ms
[2025-07-20T11:08:36.023+0000] {subprocess.py:93} INFO - 25/07/20 11:08:36 INFO FileScanRDD: Reading File path: file:///opt/***/data/customers/customers.csv, range: 0-3955, partition values: [empty row]
[2025-07-20T11:08:36.334+0000] {subprocess.py:93} INFO - 25/07/20 11:08:36 INFO CodeGenerator: Code generated in 251.688001 ms
[2025-07-20T11:08:36.762+0000] {subprocess.py:93} INFO - 25/07/20 11:08:36 INFO Executor: Finished task 0.0 in stage 0.0 (TID 0). 1707 bytes result sent to driver
[2025-07-20T11:08:36.807+0000] {subprocess.py:93} INFO - 25/07/20 11:08:36 INFO TaskSetManager: Finished task 0.0 in stage 0.0 (TID 0) in 1589 ms on 6d8fe1a7d9e8 (executor driver) (1/1)
[2025-07-20T11:08:36.818+0000] {subprocess.py:93} INFO - 25/07/20 11:08:36 INFO TaskSchedulerImpl: Removed TaskSet 0.0, whose tasks have all completed, from pool
[2025-07-20T11:08:36.863+0000] {subprocess.py:93} INFO - 25/07/20 11:08:36 INFO DAGScheduler: ResultStage 0 (csv at <unknown>:0) finished in 2.064 s
[2025-07-20T11:08:36.870+0000] {subprocess.py:93} INFO - 25/07/20 11:08:36 INFO DAGScheduler: Job 0 is finished. Cancelling potential speculative or zombie tasks for this job
[2025-07-20T11:08:36.871+0000] {subprocess.py:93} INFO - 25/07/20 11:08:36 INFO TaskSchedulerImpl: Killing all running tasks in stage 0: Stage finished
[2025-07-20T11:08:36.876+0000] {subprocess.py:93} INFO - 25/07/20 11:08:36 INFO DAGScheduler: Job 0 finished: csv at <unknown>:0, took 2.447125 s
[2025-07-20T11:08:37.018+0000] {subprocess.py:93} INFO - 25/07/20 11:08:37 INFO CodeGenerator: Code generated in 89.554625 ms
[2025-07-20T11:08:37.661+0000] {subprocess.py:93} INFO - 25/07/20 11:08:37 INFO FileSourceStrategy: Pushed Filters:
[2025-07-20T11:08:37.739+0000] {subprocess.py:93} INFO - 25/07/20 11:08:37 INFO FileSourceStrategy: Post-Scan Filters:
[2025-07-20T11:08:37.825+0000] {subprocess.py:93} INFO - 25/07/20 11:08:37 INFO MemoryStore: Block broadcast_2 stored as values in memory (estimated size 199.6 KiB, free 434.0 MiB)
[2025-07-20T11:08:37.947+0000] {subprocess.py:93} INFO - 25/07/20 11:08:37 INFO MemoryStore: Block broadcast_2_piece0 stored as bytes in memory (estimated size 34.3 KiB, free 433.9 MiB)
[2025-07-20T11:08:37.953+0000] {subprocess.py:93} INFO - 25/07/20 11:08:37 INFO BlockManagerInfo: Added broadcast_2_piece0 in memory on 6d8fe1a7d9e8:36903 (size: 34.3 KiB, free: 434.3 MiB)
[2025-07-20T11:08:37.973+0000] {subprocess.py:93} INFO - 25/07/20 11:08:37 INFO SparkContext: Created broadcast 2 from csv at <unknown>:0
[2025-07-20T11:08:38.000+0000] {subprocess.py:93} INFO - 25/07/20 11:08:37 INFO FileSourceScanExec: Planning scan with bin packing, max size: 4194304 bytes, open cost is considered as scanning 4194304 bytes.
[2025-07-20T11:08:38.453+0000] {subprocess.py:93} INFO - 25/07/20 11:08:38 INFO SparkContext: Starting job: csv at <unknown>:0
[2025-07-20T11:08:38.461+0000] {subprocess.py:93} INFO - 25/07/20 11:08:38 INFO DAGScheduler: Got job 1 (csv at <unknown>:0) with 1 output partitions
[2025-07-20T11:08:38.462+0000] {subprocess.py:93} INFO - 25/07/20 11:08:38 INFO DAGScheduler: Final stage: ResultStage 1 (csv at <unknown>:0)
[2025-07-20T11:08:38.471+0000] {subprocess.py:93} INFO - 25/07/20 11:08:38 INFO DAGScheduler: Parents of final stage: List()
[2025-07-20T11:08:38.473+0000] {subprocess.py:93} INFO - 25/07/20 11:08:38 INFO DAGScheduler: Missing parents: List()
[2025-07-20T11:08:38.475+0000] {subprocess.py:93} INFO - 25/07/20 11:08:38 INFO DAGScheduler: Submitting ResultStage 1 (MapPartitionsRDD[9] at csv at <unknown>:0), which has no missing parents
[2025-07-20T11:08:38.587+0000] {subprocess.py:93} INFO - 25/07/20 11:08:38 INFO MemoryStore: Block broadcast_3 stored as values in memory (estimated size 27.7 KiB, free 433.9 MiB)
[2025-07-20T11:08:38.602+0000] {subprocess.py:93} INFO - 25/07/20 11:08:38 INFO MemoryStore: Block broadcast_3_piece0 stored as bytes in memory (estimated size 12.7 KiB, free 433.9 MiB)
[2025-07-20T11:08:38.603+0000] {subprocess.py:93} INFO - 25/07/20 11:08:38 INFO BlockManagerInfo: Added broadcast_3_piece0 in memory on 6d8fe1a7d9e8:36903 (size: 12.7 KiB, free: 434.3 MiB)
[2025-07-20T11:08:38.609+0000] {subprocess.py:93} INFO - 25/07/20 11:08:38 INFO SparkContext: Created broadcast 3 from broadcast at DAGScheduler.scala:1585
[2025-07-20T11:08:38.611+0000] {subprocess.py:93} INFO - 25/07/20 11:08:38 INFO DAGScheduler: Submitting 1 missing tasks from ResultStage 1 (MapPartitionsRDD[9] at csv at <unknown>:0) (first 15 tasks are for partitions Vector(0))
[2025-07-20T11:08:38.612+0000] {subprocess.py:93} INFO - 25/07/20 11:08:38 INFO TaskSchedulerImpl: Adding task set 1.0 with 1 tasks resource profile 0
[2025-07-20T11:08:38.626+0000] {subprocess.py:93} INFO - 25/07/20 11:08:38 INFO TaskSetManager: Starting task 0.0 in stage 1.0 (TID 1) (6d8fe1a7d9e8, executor driver, partition 0, PROCESS_LOCAL, 9610 bytes)
[2025-07-20T11:08:38.627+0000] {subprocess.py:93} INFO - 25/07/20 11:08:38 INFO Executor: Running task 0.0 in stage 1.0 (TID 1)
[2025-07-20T11:08:38.904+0000] {subprocess.py:93} INFO - 25/07/20 11:08:38 INFO CodeGenerator: Code generated in 38.777 ms
[2025-07-20T11:08:38.918+0000] {subprocess.py:93} INFO - 25/07/20 11:08:38 INFO FileScanRDD: Reading File path: file:///opt/***/data/customers/customers.csv, range: 0-3955, partition values: [empty row]
[2025-07-20T11:08:39.072+0000] {subprocess.py:93} INFO - 25/07/20 11:08:39 INFO Executor: Finished task 0.0 in stage 1.0 (TID 1). 1674 bytes result sent to driver
[2025-07-20T11:08:39.088+0000] {subprocess.py:93} INFO - 25/07/20 11:08:39 INFO TaskSetManager: Finished task 0.0 in stage 1.0 (TID 1) in 466 ms on 6d8fe1a7d9e8 (executor driver) (1/1)
[2025-07-20T11:08:39.091+0000] {subprocess.py:93} INFO - 25/07/20 11:08:39 INFO TaskSchedulerImpl: Removed TaskSet 1.0, whose tasks have all completed, from pool
[2025-07-20T11:08:39.092+0000] {subprocess.py:93} INFO - 25/07/20 11:08:39 INFO DAGScheduler: ResultStage 1 (csv at <unknown>:0) finished in 0.603 s
[2025-07-20T11:08:39.093+0000] {subprocess.py:93} INFO - 25/07/20 11:08:39 INFO DAGScheduler: Job 1 is finished. Cancelling potential speculative or zombie tasks for this job
[2025-07-20T11:08:39.093+0000] {subprocess.py:93} INFO - 25/07/20 11:08:39 INFO TaskSchedulerImpl: Killing all running tasks in stage 1: Stage finished
[2025-07-20T11:08:39.094+0000] {subprocess.py:93} INFO - 25/07/20 11:08:39 INFO DAGScheduler: Job 1 finished: csv at <unknown>:0, took 0.643618 s
[2025-07-20T11:08:39.402+0000] {subprocess.py:93} INFO - 25/07/20 11:08:39 INFO FileSourceStrategy: Pushed Filters:
[2025-07-20T11:08:39.405+0000] {subprocess.py:93} INFO - 25/07/20 11:08:39 INFO FileSourceStrategy: Post-Scan Filters:
[2025-07-20T11:08:39.529+0000] {subprocess.py:93} INFO - 25/07/20 11:08:39 INFO ParquetUtils: Using default output committer for Parquet: org.apache.parquet.hadoop.ParquetOutputCommitter
[2025-07-20T11:08:39.596+0000] {subprocess.py:93} INFO - 25/07/20 11:08:39 INFO FileOutputCommitter: File Output Committer Algorithm version is 1
[2025-07-20T11:08:39.598+0000] {subprocess.py:93} INFO - 25/07/20 11:08:39 INFO FileOutputCommitter: FileOutputCommitter skip cleanup _temporary folders under output directory:false, ignore cleanup failures: false
[2025-07-20T11:08:39.600+0000] {subprocess.py:93} INFO - 25/07/20 11:08:39 INFO SQLHadoopMapReduceCommitProtocol: Using user defined output committer class org.apache.parquet.hadoop.ParquetOutputCommitter
[2025-07-20T11:08:39.601+0000] {subprocess.py:93} INFO - 25/07/20 11:08:39 INFO FileOutputCommitter: File Output Committer Algorithm version is 1
[2025-07-20T11:08:39.601+0000] {subprocess.py:93} INFO - 25/07/20 11:08:39 INFO FileOutputCommitter: FileOutputCommitter skip cleanup _temporary folders under output directory:false, ignore cleanup failures: false
[2025-07-20T11:08:39.604+0000] {subprocess.py:93} INFO - 25/07/20 11:08:39 INFO SQLHadoopMapReduceCommitProtocol: Using output committer class org.apache.parquet.hadoop.ParquetOutputCommitter
[2025-07-20T11:08:39.885+0000] {subprocess.py:93} INFO - 25/07/20 11:08:39 INFO MemoryStore: Block broadcast_4 stored as values in memory (estimated size 199.5 KiB, free 433.7 MiB)
[2025-07-20T11:08:39.915+0000] {subprocess.py:93} INFO - 25/07/20 11:08:39 INFO MemoryStore: Block broadcast_4_piece0 stored as bytes in memory (estimated size 34.3 KiB, free 433.7 MiB)
[2025-07-20T11:08:39.916+0000] {subprocess.py:93} INFO - 25/07/20 11:08:39 INFO BlockManagerInfo: Added broadcast_4_piece0 in memory on 6d8fe1a7d9e8:36903 (size: 34.3 KiB, free: 434.3 MiB)
[2025-07-20T11:08:39.921+0000] {subprocess.py:93} INFO - 25/07/20 11:08:39 INFO SparkContext: Created broadcast 4 from save at <unknown>:0
[2025-07-20T11:08:39.941+0000] {subprocess.py:93} INFO - 25/07/20 11:08:39 INFO FileSourceScanExec: Planning scan with bin packing, max size: 4194304 bytes, open cost is considered as scanning 4194304 bytes.
[2025-07-20T11:08:39.990+0000] {subprocess.py:93} INFO - 25/07/20 11:08:39 INFO SparkContext: Starting job: save at <unknown>:0
[2025-07-20T11:08:39.993+0000] {subprocess.py:93} INFO - 25/07/20 11:08:39 INFO DAGScheduler: Got job 2 (save at <unknown>:0) with 1 output partitions
[2025-07-20T11:08:39.993+0000] {subprocess.py:93} INFO - 25/07/20 11:08:39 INFO DAGScheduler: Final stage: ResultStage 2 (save at <unknown>:0)
[2025-07-20T11:08:39.994+0000] {subprocess.py:93} INFO - 25/07/20 11:08:39 INFO DAGScheduler: Parents of final stage: List()
[2025-07-20T11:08:39.997+0000] {subprocess.py:93} INFO - 25/07/20 11:08:39 INFO DAGScheduler: Missing parents: List()
[2025-07-20T11:08:39.997+0000] {subprocess.py:93} INFO - 25/07/20 11:08:39 INFO DAGScheduler: Submitting ResultStage 2 (MapPartitionsRDD[12] at save at <unknown>:0), which has no missing parents
[2025-07-20T11:08:40.102+0000] {subprocess.py:93} INFO - 25/07/20 11:08:40 INFO MemoryStore: Block broadcast_5 stored as values in memory (estimated size 213.2 KiB, free 433.4 MiB)
[2025-07-20T11:08:40.179+0000] {subprocess.py:93} INFO - 25/07/20 11:08:40 INFO MemoryStore: Block broadcast_5_piece0 stored as bytes in memory (estimated size 77.0 KiB, free 433.4 MiB)
[2025-07-20T11:08:40.180+0000] {subprocess.py:93} INFO - 25/07/20 11:08:40 INFO BlockManagerInfo: Added broadcast_5_piece0 in memory on 6d8fe1a7d9e8:36903 (size: 77.0 KiB, free: 434.2 MiB)
[2025-07-20T11:08:40.181+0000] {subprocess.py:93} INFO - 25/07/20 11:08:40 INFO SparkContext: Created broadcast 5 from broadcast at DAGScheduler.scala:1585
[2025-07-20T11:08:40.188+0000] {subprocess.py:93} INFO - 25/07/20 11:08:40 INFO DAGScheduler: Submitting 1 missing tasks from ResultStage 2 (MapPartitionsRDD[12] at save at <unknown>:0) (first 15 tasks are for partitions Vector(0))
[2025-07-20T11:08:40.189+0000] {subprocess.py:93} INFO - 25/07/20 11:08:40 INFO TaskSchedulerImpl: Adding task set 2.0 with 1 tasks resource profile 0
[2025-07-20T11:08:40.203+0000] {subprocess.py:93} INFO - 25/07/20 11:08:40 INFO TaskSetManager: Starting task 0.0 in stage 2.0 (TID 2) (6d8fe1a7d9e8, executor driver, partition 0, PROCESS_LOCAL, 9610 bytes)
[2025-07-20T11:08:40.209+0000] {subprocess.py:93} INFO - 25/07/20 11:08:40 INFO Executor: Running task 0.0 in stage 2.0 (TID 2)
[2025-07-20T11:08:40.241+0000] {subprocess.py:93} INFO - 25/07/20 11:08:40 INFO BlockManagerInfo: Removed broadcast_2_piece0 on 6d8fe1a7d9e8:36903 in memory (size: 34.3 KiB, free: 434.2 MiB)
[2025-07-20T11:08:40.270+0000] {subprocess.py:93} INFO - 25/07/20 11:08:40 INFO BlockManagerInfo: Removed broadcast_3_piece0 on 6d8fe1a7d9e8:36903 in memory (size: 12.7 KiB, free: 434.3 MiB)
[2025-07-20T11:08:40.287+0000] {subprocess.py:93} INFO - 25/07/20 11:08:40 INFO BlockManagerInfo: Removed broadcast_1_piece0 on 6d8fe1a7d9e8:36903 in memory (size: 6.4 KiB, free: 434.3 MiB)
[2025-07-20T11:08:40.311+0000] {subprocess.py:93} INFO - 25/07/20 11:08:40 INFO BlockManagerInfo: Removed broadcast_0_piece0 on 6d8fe1a7d9e8:36903 in memory (size: 34.3 KiB, free: 434.3 MiB)
[2025-07-20T11:08:40.445+0000] {subprocess.py:93} INFO - 25/07/20 11:08:40 INFO FileOutputCommitter: File Output Committer Algorithm version is 1
[2025-07-20T11:08:40.446+0000] {subprocess.py:93} INFO - 25/07/20 11:08:40 INFO FileOutputCommitter: FileOutputCommitter skip cleanup _temporary folders under output directory:false, ignore cleanup failures: false
[2025-07-20T11:08:40.451+0000] {subprocess.py:93} INFO - 25/07/20 11:08:40 INFO SQLHadoopMapReduceCommitProtocol: Using user defined output committer class org.apache.parquet.hadoop.ParquetOutputCommitter
[2025-07-20T11:08:40.452+0000] {subprocess.py:93} INFO - 25/07/20 11:08:40 INFO FileOutputCommitter: File Output Committer Algorithm version is 1
[2025-07-20T11:08:40.453+0000] {subprocess.py:93} INFO - 25/07/20 11:08:40 INFO FileOutputCommitter: FileOutputCommitter skip cleanup _temporary folders under output directory:false, ignore cleanup failures: false
[2025-07-20T11:08:40.455+0000] {subprocess.py:93} INFO - 25/07/20 11:08:40 INFO SQLHadoopMapReduceCommitProtocol: Using output committer class org.apache.parquet.hadoop.ParquetOutputCommitter
[2025-07-20T11:08:40.475+0000] {subprocess.py:93} INFO - 25/07/20 11:08:40 INFO CodecConfig: Compression: SNAPPY
[2025-07-20T11:08:40.483+0000] {subprocess.py:93} INFO - 25/07/20 11:08:40 INFO CodecConfig: Compression: SNAPPY
[2025-07-20T11:08:40.534+0000] {subprocess.py:93} INFO - 25/07/20 11:08:40 INFO ParquetOutputFormat: ParquetRecordWriter [block size: 134217728b, row group padding size: 8388608b, validating: false]
[2025-07-20T11:08:40.591+0000] {subprocess.py:93} INFO - 25/07/20 11:08:40 INFO ParquetWriteSupport: Initialized Parquet WriteSupport with Catalyst schema:
[2025-07-20T11:08:40.592+0000] {subprocess.py:93} INFO - {
[2025-07-20T11:08:40.592+0000] {subprocess.py:93} INFO -   "type" : "struct",
[2025-07-20T11:08:40.593+0000] {subprocess.py:93} INFO -   "fields" : [ {
[2025-07-20T11:08:40.593+0000] {subprocess.py:93} INFO -     "name" : "customer_id",
[2025-07-20T11:08:40.593+0000] {subprocess.py:93} INFO -     "type" : "integer",
[2025-07-20T11:08:40.593+0000] {subprocess.py:93} INFO -     "nullable" : true,
[2025-07-20T11:08:40.594+0000] {subprocess.py:93} INFO -     "metadata" : { }
[2025-07-20T11:08:40.594+0000] {subprocess.py:93} INFO -   }, {
[2025-07-20T11:08:40.594+0000] {subprocess.py:93} INFO -     "name" : "first_name",
[2025-07-20T11:08:40.595+0000] {subprocess.py:93} INFO -     "type" : "string",
[2025-07-20T11:08:40.595+0000] {subprocess.py:93} INFO -     "nullable" : true,
[2025-07-20T11:08:40.596+0000] {subprocess.py:93} INFO -     "metadata" : { }
[2025-07-20T11:08:40.596+0000] {subprocess.py:93} INFO -   }, {
[2025-07-20T11:08:40.596+0000] {subprocess.py:93} INFO -     "name" : "last_name",
[2025-07-20T11:08:40.597+0000] {subprocess.py:93} INFO -     "type" : "string",
[2025-07-20T11:08:40.597+0000] {subprocess.py:93} INFO -     "nullable" : true,
[2025-07-20T11:08:40.598+0000] {subprocess.py:93} INFO -     "metadata" : { }
[2025-07-20T11:08:40.598+0000] {subprocess.py:93} INFO -   }, {
[2025-07-20T11:08:40.598+0000] {subprocess.py:93} INFO -     "name" : "email",
[2025-07-20T11:08:40.598+0000] {subprocess.py:93} INFO -     "type" : "string",
[2025-07-20T11:08:40.598+0000] {subprocess.py:93} INFO -     "nullable" : true,
[2025-07-20T11:08:40.599+0000] {subprocess.py:93} INFO -     "metadata" : { }
[2025-07-20T11:08:40.599+0000] {subprocess.py:93} INFO -   }, {
[2025-07-20T11:08:40.599+0000] {subprocess.py:93} INFO -     "name" : "signup_date",
[2025-07-20T11:08:40.600+0000] {subprocess.py:93} INFO -     "type" : "date",
[2025-07-20T11:08:40.600+0000] {subprocess.py:93} INFO -     "nullable" : true,
[2025-07-20T11:08:40.600+0000] {subprocess.py:93} INFO -     "metadata" : { }
[2025-07-20T11:08:40.600+0000] {subprocess.py:93} INFO -   } ]
[2025-07-20T11:08:40.601+0000] {subprocess.py:93} INFO - }
[2025-07-20T11:08:40.601+0000] {subprocess.py:93} INFO - and corresponding Parquet message type:
[2025-07-20T11:08:40.601+0000] {subprocess.py:93} INFO - message spark_schema {
[2025-07-20T11:08:40.601+0000] {subprocess.py:93} INFO -   optional int32 customer_id;
[2025-07-20T11:08:40.602+0000] {subprocess.py:93} INFO -   optional binary first_name (STRING);
[2025-07-20T11:08:40.602+0000] {subprocess.py:93} INFO -   optional binary last_name (STRING);
[2025-07-20T11:08:40.602+0000] {subprocess.py:93} INFO -   optional binary email (STRING);
[2025-07-20T11:08:40.602+0000] {subprocess.py:93} INFO -   optional int32 signup_date (DATE);
[2025-07-20T11:08:40.602+0000] {subprocess.py:93} INFO - }
[2025-07-20T11:08:40.603+0000] {subprocess.py:93} INFO - 
[2025-07-20T11:08:40.604+0000] {subprocess.py:93} INFO - 
[2025-07-20T11:08:40.903+0000] {subprocess.py:93} INFO - 25/07/20 11:08:40 INFO CodecPool: Got brand-new compressor [.snappy]
[2025-07-20T11:08:41.160+0000] {subprocess.py:93} INFO - 25/07/20 11:08:41 INFO FileScanRDD: Reading File path: file:///opt/***/data/customers/customers.csv, range: 0-3955, partition values: [empty row]
[2025-07-20T11:08:41.269+0000] {subprocess.py:93} INFO - 25/07/20 11:08:41 INFO CodeGenerator: Code generated in 80.463792 ms
[2025-07-20T11:08:41.998+0000] {subprocess.py:93} INFO - 25/07/20 11:08:41 INFO FileOutputCommitter: Saved output of task 'attempt_202507201108393320935293856941817_0002_m_000000_2' to file:/opt/***/data/delta/dim_customer/_temporary/0/task_202507201108393320935293856941817_0002_m_000000
[2025-07-20T11:08:42.001+0000] {subprocess.py:93} INFO - 25/07/20 11:08:41 INFO SparkHadoopMapRedUtil: attempt_202507201108393320935293856941817_0002_m_000000_2: Committed. Elapsed time: 5 ms.
[2025-07-20T11:08:42.041+0000] {subprocess.py:93} INFO - 25/07/20 11:08:42 INFO Executor: Finished task 0.0 in stage 2.0 (TID 2). 2502 bytes result sent to driver
[2025-07-20T11:08:42.057+0000] {subprocess.py:93} INFO - 25/07/20 11:08:42 INFO TaskSetManager: Finished task 0.0 in stage 2.0 (TID 2) in 1860 ms on 6d8fe1a7d9e8 (executor driver) (1/1)
[2025-07-20T11:08:42.057+0000] {subprocess.py:93} INFO - 25/07/20 11:08:42 INFO TaskSchedulerImpl: Removed TaskSet 2.0, whose tasks have all completed, from pool
[2025-07-20T11:08:42.061+0000] {subprocess.py:93} INFO - 25/07/20 11:08:42 INFO DAGScheduler: ResultStage 2 (save at <unknown>:0) finished in 2.057 s
[2025-07-20T11:08:42.061+0000] {subprocess.py:93} INFO - 25/07/20 11:08:42 INFO DAGScheduler: Job 2 is finished. Cancelling potential speculative or zombie tasks for this job
[2025-07-20T11:08:42.062+0000] {subprocess.py:93} INFO - 25/07/20 11:08:42 INFO TaskSchedulerImpl: Killing all running tasks in stage 2: Stage finished
[2025-07-20T11:08:42.065+0000] {subprocess.py:93} INFO - 25/07/20 11:08:42 INFO DAGScheduler: Job 2 finished: save at <unknown>:0, took 2.073464 s
[2025-07-20T11:08:42.073+0000] {subprocess.py:93} INFO - 25/07/20 11:08:42 INFO FileFormatWriter: Start to commit write Job 24510a84-00b3-4259-ae99-f266400aea73.
[2025-07-20T11:08:42.271+0000] {subprocess.py:93} INFO - 25/07/20 11:08:42 INFO FileFormatWriter: Write Job 24510a84-00b3-4259-ae99-f266400aea73 committed. Elapsed time: 194 ms.
[2025-07-20T11:08:42.280+0000] {subprocess.py:93} INFO - 25/07/20 11:08:42 INFO FileFormatWriter: Finished processing stats for write job 24510a84-00b3-4259-ae99-f266400aea73.
[2025-07-20T11:08:42.433+0000] {subprocess.py:93} INFO - 25/07/20 11:08:42 INFO SparkContext: Invoking stop() from shutdown hook
[2025-07-20T11:08:42.436+0000] {subprocess.py:93} INFO - 25/07/20 11:08:42 INFO SparkContext: SparkContext is stopping with exitCode 0.
[2025-07-20T11:08:42.465+0000] {subprocess.py:93} INFO - 25/07/20 11:08:42 INFO SparkUI: Stopped Spark web UI at http://6d8fe1a7d9e8:4040
[2025-07-20T11:08:42.492+0000] {subprocess.py:93} INFO - 25/07/20 11:08:42 INFO MapOutputTrackerMasterEndpoint: MapOutputTrackerMasterEndpoint stopped!
[2025-07-20T11:08:42.569+0000] {subprocess.py:93} INFO - 25/07/20 11:08:42 INFO MemoryStore: MemoryStore cleared
[2025-07-20T11:08:42.570+0000] {subprocess.py:93} INFO - 25/07/20 11:08:42 INFO BlockManager: BlockManager stopped
[2025-07-20T11:08:42.579+0000] {subprocess.py:93} INFO - 25/07/20 11:08:42 INFO BlockManagerMaster: BlockManagerMaster stopped
[2025-07-20T11:08:42.586+0000] {subprocess.py:93} INFO - 25/07/20 11:08:42 INFO OutputCommitCoordinator$OutputCommitCoordinatorEndpoint: OutputCommitCoordinator stopped!
[2025-07-20T11:08:42.653+0000] {subprocess.py:93} INFO - 25/07/20 11:08:42 INFO SparkContext: Successfully stopped SparkContext
[2025-07-20T11:08:42.653+0000] {subprocess.py:93} INFO - 25/07/20 11:08:42 INFO ShutdownHookManager: Shutdown hook called
[2025-07-20T11:08:42.655+0000] {subprocess.py:93} INFO - 25/07/20 11:08:42 INFO ShutdownHookManager: Deleting directory /tmp/spark-a86660bc-4a1b-43bf-92bf-870b8bf8eab6
[2025-07-20T11:08:42.720+0000] {subprocess.py:93} INFO - 25/07/20 11:08:42 INFO ShutdownHookManager: Deleting directory /tmp/spark-2e45b6ae-1a57-4a9c-9498-4a5f05f076d3
[2025-07-20T11:08:42.763+0000] {subprocess.py:93} INFO - 25/07/20 11:08:42 INFO ShutdownHookManager: Deleting directory /tmp/spark-a86660bc-4a1b-43bf-92bf-870b8bf8eab6/pyspark-b62d5409-652a-4faf-a771-e2ea15ad98bb
[2025-07-20T11:08:42.943+0000] {subprocess.py:97} INFO - Command exited with return code 0
[2025-07-20T11:08:43.183+0000] {taskinstance.py:1327} INFO - Marking task as SUCCESS. dag_id=retail_sales_pipeline, task_id=process_customers, execution_date=20250720T110807, start_date=20250720T110809, end_date=20250720T110843
[2025-07-20T11:08:43.289+0000] {local_task_job.py:159} INFO - Task exited with return code 0
[2025-07-20T11:08:43.433+0000] {taskinstance.py:2582} INFO - 0 downstream tasks scheduled from follow-on schedule check
