[2025-07-20T11:16:20.987+0000] {taskinstance.py:1087} INFO - Dependencies all met for <TaskInstance: retail_sales_pipeline.process_customers manual__2025-07-20T11:16:19+00:00 [queued]>
[2025-07-20T11:16:21.004+0000] {taskinstance.py:1087} INFO - Dependencies all met for <TaskInstance: retail_sales_pipeline.process_customers manual__2025-07-20T11:16:19+00:00 [queued]>
[2025-07-20T11:16:21.005+0000] {taskinstance.py:1283} INFO - 
--------------------------------------------------------------------------------
[2025-07-20T11:16:21.005+0000] {taskinstance.py:1284} INFO - Starting attempt 1 of 2
[2025-07-20T11:16:21.005+0000] {taskinstance.py:1285} INFO - 
--------------------------------------------------------------------------------
[2025-07-20T11:16:21.031+0000] {taskinstance.py:1304} INFO - Executing <Task(BashOperator): process_customers> on 2025-07-20 11:16:19+00:00
[2025-07-20T11:16:21.036+0000] {standard_task_runner.py:55} INFO - Started process 178 to run task
[2025-07-20T11:16:21.039+0000] {standard_task_runner.py:82} INFO - Running: ['***', 'tasks', 'run', 'retail_sales_pipeline', 'process_customers', 'manual__2025-07-20T11:16:19+00:00', '--job-id', '2', '--raw', '--subdir', 'DAGS_FOLDER/retail_sales_pipeline.py', '--cfg-path', '/tmp/tmp4x1w8gbk']
[2025-07-20T11:16:21.041+0000] {standard_task_runner.py:83} INFO - Job 2: Subtask process_customers
[2025-07-20T11:16:21.333+0000] {task_command.py:389} INFO - Running <TaskInstance: retail_sales_pipeline.process_customers manual__2025-07-20T11:16:19+00:00 [running]> on host 523798ae9678
[2025-07-20T11:16:21.660+0000] {taskinstance.py:1513} INFO - Exporting the following env vars:
AIRFLOW_CTX_DAG_OWNER=***
AIRFLOW_CTX_DAG_ID=retail_sales_pipeline
AIRFLOW_CTX_TASK_ID=process_customers
AIRFLOW_CTX_EXECUTION_DATE=2025-07-20T11:16:19+00:00
AIRFLOW_CTX_TRY_NUMBER=1
AIRFLOW_CTX_DAG_RUN_ID=manual__2025-07-20T11:16:19+00:00
[2025-07-20T11:16:21.662+0000] {subprocess.py:63} INFO - Tmp dir root location: 
 /tmp
[2025-07-20T11:16:21.663+0000] {subprocess.py:75} INFO - Running command: ['/bin/bash', '-c', '\n        docker exec spark-master /opt/bitnami/spark/bin/spark-submit             /opt/***/scripts/ingestion/process_customers.py\n        ']
[2025-07-20T11:16:21.673+0000] {subprocess.py:86} INFO - Output:
[2025-07-20T11:16:29.291+0000] {subprocess.py:93} INFO - 25/07/20 11:16:29 INFO SparkContext: Running Spark version 3.5.5
[2025-07-20T11:16:29.302+0000] {subprocess.py:93} INFO - 25/07/20 11:16:29 INFO SparkContext: OS info Linux, 6.10.14-linuxkit, amd64
[2025-07-20T11:16:29.303+0000] {subprocess.py:93} INFO - 25/07/20 11:16:29 INFO SparkContext: Java version 17.0.14
[2025-07-20T11:16:29.389+0000] {subprocess.py:93} INFO - 25/07/20 11:16:29 INFO ResourceUtils: ==============================================================
[2025-07-20T11:16:29.391+0000] {subprocess.py:93} INFO - 25/07/20 11:16:29 INFO ResourceUtils: No custom resources configured for spark.driver.
[2025-07-20T11:16:29.393+0000] {subprocess.py:93} INFO - 25/07/20 11:16:29 INFO ResourceUtils: ==============================================================
[2025-07-20T11:16:29.394+0000] {subprocess.py:93} INFO - 25/07/20 11:16:29 INFO SparkContext: Submitted application: ProcessCustomers
[2025-07-20T11:16:29.443+0000] {subprocess.py:93} INFO - 25/07/20 11:16:29 INFO ResourceProfile: Default ResourceProfile created, executor resources: Map(cores -> name: cores, amount: 1, script: , vendor: , memory -> name: memory, amount: 1024, script: , vendor: , offHeap -> name: offHeap, amount: 0, script: , vendor: ), task resources: Map(cpus -> name: cpus, amount: 1.0)
[2025-07-20T11:16:29.464+0000] {subprocess.py:93} INFO - 25/07/20 11:16:29 INFO ResourceProfile: Limiting resource is cpu
[2025-07-20T11:16:29.466+0000] {subprocess.py:93} INFO - 25/07/20 11:16:29 INFO ResourceProfileManager: Added ResourceProfile id: 0
[2025-07-20T11:16:29.553+0000] {subprocess.py:93} INFO - 25/07/20 11:16:29 INFO SecurityManager: Changing view acls to: spark
[2025-07-20T11:16:29.553+0000] {subprocess.py:93} INFO - 25/07/20 11:16:29 INFO SecurityManager: Changing modify acls to: spark
[2025-07-20T11:16:29.558+0000] {subprocess.py:93} INFO - 25/07/20 11:16:29 INFO SecurityManager: Changing view acls groups to:
[2025-07-20T11:16:29.558+0000] {subprocess.py:93} INFO - 25/07/20 11:16:29 INFO SecurityManager: Changing modify acls groups to:
[2025-07-20T11:16:29.559+0000] {subprocess.py:93} INFO - 25/07/20 11:16:29 INFO SecurityManager: SecurityManager: authentication disabled; ui acls disabled; users with view permissions: spark; groups with view permissions: EMPTY; users with modify permissions: spark; groups with modify permissions: EMPTY
[2025-07-20T11:16:29.712+0000] {subprocess.py:93} INFO - 25/07/20 11:16:29 WARN NativeCodeLoader: Unable to load native-hadoop library for your platform... using builtin-java classes where applicable
[2025-07-20T11:16:30.832+0000] {subprocess.py:93} INFO - 25/07/20 11:16:30 INFO Utils: Successfully started service 'sparkDriver' on port 41183.
[2025-07-20T11:16:30.968+0000] {subprocess.py:93} INFO - 25/07/20 11:16:30 INFO SparkEnv: Registering MapOutputTracker
[2025-07-20T11:16:31.147+0000] {subprocess.py:93} INFO - 25/07/20 11:16:31 INFO SparkEnv: Registering BlockManagerMaster
[2025-07-20T11:16:31.167+0000] {subprocess.py:93} INFO - 25/07/20 11:16:31 INFO BlockManagerMasterEndpoint: Using org.apache.spark.storage.DefaultTopologyMapper for getting topology information
[2025-07-20T11:16:31.169+0000] {subprocess.py:93} INFO - 25/07/20 11:16:31 INFO BlockManagerMasterEndpoint: BlockManagerMasterEndpoint up
[2025-07-20T11:16:31.186+0000] {subprocess.py:93} INFO - 25/07/20 11:16:31 INFO SparkEnv: Registering BlockManagerMasterHeartbeat
[2025-07-20T11:16:31.228+0000] {subprocess.py:93} INFO - 25/07/20 11:16:31 INFO DiskBlockManager: Created local directory at /tmp/blockmgr-558d92d9-87bb-4b97-830b-30aafe293c63
[2025-07-20T11:16:31.254+0000] {subprocess.py:93} INFO - 25/07/20 11:16:31 INFO MemoryStore: MemoryStore started with capacity 434.4 MiB
[2025-07-20T11:16:31.283+0000] {subprocess.py:93} INFO - 25/07/20 11:16:31 INFO SparkEnv: Registering OutputCommitCoordinator
[2025-07-20T11:16:31.579+0000] {subprocess.py:93} INFO - 25/07/20 11:16:31 INFO JettyUtils: Start Jetty 0.0.0.0:4040 for SparkUI
[2025-07-20T11:16:31.730+0000] {subprocess.py:93} INFO - 25/07/20 11:16:31 INFO Utils: Successfully started service 'SparkUI' on port 4040.
[2025-07-20T11:16:31.893+0000] {subprocess.py:93} INFO - 25/07/20 11:16:31 INFO Executor: Starting executor ID driver on host 32217e0aec6b
[2025-07-20T11:16:31.894+0000] {subprocess.py:93} INFO - 25/07/20 11:16:31 INFO Executor: OS info Linux, 6.10.14-linuxkit, amd64
[2025-07-20T11:16:31.895+0000] {subprocess.py:93} INFO - 25/07/20 11:16:31 INFO Executor: Java version 17.0.14
[2025-07-20T11:16:31.909+0000] {subprocess.py:93} INFO - 25/07/20 11:16:31 INFO Executor: Starting executor with user classpath (userClassPathFirst = false): ''
[2025-07-20T11:16:32.000+0000] {subprocess.py:93} INFO - 25/07/20 11:16:31 INFO Executor: Created or updated repl class loader org.apache.spark.util.MutableURLClassLoader@4cea547a for default.
[2025-07-20T11:16:32.254+0000] {subprocess.py:93} INFO - 25/07/20 11:16:32 INFO Utils: Successfully started service 'org.apache.spark.network.netty.NettyBlockTransferService' on port 35777.
[2025-07-20T11:16:32.257+0000] {subprocess.py:93} INFO - 25/07/20 11:16:32 INFO NettyBlockTransferService: Server created on 32217e0aec6b:35777
[2025-07-20T11:16:32.258+0000] {subprocess.py:93} INFO - 25/07/20 11:16:32 INFO BlockManager: Using org.apache.spark.storage.RandomBlockReplicationPolicy for block replication policy
[2025-07-20T11:16:32.283+0000] {subprocess.py:93} INFO - 25/07/20 11:16:32 INFO BlockManagerMaster: Registering BlockManager BlockManagerId(driver, 32217e0aec6b, 35777, None)
[2025-07-20T11:16:32.294+0000] {subprocess.py:93} INFO - 25/07/20 11:16:32 INFO BlockManagerMasterEndpoint: Registering block manager 32217e0aec6b:35777 with 434.4 MiB RAM, BlockManagerId(driver, 32217e0aec6b, 35777, None)
[2025-07-20T11:16:32.299+0000] {subprocess.py:93} INFO - 25/07/20 11:16:32 INFO BlockManagerMaster: Registered BlockManager BlockManagerId(driver, 32217e0aec6b, 35777, None)
[2025-07-20T11:16:32.302+0000] {subprocess.py:93} INFO - 25/07/20 11:16:32 INFO BlockManager: Initialized BlockManager: BlockManagerId(driver, 32217e0aec6b, 35777, None)
[2025-07-20T11:16:33.377+0000] {subprocess.py:93} INFO - 25/07/20 11:16:33 INFO SharedState: Setting hive.metastore.warehouse.dir ('null') to the value of spark.sql.warehouse.dir.
[2025-07-20T11:16:33.391+0000] {subprocess.py:93} INFO - 25/07/20 11:16:33 INFO SharedState: Warehouse path is 'file:/opt/bitnami/spark/spark-warehouse'.
[2025-07-20T11:16:37.034+0000] {subprocess.py:93} INFO - 25/07/20 11:16:37 INFO InMemoryFileIndex: It took 519 ms to list leaf files for 1 paths.
[2025-07-20T11:16:37.676+0000] {subprocess.py:93} INFO - 25/07/20 11:16:37 INFO InMemoryFileIndex: It took 37 ms to list leaf files for 1 paths.
[2025-07-20T11:16:44.362+0000] {subprocess.py:93} INFO - 25/07/20 11:16:44 INFO FileSourceStrategy: Pushed Filters:
[2025-07-20T11:16:44.372+0000] {subprocess.py:93} INFO - 25/07/20 11:16:44 INFO FileSourceStrategy: Post-Scan Filters: (length(trim(value#0, None)) > 0)
[2025-07-20T11:16:46.008+0000] {subprocess.py:93} INFO - 25/07/20 11:16:45 INFO CodeGenerator: Code generated in 677.118542 ms
[2025-07-20T11:16:46.365+0000] {subprocess.py:93} INFO - 25/07/20 11:16:46 INFO MemoryStore: Block broadcast_0 stored as values in memory (estimated size 199.6 KiB, free 434.2 MiB)
[2025-07-20T11:16:46.488+0000] {subprocess.py:93} INFO - 25/07/20 11:16:46 INFO MemoryStore: Block broadcast_0_piece0 stored as bytes in memory (estimated size 34.3 KiB, free 434.2 MiB)
[2025-07-20T11:16:46.493+0000] {subprocess.py:93} INFO - 25/07/20 11:16:46 INFO BlockManagerInfo: Added broadcast_0_piece0 in memory on 32217e0aec6b:35777 (size: 34.3 KiB, free: 434.4 MiB)
[2025-07-20T11:16:46.501+0000] {subprocess.py:93} INFO - 25/07/20 11:16:46 INFO SparkContext: Created broadcast 0 from csv at <unknown>:0
[2025-07-20T11:16:46.534+0000] {subprocess.py:93} INFO - 25/07/20 11:16:46 INFO FileSourceScanExec: Planning scan with bin packing, max size: 4194304 bytes, open cost is considered as scanning 4194304 bytes.
[2025-07-20T11:16:47.106+0000] {subprocess.py:93} INFO - 25/07/20 11:16:47 INFO SparkContext: Starting job: csv at <unknown>:0
[2025-07-20T11:16:47.145+0000] {subprocess.py:93} INFO - 25/07/20 11:16:47 INFO DAGScheduler: Got job 0 (csv at <unknown>:0) with 1 output partitions
[2025-07-20T11:16:47.145+0000] {subprocess.py:93} INFO - 25/07/20 11:16:47 INFO DAGScheduler: Final stage: ResultStage 0 (csv at <unknown>:0)
[2025-07-20T11:16:47.146+0000] {subprocess.py:93} INFO - 25/07/20 11:16:47 INFO DAGScheduler: Parents of final stage: List()
[2025-07-20T11:16:47.149+0000] {subprocess.py:93} INFO - 25/07/20 11:16:47 INFO DAGScheduler: Missing parents: List()
[2025-07-20T11:16:47.166+0000] {subprocess.py:93} INFO - 25/07/20 11:16:47 INFO DAGScheduler: Submitting ResultStage 0 (MapPartitionsRDD[3] at csv at <unknown>:0), which has no missing parents
[2025-07-20T11:16:47.597+0000] {subprocess.py:93} INFO - 25/07/20 11:16:47 INFO MemoryStore: Block broadcast_1 stored as values in memory (estimated size 13.5 KiB, free 434.2 MiB)
[2025-07-20T11:16:47.609+0000] {subprocess.py:93} INFO - 25/07/20 11:16:47 INFO MemoryStore: Block broadcast_1_piece0 stored as bytes in memory (estimated size 6.4 KiB, free 434.2 MiB)
[2025-07-20T11:16:47.610+0000] {subprocess.py:93} INFO - 25/07/20 11:16:47 INFO BlockManagerInfo: Added broadcast_1_piece0 in memory on 32217e0aec6b:35777 (size: 6.4 KiB, free: 434.4 MiB)
[2025-07-20T11:16:47.616+0000] {subprocess.py:93} INFO - 25/07/20 11:16:47 INFO SparkContext: Created broadcast 1 from broadcast at DAGScheduler.scala:1585
[2025-07-20T11:16:47.666+0000] {subprocess.py:93} INFO - 25/07/20 11:16:47 INFO DAGScheduler: Submitting 1 missing tasks from ResultStage 0 (MapPartitionsRDD[3] at csv at <unknown>:0) (first 15 tasks are for partitions Vector(0))
[2025-07-20T11:16:47.671+0000] {subprocess.py:93} INFO - 25/07/20 11:16:47 INFO TaskSchedulerImpl: Adding task set 0.0 with 1 tasks resource profile 0
[2025-07-20T11:16:47.863+0000] {subprocess.py:93} INFO - 25/07/20 11:16:47 INFO TaskSetManager: Starting task 0.0 in stage 0.0 (TID 0) (32217e0aec6b, executor driver, partition 0, PROCESS_LOCAL, 9610 bytes)
[2025-07-20T11:16:47.896+0000] {subprocess.py:93} INFO - 25/07/20 11:16:47 INFO Executor: Running task 0.0 in stage 0.0 (TID 0)
[2025-07-20T11:16:48.880+0000] {subprocess.py:93} INFO - 25/07/20 11:16:48 INFO CodeGenerator: Code generated in 475.087833 ms
[2025-07-20T11:16:48.917+0000] {subprocess.py:93} INFO - 25/07/20 11:16:48 INFO FileScanRDD: Reading File path: file:///opt/***/data/customers/customers.csv, range: 0-3955, partition values: [empty row]
[2025-07-20T11:16:49.045+0000] {subprocess.py:93} INFO - 25/07/20 11:16:49 INFO CodeGenerator: Code generated in 63.9155 ms
[2025-07-20T11:16:49.180+0000] {subprocess.py:93} INFO - 25/07/20 11:16:49 INFO Executor: Finished task 0.0 in stage 0.0 (TID 0). 1664 bytes result sent to driver
[2025-07-20T11:16:49.217+0000] {subprocess.py:93} INFO - 25/07/20 11:16:49 INFO TaskSetManager: Finished task 0.0 in stage 0.0 (TID 0) in 1395 ms on 32217e0aec6b (executor driver) (1/1)
[2025-07-20T11:16:49.221+0000] {subprocess.py:93} INFO - 25/07/20 11:16:49 INFO TaskSchedulerImpl: Removed TaskSet 0.0, whose tasks have all completed, from pool
[2025-07-20T11:16:49.233+0000] {subprocess.py:93} INFO - 25/07/20 11:16:49 INFO DAGScheduler: ResultStage 0 (csv at <unknown>:0) finished in 2.008 s
[2025-07-20T11:16:49.241+0000] {subprocess.py:93} INFO - 25/07/20 11:16:49 INFO DAGScheduler: Job 0 is finished. Cancelling potential speculative or zombie tasks for this job
[2025-07-20T11:16:49.243+0000] {subprocess.py:93} INFO - 25/07/20 11:16:49 INFO TaskSchedulerImpl: Killing all running tasks in stage 0: Stage finished
[2025-07-20T11:16:49.246+0000] {subprocess.py:93} INFO - 25/07/20 11:16:49 INFO DAGScheduler: Job 0 finished: csv at <unknown>:0, took 2.139262 s
[2025-07-20T11:16:49.334+0000] {subprocess.py:93} INFO - 25/07/20 11:16:49 INFO CodeGenerator: Code generated in 48.064875 ms
[2025-07-20T11:16:49.466+0000] {subprocess.py:93} INFO - 25/07/20 11:16:49 INFO FileSourceStrategy: Pushed Filters:
[2025-07-20T11:16:49.468+0000] {subprocess.py:93} INFO - 25/07/20 11:16:49 INFO FileSourceStrategy: Post-Scan Filters:
[2025-07-20T11:16:49.492+0000] {subprocess.py:93} INFO - 25/07/20 11:16:49 INFO MemoryStore: Block broadcast_2 stored as values in memory (estimated size 199.6 KiB, free 434.0 MiB)
[2025-07-20T11:16:49.518+0000] {subprocess.py:93} INFO - 25/07/20 11:16:49 INFO MemoryStore: Block broadcast_2_piece0 stored as bytes in memory (estimated size 34.3 KiB, free 433.9 MiB)
[2025-07-20T11:16:49.521+0000] {subprocess.py:93} INFO - 25/07/20 11:16:49 INFO BlockManagerInfo: Added broadcast_2_piece0 in memory on 32217e0aec6b:35777 (size: 34.3 KiB, free: 434.3 MiB)
[2025-07-20T11:16:49.524+0000] {subprocess.py:93} INFO - 25/07/20 11:16:49 INFO SparkContext: Created broadcast 2 from csv at <unknown>:0
[2025-07-20T11:16:49.530+0000] {subprocess.py:93} INFO - 25/07/20 11:16:49 INFO FileSourceScanExec: Planning scan with bin packing, max size: 4194304 bytes, open cost is considered as scanning 4194304 bytes.
[2025-07-20T11:16:49.717+0000] {subprocess.py:93} INFO - 25/07/20 11:16:49 INFO SparkContext: Starting job: csv at <unknown>:0
[2025-07-20T11:16:49.722+0000] {subprocess.py:93} INFO - 25/07/20 11:16:49 INFO DAGScheduler: Got job 1 (csv at <unknown>:0) with 1 output partitions
[2025-07-20T11:16:49.723+0000] {subprocess.py:93} INFO - 25/07/20 11:16:49 INFO DAGScheduler: Final stage: ResultStage 1 (csv at <unknown>:0)
[2025-07-20T11:16:49.724+0000] {subprocess.py:93} INFO - 25/07/20 11:16:49 INFO DAGScheduler: Parents of final stage: List()
[2025-07-20T11:16:49.725+0000] {subprocess.py:93} INFO - 25/07/20 11:16:49 INFO DAGScheduler: Missing parents: List()
[2025-07-20T11:16:49.730+0000] {subprocess.py:93} INFO - 25/07/20 11:16:49 INFO DAGScheduler: Submitting ResultStage 1 (MapPartitionsRDD[9] at csv at <unknown>:0), which has no missing parents
[2025-07-20T11:16:49.791+0000] {subprocess.py:93} INFO - 25/07/20 11:16:49 INFO MemoryStore: Block broadcast_3 stored as values in memory (estimated size 27.7 KiB, free 433.9 MiB)
[2025-07-20T11:16:49.852+0000] {subprocess.py:93} INFO - 25/07/20 11:16:49 INFO MemoryStore: Block broadcast_3_piece0 stored as bytes in memory (estimated size 12.7 KiB, free 433.9 MiB)
[2025-07-20T11:16:49.881+0000] {subprocess.py:93} INFO - 25/07/20 11:16:49 INFO BlockManagerInfo: Added broadcast_3_piece0 in memory on 32217e0aec6b:35777 (size: 12.7 KiB, free: 434.3 MiB)
[2025-07-20T11:16:49.896+0000] {subprocess.py:93} INFO - 25/07/20 11:16:49 INFO SparkContext: Created broadcast 3 from broadcast at DAGScheduler.scala:1585
[2025-07-20T11:16:49.918+0000] {subprocess.py:93} INFO - 25/07/20 11:16:49 INFO DAGScheduler: Submitting 1 missing tasks from ResultStage 1 (MapPartitionsRDD[9] at csv at <unknown>:0) (first 15 tasks are for partitions Vector(0))
[2025-07-20T11:16:49.922+0000] {subprocess.py:93} INFO - 25/07/20 11:16:49 INFO TaskSchedulerImpl: Adding task set 1.0 with 1 tasks resource profile 0
[2025-07-20T11:16:49.926+0000] {subprocess.py:93} INFO - 25/07/20 11:16:49 INFO BlockManagerInfo: Removed broadcast_0_piece0 on 32217e0aec6b:35777 in memory (size: 34.3 KiB, free: 434.3 MiB)
[2025-07-20T11:16:49.933+0000] {subprocess.py:93} INFO - 25/07/20 11:16:49 INFO TaskSetManager: Starting task 0.0 in stage 1.0 (TID 1) (32217e0aec6b, executor driver, partition 0, PROCESS_LOCAL, 9610 bytes)
[2025-07-20T11:16:49.944+0000] {subprocess.py:93} INFO - 25/07/20 11:16:49 INFO Executor: Running task 0.0 in stage 1.0 (TID 1)
[2025-07-20T11:16:49.962+0000] {subprocess.py:93} INFO - 25/07/20 11:16:49 INFO BlockManagerInfo: Removed broadcast_1_piece0 on 32217e0aec6b:35777 in memory (size: 6.4 KiB, free: 434.4 MiB)
[2025-07-20T11:16:50.307+0000] {subprocess.py:93} INFO - 25/07/20 11:16:50 INFO CodeGenerator: Code generated in 66.709959 ms
[2025-07-20T11:16:50.317+0000] {subprocess.py:93} INFO - 25/07/20 11:16:50 INFO FileScanRDD: Reading File path: file:///opt/***/data/customers/customers.csv, range: 0-3955, partition values: [empty row]
[2025-07-20T11:16:50.455+0000] {subprocess.py:93} INFO - 25/07/20 11:16:50 INFO Executor: Finished task 0.0 in stage 1.0 (TID 1). 1674 bytes result sent to driver
[2025-07-20T11:16:50.468+0000] {subprocess.py:93} INFO - 25/07/20 11:16:50 INFO TaskSetManager: Finished task 0.0 in stage 1.0 (TID 1) in 542 ms on 32217e0aec6b (executor driver) (1/1)
[2025-07-20T11:16:50.469+0000] {subprocess.py:93} INFO - 25/07/20 11:16:50 INFO TaskSchedulerImpl: Removed TaskSet 1.0, whose tasks have all completed, from pool
[2025-07-20T11:16:50.470+0000] {subprocess.py:93} INFO - 25/07/20 11:16:50 INFO DAGScheduler: ResultStage 1 (csv at <unknown>:0) finished in 0.732 s
[2025-07-20T11:16:50.473+0000] {subprocess.py:93} INFO - 25/07/20 11:16:50 INFO DAGScheduler: Job 1 is finished. Cancelling potential speculative or zombie tasks for this job
[2025-07-20T11:16:50.473+0000] {subprocess.py:93} INFO - 25/07/20 11:16:50 INFO TaskSchedulerImpl: Killing all running tasks in stage 1: Stage finished
[2025-07-20T11:16:50.477+0000] {subprocess.py:93} INFO - 25/07/20 11:16:50 INFO DAGScheduler: Job 1 finished: csv at <unknown>:0, took 0.759052 s
[2025-07-20T11:16:50.811+0000] {subprocess.py:93} INFO - 25/07/20 11:16:50 INFO FileSourceStrategy: Pushed Filters:
[2025-07-20T11:16:50.814+0000] {subprocess.py:93} INFO - 25/07/20 11:16:50 INFO FileSourceStrategy: Post-Scan Filters:
[2025-07-20T11:16:51.113+0000] {subprocess.py:93} INFO - 25/07/20 11:16:51 INFO ParquetUtils: Using default output committer for Parquet: org.apache.parquet.hadoop.ParquetOutputCommitter
[2025-07-20T11:16:51.235+0000] {subprocess.py:93} INFO - 25/07/20 11:16:51 INFO FileOutputCommitter: File Output Committer Algorithm version is 1
[2025-07-20T11:16:51.238+0000] {subprocess.py:93} INFO - 25/07/20 11:16:51 INFO FileOutputCommitter: FileOutputCommitter skip cleanup _temporary folders under output directory:false, ignore cleanup failures: false
[2025-07-20T11:16:51.250+0000] {subprocess.py:93} INFO - 25/07/20 11:16:51 INFO SQLHadoopMapReduceCommitProtocol: Using user defined output committer class org.apache.parquet.hadoop.ParquetOutputCommitter
[2025-07-20T11:16:51.253+0000] {subprocess.py:93} INFO - 25/07/20 11:16:51 INFO FileOutputCommitter: File Output Committer Algorithm version is 1
[2025-07-20T11:16:51.254+0000] {subprocess.py:93} INFO - 25/07/20 11:16:51 INFO FileOutputCommitter: FileOutputCommitter skip cleanup _temporary folders under output directory:false, ignore cleanup failures: false
[2025-07-20T11:16:51.258+0000] {subprocess.py:93} INFO - 25/07/20 11:16:51 INFO SQLHadoopMapReduceCommitProtocol: Using output committer class org.apache.parquet.hadoop.ParquetOutputCommitter
[2025-07-20T11:16:51.574+0000] {subprocess.py:93} INFO - 25/07/20 11:16:51 INFO MemoryStore: Block broadcast_4 stored as values in memory (estimated size 199.5 KiB, free 433.9 MiB)
[2025-07-20T11:16:51.612+0000] {subprocess.py:93} INFO - 25/07/20 11:16:51 INFO MemoryStore: Block broadcast_4_piece0 stored as bytes in memory (estimated size 34.3 KiB, free 433.9 MiB)
[2025-07-20T11:16:51.615+0000] {subprocess.py:93} INFO - 25/07/20 11:16:51 INFO BlockManagerInfo: Added broadcast_4_piece0 in memory on 32217e0aec6b:35777 (size: 34.3 KiB, free: 434.3 MiB)
[2025-07-20T11:16:51.618+0000] {subprocess.py:93} INFO - 25/07/20 11:16:51 INFO SparkContext: Created broadcast 4 from save at <unknown>:0
[2025-07-20T11:16:51.645+0000] {subprocess.py:93} INFO - 25/07/20 11:16:51 INFO FileSourceScanExec: Planning scan with bin packing, max size: 4194304 bytes, open cost is considered as scanning 4194304 bytes.
[2025-07-20T11:16:51.721+0000] {subprocess.py:93} INFO - 25/07/20 11:16:51 INFO SparkContext: Starting job: save at <unknown>:0
[2025-07-20T11:16:51.733+0000] {subprocess.py:93} INFO - 25/07/20 11:16:51 INFO DAGScheduler: Got job 2 (save at <unknown>:0) with 1 output partitions
[2025-07-20T11:16:51.739+0000] {subprocess.py:93} INFO - 25/07/20 11:16:51 INFO DAGScheduler: Final stage: ResultStage 2 (save at <unknown>:0)
[2025-07-20T11:16:51.741+0000] {subprocess.py:93} INFO - 25/07/20 11:16:51 INFO DAGScheduler: Parents of final stage: List()
[2025-07-20T11:16:51.742+0000] {subprocess.py:93} INFO - 25/07/20 11:16:51 INFO DAGScheduler: Missing parents: List()
[2025-07-20T11:16:51.743+0000] {subprocess.py:93} INFO - 25/07/20 11:16:51 INFO DAGScheduler: Submitting ResultStage 2 (MapPartitionsRDD[12] at save at <unknown>:0), which has no missing parents
[2025-07-20T11:16:51.920+0000] {subprocess.py:93} INFO - 25/07/20 11:16:51 INFO MemoryStore: Block broadcast_5 stored as values in memory (estimated size 213.2 KiB, free 433.7 MiB)
[2025-07-20T11:16:52.023+0000] {subprocess.py:93} INFO - 25/07/20 11:16:52 INFO BlockManagerInfo: Removed broadcast_3_piece0 on 32217e0aec6b:35777 in memory (size: 12.7 KiB, free: 434.3 MiB)
[2025-07-20T11:16:52.024+0000] {subprocess.py:93} INFO - 25/07/20 11:16:52 INFO MemoryStore: Block broadcast_5_piece0 stored as bytes in memory (estimated size 77.0 KiB, free 433.7 MiB)
[2025-07-20T11:16:52.032+0000] {subprocess.py:93} INFO - 25/07/20 11:16:52 INFO BlockManagerInfo: Added broadcast_5_piece0 in memory on 32217e0aec6b:35777 (size: 77.0 KiB, free: 434.3 MiB)
[2025-07-20T11:16:52.032+0000] {subprocess.py:93} INFO - 25/07/20 11:16:52 INFO SparkContext: Created broadcast 5 from broadcast at DAGScheduler.scala:1585
[2025-07-20T11:16:52.036+0000] {subprocess.py:93} INFO - 25/07/20 11:16:52 INFO DAGScheduler: Submitting 1 missing tasks from ResultStage 2 (MapPartitionsRDD[12] at save at <unknown>:0) (first 15 tasks are for partitions Vector(0))
[2025-07-20T11:16:52.038+0000] {subprocess.py:93} INFO - 25/07/20 11:16:52 INFO TaskSchedulerImpl: Adding task set 2.0 with 1 tasks resource profile 0
[2025-07-20T11:16:52.044+0000] {subprocess.py:93} INFO - 25/07/20 11:16:52 INFO BlockManagerInfo: Removed broadcast_2_piece0 on 32217e0aec6b:35777 in memory (size: 34.3 KiB, free: 434.3 MiB)
[2025-07-20T11:16:52.066+0000] {subprocess.py:93} INFO - 25/07/20 11:16:52 INFO TaskSetManager: Starting task 0.0 in stage 2.0 (TID 2) (32217e0aec6b, executor driver, partition 0, PROCESS_LOCAL, 9610 bytes)
[2025-07-20T11:16:52.073+0000] {subprocess.py:93} INFO - 25/07/20 11:16:52 INFO Executor: Running task 0.0 in stage 2.0 (TID 2)
[2025-07-20T11:16:52.272+0000] {subprocess.py:93} INFO - 25/07/20 11:16:52 INFO FileOutputCommitter: File Output Committer Algorithm version is 1
[2025-07-20T11:16:52.273+0000] {subprocess.py:93} INFO - 25/07/20 11:16:52 INFO FileOutputCommitter: FileOutputCommitter skip cleanup _temporary folders under output directory:false, ignore cleanup failures: false
[2025-07-20T11:16:52.273+0000] {subprocess.py:93} INFO - 25/07/20 11:16:52 INFO SQLHadoopMapReduceCommitProtocol: Using user defined output committer class org.apache.parquet.hadoop.ParquetOutputCommitter
[2025-07-20T11:16:52.274+0000] {subprocess.py:93} INFO - 25/07/20 11:16:52 INFO FileOutputCommitter: File Output Committer Algorithm version is 1
[2025-07-20T11:16:52.275+0000] {subprocess.py:93} INFO - 25/07/20 11:16:52 INFO FileOutputCommitter: FileOutputCommitter skip cleanup _temporary folders under output directory:false, ignore cleanup failures: false
[2025-07-20T11:16:52.275+0000] {subprocess.py:93} INFO - 25/07/20 11:16:52 INFO SQLHadoopMapReduceCommitProtocol: Using output committer class org.apache.parquet.hadoop.ParquetOutputCommitter
[2025-07-20T11:16:52.290+0000] {subprocess.py:93} INFO - 25/07/20 11:16:52 INFO CodecConfig: Compression: SNAPPY
[2025-07-20T11:16:52.304+0000] {subprocess.py:93} INFO - 25/07/20 11:16:52 INFO CodecConfig: Compression: SNAPPY
[2025-07-20T11:16:52.358+0000] {subprocess.py:93} INFO - 25/07/20 11:16:52 INFO ParquetOutputFormat: ParquetRecordWriter [block size: 134217728b, row group padding size: 8388608b, validating: false]
[2025-07-20T11:16:52.415+0000] {subprocess.py:93} INFO - 25/07/20 11:16:52 INFO ParquetWriteSupport: Initialized Parquet WriteSupport with Catalyst schema:
[2025-07-20T11:16:52.415+0000] {subprocess.py:93} INFO - {
[2025-07-20T11:16:52.415+0000] {subprocess.py:93} INFO -   "type" : "struct",
[2025-07-20T11:16:52.416+0000] {subprocess.py:93} INFO -   "fields" : [ {
[2025-07-20T11:16:52.416+0000] {subprocess.py:93} INFO -     "name" : "customer_id",
[2025-07-20T11:16:52.416+0000] {subprocess.py:93} INFO -     "type" : "integer",
[2025-07-20T11:16:52.416+0000] {subprocess.py:93} INFO -     "nullable" : true,
[2025-07-20T11:16:52.416+0000] {subprocess.py:93} INFO -     "metadata" : { }
[2025-07-20T11:16:52.416+0000] {subprocess.py:93} INFO -   }, {
[2025-07-20T11:16:52.416+0000] {subprocess.py:93} INFO -     "name" : "first_name",
[2025-07-20T11:16:52.417+0000] {subprocess.py:93} INFO -     "type" : "string",
[2025-07-20T11:16:52.417+0000] {subprocess.py:93} INFO -     "nullable" : true,
[2025-07-20T11:16:52.417+0000] {subprocess.py:93} INFO -     "metadata" : { }
[2025-07-20T11:16:52.417+0000] {subprocess.py:93} INFO -   }, {
[2025-07-20T11:16:52.418+0000] {subprocess.py:93} INFO -     "name" : "last_name",
[2025-07-20T11:16:52.418+0000] {subprocess.py:93} INFO -     "type" : "string",
[2025-07-20T11:16:52.418+0000] {subprocess.py:93} INFO -     "nullable" : true,
[2025-07-20T11:16:52.418+0000] {subprocess.py:93} INFO -     "metadata" : { }
[2025-07-20T11:16:52.418+0000] {subprocess.py:93} INFO -   }, {
[2025-07-20T11:16:52.418+0000] {subprocess.py:93} INFO -     "name" : "email",
[2025-07-20T11:16:52.419+0000] {subprocess.py:93} INFO -     "type" : "string",
[2025-07-20T11:16:52.419+0000] {subprocess.py:93} INFO -     "nullable" : true,
[2025-07-20T11:16:52.419+0000] {subprocess.py:93} INFO -     "metadata" : { }
[2025-07-20T11:16:52.419+0000] {subprocess.py:93} INFO -   }, {
[2025-07-20T11:16:52.419+0000] {subprocess.py:93} INFO -     "name" : "signup_date",
[2025-07-20T11:16:52.419+0000] {subprocess.py:93} INFO -     "type" : "date",
[2025-07-20T11:16:52.420+0000] {subprocess.py:93} INFO -     "nullable" : true,
[2025-07-20T11:16:52.420+0000] {subprocess.py:93} INFO -     "metadata" : { }
[2025-07-20T11:16:52.420+0000] {subprocess.py:93} INFO -   } ]
[2025-07-20T11:16:52.420+0000] {subprocess.py:93} INFO - }
[2025-07-20T11:16:52.420+0000] {subprocess.py:93} INFO - and corresponding Parquet message type:
[2025-07-20T11:16:52.421+0000] {subprocess.py:93} INFO - message spark_schema {
[2025-07-20T11:16:52.421+0000] {subprocess.py:93} INFO -   optional int32 customer_id;
[2025-07-20T11:16:52.421+0000] {subprocess.py:93} INFO -   optional binary first_name (STRING);
[2025-07-20T11:16:52.422+0000] {subprocess.py:93} INFO -   optional binary last_name (STRING);
[2025-07-20T11:16:52.422+0000] {subprocess.py:93} INFO -   optional binary email (STRING);
[2025-07-20T11:16:52.422+0000] {subprocess.py:93} INFO -   optional int32 signup_date (DATE);
[2025-07-20T11:16:52.422+0000] {subprocess.py:93} INFO - }
[2025-07-20T11:16:52.423+0000] {subprocess.py:93} INFO - 
[2025-07-20T11:16:52.423+0000] {subprocess.py:93} INFO - 
[2025-07-20T11:16:52.834+0000] {subprocess.py:93} INFO - 25/07/20 11:16:52 INFO CodecPool: Got brand-new compressor [.snappy]
[2025-07-20T11:16:53.269+0000] {subprocess.py:93} INFO - 25/07/20 11:16:53 INFO FileScanRDD: Reading File path: file:///opt/***/data/customers/customers.csv, range: 0-3955, partition values: [empty row]
[2025-07-20T11:16:53.405+0000] {subprocess.py:93} INFO - 25/07/20 11:16:53 INFO CodeGenerator: Code generated in 105.887042 ms
[2025-07-20T11:16:55.320+0000] {subprocess.py:93} INFO - 25/07/20 11:16:55 INFO FileOutputCommitter: Saved output of task 'attempt_202507201116517219928976961506307_0002_m_000000_2' to file:/opt/***/data/delta/dim_customer/_temporary/0/task_202507201116517219928976961506307_0002_m_000000
[2025-07-20T11:16:55.325+0000] {subprocess.py:93} INFO - 25/07/20 11:16:55 INFO SparkHadoopMapRedUtil: attempt_202507201116517219928976961506307_0002_m_000000_2: Committed. Elapsed time: 8 ms.
[2025-07-20T11:16:55.379+0000] {subprocess.py:93} INFO - 25/07/20 11:16:55 INFO Executor: Finished task 0.0 in stage 2.0 (TID 2). 2502 bytes result sent to driver
[2025-07-20T11:16:55.400+0000] {subprocess.py:93} INFO - 25/07/20 11:16:55 INFO TaskSetManager: Finished task 0.0 in stage 2.0 (TID 2) in 3341 ms on 32217e0aec6b (executor driver) (1/1)
[2025-07-20T11:16:55.402+0000] {subprocess.py:93} INFO - 25/07/20 11:16:55 INFO TaskSchedulerImpl: Removed TaskSet 2.0, whose tasks have all completed, from pool
[2025-07-20T11:16:55.418+0000] {subprocess.py:93} INFO - 25/07/20 11:16:55 INFO DAGScheduler: ResultStage 2 (save at <unknown>:0) finished in 3.664 s
[2025-07-20T11:16:55.423+0000] {subprocess.py:93} INFO - 25/07/20 11:16:55 INFO DAGScheduler: Job 2 is finished. Cancelling potential speculative or zombie tasks for this job
[2025-07-20T11:16:55.424+0000] {subprocess.py:93} INFO - 25/07/20 11:16:55 INFO TaskSchedulerImpl: Killing all running tasks in stage 2: Stage finished
[2025-07-20T11:16:55.430+0000] {subprocess.py:93} INFO - 25/07/20 11:16:55 INFO DAGScheduler: Job 2 finished: save at <unknown>:0, took 3.703928 s
[2025-07-20T11:16:55.454+0000] {subprocess.py:93} INFO - 25/07/20 11:16:55 INFO FileFormatWriter: Start to commit write Job fddc6c19-9bdc-4337-8112-0dc7b825b562.
[2025-07-20T11:16:55.677+0000] {subprocess.py:93} INFO - 25/07/20 11:16:55 INFO FileFormatWriter: Write Job fddc6c19-9bdc-4337-8112-0dc7b825b562 committed. Elapsed time: 212 ms.
[2025-07-20T11:16:55.686+0000] {subprocess.py:93} INFO - 25/07/20 11:16:55 INFO FileFormatWriter: Finished processing stats for write job fddc6c19-9bdc-4337-8112-0dc7b825b562.
[2025-07-20T11:16:55.845+0000] {subprocess.py:93} INFO - 25/07/20 11:16:55 INFO SparkContext: Invoking stop() from shutdown hook
[2025-07-20T11:16:55.846+0000] {subprocess.py:93} INFO - 25/07/20 11:16:55 INFO SparkContext: SparkContext is stopping with exitCode 0.
[2025-07-20T11:16:55.878+0000] {subprocess.py:93} INFO - 25/07/20 11:16:55 INFO SparkUI: Stopped Spark web UI at http://32217e0aec6b:4040
[2025-07-20T11:16:55.905+0000] {subprocess.py:93} INFO - 25/07/20 11:16:55 INFO MapOutputTrackerMasterEndpoint: MapOutputTrackerMasterEndpoint stopped!
[2025-07-20T11:16:56.015+0000] {subprocess.py:93} INFO - 25/07/20 11:16:56 INFO MemoryStore: MemoryStore cleared
[2025-07-20T11:16:56.019+0000] {subprocess.py:93} INFO - 25/07/20 11:16:56 INFO BlockManager: BlockManager stopped
[2025-07-20T11:16:56.036+0000] {subprocess.py:93} INFO - 25/07/20 11:16:56 INFO BlockManagerMaster: BlockManagerMaster stopped
[2025-07-20T11:16:56.041+0000] {subprocess.py:93} INFO - 25/07/20 11:16:56 INFO OutputCommitCoordinator$OutputCommitCoordinatorEndpoint: OutputCommitCoordinator stopped!
[2025-07-20T11:16:56.141+0000] {subprocess.py:93} INFO - 25/07/20 11:16:56 INFO SparkContext: Successfully stopped SparkContext
[2025-07-20T11:16:56.143+0000] {subprocess.py:93} INFO - 25/07/20 11:16:56 INFO ShutdownHookManager: Shutdown hook called
[2025-07-20T11:16:56.143+0000] {subprocess.py:93} INFO - 25/07/20 11:16:56 INFO ShutdownHookManager: Deleting directory /tmp/spark-2aa41c67-4c97-43a0-a5eb-ca0ba107951c
[2025-07-20T11:16:56.213+0000] {subprocess.py:93} INFO - 25/07/20 11:16:56 INFO ShutdownHookManager: Deleting directory /tmp/spark-2aa41c67-4c97-43a0-a5eb-ca0ba107951c/pyspark-eff4112a-4899-4b98-98c8-465bb1ff3938
[2025-07-20T11:16:56.307+0000] {subprocess.py:93} INFO - 25/07/20 11:16:56 INFO ShutdownHookManager: Deleting directory /tmp/spark-7bd5dc1d-d359-4679-99ec-5a8cce849ce3
[2025-07-20T11:16:56.496+0000] {subprocess.py:97} INFO - Command exited with return code 0
[2025-07-20T11:16:56.703+0000] {taskinstance.py:1327} INFO - Marking task as SUCCESS. dag_id=retail_sales_pipeline, task_id=process_customers, execution_date=20250720T111619, start_date=20250720T111620, end_date=20250720T111656
[2025-07-20T11:16:56.768+0000] {local_task_job.py:159} INFO - Task exited with return code 0
[2025-07-20T11:16:56.938+0000] {taskinstance.py:2582} INFO - 1 downstream tasks scheduled from follow-on schedule check
