[2025-07-16T01:32:51.761+0000] {processor.py:153} INFO - Started process (PID=10757) to work on /opt/airflow/dags/retail_sales_pipeline.py
[2025-07-16T01:32:51.767+0000] {processor.py:743} INFO - Processing file /opt/airflow/dags/retail_sales_pipeline.py for tasks to queue
[2025-07-16T01:32:51.774+0000] {logging_mixin.py:137} INFO - [2025-07-16T01:32:51.772+0000] {dagbag.py:538} INFO - Filling up the DagBag from /opt/airflow/dags/retail_sales_pipeline.py
[2025-07-16T01:32:52.064+0000] {processor.py:753} INFO - DAG(s) dict_keys(['retail_sales_pipeline']) retrieved from /opt/airflow/dags/retail_sales_pipeline.py
[2025-07-16T01:32:52.454+0000] {logging_mixin.py:137} INFO - [2025-07-16T01:32:52.453+0000] {dag.py:2676} INFO - Sync 1 DAGs
[2025-07-16T01:32:52.563+0000] {logging_mixin.py:137} INFO - [2025-07-16T01:32:52.562+0000] {dag.py:3427} INFO - Setting next_dagrun for retail_sales_pipeline to None, run_after=None
[2025-07-16T01:32:52.626+0000] {processor.py:175} INFO - Processing /opt/airflow/dags/retail_sales_pipeline.py took 0.893 seconds
[2025-07-16T01:33:23.202+0000] {processor.py:153} INFO - Started process (PID=10762) to work on /opt/airflow/dags/retail_sales_pipeline.py
[2025-07-16T01:33:23.204+0000] {processor.py:743} INFO - Processing file /opt/airflow/dags/retail_sales_pipeline.py for tasks to queue
[2025-07-16T01:33:23.205+0000] {logging_mixin.py:137} INFO - [2025-07-16T01:33:23.205+0000] {dagbag.py:538} INFO - Filling up the DagBag from /opt/airflow/dags/retail_sales_pipeline.py
[2025-07-16T01:33:23.254+0000] {processor.py:753} INFO - DAG(s) dict_keys(['retail_sales_pipeline']) retrieved from /opt/airflow/dags/retail_sales_pipeline.py
[2025-07-16T01:33:23.477+0000] {logging_mixin.py:137} INFO - [2025-07-16T01:33:23.477+0000] {dag.py:2676} INFO - Sync 1 DAGs
[2025-07-16T01:33:23.529+0000] {logging_mixin.py:137} INFO - [2025-07-16T01:33:23.529+0000] {dag.py:3427} INFO - Setting next_dagrun for retail_sales_pipeline to None, run_after=None
[2025-07-16T01:33:23.562+0000] {processor.py:175} INFO - Processing /opt/airflow/dags/retail_sales_pipeline.py took 0.366 seconds
[2025-07-16T01:49:04.651+0000] {processor.py:153} INFO - Started process (PID=10767) to work on /opt/airflow/dags/retail_sales_pipeline.py
[2025-07-16T01:49:04.653+0000] {processor.py:743} INFO - Processing file /opt/airflow/dags/retail_sales_pipeline.py for tasks to queue
[2025-07-16T01:49:04.654+0000] {logging_mixin.py:137} INFO - [2025-07-16T01:49:04.653+0000] {dagbag.py:538} INFO - Filling up the DagBag from /opt/airflow/dags/retail_sales_pipeline.py
[2025-07-16T01:49:04.703+0000] {processor.py:753} INFO - DAG(s) dict_keys(['retail_sales_pipeline']) retrieved from /opt/airflow/dags/retail_sales_pipeline.py
[2025-07-16T01:49:04.958+0000] {logging_mixin.py:137} INFO - [2025-07-16T01:49:04.956+0000] {dag.py:2676} INFO - Sync 1 DAGs
[2025-07-16T01:49:05.087+0000] {logging_mixin.py:137} INFO - [2025-07-16T01:49:05.086+0000] {dag.py:3427} INFO - Setting next_dagrun for retail_sales_pipeline to None, run_after=None
[2025-07-16T01:49:05.161+0000] {processor.py:175} INFO - Processing /opt/airflow/dags/retail_sales_pipeline.py took 0.517 seconds
[2025-07-16T02:05:00.490+0000] {processor.py:153} INFO - Started process (PID=10772) to work on /opt/airflow/dags/retail_sales_pipeline.py
[2025-07-16T02:05:00.492+0000] {processor.py:743} INFO - Processing file /opt/airflow/dags/retail_sales_pipeline.py for tasks to queue
[2025-07-16T02:05:00.493+0000] {logging_mixin.py:137} INFO - [2025-07-16T02:05:00.492+0000] {dagbag.py:538} INFO - Filling up the DagBag from /opt/airflow/dags/retail_sales_pipeline.py
[2025-07-16T02:05:00.539+0000] {processor.py:753} INFO - DAG(s) dict_keys(['retail_sales_pipeline']) retrieved from /opt/airflow/dags/retail_sales_pipeline.py
[2025-07-16T02:05:00.679+0000] {logging_mixin.py:137} INFO - [2025-07-16T02:05:00.678+0000] {dag.py:2676} INFO - Sync 1 DAGs
[2025-07-16T02:05:00.725+0000] {logging_mixin.py:137} INFO - [2025-07-16T02:05:00.725+0000] {dag.py:3427} INFO - Setting next_dagrun for retail_sales_pipeline to None, run_after=None
[2025-07-16T02:05:00.752+0000] {processor.py:175} INFO - Processing /opt/airflow/dags/retail_sales_pipeline.py took 0.272 seconds
[2025-07-16T02:05:30.942+0000] {processor.py:153} INFO - Started process (PID=10777) to work on /opt/airflow/dags/retail_sales_pipeline.py
[2025-07-16T02:05:30.943+0000] {processor.py:743} INFO - Processing file /opt/airflow/dags/retail_sales_pipeline.py for tasks to queue
[2025-07-16T02:05:30.944+0000] {logging_mixin.py:137} INFO - [2025-07-16T02:05:30.944+0000] {dagbag.py:538} INFO - Filling up the DagBag from /opt/airflow/dags/retail_sales_pipeline.py
[2025-07-16T02:05:30.991+0000] {processor.py:753} INFO - DAG(s) dict_keys(['retail_sales_pipeline']) retrieved from /opt/airflow/dags/retail_sales_pipeline.py
[2025-07-16T02:05:31.133+0000] {logging_mixin.py:137} INFO - [2025-07-16T02:05:31.132+0000] {dag.py:2676} INFO - Sync 1 DAGs
[2025-07-16T02:05:31.183+0000] {logging_mixin.py:137} INFO - [2025-07-16T02:05:31.183+0000] {dag.py:3427} INFO - Setting next_dagrun for retail_sales_pipeline to None, run_after=None
[2025-07-16T02:05:31.215+0000] {processor.py:175} INFO - Processing /opt/airflow/dags/retail_sales_pipeline.py took 0.284 seconds
[2025-07-16T02:40:18.665+0000] {processor.py:153} INFO - Started process (PID=10784) to work on /opt/airflow/dags/retail_sales_pipeline.py
[2025-07-16T02:40:18.666+0000] {processor.py:743} INFO - Processing file /opt/airflow/dags/retail_sales_pipeline.py for tasks to queue
[2025-07-16T02:40:18.667+0000] {logging_mixin.py:137} INFO - [2025-07-16T02:40:18.667+0000] {dagbag.py:538} INFO - Filling up the DagBag from /opt/airflow/dags/retail_sales_pipeline.py
[2025-07-16T02:40:18.712+0000] {processor.py:753} INFO - DAG(s) dict_keys(['retail_sales_pipeline']) retrieved from /opt/airflow/dags/retail_sales_pipeline.py
[2025-07-16T02:40:18.922+0000] {logging_mixin.py:137} INFO - [2025-07-16T02:40:18.922+0000] {dag.py:2676} INFO - Sync 1 DAGs
[2025-07-16T02:40:19.057+0000] {logging_mixin.py:137} INFO - [2025-07-16T02:40:19.056+0000] {dag.py:3427} INFO - Setting next_dagrun for retail_sales_pipeline to None, run_after=None
[2025-07-16T02:40:19.132+0000] {processor.py:175} INFO - Processing /opt/airflow/dags/retail_sales_pipeline.py took 0.478 seconds
[2025-07-16T04:04:24.315+0000] {processor.py:153} INFO - Started process (PID=10789) to work on /opt/airflow/dags/retail_sales_pipeline.py
[2025-07-16T04:04:24.316+0000] {processor.py:743} INFO - Processing file /opt/airflow/dags/retail_sales_pipeline.py for tasks to queue
[2025-07-16T04:04:24.317+0000] {logging_mixin.py:137} INFO - [2025-07-16T04:04:24.317+0000] {dagbag.py:538} INFO - Filling up the DagBag from /opt/airflow/dags/retail_sales_pipeline.py
[2025-07-16T04:04:24.376+0000] {processor.py:753} INFO - DAG(s) dict_keys(['retail_sales_pipeline']) retrieved from /opt/airflow/dags/retail_sales_pipeline.py
[2025-07-16T04:04:24.529+0000] {logging_mixin.py:137} INFO - [2025-07-16T04:04:24.529+0000] {dag.py:2676} INFO - Sync 1 DAGs
[2025-07-16T04:04:24.589+0000] {logging_mixin.py:137} INFO - [2025-07-16T04:04:24.588+0000] {dag.py:3427} INFO - Setting next_dagrun for retail_sales_pipeline to None, run_after=None
[2025-07-16T04:04:24.626+0000] {processor.py:175} INFO - Processing /opt/airflow/dags/retail_sales_pipeline.py took 0.318 seconds
[2025-07-16T04:42:52.594+0000] {processor.py:153} INFO - Started process (PID=10794) to work on /opt/airflow/dags/retail_sales_pipeline.py
[2025-07-16T04:42:52.598+0000] {processor.py:743} INFO - Processing file /opt/airflow/dags/retail_sales_pipeline.py for tasks to queue
[2025-07-16T04:42:52.603+0000] {logging_mixin.py:137} INFO - [2025-07-16T04:42:52.602+0000] {dagbag.py:538} INFO - Filling up the DagBag from /opt/airflow/dags/retail_sales_pipeline.py
[2025-07-16T04:42:52.710+0000] {processor.py:753} INFO - DAG(s) dict_keys(['retail_sales_pipeline']) retrieved from /opt/airflow/dags/retail_sales_pipeline.py
[2025-07-16T04:42:53.285+0000] {logging_mixin.py:137} INFO - [2025-07-16T04:42:53.281+0000] {dag.py:2676} INFO - Sync 1 DAGs
[2025-07-16T04:42:53.483+0000] {logging_mixin.py:137} INFO - [2025-07-16T04:42:53.482+0000] {dag.py:3427} INFO - Setting next_dagrun for retail_sales_pipeline to None, run_after=None
[2025-07-16T04:42:53.529+0000] {processor.py:175} INFO - Processing /opt/airflow/dags/retail_sales_pipeline.py took 0.954 seconds
[2025-07-16T05:12:45.442+0000] {processor.py:153} INFO - Started process (PID=10799) to work on /opt/airflow/dags/retail_sales_pipeline.py
[2025-07-16T05:12:45.446+0000] {processor.py:743} INFO - Processing file /opt/airflow/dags/retail_sales_pipeline.py for tasks to queue
[2025-07-16T05:12:45.449+0000] {logging_mixin.py:137} INFO - [2025-07-16T05:12:45.449+0000] {dagbag.py:538} INFO - Filling up the DagBag from /opt/airflow/dags/retail_sales_pipeline.py
[2025-07-16T05:12:45.559+0000] {processor.py:753} INFO - DAG(s) dict_keys(['retail_sales_pipeline']) retrieved from /opt/airflow/dags/retail_sales_pipeline.py
[2025-07-16T05:12:46.058+0000] {logging_mixin.py:137} INFO - [2025-07-16T05:12:46.056+0000] {dag.py:2676} INFO - Sync 1 DAGs
[2025-07-16T05:12:46.176+0000] {logging_mixin.py:137} INFO - [2025-07-16T05:12:46.176+0000] {dag.py:3427} INFO - Setting next_dagrun for retail_sales_pipeline to None, run_after=None
[2025-07-16T05:12:46.222+0000] {processor.py:175} INFO - Processing /opt/airflow/dags/retail_sales_pipeline.py took 0.796 seconds
[2025-07-16T06:33:55.196+0000] {processor.py:153} INFO - Started process (PID=10806) to work on /opt/airflow/dags/retail_sales_pipeline.py
[2025-07-16T06:33:55.197+0000] {processor.py:743} INFO - Processing file /opt/airflow/dags/retail_sales_pipeline.py for tasks to queue
[2025-07-16T06:33:55.198+0000] {logging_mixin.py:137} INFO - [2025-07-16T06:33:55.198+0000] {dagbag.py:538} INFO - Filling up the DagBag from /opt/airflow/dags/retail_sales_pipeline.py
[2025-07-16T06:33:55.250+0000] {processor.py:753} INFO - DAG(s) dict_keys(['retail_sales_pipeline']) retrieved from /opt/airflow/dags/retail_sales_pipeline.py
[2025-07-16T06:33:55.382+0000] {logging_mixin.py:137} INFO - [2025-07-16T06:33:55.381+0000] {dag.py:2676} INFO - Sync 1 DAGs
[2025-07-16T06:33:55.435+0000] {logging_mixin.py:137} INFO - [2025-07-16T06:33:55.434+0000] {dag.py:3427} INFO - Setting next_dagrun for retail_sales_pipeline to None, run_after=None
[2025-07-16T06:33:55.464+0000] {processor.py:175} INFO - Processing /opt/airflow/dags/retail_sales_pipeline.py took 0.276 seconds
[2025-07-16T07:11:24.274+0000] {processor.py:153} INFO - Started process (PID=10811) to work on /opt/airflow/dags/retail_sales_pipeline.py
[2025-07-16T07:11:24.275+0000] {processor.py:743} INFO - Processing file /opt/airflow/dags/retail_sales_pipeline.py for tasks to queue
[2025-07-16T07:11:24.276+0000] {logging_mixin.py:137} INFO - [2025-07-16T07:11:24.276+0000] {dagbag.py:538} INFO - Filling up the DagBag from /opt/airflow/dags/retail_sales_pipeline.py
[2025-07-16T07:11:24.327+0000] {processor.py:753} INFO - DAG(s) dict_keys(['retail_sales_pipeline']) retrieved from /opt/airflow/dags/retail_sales_pipeline.py
[2025-07-16T07:11:24.479+0000] {logging_mixin.py:137} INFO - [2025-07-16T07:11:24.479+0000] {dag.py:2676} INFO - Sync 1 DAGs
[2025-07-16T07:11:24.644+0000] {logging_mixin.py:137} INFO - [2025-07-16T07:11:24.643+0000] {dag.py:3427} INFO - Setting next_dagrun for retail_sales_pipeline to None, run_after=None
[2025-07-16T07:11:24.731+0000] {processor.py:175} INFO - Processing /opt/airflow/dags/retail_sales_pipeline.py took 0.461 seconds
[2025-07-16T07:26:03.279+0000] {processor.py:153} INFO - Started process (PID=10816) to work on /opt/airflow/dags/retail_sales_pipeline.py
[2025-07-16T07:26:03.283+0000] {processor.py:743} INFO - Processing file /opt/airflow/dags/retail_sales_pipeline.py for tasks to queue
[2025-07-16T07:26:03.288+0000] {logging_mixin.py:137} INFO - [2025-07-16T07:26:03.287+0000] {dagbag.py:538} INFO - Filling up the DagBag from /opt/airflow/dags/retail_sales_pipeline.py
[2025-07-16T07:26:03.429+0000] {processor.py:753} INFO - DAG(s) dict_keys(['retail_sales_pipeline']) retrieved from /opt/airflow/dags/retail_sales_pipeline.py
[2025-07-16T07:26:03.823+0000] {logging_mixin.py:137} INFO - [2025-07-16T07:26:03.822+0000] {dag.py:2676} INFO - Sync 1 DAGs
[2025-07-16T07:26:03.979+0000] {logging_mixin.py:137} INFO - [2025-07-16T07:26:03.978+0000] {dag.py:3427} INFO - Setting next_dagrun for retail_sales_pipeline to None, run_after=None
[2025-07-16T07:26:04.081+0000] {processor.py:175} INFO - Processing /opt/airflow/dags/retail_sales_pipeline.py took 0.827 seconds
[2025-07-16T07:47:28.772+0000] {processor.py:153} INFO - Started process (PID=10821) to work on /opt/airflow/dags/retail_sales_pipeline.py
[2025-07-16T07:47:28.775+0000] {processor.py:743} INFO - Processing file /opt/airflow/dags/retail_sales_pipeline.py for tasks to queue
[2025-07-16T07:47:28.781+0000] {logging_mixin.py:137} INFO - [2025-07-16T07:47:28.781+0000] {dagbag.py:538} INFO - Filling up the DagBag from /opt/airflow/dags/retail_sales_pipeline.py
[2025-07-16T07:47:28.841+0000] {processor.py:753} INFO - DAG(s) dict_keys(['retail_sales_pipeline']) retrieved from /opt/airflow/dags/retail_sales_pipeline.py
[2025-07-16T07:47:29.016+0000] {logging_mixin.py:137} INFO - [2025-07-16T07:47:29.016+0000] {dag.py:2676} INFO - Sync 1 DAGs
[2025-07-16T07:47:29.075+0000] {logging_mixin.py:137} INFO - [2025-07-16T07:47:29.075+0000] {dag.py:3427} INFO - Setting next_dagrun for retail_sales_pipeline to None, run_after=None
[2025-07-16T07:47:29.119+0000] {processor.py:175} INFO - Processing /opt/airflow/dags/retail_sales_pipeline.py took 0.360 seconds
[2025-07-16T08:45:19.188+0000] {processor.py:153} INFO - Started process (PID=10826) to work on /opt/airflow/dags/retail_sales_pipeline.py
[2025-07-16T08:45:19.194+0000] {processor.py:743} INFO - Processing file /opt/airflow/dags/retail_sales_pipeline.py for tasks to queue
[2025-07-16T08:45:19.197+0000] {logging_mixin.py:137} INFO - [2025-07-16T08:45:19.196+0000] {dagbag.py:538} INFO - Filling up the DagBag from /opt/airflow/dags/retail_sales_pipeline.py
[2025-07-16T08:45:19.310+0000] {processor.py:753} INFO - DAG(s) dict_keys(['retail_sales_pipeline']) retrieved from /opt/airflow/dags/retail_sales_pipeline.py
[2025-07-16T08:45:19.707+0000] {logging_mixin.py:137} INFO - [2025-07-16T08:45:19.700+0000] {dag.py:2676} INFO - Sync 1 DAGs
[2025-07-16T08:45:20.145+0000] {logging_mixin.py:137} INFO - [2025-07-16T08:45:20.144+0000] {dag.py:3427} INFO - Setting next_dagrun for retail_sales_pipeline to None, run_after=None
[2025-07-16T08:45:20.279+0000] {processor.py:175} INFO - Processing /opt/airflow/dags/retail_sales_pipeline.py took 1.113 seconds
[2025-07-16T09:30:47.377+0000] {processor.py:153} INFO - Started process (PID=10833) to work on /opt/airflow/dags/retail_sales_pipeline.py
[2025-07-16T09:30:47.383+0000] {processor.py:743} INFO - Processing file /opt/airflow/dags/retail_sales_pipeline.py for tasks to queue
[2025-07-16T09:30:47.384+0000] {logging_mixin.py:137} INFO - [2025-07-16T09:30:47.384+0000] {dagbag.py:538} INFO - Filling up the DagBag from /opt/airflow/dags/retail_sales_pipeline.py
[2025-07-16T09:30:47.552+0000] {processor.py:753} INFO - DAG(s) dict_keys(['retail_sales_pipeline']) retrieved from /opt/airflow/dags/retail_sales_pipeline.py
[2025-07-16T09:30:47.976+0000] {logging_mixin.py:137} INFO - [2025-07-16T09:30:47.974+0000] {dag.py:2676} INFO - Sync 1 DAGs
[2025-07-16T09:30:48.042+0000] {logging_mixin.py:137} INFO - [2025-07-16T09:30:48.042+0000] {dag.py:3427} INFO - Setting next_dagrun for retail_sales_pipeline to None, run_after=None
[2025-07-16T09:30:48.076+0000] {processor.py:175} INFO - Processing /opt/airflow/dags/retail_sales_pipeline.py took 0.707 seconds
[2025-07-16T10:04:21.177+0000] {processor.py:153} INFO - Started process (PID=10838) to work on /opt/airflow/dags/retail_sales_pipeline.py
[2025-07-16T10:04:21.186+0000] {processor.py:743} INFO - Processing file /opt/airflow/dags/retail_sales_pipeline.py for tasks to queue
[2025-07-16T10:04:21.192+0000] {logging_mixin.py:137} INFO - [2025-07-16T10:04:21.191+0000] {dagbag.py:538} INFO - Filling up the DagBag from /opt/airflow/dags/retail_sales_pipeline.py
[2025-07-16T10:04:21.343+0000] {processor.py:753} INFO - DAG(s) dict_keys(['retail_sales_pipeline']) retrieved from /opt/airflow/dags/retail_sales_pipeline.py
[2025-07-16T10:04:21.733+0000] {logging_mixin.py:137} INFO - [2025-07-16T10:04:21.732+0000] {dag.py:2676} INFO - Sync 1 DAGs
[2025-07-16T10:04:21.795+0000] {logging_mixin.py:137} INFO - [2025-07-16T10:04:21.795+0000] {dag.py:3427} INFO - Setting next_dagrun for retail_sales_pipeline to None, run_after=None
[2025-07-16T10:04:21.827+0000] {processor.py:175} INFO - Processing /opt/airflow/dags/retail_sales_pipeline.py took 0.674 seconds
[2025-07-16T10:39:32.657+0000] {processor.py:153} INFO - Started process (PID=10843) to work on /opt/airflow/dags/retail_sales_pipeline.py
[2025-07-16T10:39:32.660+0000] {processor.py:743} INFO - Processing file /opt/airflow/dags/retail_sales_pipeline.py for tasks to queue
[2025-07-16T10:39:32.664+0000] {logging_mixin.py:137} INFO - [2025-07-16T10:39:32.664+0000] {dagbag.py:538} INFO - Filling up the DagBag from /opt/airflow/dags/retail_sales_pipeline.py
[2025-07-16T10:39:32.754+0000] {processor.py:753} INFO - DAG(s) dict_keys(['retail_sales_pipeline']) retrieved from /opt/airflow/dags/retail_sales_pipeline.py
[2025-07-16T10:39:32.983+0000] {logging_mixin.py:137} INFO - [2025-07-16T10:39:32.982+0000] {dag.py:2676} INFO - Sync 1 DAGs
[2025-07-16T10:39:33.147+0000] {logging_mixin.py:137} INFO - [2025-07-16T10:39:33.146+0000] {dag.py:3427} INFO - Setting next_dagrun for retail_sales_pipeline to None, run_after=None
[2025-07-16T10:39:33.191+0000] {processor.py:175} INFO - Processing /opt/airflow/dags/retail_sales_pipeline.py took 0.551 seconds
[2025-07-16T11:46:29.055+0000] {processor.py:153} INFO - Started process (PID=10850) to work on /opt/airflow/dags/retail_sales_pipeline.py
[2025-07-16T11:46:29.058+0000] {processor.py:743} INFO - Processing file /opt/airflow/dags/retail_sales_pipeline.py for tasks to queue
[2025-07-16T11:46:29.062+0000] {logging_mixin.py:137} INFO - [2025-07-16T11:46:29.062+0000] {dagbag.py:538} INFO - Filling up the DagBag from /opt/airflow/dags/retail_sales_pipeline.py
[2025-07-16T11:46:29.198+0000] {processor.py:753} INFO - DAG(s) dict_keys(['retail_sales_pipeline']) retrieved from /opt/airflow/dags/retail_sales_pipeline.py
[2025-07-16T11:46:29.663+0000] {logging_mixin.py:137} INFO - [2025-07-16T11:46:29.662+0000] {dag.py:2676} INFO - Sync 1 DAGs
[2025-07-16T11:46:29.773+0000] {logging_mixin.py:137} INFO - [2025-07-16T11:46:29.773+0000] {dag.py:3427} INFO - Setting next_dagrun for retail_sales_pipeline to None, run_after=None
[2025-07-16T11:46:29.828+0000] {processor.py:175} INFO - Processing /opt/airflow/dags/retail_sales_pipeline.py took 0.786 seconds
[2025-07-16T12:17:28.635+0000] {processor.py:153} INFO - Started process (PID=10855) to work on /opt/airflow/dags/retail_sales_pipeline.py
[2025-07-16T12:17:28.641+0000] {processor.py:743} INFO - Processing file /opt/airflow/dags/retail_sales_pipeline.py for tasks to queue
[2025-07-16T12:17:28.644+0000] {logging_mixin.py:137} INFO - [2025-07-16T12:17:28.643+0000] {dagbag.py:538} INFO - Filling up the DagBag from /opt/airflow/dags/retail_sales_pipeline.py
[2025-07-16T12:17:29.068+0000] {processor.py:753} INFO - DAG(s) dict_keys(['retail_sales_pipeline']) retrieved from /opt/airflow/dags/retail_sales_pipeline.py
[2025-07-16T12:17:29.307+0000] {logging_mixin.py:137} INFO - [2025-07-16T12:17:29.307+0000] {dag.py:2676} INFO - Sync 1 DAGs
[2025-07-16T12:17:29.366+0000] {logging_mixin.py:137} INFO - [2025-07-16T12:17:29.366+0000] {dag.py:3427} INFO - Setting next_dagrun for retail_sales_pipeline to None, run_after=None
[2025-07-16T12:17:29.391+0000] {processor.py:175} INFO - Processing /opt/airflow/dags/retail_sales_pipeline.py took 0.780 seconds
[2025-07-16T12:52:14.836+0000] {processor.py:153} INFO - Started process (PID=10860) to work on /opt/airflow/dags/retail_sales_pipeline.py
[2025-07-16T12:52:14.840+0000] {processor.py:743} INFO - Processing file /opt/airflow/dags/retail_sales_pipeline.py for tasks to queue
[2025-07-16T12:52:14.844+0000] {logging_mixin.py:137} INFO - [2025-07-16T12:52:14.843+0000] {dagbag.py:538} INFO - Filling up the DagBag from /opt/airflow/dags/retail_sales_pipeline.py
[2025-07-16T12:52:15.032+0000] {processor.py:753} INFO - DAG(s) dict_keys(['retail_sales_pipeline']) retrieved from /opt/airflow/dags/retail_sales_pipeline.py
[2025-07-16T12:52:15.406+0000] {logging_mixin.py:137} INFO - [2025-07-16T12:52:15.406+0000] {dag.py:2676} INFO - Sync 1 DAGs
[2025-07-16T12:52:15.505+0000] {logging_mixin.py:137} INFO - [2025-07-16T12:52:15.505+0000] {dag.py:3427} INFO - Setting next_dagrun for retail_sales_pipeline to None, run_after=None
[2025-07-16T12:52:15.552+0000] {processor.py:175} INFO - Processing /opt/airflow/dags/retail_sales_pipeline.py took 0.733 seconds
[2025-07-16T13:50:01.155+0000] {processor.py:153} INFO - Started process (PID=10867) to work on /opt/airflow/dags/retail_sales_pipeline.py
[2025-07-16T13:50:01.156+0000] {processor.py:743} INFO - Processing file /opt/airflow/dags/retail_sales_pipeline.py for tasks to queue
[2025-07-16T13:50:01.157+0000] {logging_mixin.py:137} INFO - [2025-07-16T13:50:01.157+0000] {dagbag.py:538} INFO - Filling up the DagBag from /opt/airflow/dags/retail_sales_pipeline.py
[2025-07-16T13:50:01.198+0000] {processor.py:753} INFO - DAG(s) dict_keys(['retail_sales_pipeline']) retrieved from /opt/airflow/dags/retail_sales_pipeline.py
[2025-07-16T13:50:01.347+0000] {logging_mixin.py:137} INFO - [2025-07-16T13:50:01.347+0000] {dag.py:2676} INFO - Sync 1 DAGs
[2025-07-16T13:50:01.398+0000] {logging_mixin.py:137} INFO - [2025-07-16T13:50:01.398+0000] {dag.py:3427} INFO - Setting next_dagrun for retail_sales_pipeline to None, run_after=None
[2025-07-16T13:50:01.426+0000] {processor.py:175} INFO - Processing /opt/airflow/dags/retail_sales_pipeline.py took 0.277 seconds
[2025-07-16T14:51:01.724+0000] {processor.py:153} INFO - Started process (PID=10872) to work on /opt/airflow/dags/retail_sales_pipeline.py
[2025-07-16T14:51:01.739+0000] {processor.py:743} INFO - Processing file /opt/airflow/dags/retail_sales_pipeline.py for tasks to queue
[2025-07-16T14:51:01.743+0000] {logging_mixin.py:137} INFO - [2025-07-16T14:51:01.741+0000] {dagbag.py:538} INFO - Filling up the DagBag from /opt/airflow/dags/retail_sales_pipeline.py
[2025-07-16T14:51:01.900+0000] {processor.py:753} INFO - DAG(s) dict_keys(['retail_sales_pipeline']) retrieved from /opt/airflow/dags/retail_sales_pipeline.py
[2025-07-16T14:51:02.164+0000] {logging_mixin.py:137} INFO - [2025-07-16T14:51:02.163+0000] {dag.py:2676} INFO - Sync 1 DAGs
[2025-07-16T14:51:02.225+0000] {logging_mixin.py:137} INFO - [2025-07-16T14:51:02.225+0000] {dag.py:3427} INFO - Setting next_dagrun for retail_sales_pipeline to None, run_after=None
[2025-07-16T14:51:02.255+0000] {processor.py:175} INFO - Processing /opt/airflow/dags/retail_sales_pipeline.py took 0.569 seconds
[2025-07-16T15:00:53.213+0000] {processor.py:153} INFO - Started process (PID=10877) to work on /opt/airflow/dags/retail_sales_pipeline.py
[2025-07-16T15:00:53.215+0000] {processor.py:743} INFO - Processing file /opt/airflow/dags/retail_sales_pipeline.py for tasks to queue
[2025-07-16T15:00:53.216+0000] {logging_mixin.py:137} INFO - [2025-07-16T15:00:53.216+0000] {dagbag.py:538} INFO - Filling up the DagBag from /opt/airflow/dags/retail_sales_pipeline.py
[2025-07-16T15:00:53.268+0000] {processor.py:753} INFO - DAG(s) dict_keys(['retail_sales_pipeline']) retrieved from /opt/airflow/dags/retail_sales_pipeline.py
[2025-07-16T15:00:53.419+0000] {logging_mixin.py:137} INFO - [2025-07-16T15:00:53.418+0000] {dag.py:2676} INFO - Sync 1 DAGs
[2025-07-16T15:00:53.464+0000] {logging_mixin.py:137} INFO - [2025-07-16T15:00:53.464+0000] {dag.py:3427} INFO - Setting next_dagrun for retail_sales_pipeline to None, run_after=None
[2025-07-16T15:00:53.494+0000] {processor.py:175} INFO - Processing /opt/airflow/dags/retail_sales_pipeline.py took 0.290 seconds
[2025-07-16T15:02:14.119+0000] {processor.py:153} INFO - Started process (PID=10882) to work on /opt/airflow/dags/retail_sales_pipeline.py
[2025-07-16T15:02:14.120+0000] {processor.py:743} INFO - Processing file /opt/airflow/dags/retail_sales_pipeline.py for tasks to queue
[2025-07-16T15:02:14.121+0000] {logging_mixin.py:137} INFO - [2025-07-16T15:02:14.121+0000] {dagbag.py:538} INFO - Filling up the DagBag from /opt/airflow/dags/retail_sales_pipeline.py
[2025-07-16T15:02:14.172+0000] {processor.py:753} INFO - DAG(s) dict_keys(['retail_sales_pipeline']) retrieved from /opt/airflow/dags/retail_sales_pipeline.py
[2025-07-16T15:02:14.335+0000] {logging_mixin.py:137} INFO - [2025-07-16T15:02:14.335+0000] {dag.py:2676} INFO - Sync 1 DAGs
[2025-07-16T15:02:14.395+0000] {logging_mixin.py:137} INFO - [2025-07-16T15:02:14.395+0000] {dag.py:3427} INFO - Setting next_dagrun for retail_sales_pipeline to None, run_after=None
[2025-07-16T15:02:14.430+0000] {processor.py:175} INFO - Processing /opt/airflow/dags/retail_sales_pipeline.py took 0.317 seconds
[2025-07-16T15:03:28.952+0000] {processor.py:153} INFO - Started process (PID=10889) to work on /opt/airflow/dags/retail_sales_pipeline.py
[2025-07-16T15:03:28.957+0000] {processor.py:743} INFO - Processing file /opt/airflow/dags/retail_sales_pipeline.py for tasks to queue
[2025-07-16T15:03:28.959+0000] {logging_mixin.py:137} INFO - [2025-07-16T15:03:28.959+0000] {dagbag.py:538} INFO - Filling up the DagBag from /opt/airflow/dags/retail_sales_pipeline.py
[2025-07-16T15:03:29.091+0000] {processor.py:753} INFO - DAG(s) dict_keys(['retail_sales_pipeline']) retrieved from /opt/airflow/dags/retail_sales_pipeline.py
[2025-07-16T15:03:29.479+0000] {logging_mixin.py:137} INFO - [2025-07-16T15:03:29.478+0000] {dag.py:2676} INFO - Sync 1 DAGs
[2025-07-16T15:03:29.733+0000] {logging_mixin.py:137} INFO - [2025-07-16T15:03:29.732+0000] {dag.py:3427} INFO - Setting next_dagrun for retail_sales_pipeline to None, run_after=None
[2025-07-16T15:03:29.959+0000] {processor.py:175} INFO - Processing /opt/airflow/dags/retail_sales_pipeline.py took 1.025 seconds
[2025-07-16T15:52:07.319+0000] {processor.py:153} INFO - Started process (PID=10894) to work on /opt/airflow/dags/retail_sales_pipeline.py
[2025-07-16T15:52:07.321+0000] {processor.py:743} INFO - Processing file /opt/airflow/dags/retail_sales_pipeline.py for tasks to queue
[2025-07-16T15:52:07.322+0000] {logging_mixin.py:137} INFO - [2025-07-16T15:52:07.321+0000] {dagbag.py:538} INFO - Filling up the DagBag from /opt/airflow/dags/retail_sales_pipeline.py
[2025-07-16T15:52:07.370+0000] {processor.py:753} INFO - DAG(s) dict_keys(['retail_sales_pipeline']) retrieved from /opt/airflow/dags/retail_sales_pipeline.py
[2025-07-16T15:52:07.503+0000] {logging_mixin.py:137} INFO - [2025-07-16T15:52:07.503+0000] {dag.py:2676} INFO - Sync 1 DAGs
[2025-07-16T15:52:07.553+0000] {logging_mixin.py:137} INFO - [2025-07-16T15:52:07.552+0000] {dag.py:3427} INFO - Setting next_dagrun for retail_sales_pipeline to None, run_after=None
[2025-07-16T15:52:07.581+0000] {processor.py:175} INFO - Processing /opt/airflow/dags/retail_sales_pipeline.py took 0.269 seconds
[2025-07-16T16:41:36.775+0000] {processor.py:153} INFO - Started process (PID=10899) to work on /opt/airflow/dags/retail_sales_pipeline.py
[2025-07-16T16:41:36.777+0000] {processor.py:743} INFO - Processing file /opt/airflow/dags/retail_sales_pipeline.py for tasks to queue
[2025-07-16T16:41:36.778+0000] {logging_mixin.py:137} INFO - [2025-07-16T16:41:36.777+0000] {dagbag.py:538} INFO - Filling up the DagBag from /opt/airflow/dags/retail_sales_pipeline.py
[2025-07-16T16:41:36.824+0000] {processor.py:753} INFO - DAG(s) dict_keys(['retail_sales_pipeline']) retrieved from /opt/airflow/dags/retail_sales_pipeline.py
[2025-07-16T16:41:36.964+0000] {logging_mixin.py:137} INFO - [2025-07-16T16:41:36.964+0000] {dag.py:2676} INFO - Sync 1 DAGs
[2025-07-16T16:41:37.018+0000] {logging_mixin.py:137} INFO - [2025-07-16T16:41:37.018+0000] {dag.py:3427} INFO - Setting next_dagrun for retail_sales_pipeline to None, run_after=None
[2025-07-16T16:41:37.058+0000] {processor.py:175} INFO - Processing /opt/airflow/dags/retail_sales_pipeline.py took 0.294 seconds
[2025-07-16T16:53:03.665+0000] {processor.py:153} INFO - Started process (PID=10904) to work on /opt/airflow/dags/retail_sales_pipeline.py
[2025-07-16T16:53:03.668+0000] {processor.py:743} INFO - Processing file /opt/airflow/dags/retail_sales_pipeline.py for tasks to queue
[2025-07-16T16:53:03.668+0000] {logging_mixin.py:137} INFO - [2025-07-16T16:53:03.668+0000] {dagbag.py:538} INFO - Filling up the DagBag from /opt/airflow/dags/retail_sales_pipeline.py
[2025-07-16T16:53:03.715+0000] {processor.py:753} INFO - DAG(s) dict_keys(['retail_sales_pipeline']) retrieved from /opt/airflow/dags/retail_sales_pipeline.py
[2025-07-16T16:53:03.865+0000] {logging_mixin.py:137} INFO - [2025-07-16T16:53:03.864+0000] {dag.py:2676} INFO - Sync 1 DAGs
[2025-07-16T16:53:04.004+0000] {logging_mixin.py:137} INFO - [2025-07-16T16:53:04.003+0000] {dag.py:3427} INFO - Setting next_dagrun for retail_sales_pipeline to None, run_after=None
[2025-07-16T16:53:04.116+0000] {processor.py:175} INFO - Processing /opt/airflow/dags/retail_sales_pipeline.py took 0.461 seconds
[2025-07-16T17:24:12.606+0000] {processor.py:153} INFO - Started process (PID=10911) to work on /opt/airflow/dags/retail_sales_pipeline.py
[2025-07-16T17:24:12.607+0000] {processor.py:743} INFO - Processing file /opt/airflow/dags/retail_sales_pipeline.py for tasks to queue
[2025-07-16T17:24:12.613+0000] {logging_mixin.py:137} INFO - [2025-07-16T17:24:12.612+0000] {dagbag.py:538} INFO - Filling up the DagBag from /opt/airflow/dags/retail_sales_pipeline.py
[2025-07-16T17:24:12.739+0000] {processor.py:753} INFO - DAG(s) dict_keys(['retail_sales_pipeline']) retrieved from /opt/airflow/dags/retail_sales_pipeline.py
[2025-07-16T17:24:13.052+0000] {logging_mixin.py:137} INFO - [2025-07-16T17:24:13.050+0000] {dag.py:2676} INFO - Sync 1 DAGs
[2025-07-16T17:24:13.279+0000] {logging_mixin.py:137} INFO - [2025-07-16T17:24:13.278+0000] {dag.py:3427} INFO - Setting next_dagrun for retail_sales_pipeline to None, run_after=None
[2025-07-16T17:24:13.423+0000] {processor.py:175} INFO - Processing /opt/airflow/dags/retail_sales_pipeline.py took 0.834 seconds
[2025-07-16T17:24:43.923+0000] {processor.py:153} INFO - Started process (PID=10916) to work on /opt/airflow/dags/retail_sales_pipeline.py
[2025-07-16T17:24:43.925+0000] {processor.py:743} INFO - Processing file /opt/airflow/dags/retail_sales_pipeline.py for tasks to queue
[2025-07-16T17:24:43.926+0000] {logging_mixin.py:137} INFO - [2025-07-16T17:24:43.926+0000] {dagbag.py:538} INFO - Filling up the DagBag from /opt/airflow/dags/retail_sales_pipeline.py
[2025-07-16T17:24:43.969+0000] {processor.py:753} INFO - DAG(s) dict_keys(['retail_sales_pipeline']) retrieved from /opt/airflow/dags/retail_sales_pipeline.py
[2025-07-16T17:24:44.132+0000] {logging_mixin.py:137} INFO - [2025-07-16T17:24:44.132+0000] {dag.py:2676} INFO - Sync 1 DAGs
[2025-07-16T17:24:44.177+0000] {logging_mixin.py:137} INFO - [2025-07-16T17:24:44.177+0000] {dag.py:3427} INFO - Setting next_dagrun for retail_sales_pipeline to None, run_after=None
[2025-07-16T17:24:44.207+0000] {processor.py:175} INFO - Processing /opt/airflow/dags/retail_sales_pipeline.py took 0.296 seconds
[2025-07-16T18:31:56.140+0000] {processor.py:153} INFO - Started process (PID=10921) to work on /opt/airflow/dags/retail_sales_pipeline.py
[2025-07-16T18:31:56.141+0000] {processor.py:743} INFO - Processing file /opt/airflow/dags/retail_sales_pipeline.py for tasks to queue
[2025-07-16T18:31:56.142+0000] {logging_mixin.py:137} INFO - [2025-07-16T18:31:56.142+0000] {dagbag.py:538} INFO - Filling up the DagBag from /opt/airflow/dags/retail_sales_pipeline.py
[2025-07-16T18:31:56.189+0000] {processor.py:753} INFO - DAG(s) dict_keys(['retail_sales_pipeline']) retrieved from /opt/airflow/dags/retail_sales_pipeline.py
[2025-07-16T18:31:56.351+0000] {logging_mixin.py:137} INFO - [2025-07-16T18:31:56.350+0000] {dag.py:2676} INFO - Sync 1 DAGs
[2025-07-16T18:31:56.396+0000] {logging_mixin.py:137} INFO - [2025-07-16T18:31:56.396+0000] {dag.py:3427} INFO - Setting next_dagrun for retail_sales_pipeline to None, run_after=None
[2025-07-16T18:31:56.421+0000] {processor.py:175} INFO - Processing /opt/airflow/dags/retail_sales_pipeline.py took 0.288 seconds
[2025-07-16T18:32:42.095+0000] {processor.py:153} INFO - Started process (PID=10926) to work on /opt/airflow/dags/retail_sales_pipeline.py
[2025-07-16T18:32:42.097+0000] {processor.py:743} INFO - Processing file /opt/airflow/dags/retail_sales_pipeline.py for tasks to queue
[2025-07-16T18:32:42.098+0000] {logging_mixin.py:137} INFO - [2025-07-16T18:32:42.098+0000] {dagbag.py:538} INFO - Filling up the DagBag from /opt/airflow/dags/retail_sales_pipeline.py
[2025-07-16T18:32:42.146+0000] {processor.py:753} INFO - DAG(s) dict_keys(['retail_sales_pipeline']) retrieved from /opt/airflow/dags/retail_sales_pipeline.py
[2025-07-16T18:32:42.303+0000] {logging_mixin.py:137} INFO - [2025-07-16T18:32:42.302+0000] {dag.py:2676} INFO - Sync 1 DAGs
[2025-07-16T18:32:42.363+0000] {logging_mixin.py:137} INFO - [2025-07-16T18:32:42.362+0000] {dag.py:3427} INFO - Setting next_dagrun for retail_sales_pipeline to None, run_after=None
[2025-07-16T18:32:42.392+0000] {processor.py:175} INFO - Processing /opt/airflow/dags/retail_sales_pipeline.py took 0.302 seconds
[2025-07-16T19:10:36.834+0000] {processor.py:153} INFO - Started process (PID=10933) to work on /opt/airflow/dags/retail_sales_pipeline.py
[2025-07-16T19:10:36.836+0000] {processor.py:743} INFO - Processing file /opt/airflow/dags/retail_sales_pipeline.py for tasks to queue
[2025-07-16T19:10:36.841+0000] {logging_mixin.py:137} INFO - [2025-07-16T19:10:36.840+0000] {dagbag.py:538} INFO - Filling up the DagBag from /opt/airflow/dags/retail_sales_pipeline.py
[2025-07-16T19:10:36.979+0000] {processor.py:753} INFO - DAG(s) dict_keys(['retail_sales_pipeline']) retrieved from /opt/airflow/dags/retail_sales_pipeline.py
[2025-07-16T19:10:37.575+0000] {logging_mixin.py:137} INFO - [2025-07-16T19:10:37.574+0000] {dag.py:2676} INFO - Sync 1 DAGs
[2025-07-16T19:10:37.649+0000] {logging_mixin.py:137} INFO - [2025-07-16T19:10:37.648+0000] {dag.py:3427} INFO - Setting next_dagrun for retail_sales_pipeline to None, run_after=None
[2025-07-16T19:10:37.682+0000] {processor.py:175} INFO - Processing /opt/airflow/dags/retail_sales_pipeline.py took 0.861 seconds
[2025-07-16T19:11:08.148+0000] {processor.py:153} INFO - Started process (PID=10938) to work on /opt/airflow/dags/retail_sales_pipeline.py
[2025-07-16T19:11:08.150+0000] {processor.py:743} INFO - Processing file /opt/airflow/dags/retail_sales_pipeline.py for tasks to queue
[2025-07-16T19:11:08.151+0000] {logging_mixin.py:137} INFO - [2025-07-16T19:11:08.151+0000] {dagbag.py:538} INFO - Filling up the DagBag from /opt/airflow/dags/retail_sales_pipeline.py
[2025-07-16T19:11:08.202+0000] {processor.py:753} INFO - DAG(s) dict_keys(['retail_sales_pipeline']) retrieved from /opt/airflow/dags/retail_sales_pipeline.py
[2025-07-16T19:11:08.355+0000] {logging_mixin.py:137} INFO - [2025-07-16T19:11:08.355+0000] {dag.py:2676} INFO - Sync 1 DAGs
[2025-07-16T19:11:08.404+0000] {logging_mixin.py:137} INFO - [2025-07-16T19:11:08.404+0000] {dag.py:3427} INFO - Setting next_dagrun for retail_sales_pipeline to None, run_after=None
[2025-07-16T19:11:08.429+0000] {processor.py:175} INFO - Processing /opt/airflow/dags/retail_sales_pipeline.py took 0.289 seconds
[2025-07-16T19:44:47.686+0000] {processor.py:153} INFO - Started process (PID=10943) to work on /opt/airflow/dags/retail_sales_pipeline.py
[2025-07-16T19:44:47.689+0000] {processor.py:743} INFO - Processing file /opt/airflow/dags/retail_sales_pipeline.py for tasks to queue
[2025-07-16T19:44:47.690+0000] {logging_mixin.py:137} INFO - [2025-07-16T19:44:47.690+0000] {dagbag.py:538} INFO - Filling up the DagBag from /opt/airflow/dags/retail_sales_pipeline.py
[2025-07-16T19:44:47.735+0000] {processor.py:753} INFO - DAG(s) dict_keys(['retail_sales_pipeline']) retrieved from /opt/airflow/dags/retail_sales_pipeline.py
[2025-07-16T19:44:47.859+0000] {logging_mixin.py:137} INFO - [2025-07-16T19:44:47.859+0000] {dag.py:2676} INFO - Sync 1 DAGs
[2025-07-16T19:44:47.903+0000] {logging_mixin.py:137} INFO - [2025-07-16T19:44:47.903+0000] {dag.py:3427} INFO - Setting next_dagrun for retail_sales_pipeline to None, run_after=None
[2025-07-16T19:44:47.984+0000] {processor.py:175} INFO - Processing /opt/airflow/dags/retail_sales_pipeline.py took 0.304 seconds
[2025-07-16T20:16:50.048+0000] {processor.py:153} INFO - Started process (PID=10948) to work on /opt/airflow/dags/retail_sales_pipeline.py
[2025-07-16T20:16:50.053+0000] {processor.py:743} INFO - Processing file /opt/airflow/dags/retail_sales_pipeline.py for tasks to queue
[2025-07-16T20:16:50.058+0000] {logging_mixin.py:137} INFO - [2025-07-16T20:16:50.057+0000] {dagbag.py:538} INFO - Filling up the DagBag from /opt/airflow/dags/retail_sales_pipeline.py
[2025-07-16T20:16:50.172+0000] {processor.py:753} INFO - DAG(s) dict_keys(['retail_sales_pipeline']) retrieved from /opt/airflow/dags/retail_sales_pipeline.py
[2025-07-16T20:16:50.499+0000] {logging_mixin.py:137} INFO - [2025-07-16T20:16:50.498+0000] {dag.py:2676} INFO - Sync 1 DAGs
[2025-07-16T20:16:50.646+0000] {logging_mixin.py:137} INFO - [2025-07-16T20:16:50.645+0000] {dag.py:3427} INFO - Setting next_dagrun for retail_sales_pipeline to None, run_after=None
[2025-07-16T20:16:50.764+0000] {processor.py:175} INFO - Processing /opt/airflow/dags/retail_sales_pipeline.py took 0.737 seconds
[2025-07-16T20:17:20.924+0000] {processor.py:153} INFO - Started process (PID=10953) to work on /opt/airflow/dags/retail_sales_pipeline.py
[2025-07-16T20:17:20.926+0000] {processor.py:743} INFO - Processing file /opt/airflow/dags/retail_sales_pipeline.py for tasks to queue
[2025-07-16T20:17:20.927+0000] {logging_mixin.py:137} INFO - [2025-07-16T20:17:20.927+0000] {dagbag.py:538} INFO - Filling up the DagBag from /opt/airflow/dags/retail_sales_pipeline.py
[2025-07-16T20:17:20.970+0000] {processor.py:753} INFO - DAG(s) dict_keys(['retail_sales_pipeline']) retrieved from /opt/airflow/dags/retail_sales_pipeline.py
[2025-07-16T20:17:21.111+0000] {logging_mixin.py:137} INFO - [2025-07-16T20:17:21.111+0000] {dag.py:2676} INFO - Sync 1 DAGs
[2025-07-16T20:17:21.166+0000] {logging_mixin.py:137} INFO - [2025-07-16T20:17:21.165+0000] {dag.py:3427} INFO - Setting next_dagrun for retail_sales_pipeline to None, run_after=None
[2025-07-16T20:17:21.198+0000] {processor.py:175} INFO - Processing /opt/airflow/dags/retail_sales_pipeline.py took 0.287 seconds
[2025-07-16T21:01:16.540+0000] {processor.py:153} INFO - Started process (PID=10960) to work on /opt/airflow/dags/retail_sales_pipeline.py
[2025-07-16T21:01:16.541+0000] {processor.py:743} INFO - Processing file /opt/airflow/dags/retail_sales_pipeline.py for tasks to queue
[2025-07-16T21:01:16.542+0000] {logging_mixin.py:137} INFO - [2025-07-16T21:01:16.542+0000] {dagbag.py:538} INFO - Filling up the DagBag from /opt/airflow/dags/retail_sales_pipeline.py
[2025-07-16T21:01:16.586+0000] {processor.py:753} INFO - DAG(s) dict_keys(['retail_sales_pipeline']) retrieved from /opt/airflow/dags/retail_sales_pipeline.py
[2025-07-16T21:01:16.841+0000] {logging_mixin.py:137} INFO - [2025-07-16T21:01:16.841+0000] {dag.py:2676} INFO - Sync 1 DAGs
[2025-07-16T21:01:16.988+0000] {logging_mixin.py:137} INFO - [2025-07-16T21:01:16.987+0000] {dag.py:3427} INFO - Setting next_dagrun for retail_sales_pipeline to None, run_after=None
[2025-07-16T21:01:17.112+0000] {processor.py:175} INFO - Processing /opt/airflow/dags/retail_sales_pipeline.py took 0.577 seconds
[2025-07-16T21:01:47.620+0000] {processor.py:153} INFO - Started process (PID=10965) to work on /opt/airflow/dags/retail_sales_pipeline.py
[2025-07-16T21:01:47.622+0000] {processor.py:743} INFO - Processing file /opt/airflow/dags/retail_sales_pipeline.py for tasks to queue
[2025-07-16T21:01:47.623+0000] {logging_mixin.py:137} INFO - [2025-07-16T21:01:47.623+0000] {dagbag.py:538} INFO - Filling up the DagBag from /opt/airflow/dags/retail_sales_pipeline.py
[2025-07-16T21:01:47.682+0000] {processor.py:753} INFO - DAG(s) dict_keys(['retail_sales_pipeline']) retrieved from /opt/airflow/dags/retail_sales_pipeline.py
[2025-07-16T21:01:47.880+0000] {logging_mixin.py:137} INFO - [2025-07-16T21:01:47.880+0000] {dag.py:2676} INFO - Sync 1 DAGs
[2025-07-16T21:01:47.932+0000] {logging_mixin.py:137} INFO - [2025-07-16T21:01:47.931+0000] {dag.py:3427} INFO - Setting next_dagrun for retail_sales_pipeline to None, run_after=None
[2025-07-16T21:01:47.963+0000] {processor.py:175} INFO - Processing /opt/airflow/dags/retail_sales_pipeline.py took 0.351 seconds
[2025-07-16T22:04:05.303+0000] {processor.py:153} INFO - Started process (PID=10970) to work on /opt/airflow/dags/retail_sales_pipeline.py
[2025-07-16T22:04:05.305+0000] {processor.py:743} INFO - Processing file /opt/airflow/dags/retail_sales_pipeline.py for tasks to queue
[2025-07-16T22:04:05.306+0000] {logging_mixin.py:137} INFO - [2025-07-16T22:04:05.305+0000] {dagbag.py:538} INFO - Filling up the DagBag from /opt/airflow/dags/retail_sales_pipeline.py
[2025-07-16T22:04:05.351+0000] {processor.py:753} INFO - DAG(s) dict_keys(['retail_sales_pipeline']) retrieved from /opt/airflow/dags/retail_sales_pipeline.py
[2025-07-16T22:04:05.481+0000] {logging_mixin.py:137} INFO - [2025-07-16T22:04:05.481+0000] {dag.py:2676} INFO - Sync 1 DAGs
[2025-07-16T22:04:05.528+0000] {logging_mixin.py:137} INFO - [2025-07-16T22:04:05.528+0000] {dag.py:3427} INFO - Setting next_dagrun for retail_sales_pipeline to None, run_after=None
[2025-07-16T22:04:05.556+0000] {processor.py:175} INFO - Processing /opt/airflow/dags/retail_sales_pipeline.py took 0.259 seconds
[2025-07-16T22:04:35.858+0000] {processor.py:153} INFO - Started process (PID=10975) to work on /opt/airflow/dags/retail_sales_pipeline.py
[2025-07-16T22:04:35.861+0000] {processor.py:743} INFO - Processing file /opt/airflow/dags/retail_sales_pipeline.py for tasks to queue
[2025-07-16T22:04:35.862+0000] {logging_mixin.py:137} INFO - [2025-07-16T22:04:35.862+0000] {dagbag.py:538} INFO - Filling up the DagBag from /opt/airflow/dags/retail_sales_pipeline.py
[2025-07-16T22:04:35.913+0000] {processor.py:753} INFO - DAG(s) dict_keys(['retail_sales_pipeline']) retrieved from /opt/airflow/dags/retail_sales_pipeline.py
[2025-07-16T22:04:36.056+0000] {logging_mixin.py:137} INFO - [2025-07-16T22:04:36.056+0000] {dag.py:2676} INFO - Sync 1 DAGs
[2025-07-16T22:04:36.105+0000] {logging_mixin.py:137} INFO - [2025-07-16T22:04:36.105+0000] {dag.py:3427} INFO - Setting next_dagrun for retail_sales_pipeline to None, run_after=None
[2025-07-16T22:04:36.130+0000] {processor.py:175} INFO - Processing /opt/airflow/dags/retail_sales_pipeline.py took 0.286 seconds
[2025-07-16T23:28:23.942+0000] {processor.py:153} INFO - Started process (PID=10982) to work on /opt/airflow/dags/retail_sales_pipeline.py
[2025-07-16T23:28:23.955+0000] {processor.py:743} INFO - Processing file /opt/airflow/dags/retail_sales_pipeline.py for tasks to queue
[2025-07-16T23:28:23.967+0000] {logging_mixin.py:137} INFO - [2025-07-16T23:28:23.966+0000] {dagbag.py:538} INFO - Filling up the DagBag from /opt/airflow/dags/retail_sales_pipeline.py
[2025-07-16T23:28:24.260+0000] {processor.py:753} INFO - DAG(s) dict_keys(['retail_sales_pipeline']) retrieved from /opt/airflow/dags/retail_sales_pipeline.py
[2025-07-16T23:28:24.516+0000] {logging_mixin.py:137} INFO - [2025-07-16T23:28:24.515+0000] {dag.py:2676} INFO - Sync 1 DAGs
[2025-07-16T23:28:24.570+0000] {logging_mixin.py:137} INFO - [2025-07-16T23:28:24.569+0000] {dag.py:3427} INFO - Setting next_dagrun for retail_sales_pipeline to None, run_after=None
[2025-07-16T23:28:24.602+0000] {processor.py:175} INFO - Processing /opt/airflow/dags/retail_sales_pipeline.py took 0.686 seconds
[2025-07-16T23:28:55.160+0000] {processor.py:153} INFO - Started process (PID=10987) to work on /opt/airflow/dags/retail_sales_pipeline.py
[2025-07-16T23:28:55.165+0000] {processor.py:743} INFO - Processing file /opt/airflow/dags/retail_sales_pipeline.py for tasks to queue
[2025-07-16T23:28:55.166+0000] {logging_mixin.py:137} INFO - [2025-07-16T23:28:55.166+0000] {dagbag.py:538} INFO - Filling up the DagBag from /opt/airflow/dags/retail_sales_pipeline.py
[2025-07-16T23:28:55.236+0000] {processor.py:753} INFO - DAG(s) dict_keys(['retail_sales_pipeline']) retrieved from /opt/airflow/dags/retail_sales_pipeline.py
[2025-07-16T23:28:55.417+0000] {logging_mixin.py:137} INFO - [2025-07-16T23:28:55.417+0000] {dag.py:2676} INFO - Sync 1 DAGs
[2025-07-16T23:28:55.462+0000] {logging_mixin.py:137} INFO - [2025-07-16T23:28:55.462+0000] {dag.py:3427} INFO - Setting next_dagrun for retail_sales_pipeline to None, run_after=None
[2025-07-16T23:28:55.493+0000] {processor.py:175} INFO - Processing /opt/airflow/dags/retail_sales_pipeline.py took 0.341 seconds
[2025-07-16T23:44:51.391+0000] {processor.py:153} INFO - Started process (PID=10992) to work on /opt/airflow/dags/retail_sales_pipeline.py
[2025-07-16T23:44:51.393+0000] {processor.py:743} INFO - Processing file /opt/airflow/dags/retail_sales_pipeline.py for tasks to queue
[2025-07-16T23:44:51.394+0000] {logging_mixin.py:137} INFO - [2025-07-16T23:44:51.394+0000] {dagbag.py:538} INFO - Filling up the DagBag from /opt/airflow/dags/retail_sales_pipeline.py
[2025-07-16T23:44:51.444+0000] {processor.py:753} INFO - DAG(s) dict_keys(['retail_sales_pipeline']) retrieved from /opt/airflow/dags/retail_sales_pipeline.py
[2025-07-16T23:44:51.588+0000] {logging_mixin.py:137} INFO - [2025-07-16T23:44:51.588+0000] {dag.py:2676} INFO - Sync 1 DAGs
[2025-07-16T23:44:51.657+0000] {logging_mixin.py:137} INFO - [2025-07-16T23:44:51.655+0000] {dag.py:3427} INFO - Setting next_dagrun for retail_sales_pipeline to None, run_after=None
[2025-07-16T23:44:51.756+0000] {processor.py:175} INFO - Processing /opt/airflow/dags/retail_sales_pipeline.py took 0.371 seconds
