[2025-07-02T16:30:57.751+0000] {taskinstance.py:1087} INFO - Dependencies all met for <TaskInstance: retail_sales_pipeline.simulate_kafka_events manual__2025-07-02T16:30:52.497671+00:00 [queued]>
[2025-07-02T16:30:57.842+0000] {taskinstance.py:1087} INFO - Dependencies all met for <TaskInstance: retail_sales_pipeline.simulate_kafka_events manual__2025-07-02T16:30:52.497671+00:00 [queued]>
[2025-07-02T16:30:57.844+0000] {taskinstance.py:1283} INFO - 
--------------------------------------------------------------------------------
[2025-07-02T16:30:57.849+0000] {taskinstance.py:1284} INFO - Starting attempt 1 of 2
[2025-07-02T16:30:57.853+0000] {taskinstance.py:1285} INFO - 
--------------------------------------------------------------------------------
[2025-07-02T16:30:58.237+0000] {taskinstance.py:1304} INFO - Executing <Task(BashOperator): simulate_kafka_events> on 2025-07-02 16:30:52.497671+00:00
[2025-07-02T16:30:58.379+0000] {standard_task_runner.py:55} INFO - Started process 1175 to run task
[2025-07-02T16:30:58.419+0000] {standard_task_runner.py:82} INFO - Running: ['***', 'tasks', 'run', 'retail_sales_pipeline', 'simulate_kafka_events', 'manual__2025-07-02T16:30:52.497671+00:00', '--job-id', '19', '--raw', '--subdir', 'DAGS_FOLDER/retail_sales_pipeline.py', '--cfg-path', '/tmp/tmptzwfrbxv']
[2025-07-02T16:30:58.440+0000] {standard_task_runner.py:83} INFO - Job 19: Subtask simulate_kafka_events
[2025-07-02T16:30:59.524+0000] {task_command.py:389} INFO - Running <TaskInstance: retail_sales_pipeline.simulate_kafka_events manual__2025-07-02T16:30:52.497671+00:00 [running]> on host febdae18cce2
[2025-07-02T16:31:00.475+0000] {taskinstance.py:1513} INFO - Exporting the following env vars:
AIRFLOW_CTX_DAG_OWNER=***
AIRFLOW_CTX_DAG_ID=retail_sales_pipeline
AIRFLOW_CTX_TASK_ID=simulate_kafka_events
AIRFLOW_CTX_EXECUTION_DATE=2025-07-02T16:30:52.497671+00:00
AIRFLOW_CTX_TRY_NUMBER=1
AIRFLOW_CTX_DAG_RUN_ID=manual__2025-07-02T16:30:52.497671+00:00
[2025-07-02T16:31:00.480+0000] {subprocess.py:63} INFO - Tmp dir root location: 
 /tmp
[2025-07-02T16:31:00.483+0000] {subprocess.py:75} INFO - Running command: ['/bin/bash', '-c', '\n        python3 /opt/***/scripts/ingestion/kafka_producer.py\n        ']
[2025-07-02T16:31:00.528+0000] {subprocess.py:86} INFO - Output:
[2025-07-02T16:31:51.593+0000] {subprocess.py:93} INFO - Record successfully produced to transaction-events [0] at offset 250
[2025-07-02T16:31:51.607+0000] {subprocess.py:93} INFO - Record successfully produced to transaction-events [0] at offset 251
[2025-07-02T16:31:51.607+0000] {subprocess.py:93} INFO - Record successfully produced to transaction-events [0] at offset 252
[2025-07-02T16:31:51.607+0000] {subprocess.py:93} INFO - Record successfully produced to transaction-events [0] at offset 253
[2025-07-02T16:31:51.608+0000] {subprocess.py:93} INFO - Record successfully produced to transaction-events [0] at offset 254
[2025-07-02T16:31:51.608+0000] {subprocess.py:93} INFO - Record successfully produced to transaction-events [0] at offset 255
[2025-07-02T16:31:51.608+0000] {subprocess.py:93} INFO - Record successfully produced to transaction-events [0] at offset 256
[2025-07-02T16:31:51.608+0000] {subprocess.py:93} INFO - Record successfully produced to transaction-events [0] at offset 257
[2025-07-02T16:31:51.608+0000] {subprocess.py:93} INFO - Record successfully produced to transaction-events [0] at offset 258
[2025-07-02T16:31:51.608+0000] {subprocess.py:93} INFO - Record successfully produced to transaction-events [0] at offset 259
[2025-07-02T16:31:51.609+0000] {subprocess.py:93} INFO - Record successfully produced to transaction-events [0] at offset 260
[2025-07-02T16:31:51.609+0000] {subprocess.py:93} INFO - Record successfully produced to transaction-events [0] at offset 261
[2025-07-02T16:31:51.609+0000] {subprocess.py:93} INFO - Record successfully produced to transaction-events [0] at offset 262
[2025-07-02T16:31:51.609+0000] {subprocess.py:93} INFO - Record successfully produced to transaction-events [0] at offset 263
[2025-07-02T16:31:51.609+0000] {subprocess.py:93} INFO - Record successfully produced to transaction-events [0] at offset 264
[2025-07-02T16:31:51.610+0000] {subprocess.py:93} INFO - Record successfully produced to transaction-events [0] at offset 265
[2025-07-02T16:31:51.610+0000] {subprocess.py:93} INFO - Record successfully produced to transaction-events [0] at offset 266
[2025-07-02T16:31:51.610+0000] {subprocess.py:93} INFO - Record successfully produced to transaction-events [0] at offset 267
[2025-07-02T16:31:51.610+0000] {subprocess.py:93} INFO - Record successfully produced to transaction-events [0] at offset 268
[2025-07-02T16:31:51.610+0000] {subprocess.py:93} INFO - Record successfully produced to transaction-events [0] at offset 269
[2025-07-02T16:31:51.611+0000] {subprocess.py:93} INFO - Record successfully produced to transaction-events [0] at offset 270
[2025-07-02T16:31:51.611+0000] {subprocess.py:93} INFO - Record successfully produced to transaction-events [0] at offset 271
[2025-07-02T16:31:51.611+0000] {subprocess.py:93} INFO - Record successfully produced to transaction-events [0] at offset 272
[2025-07-02T16:31:51.611+0000] {subprocess.py:93} INFO - Record successfully produced to transaction-events [0] at offset 273
[2025-07-02T16:31:51.611+0000] {subprocess.py:93} INFO - Record successfully produced to transaction-events [0] at offset 274
[2025-07-02T16:31:51.612+0000] {subprocess.py:93} INFO - Record successfully produced to transaction-events [0] at offset 275
[2025-07-02T16:31:51.612+0000] {subprocess.py:93} INFO - Record successfully produced to transaction-events [0] at offset 276
[2025-07-02T16:31:51.612+0000] {subprocess.py:93} INFO - Record successfully produced to transaction-events [0] at offset 277
[2025-07-02T16:31:51.612+0000] {subprocess.py:93} INFO - Record successfully produced to transaction-events [0] at offset 278
[2025-07-02T16:31:51.612+0000] {subprocess.py:93} INFO - Record successfully produced to transaction-events [0] at offset 279
[2025-07-02T16:31:51.613+0000] {subprocess.py:93} INFO - Record successfully produced to transaction-events [0] at offset 280
[2025-07-02T16:31:51.613+0000] {subprocess.py:93} INFO - Record successfully produced to transaction-events [0] at offset 281
[2025-07-02T16:31:51.613+0000] {subprocess.py:93} INFO - Record successfully produced to transaction-events [0] at offset 282
[2025-07-02T16:31:51.613+0000] {subprocess.py:93} INFO - Record successfully produced to transaction-events [0] at offset 283
[2025-07-02T16:31:51.613+0000] {subprocess.py:93} INFO - Record successfully produced to transaction-events [0] at offset 284
[2025-07-02T16:31:51.614+0000] {subprocess.py:93} INFO - Record successfully produced to transaction-events [0] at offset 285
[2025-07-02T16:31:51.614+0000] {subprocess.py:93} INFO - Record successfully produced to transaction-events [0] at offset 286
[2025-07-02T16:31:51.614+0000] {subprocess.py:93} INFO - Record successfully produced to transaction-events [0] at offset 287
[2025-07-02T16:31:51.614+0000] {subprocess.py:93} INFO - Record successfully produced to transaction-events [0] at offset 288
[2025-07-02T16:31:51.614+0000] {subprocess.py:93} INFO - Record successfully produced to transaction-events [0] at offset 289
[2025-07-02T16:31:51.614+0000] {subprocess.py:93} INFO - Record successfully produced to transaction-events [0] at offset 290
[2025-07-02T16:31:51.614+0000] {subprocess.py:93} INFO - Record successfully produced to transaction-events [0] at offset 291
[2025-07-02T16:31:51.614+0000] {subprocess.py:93} INFO - Record successfully produced to transaction-events [0] at offset 292
[2025-07-02T16:31:51.615+0000] {subprocess.py:93} INFO - Record successfully produced to transaction-events [0] at offset 293
[2025-07-02T16:31:51.615+0000] {subprocess.py:93} INFO - Record successfully produced to transaction-events [0] at offset 294
[2025-07-02T16:31:51.615+0000] {subprocess.py:93} INFO - Record successfully produced to transaction-events [0] at offset 295
[2025-07-02T16:31:51.615+0000] {subprocess.py:93} INFO - Record successfully produced to transaction-events [0] at offset 296
[2025-07-02T16:31:51.615+0000] {subprocess.py:93} INFO - Record successfully produced to transaction-events [0] at offset 297
[2025-07-02T16:31:51.616+0000] {subprocess.py:93} INFO - Record successfully produced to transaction-events [0] at offset 298
[2025-07-02T16:31:51.616+0000] {subprocess.py:93} INFO - Record successfully produced to transaction-events [0] at offset 299
[2025-07-02T16:31:51.717+0000] {subprocess.py:97} INFO - Command exited with return code 0
[2025-07-02T16:31:52.062+0000] {taskinstance.py:1327} INFO - Marking task as SUCCESS. dag_id=retail_sales_pipeline, task_id=simulate_kafka_events, execution_date=20250702T163052, start_date=20250702T163057, end_date=20250702T163152
[2025-07-02T16:31:52.189+0000] {local_task_job.py:159} INFO - Task exited with return code 0
[2025-07-02T16:31:52.458+0000] {taskinstance.py:2582} INFO - 0 downstream tasks scheduled from follow-on schedule check
