[2025-07-05T18:04:16.265+0000] {taskinstance.py:1087} INFO - Dependencies all met for <TaskInstance: retail_sales_pipeline.process_customers manual__2025-07-05T18:04:13.927921+00:00 [queued]>
[2025-07-05T18:04:16.284+0000] {taskinstance.py:1087} INFO - Dependencies all met for <TaskInstance: retail_sales_pipeline.process_customers manual__2025-07-05T18:04:13.927921+00:00 [queued]>
[2025-07-05T18:04:16.284+0000] {taskinstance.py:1283} INFO - 
--------------------------------------------------------------------------------
[2025-07-05T18:04:16.285+0000] {taskinstance.py:1284} INFO - Starting attempt 1 of 2
[2025-07-05T18:04:16.285+0000] {taskinstance.py:1285} INFO - 
--------------------------------------------------------------------------------
[2025-07-05T18:04:16.313+0000] {taskinstance.py:1304} INFO - Executing <Task(BashOperator): process_customers> on 2025-07-05 18:04:13.927921+00:00
[2025-07-05T18:04:16.318+0000] {standard_task_runner.py:55} INFO - Started process 202 to run task
[2025-07-05T18:04:16.327+0000] {standard_task_runner.py:82} INFO - Running: ['***', 'tasks', 'run', 'retail_sales_pipeline', 'process_customers', 'manual__2025-07-05T18:04:13.927921+00:00', '--job-id', '2', '--raw', '--subdir', 'DAGS_FOLDER/retail_sales_pipeline.py', '--cfg-path', '/tmp/tmp0gxpta8n']
[2025-07-05T18:04:16.330+0000] {standard_task_runner.py:83} INFO - Job 2: Subtask process_customers
[2025-07-05T18:04:16.634+0000] {task_command.py:389} INFO - Running <TaskInstance: retail_sales_pipeline.process_customers manual__2025-07-05T18:04:13.927921+00:00 [running]> on host 128fffe2d0f6
[2025-07-05T18:04:17.040+0000] {taskinstance.py:1513} INFO - Exporting the following env vars:
AIRFLOW_CTX_DAG_OWNER=***
AIRFLOW_CTX_DAG_ID=retail_sales_pipeline
AIRFLOW_CTX_TASK_ID=process_customers
AIRFLOW_CTX_EXECUTION_DATE=2025-07-05T18:04:13.927921+00:00
AIRFLOW_CTX_TRY_NUMBER=1
AIRFLOW_CTX_DAG_RUN_ID=manual__2025-07-05T18:04:13.927921+00:00
[2025-07-05T18:04:17.043+0000] {subprocess.py:63} INFO - Tmp dir root location: 
 /tmp
[2025-07-05T18:04:17.045+0000] {subprocess.py:75} INFO - Running command: ['/bin/bash', '-c', '\n        docker exec spark-master /opt/bitnami/spark/bin/spark-submit             /opt/***/scripts/ingestion/process_customers.py\n        ']
[2025-07-05T18:04:17.055+0000] {subprocess.py:86} INFO - Output:
[2025-07-05T18:04:24.602+0000] {subprocess.py:93} INFO - 25/07/05 18:04:24 INFO SparkContext: Running Spark version 3.5.5
[2025-07-05T18:04:24.608+0000] {subprocess.py:93} INFO - 25/07/05 18:04:24 INFO SparkContext: OS info Linux, 6.10.14-linuxkit, amd64
[2025-07-05T18:04:24.609+0000] {subprocess.py:93} INFO - 25/07/05 18:04:24 INFO SparkContext: Java version 17.0.14
[2025-07-05T18:04:24.652+0000] {subprocess.py:93} INFO - 25/07/05 18:04:24 INFO ResourceUtils: ==============================================================
[2025-07-05T18:04:24.653+0000] {subprocess.py:93} INFO - 25/07/05 18:04:24 INFO ResourceUtils: No custom resources configured for spark.driver.
[2025-07-05T18:04:24.654+0000] {subprocess.py:93} INFO - 25/07/05 18:04:24 INFO ResourceUtils: ==============================================================
[2025-07-05T18:04:24.656+0000] {subprocess.py:93} INFO - 25/07/05 18:04:24 INFO SparkContext: Submitted application: ProcessCustomers
[2025-07-05T18:04:24.697+0000] {subprocess.py:93} INFO - 25/07/05 18:04:24 INFO ResourceProfile: Default ResourceProfile created, executor resources: Map(cores -> name: cores, amount: 1, script: , vendor: , memory -> name: memory, amount: 1024, script: , vendor: , offHeap -> name: offHeap, amount: 0, script: , vendor: ), task resources: Map(cpus -> name: cpus, amount: 1.0)
[2025-07-05T18:04:24.718+0000] {subprocess.py:93} INFO - 25/07/05 18:04:24 INFO ResourceProfile: Limiting resource is cpu
[2025-07-05T18:04:24.719+0000] {subprocess.py:93} INFO - 25/07/05 18:04:24 INFO ResourceProfileManager: Added ResourceProfile id: 0
[2025-07-05T18:04:24.829+0000] {subprocess.py:93} INFO - 25/07/05 18:04:24 INFO SecurityManager: Changing view acls to: spark
[2025-07-05T18:04:24.835+0000] {subprocess.py:93} INFO - 25/07/05 18:04:24 INFO SecurityManager: Changing modify acls to: spark
[2025-07-05T18:04:24.837+0000] {subprocess.py:93} INFO - 25/07/05 18:04:24 INFO SecurityManager: Changing view acls groups to:
[2025-07-05T18:04:24.837+0000] {subprocess.py:93} INFO - 25/07/05 18:04:24 INFO SecurityManager: Changing modify acls groups to:
[2025-07-05T18:04:24.839+0000] {subprocess.py:93} INFO - 25/07/05 18:04:24 INFO SecurityManager: SecurityManager: authentication disabled; ui acls disabled; users with view permissions: spark; groups with view permissions: EMPTY; users with modify permissions: spark; groups with modify permissions: EMPTY
[2025-07-05T18:04:24.955+0000] {subprocess.py:93} INFO - 25/07/05 18:04:24 WARN NativeCodeLoader: Unable to load native-hadoop library for your platform... using builtin-java classes where applicable
[2025-07-05T18:04:25.587+0000] {subprocess.py:93} INFO - 25/07/05 18:04:25 INFO Utils: Successfully started service 'sparkDriver' on port 35763.
[2025-07-05T18:04:25.657+0000] {subprocess.py:93} INFO - 25/07/05 18:04:25 INFO SparkEnv: Registering MapOutputTracker
[2025-07-05T18:04:25.742+0000] {subprocess.py:93} INFO - 25/07/05 18:04:25 INFO SparkEnv: Registering BlockManagerMaster
[2025-07-05T18:04:25.766+0000] {subprocess.py:93} INFO - 25/07/05 18:04:25 INFO BlockManagerMasterEndpoint: Using org.apache.spark.storage.DefaultTopologyMapper for getting topology information
[2025-07-05T18:04:25.767+0000] {subprocess.py:93} INFO - 25/07/05 18:04:25 INFO BlockManagerMasterEndpoint: BlockManagerMasterEndpoint up
[2025-07-05T18:04:25.780+0000] {subprocess.py:93} INFO - 25/07/05 18:04:25 INFO SparkEnv: Registering BlockManagerMasterHeartbeat
[2025-07-05T18:04:25.806+0000] {subprocess.py:93} INFO - 25/07/05 18:04:25 INFO DiskBlockManager: Created local directory at /tmp/blockmgr-10fffb2d-2e7e-44a6-943e-fb816881bcb3
[2025-07-05T18:04:25.828+0000] {subprocess.py:93} INFO - 25/07/05 18:04:25 INFO MemoryStore: MemoryStore started with capacity 434.4 MiB
[2025-07-05T18:04:25.854+0000] {subprocess.py:93} INFO - 25/07/05 18:04:25 INFO SparkEnv: Registering OutputCommitCoordinator
[2025-07-05T18:04:26.128+0000] {subprocess.py:93} INFO - 25/07/05 18:04:26 INFO JettyUtils: Start Jetty 0.0.0.0:4040 for SparkUI
[2025-07-05T18:04:26.238+0000] {subprocess.py:93} INFO - 25/07/05 18:04:26 WARN Utils: Service 'SparkUI' could not bind on port 4040. Attempting port 4041.
[2025-07-05T18:04:26.252+0000] {subprocess.py:93} INFO - 25/07/05 18:04:26 INFO Utils: Successfully started service 'SparkUI' on port 4041.
[2025-07-05T18:04:26.509+0000] {subprocess.py:93} INFO - 25/07/05 18:04:26 INFO Executor: Starting executor ID driver on host 844962129a67
[2025-07-05T18:04:26.510+0000] {subprocess.py:93} INFO - 25/07/05 18:04:26 INFO Executor: OS info Linux, 6.10.14-linuxkit, amd64
[2025-07-05T18:04:26.512+0000] {subprocess.py:93} INFO - 25/07/05 18:04:26 INFO Executor: Java version 17.0.14
[2025-07-05T18:04:26.538+0000] {subprocess.py:93} INFO - 25/07/05 18:04:26 INFO Executor: Starting executor with user classpath (userClassPathFirst = false): ''
[2025-07-05T18:04:26.546+0000] {subprocess.py:93} INFO - 25/07/05 18:04:26 INFO Executor: Created or updated repl class loader org.apache.spark.util.MutableURLClassLoader@57e6a78e for default.
[2025-07-05T18:04:26.619+0000] {subprocess.py:93} INFO - 25/07/05 18:04:26 INFO Utils: Successfully started service 'org.apache.spark.network.netty.NettyBlockTransferService' on port 44179.
[2025-07-05T18:04:26.621+0000] {subprocess.py:93} INFO - 25/07/05 18:04:26 INFO NettyBlockTransferService: Server created on 844962129a67:44179
[2025-07-05T18:04:26.623+0000] {subprocess.py:93} INFO - 25/07/05 18:04:26 INFO BlockManager: Using org.apache.spark.storage.RandomBlockReplicationPolicy for block replication policy
[2025-07-05T18:04:26.747+0000] {subprocess.py:93} INFO - 25/07/05 18:04:26 INFO BlockManagerMaster: Registering BlockManager BlockManagerId(driver, 844962129a67, 44179, None)
[2025-07-05T18:04:26.780+0000] {subprocess.py:93} INFO - 25/07/05 18:04:26 INFO BlockManagerMasterEndpoint: Registering block manager 844962129a67:44179 with 434.4 MiB RAM, BlockManagerId(driver, 844962129a67, 44179, None)
[2025-07-05T18:04:26.784+0000] {subprocess.py:93} INFO - 25/07/05 18:04:26 INFO BlockManagerMaster: Registered BlockManager BlockManagerId(driver, 844962129a67, 44179, None)
[2025-07-05T18:04:26.788+0000] {subprocess.py:93} INFO - 25/07/05 18:04:26 INFO BlockManager: Initialized BlockManager: BlockManagerId(driver, 844962129a67, 44179, None)
[2025-07-05T18:04:28.471+0000] {subprocess.py:93} INFO - 25/07/05 18:04:28 INFO SharedState: Setting hive.metastore.warehouse.dir ('null') to the value of spark.sql.warehouse.dir.
[2025-07-05T18:04:28.480+0000] {subprocess.py:93} INFO - 25/07/05 18:04:28 INFO SharedState: Warehouse path is 'file:/opt/bitnami/spark/spark-warehouse'.
[2025-07-05T18:04:31.692+0000] {subprocess.py:93} INFO - 25/07/05 18:04:31 INFO InMemoryFileIndex: It took 143 ms to list leaf files for 1 paths.
[2025-07-05T18:04:31.894+0000] {subprocess.py:93} INFO - 25/07/05 18:04:31 INFO InMemoryFileIndex: It took 5 ms to list leaf files for 1 paths.
[2025-07-05T18:04:37.304+0000] {subprocess.py:93} INFO - 25/07/05 18:04:37 INFO FileSourceStrategy: Pushed Filters:
[2025-07-05T18:04:37.308+0000] {subprocess.py:93} INFO - 25/07/05 18:04:37 INFO FileSourceStrategy: Post-Scan Filters: (length(trim(value#0, None)) > 0)
[2025-07-05T18:04:38.647+0000] {subprocess.py:93} INFO - 25/07/05 18:04:38 INFO CodeGenerator: Code generated in 549.136917 ms
[2025-07-05T18:04:38.764+0000] {subprocess.py:93} INFO - 25/07/05 18:04:38 INFO MemoryStore: Block broadcast_0 stored as values in memory (estimated size 199.6 KiB, free 434.2 MiB)
[2025-07-05T18:04:38.882+0000] {subprocess.py:93} INFO - 25/07/05 18:04:38 INFO MemoryStore: Block broadcast_0_piece0 stored as bytes in memory (estimated size 34.3 KiB, free 434.2 MiB)
[2025-07-05T18:04:38.888+0000] {subprocess.py:93} INFO - 25/07/05 18:04:38 INFO BlockManagerInfo: Added broadcast_0_piece0 in memory on 844962129a67:44179 (size: 34.3 KiB, free: 434.4 MiB)
[2025-07-05T18:04:38.901+0000] {subprocess.py:93} INFO - 25/07/05 18:04:38 INFO SparkContext: Created broadcast 0 from csv at <unknown>:0
[2025-07-05T18:04:38.919+0000] {subprocess.py:93} INFO - 25/07/05 18:04:38 INFO FileSourceScanExec: Planning scan with bin packing, max size: 4194304 bytes, open cost is considered as scanning 4194304 bytes.
[2025-07-05T18:04:39.374+0000] {subprocess.py:93} INFO - 25/07/05 18:04:39 INFO SparkContext: Starting job: csv at <unknown>:0
[2025-07-05T18:04:39.430+0000] {subprocess.py:93} INFO - 25/07/05 18:04:39 INFO DAGScheduler: Got job 0 (csv at <unknown>:0) with 1 output partitions
[2025-07-05T18:04:39.431+0000] {subprocess.py:93} INFO - 25/07/05 18:04:39 INFO DAGScheduler: Final stage: ResultStage 0 (csv at <unknown>:0)
[2025-07-05T18:04:39.432+0000] {subprocess.py:93} INFO - 25/07/05 18:04:39 INFO DAGScheduler: Parents of final stage: List()
[2025-07-05T18:04:39.440+0000] {subprocess.py:93} INFO - 25/07/05 18:04:39 INFO DAGScheduler: Missing parents: List()
[2025-07-05T18:04:39.452+0000] {subprocess.py:93} INFO - 25/07/05 18:04:39 INFO DAGScheduler: Submitting ResultStage 0 (MapPartitionsRDD[3] at csv at <unknown>:0), which has no missing parents
[2025-07-05T18:04:40.211+0000] {subprocess.py:93} INFO - 25/07/05 18:04:40 INFO MemoryStore: Block broadcast_1 stored as values in memory (estimated size 13.5 KiB, free 434.2 MiB)
[2025-07-05T18:04:40.252+0000] {subprocess.py:93} INFO - 25/07/05 18:04:40 INFO MemoryStore: Block broadcast_1_piece0 stored as bytes in memory (estimated size 6.4 KiB, free 434.2 MiB)
[2025-07-05T18:04:40.256+0000] {subprocess.py:93} INFO - 25/07/05 18:04:40 INFO BlockManagerInfo: Added broadcast_1_piece0 in memory on 844962129a67:44179 (size: 6.4 KiB, free: 434.4 MiB)
[2025-07-05T18:04:40.261+0000] {subprocess.py:93} INFO - 25/07/05 18:04:40 INFO SparkContext: Created broadcast 1 from broadcast at DAGScheduler.scala:1585
[2025-07-05T18:04:40.457+0000] {subprocess.py:93} INFO - 25/07/05 18:04:40 INFO DAGScheduler: Submitting 1 missing tasks from ResultStage 0 (MapPartitionsRDD[3] at csv at <unknown>:0) (first 15 tasks are for partitions Vector(0))
[2025-07-05T18:04:40.471+0000] {subprocess.py:93} INFO - 25/07/05 18:04:40 INFO TaskSchedulerImpl: Adding task set 0.0 with 1 tasks resource profile 0
[2025-07-05T18:04:40.842+0000] {subprocess.py:93} INFO - 25/07/05 18:04:40 INFO TaskSetManager: Starting task 0.0 in stage 0.0 (TID 0) (844962129a67, executor driver, partition 0, PROCESS_LOCAL, 9610 bytes)
[2025-07-05T18:04:40.938+0000] {subprocess.py:93} INFO - 25/07/05 18:04:40 INFO Executor: Running task 0.0 in stage 0.0 (TID 0)
[2025-07-05T18:04:41.450+0000] {subprocess.py:93} INFO - 25/07/05 18:04:41 INFO CodeGenerator: Code generated in 52.068166 ms
[2025-07-05T18:04:41.462+0000] {subprocess.py:93} INFO - 25/07/05 18:04:41 INFO FileScanRDD: Reading File path: file:///opt/***/data/customers/customers.csv, range: 0-3955, partition values: [empty row]
[2025-07-05T18:04:41.576+0000] {subprocess.py:93} INFO - 25/07/05 18:04:41 INFO CodeGenerator: Code generated in 80.61075 ms
[2025-07-05T18:04:41.757+0000] {subprocess.py:93} INFO - 25/07/05 18:04:41 INFO Executor: Finished task 0.0 in stage 0.0 (TID 0). 1664 bytes result sent to driver
[2025-07-05T18:04:41.781+0000] {subprocess.py:93} INFO - 25/07/05 18:04:41 INFO TaskSetManager: Finished task 0.0 in stage 0.0 (TID 0) in 1118 ms on 844962129a67 (executor driver) (1/1)
[2025-07-05T18:04:41.785+0000] {subprocess.py:93} INFO - 25/07/05 18:04:41 INFO TaskSchedulerImpl: Removed TaskSet 0.0, whose tasks have all completed, from pool
[2025-07-05T18:04:41.802+0000] {subprocess.py:93} INFO - 25/07/05 18:04:41 INFO DAGScheduler: ResultStage 0 (csv at <unknown>:0) finished in 2.288 s
[2025-07-05T18:04:41.808+0000] {subprocess.py:93} INFO - 25/07/05 18:04:41 INFO DAGScheduler: Job 0 is finished. Cancelling potential speculative or zombie tasks for this job
[2025-07-05T18:04:41.809+0000] {subprocess.py:93} INFO - 25/07/05 18:04:41 INFO TaskSchedulerImpl: Killing all running tasks in stage 0: Stage finished
[2025-07-05T18:04:41.820+0000] {subprocess.py:93} INFO - 25/07/05 18:04:41 INFO DAGScheduler: Job 0 finished: csv at <unknown>:0, took 2.446186 s
[2025-07-05T18:04:41.898+0000] {subprocess.py:93} INFO - 25/07/05 18:04:41 INFO CodeGenerator: Code generated in 34.010958 ms
[2025-07-05T18:04:42.572+0000] {subprocess.py:93} INFO - 25/07/05 18:04:42 INFO FileSourceStrategy: Pushed Filters:
[2025-07-05T18:04:42.573+0000] {subprocess.py:93} INFO - 25/07/05 18:04:42 INFO FileSourceStrategy: Post-Scan Filters:
[2025-07-05T18:04:42.635+0000] {subprocess.py:93} INFO - 25/07/05 18:04:42 INFO MemoryStore: Block broadcast_2 stored as values in memory (estimated size 199.6 KiB, free 434.0 MiB)
[2025-07-05T18:04:42.783+0000] {subprocess.py:93} INFO - 25/07/05 18:04:42 INFO MemoryStore: Block broadcast_2_piece0 stored as bytes in memory (estimated size 34.3 KiB, free 433.9 MiB)
[2025-07-05T18:04:42.785+0000] {subprocess.py:93} INFO - 25/07/05 18:04:42 INFO BlockManagerInfo: Added broadcast_2_piece0 in memory on 844962129a67:44179 (size: 34.3 KiB, free: 434.3 MiB)
[2025-07-05T18:04:42.798+0000] {subprocess.py:93} INFO - 25/07/05 18:04:42 INFO SparkContext: Created broadcast 2 from csv at <unknown>:0
[2025-07-05T18:04:42.804+0000] {subprocess.py:93} INFO - 25/07/05 18:04:42 INFO FileSourceScanExec: Planning scan with bin packing, max size: 4194304 bytes, open cost is considered as scanning 4194304 bytes.
[2025-07-05T18:04:42.888+0000] {subprocess.py:93} INFO - 25/07/05 18:04:42 INFO BlockManagerInfo: Removed broadcast_1_piece0 on 844962129a67:44179 in memory (size: 6.4 KiB, free: 434.3 MiB)
[2025-07-05T18:04:43.411+0000] {subprocess.py:93} INFO - 25/07/05 18:04:43 INFO SparkContext: Starting job: csv at <unknown>:0
[2025-07-05T18:04:43.431+0000] {subprocess.py:93} INFO - 25/07/05 18:04:43 INFO DAGScheduler: Got job 1 (csv at <unknown>:0) with 1 output partitions
[2025-07-05T18:04:43.434+0000] {subprocess.py:93} INFO - 25/07/05 18:04:43 INFO DAGScheduler: Final stage: ResultStage 1 (csv at <unknown>:0)
[2025-07-05T18:04:43.436+0000] {subprocess.py:93} INFO - 25/07/05 18:04:43 INFO DAGScheduler: Parents of final stage: List()
[2025-07-05T18:04:43.441+0000] {subprocess.py:93} INFO - 25/07/05 18:04:43 INFO DAGScheduler: Missing parents: List()
[2025-07-05T18:04:43.455+0000] {subprocess.py:93} INFO - 25/07/05 18:04:43 INFO DAGScheduler: Submitting ResultStage 1 (MapPartitionsRDD[9] at csv at <unknown>:0), which has no missing parents
[2025-07-05T18:04:43.654+0000] {subprocess.py:93} INFO - 25/07/05 18:04:43 INFO MemoryStore: Block broadcast_3 stored as values in memory (estimated size 27.7 KiB, free 433.9 MiB)
[2025-07-05T18:04:43.667+0000] {subprocess.py:93} INFO - 25/07/05 18:04:43 INFO MemoryStore: Block broadcast_3_piece0 stored as bytes in memory (estimated size 12.7 KiB, free 433.9 MiB)
[2025-07-05T18:04:43.670+0000] {subprocess.py:93} INFO - 25/07/05 18:04:43 INFO BlockManagerInfo: Added broadcast_3_piece0 in memory on 844962129a67:44179 (size: 12.7 KiB, free: 434.3 MiB)
[2025-07-05T18:04:43.671+0000] {subprocess.py:93} INFO - 25/07/05 18:04:43 INFO SparkContext: Created broadcast 3 from broadcast at DAGScheduler.scala:1585
[2025-07-05T18:04:43.675+0000] {subprocess.py:93} INFO - 25/07/05 18:04:43 INFO DAGScheduler: Submitting 1 missing tasks from ResultStage 1 (MapPartitionsRDD[9] at csv at <unknown>:0) (first 15 tasks are for partitions Vector(0))
[2025-07-05T18:04:43.679+0000] {subprocess.py:93} INFO - 25/07/05 18:04:43 INFO TaskSchedulerImpl: Adding task set 1.0 with 1 tasks resource profile 0
[2025-07-05T18:04:43.694+0000] {subprocess.py:93} INFO - 25/07/05 18:04:43 INFO TaskSetManager: Starting task 0.0 in stage 1.0 (TID 1) (844962129a67, executor driver, partition 0, PROCESS_LOCAL, 9610 bytes)
[2025-07-05T18:04:43.703+0000] {subprocess.py:93} INFO - 25/07/05 18:04:43 INFO Executor: Running task 0.0 in stage 1.0 (TID 1)
[2025-07-05T18:04:43.980+0000] {subprocess.py:93} INFO - 25/07/05 18:04:43 INFO CodeGenerator: Code generated in 57.344875 ms
[2025-07-05T18:04:43.999+0000] {subprocess.py:93} INFO - 25/07/05 18:04:43 INFO FileScanRDD: Reading File path: file:///opt/***/data/customers/customers.csv, range: 0-3955, partition values: [empty row]
[2025-07-05T18:04:44.241+0000] {subprocess.py:93} INFO - 25/07/05 18:04:44 INFO Executor: Finished task 0.0 in stage 1.0 (TID 1). 1717 bytes result sent to driver
[2025-07-05T18:04:44.253+0000] {subprocess.py:93} INFO - 25/07/05 18:04:44 INFO TaskSetManager: Finished task 0.0 in stage 1.0 (TID 1) in 567 ms on 844962129a67 (executor driver) (1/1)
[2025-07-05T18:04:44.254+0000] {subprocess.py:93} INFO - 25/07/05 18:04:44 INFO TaskSchedulerImpl: Removed TaskSet 1.0, whose tasks have all completed, from pool
[2025-07-05T18:04:44.265+0000] {subprocess.py:93} INFO - 25/07/05 18:04:44 INFO DAGScheduler: ResultStage 1 (csv at <unknown>:0) finished in 0.777 s
[2025-07-05T18:04:44.271+0000] {subprocess.py:93} INFO - 25/07/05 18:04:44 INFO DAGScheduler: Job 1 is finished. Cancelling potential speculative or zombie tasks for this job
[2025-07-05T18:04:44.272+0000] {subprocess.py:93} INFO - 25/07/05 18:04:44 INFO TaskSchedulerImpl: Killing all running tasks in stage 1: Stage finished
[2025-07-05T18:04:44.273+0000] {subprocess.py:93} INFO - 25/07/05 18:04:44 INFO DAGScheduler: Job 1 finished: csv at <unknown>:0, took 0.870889 s
[2025-07-05T18:04:44.685+0000] {subprocess.py:93} INFO - 25/07/05 18:04:44 INFO FileSourceStrategy: Pushed Filters:
[2025-07-05T18:04:44.688+0000] {subprocess.py:93} INFO - 25/07/05 18:04:44 INFO FileSourceStrategy: Post-Scan Filters:
[2025-07-05T18:04:44.843+0000] {subprocess.py:93} INFO - 25/07/05 18:04:44 INFO ParquetUtils: Using default output committer for Parquet: org.apache.parquet.hadoop.ParquetOutputCommitter
[2025-07-05T18:04:44.925+0000] {subprocess.py:93} INFO - 25/07/05 18:04:44 INFO FileOutputCommitter: File Output Committer Algorithm version is 1
[2025-07-05T18:04:44.928+0000] {subprocess.py:93} INFO - 25/07/05 18:04:44 INFO FileOutputCommitter: FileOutputCommitter skip cleanup _temporary folders under output directory:false, ignore cleanup failures: false
[2025-07-05T18:04:44.929+0000] {subprocess.py:93} INFO - 25/07/05 18:04:44 INFO SQLHadoopMapReduceCommitProtocol: Using user defined output committer class org.apache.parquet.hadoop.ParquetOutputCommitter
[2025-07-05T18:04:44.929+0000] {subprocess.py:93} INFO - 25/07/05 18:04:44 INFO FileOutputCommitter: File Output Committer Algorithm version is 1
[2025-07-05T18:04:44.930+0000] {subprocess.py:93} INFO - 25/07/05 18:04:44 INFO FileOutputCommitter: FileOutputCommitter skip cleanup _temporary folders under output directory:false, ignore cleanup failures: false
[2025-07-05T18:04:44.930+0000] {subprocess.py:93} INFO - 25/07/05 18:04:44 INFO SQLHadoopMapReduceCommitProtocol: Using output committer class org.apache.parquet.hadoop.ParquetOutputCommitter
[2025-07-05T18:04:45.264+0000] {subprocess.py:93} INFO - 25/07/05 18:04:45 INFO MemoryStore: Block broadcast_4 stored as values in memory (estimated size 199.5 KiB, free 433.7 MiB)
[2025-07-05T18:04:45.381+0000] {subprocess.py:93} INFO - 25/07/05 18:04:45 INFO BlockManagerInfo: Removed broadcast_3_piece0 on 844962129a67:44179 in memory (size: 12.7 KiB, free: 434.3 MiB)
[2025-07-05T18:04:45.424+0000] {subprocess.py:93} INFO - 25/07/05 18:04:45 INFO MemoryStore: Block broadcast_4_piece0 stored as bytes in memory (estimated size 34.3 KiB, free 433.7 MiB)
[2025-07-05T18:04:45.427+0000] {subprocess.py:93} INFO - 25/07/05 18:04:45 INFO BlockManagerInfo: Added broadcast_4_piece0 in memory on 844962129a67:44179 (size: 34.3 KiB, free: 434.3 MiB)
[2025-07-05T18:04:45.431+0000] {subprocess.py:93} INFO - 25/07/05 18:04:45 INFO SparkContext: Created broadcast 4 from save at <unknown>:0
[2025-07-05T18:04:45.475+0000] {subprocess.py:93} INFO - 25/07/05 18:04:45 INFO FileSourceScanExec: Planning scan with bin packing, max size: 4194304 bytes, open cost is considered as scanning 4194304 bytes.
[2025-07-05T18:04:45.561+0000] {subprocess.py:93} INFO - 25/07/05 18:04:45 INFO SparkContext: Starting job: save at <unknown>:0
[2025-07-05T18:04:45.572+0000] {subprocess.py:93} INFO - 25/07/05 18:04:45 INFO DAGScheduler: Got job 2 (save at <unknown>:0) with 1 output partitions
[2025-07-05T18:04:45.573+0000] {subprocess.py:93} INFO - 25/07/05 18:04:45 INFO DAGScheduler: Final stage: ResultStage 2 (save at <unknown>:0)
[2025-07-05T18:04:45.573+0000] {subprocess.py:93} INFO - 25/07/05 18:04:45 INFO DAGScheduler: Parents of final stage: List()
[2025-07-05T18:04:45.574+0000] {subprocess.py:93} INFO - 25/07/05 18:04:45 INFO DAGScheduler: Missing parents: List()
[2025-07-05T18:04:45.575+0000] {subprocess.py:93} INFO - 25/07/05 18:04:45 INFO DAGScheduler: Submitting ResultStage 2 (MapPartitionsRDD[12] at save at <unknown>:0), which has no missing parents
[2025-07-05T18:04:45.730+0000] {subprocess.py:93} INFO - 25/07/05 18:04:45 INFO MemoryStore: Block broadcast_5 stored as values in memory (estimated size 213.2 KiB, free 433.5 MiB)
[2025-07-05T18:04:45.781+0000] {subprocess.py:93} INFO - 25/07/05 18:04:45 INFO MemoryStore: Block broadcast_5_piece0 stored as bytes in memory (estimated size 77.0 KiB, free 433.4 MiB)
[2025-07-05T18:04:45.787+0000] {subprocess.py:93} INFO - 25/07/05 18:04:45 INFO BlockManagerInfo: Added broadcast_5_piece0 in memory on 844962129a67:44179 (size: 77.0 KiB, free: 434.2 MiB)
[2025-07-05T18:04:45.787+0000] {subprocess.py:93} INFO - 25/07/05 18:04:45 INFO SparkContext: Created broadcast 5 from broadcast at DAGScheduler.scala:1585
[2025-07-05T18:04:45.795+0000] {subprocess.py:93} INFO - 25/07/05 18:04:45 INFO DAGScheduler: Submitting 1 missing tasks from ResultStage 2 (MapPartitionsRDD[12] at save at <unknown>:0) (first 15 tasks are for partitions Vector(0))
[2025-07-05T18:04:45.796+0000] {subprocess.py:93} INFO - 25/07/05 18:04:45 INFO TaskSchedulerImpl: Adding task set 2.0 with 1 tasks resource profile 0
[2025-07-05T18:04:45.819+0000] {subprocess.py:93} INFO - 25/07/05 18:04:45 INFO TaskSetManager: Starting task 0.0 in stage 2.0 (TID 2) (844962129a67, executor driver, partition 0, PROCESS_LOCAL, 9610 bytes)
[2025-07-05T18:04:45.820+0000] {subprocess.py:93} INFO - 25/07/05 18:04:45 INFO Executor: Running task 0.0 in stage 2.0 (TID 2)
[2025-07-05T18:04:45.996+0000] {subprocess.py:93} INFO - 25/07/05 18:04:45 INFO FileOutputCommitter: File Output Committer Algorithm version is 1
[2025-07-05T18:04:45.997+0000] {subprocess.py:93} INFO - 25/07/05 18:04:45 INFO FileOutputCommitter: FileOutputCommitter skip cleanup _temporary folders under output directory:false, ignore cleanup failures: false
[2025-07-05T18:04:45.999+0000] {subprocess.py:93} INFO - 25/07/05 18:04:45 INFO SQLHadoopMapReduceCommitProtocol: Using user defined output committer class org.apache.parquet.hadoop.ParquetOutputCommitter
[2025-07-05T18:04:46.000+0000] {subprocess.py:93} INFO - 25/07/05 18:04:45 INFO FileOutputCommitter: File Output Committer Algorithm version is 1
[2025-07-05T18:04:46.001+0000] {subprocess.py:93} INFO - 25/07/05 18:04:45 INFO FileOutputCommitter: FileOutputCommitter skip cleanup _temporary folders under output directory:false, ignore cleanup failures: false
[2025-07-05T18:04:46.002+0000] {subprocess.py:93} INFO - 25/07/05 18:04:45 INFO SQLHadoopMapReduceCommitProtocol: Using output committer class org.apache.parquet.hadoop.ParquetOutputCommitter
[2025-07-05T18:04:46.022+0000] {subprocess.py:93} INFO - 25/07/05 18:04:46 INFO CodecConfig: Compression: SNAPPY
[2025-07-05T18:04:46.030+0000] {subprocess.py:93} INFO - 25/07/05 18:04:46 INFO CodecConfig: Compression: SNAPPY
[2025-07-05T18:04:46.082+0000] {subprocess.py:93} INFO - 25/07/05 18:04:46 INFO ParquetOutputFormat: ParquetRecordWriter [block size: 134217728b, row group padding size: 8388608b, validating: false]
[2025-07-05T18:04:46.163+0000] {subprocess.py:93} INFO - 25/07/05 18:04:46 INFO ParquetWriteSupport: Initialized Parquet WriteSupport with Catalyst schema:
[2025-07-05T18:04:46.164+0000] {subprocess.py:93} INFO - {
[2025-07-05T18:04:46.164+0000] {subprocess.py:93} INFO -   "type" : "struct",
[2025-07-05T18:04:46.164+0000] {subprocess.py:93} INFO -   "fields" : [ {
[2025-07-05T18:04:46.164+0000] {subprocess.py:93} INFO -     "name" : "customer_id",
[2025-07-05T18:04:46.165+0000] {subprocess.py:93} INFO -     "type" : "integer",
[2025-07-05T18:04:46.165+0000] {subprocess.py:93} INFO -     "nullable" : true,
[2025-07-05T18:04:46.165+0000] {subprocess.py:93} INFO -     "metadata" : { }
[2025-07-05T18:04:46.165+0000] {subprocess.py:93} INFO -   }, {
[2025-07-05T18:04:46.165+0000] {subprocess.py:93} INFO -     "name" : "first_name",
[2025-07-05T18:04:46.165+0000] {subprocess.py:93} INFO -     "type" : "string",
[2025-07-05T18:04:46.166+0000] {subprocess.py:93} INFO -     "nullable" : true,
[2025-07-05T18:04:46.166+0000] {subprocess.py:93} INFO -     "metadata" : { }
[2025-07-05T18:04:46.166+0000] {subprocess.py:93} INFO -   }, {
[2025-07-05T18:04:46.166+0000] {subprocess.py:93} INFO -     "name" : "last_name",
[2025-07-05T18:04:46.166+0000] {subprocess.py:93} INFO -     "type" : "string",
[2025-07-05T18:04:46.167+0000] {subprocess.py:93} INFO -     "nullable" : true,
[2025-07-05T18:04:46.167+0000] {subprocess.py:93} INFO -     "metadata" : { }
[2025-07-05T18:04:46.168+0000] {subprocess.py:93} INFO -   }, {
[2025-07-05T18:04:46.168+0000] {subprocess.py:93} INFO -     "name" : "email",
[2025-07-05T18:04:46.169+0000] {subprocess.py:93} INFO -     "type" : "string",
[2025-07-05T18:04:46.169+0000] {subprocess.py:93} INFO -     "nullable" : true,
[2025-07-05T18:04:46.169+0000] {subprocess.py:93} INFO -     "metadata" : { }
[2025-07-05T18:04:46.169+0000] {subprocess.py:93} INFO -   }, {
[2025-07-05T18:04:46.169+0000] {subprocess.py:93} INFO -     "name" : "signup_date",
[2025-07-05T18:04:46.169+0000] {subprocess.py:93} INFO -     "type" : "date",
[2025-07-05T18:04:46.170+0000] {subprocess.py:93} INFO -     "nullable" : true,
[2025-07-05T18:04:46.170+0000] {subprocess.py:93} INFO -     "metadata" : { }
[2025-07-05T18:04:46.170+0000] {subprocess.py:93} INFO -   } ]
[2025-07-05T18:04:46.170+0000] {subprocess.py:93} INFO - }
[2025-07-05T18:04:46.170+0000] {subprocess.py:93} INFO - and corresponding Parquet message type:
[2025-07-05T18:04:46.171+0000] {subprocess.py:93} INFO - message spark_schema {
[2025-07-05T18:04:46.171+0000] {subprocess.py:93} INFO -   optional int32 customer_id;
[2025-07-05T18:04:46.171+0000] {subprocess.py:93} INFO -   optional binary first_name (STRING);
[2025-07-05T18:04:46.171+0000] {subprocess.py:93} INFO -   optional binary last_name (STRING);
[2025-07-05T18:04:46.171+0000] {subprocess.py:93} INFO -   optional binary email (STRING);
[2025-07-05T18:04:46.173+0000] {subprocess.py:93} INFO -   optional int32 signup_date (DATE);
[2025-07-05T18:04:46.173+0000] {subprocess.py:93} INFO - }
[2025-07-05T18:04:46.174+0000] {subprocess.py:93} INFO - 
[2025-07-05T18:04:46.175+0000] {subprocess.py:93} INFO - 
[2025-07-05T18:04:46.688+0000] {subprocess.py:93} INFO - 25/07/05 18:04:46 INFO CodecPool: Got brand-new compressor [.snappy]
[2025-07-05T18:04:47.251+0000] {subprocess.py:93} INFO - 25/07/05 18:04:47 INFO FileScanRDD: Reading File path: file:///opt/***/data/customers/customers.csv, range: 0-3955, partition values: [empty row]
[2025-07-05T18:04:47.445+0000] {subprocess.py:93} INFO - 25/07/05 18:04:47 INFO CodeGenerator: Code generated in 135.676042 ms
[2025-07-05T18:04:50.072+0000] {subprocess.py:93} INFO - 25/07/05 18:04:50 INFO FileOutputCommitter: Saved output of task 'attempt_202507051804456646496512051858468_0002_m_000000_2' to file:/opt/***/data/delta/dim_customer/_temporary/0/task_202507051804456646496512051858468_0002_m_000000
[2025-07-05T18:04:50.085+0000] {subprocess.py:93} INFO - 25/07/05 18:04:50 INFO SparkHadoopMapRedUtil: attempt_202507051804456646496512051858468_0002_m_000000_2: Committed. Elapsed time: 11 ms.
[2025-07-05T18:04:50.225+0000] {subprocess.py:93} INFO - 25/07/05 18:04:50 INFO Executor: Finished task 0.0 in stage 2.0 (TID 2). 2502 bytes result sent to driver
[2025-07-05T18:04:50.269+0000] {subprocess.py:93} INFO - 25/07/05 18:04:50 INFO TaskSetManager: Finished task 0.0 in stage 2.0 (TID 2) in 4454 ms on 844962129a67 (executor driver) (1/1)
[2025-07-05T18:04:50.272+0000] {subprocess.py:93} INFO - 25/07/05 18:04:50 INFO TaskSchedulerImpl: Removed TaskSet 2.0, whose tasks have all completed, from pool
[2025-07-05T18:04:50.284+0000] {subprocess.py:93} INFO - 25/07/05 18:04:50 INFO DAGScheduler: ResultStage 2 (save at <unknown>:0) finished in 4.698 s
[2025-07-05T18:04:50.288+0000] {subprocess.py:93} INFO - 25/07/05 18:04:50 INFO DAGScheduler: Job 2 is finished. Cancelling potential speculative or zombie tasks for this job
[2025-07-05T18:04:50.289+0000] {subprocess.py:93} INFO - 25/07/05 18:04:50 INFO TaskSchedulerImpl: Killing all running tasks in stage 2: Stage finished
[2025-07-05T18:04:50.296+0000] {subprocess.py:93} INFO - 25/07/05 18:04:50 INFO DAGScheduler: Job 2 finished: save at <unknown>:0, took 4.734415 s
[2025-07-05T18:04:50.338+0000] {subprocess.py:93} INFO - 25/07/05 18:04:50 INFO FileFormatWriter: Start to commit write Job 30e559e1-876c-4443-8995-2e8e6b0ffa0e.
[2025-07-05T18:04:50.661+0000] {subprocess.py:93} INFO - 25/07/05 18:04:50 INFO FileFormatWriter: Write Job 30e559e1-876c-4443-8995-2e8e6b0ffa0e committed. Elapsed time: 316 ms.
[2025-07-05T18:04:50.674+0000] {subprocess.py:93} INFO - 25/07/05 18:04:50 INFO FileFormatWriter: Finished processing stats for write job 30e559e1-876c-4443-8995-2e8e6b0ffa0e.
[2025-07-05T18:04:51.036+0000] {subprocess.py:93} INFO - 25/07/05 18:04:51 INFO SparkContext: Invoking stop() from shutdown hook
[2025-07-05T18:04:51.037+0000] {subprocess.py:93} INFO - 25/07/05 18:04:51 INFO SparkContext: SparkContext is stopping with exitCode 0.
[2025-07-05T18:04:51.174+0000] {subprocess.py:93} INFO - 25/07/05 18:04:51 INFO SparkUI: Stopped Spark web UI at http://844962129a67:4041
[2025-07-05T18:04:51.285+0000] {subprocess.py:93} INFO - 25/07/05 18:04:51 INFO MapOutputTrackerMasterEndpoint: MapOutputTrackerMasterEndpoint stopped!
[2025-07-05T18:04:51.433+0000] {subprocess.py:93} INFO - 25/07/05 18:04:51 INFO MemoryStore: MemoryStore cleared
[2025-07-05T18:04:51.435+0000] {subprocess.py:93} INFO - 25/07/05 18:04:51 INFO BlockManager: BlockManager stopped
[2025-07-05T18:04:51.445+0000] {subprocess.py:93} INFO - 25/07/05 18:04:51 INFO BlockManagerMaster: BlockManagerMaster stopped
[2025-07-05T18:04:51.455+0000] {subprocess.py:93} INFO - 25/07/05 18:04:51 INFO OutputCommitCoordinator$OutputCommitCoordinatorEndpoint: OutputCommitCoordinator stopped!
[2025-07-05T18:04:51.575+0000] {subprocess.py:93} INFO - 25/07/05 18:04:51 INFO SparkContext: Successfully stopped SparkContext
[2025-07-05T18:04:51.576+0000] {subprocess.py:93} INFO - 25/07/05 18:04:51 INFO ShutdownHookManager: Shutdown hook called
[2025-07-05T18:04:51.581+0000] {subprocess.py:93} INFO - 25/07/05 18:04:51 INFO ShutdownHookManager: Deleting directory /tmp/spark-df883ff9-f26a-4bfd-9379-8f67f00d4ad1
[2025-07-05T18:04:51.662+0000] {subprocess.py:93} INFO - 25/07/05 18:04:51 INFO ShutdownHookManager: Deleting directory /tmp/spark-e8a0b6c4-50fa-477a-801a-d23b600bb271
[2025-07-05T18:04:51.714+0000] {subprocess.py:93} INFO - 25/07/05 18:04:51 INFO ShutdownHookManager: Deleting directory /tmp/spark-e8a0b6c4-50fa-477a-801a-d23b600bb271/pyspark-372d554a-bc07-4ad2-aac7-c064bde55412
[2025-07-05T18:04:51.982+0000] {subprocess.py:97} INFO - Command exited with return code 0
[2025-07-05T18:04:52.282+0000] {taskinstance.py:1327} INFO - Marking task as SUCCESS. dag_id=retail_sales_pipeline, task_id=process_customers, execution_date=20250705T180413, start_date=20250705T180416, end_date=20250705T180452
[2025-07-05T18:04:52.393+0000] {local_task_job.py:159} INFO - Task exited with return code 0
[2025-07-05T18:04:52.551+0000] {taskinstance.py:2582} INFO - 1 downstream tasks scheduled from follow-on schedule check
