[2025-07-04T19:41:04.425+0000] {taskinstance.py:1087} INFO - Dependencies all met for <TaskInstance: retail_sales_pipeline.process_products manual__2025-07-04T19:41:01.587132+00:00 [queued]>
[2025-07-04T19:41:04.450+0000] {taskinstance.py:1087} INFO - Dependencies all met for <TaskInstance: retail_sales_pipeline.process_products manual__2025-07-04T19:41:01.587132+00:00 [queued]>
[2025-07-04T19:41:04.451+0000] {taskinstance.py:1283} INFO - 
--------------------------------------------------------------------------------
[2025-07-04T19:41:04.451+0000] {taskinstance.py:1284} INFO - Starting attempt 1 of 2
[2025-07-04T19:41:04.451+0000] {taskinstance.py:1285} INFO - 
--------------------------------------------------------------------------------
[2025-07-04T19:41:04.510+0000] {taskinstance.py:1304} INFO - Executing <Task(BashOperator): process_products> on 2025-07-04 19:41:01.587132+00:00
[2025-07-04T19:41:04.516+0000] {standard_task_runner.py:55} INFO - Started process 660 to run task
[2025-07-04T19:41:04.521+0000] {standard_task_runner.py:82} INFO - Running: ['***', 'tasks', 'run', 'retail_sales_pipeline', 'process_products', 'manual__2025-07-04T19:41:01.587132+00:00', '--job-id', '7', '--raw', '--subdir', 'DAGS_FOLDER/retail_sales_pipeline.py', '--cfg-path', '/tmp/tmplbcep857']
[2025-07-04T19:41:04.523+0000] {standard_task_runner.py:83} INFO - Job 7: Subtask process_products
[2025-07-04T19:41:04.812+0000] {task_command.py:389} INFO - Running <TaskInstance: retail_sales_pipeline.process_products manual__2025-07-04T19:41:01.587132+00:00 [running]> on host ce609c2457b1
[2025-07-04T19:41:05.102+0000] {taskinstance.py:1513} INFO - Exporting the following env vars:
AIRFLOW_CTX_DAG_OWNER=***
AIRFLOW_CTX_DAG_ID=retail_sales_pipeline
AIRFLOW_CTX_TASK_ID=process_products
AIRFLOW_CTX_EXECUTION_DATE=2025-07-04T19:41:01.587132+00:00
AIRFLOW_CTX_TRY_NUMBER=1
AIRFLOW_CTX_DAG_RUN_ID=manual__2025-07-04T19:41:01.587132+00:00
[2025-07-04T19:41:05.104+0000] {subprocess.py:63} INFO - Tmp dir root location: 
 /tmp
[2025-07-04T19:41:05.105+0000] {subprocess.py:75} INFO - Running command: ['/bin/bash', '-c', '\n        docker exec spark-master /opt/bitnami/spark/bin/spark-submit             /opt/***/scripts/ingestion/process_products.py\n        ']
[2025-07-04T19:41:05.116+0000] {subprocess.py:86} INFO - Output:
[2025-07-04T19:41:11.229+0000] {subprocess.py:93} INFO - 25/07/04 19:41:11 INFO SparkContext: Running Spark version 3.5.5
[2025-07-04T19:41:11.231+0000] {subprocess.py:93} INFO - 25/07/04 19:41:11 INFO SparkContext: OS info Linux, 6.10.14-linuxkit, amd64
[2025-07-04T19:41:11.231+0000] {subprocess.py:93} INFO - 25/07/04 19:41:11 INFO SparkContext: Java version 17.0.14
[2025-07-04T19:41:11.279+0000] {subprocess.py:93} INFO - 25/07/04 19:41:11 INFO ResourceUtils: ==============================================================
[2025-07-04T19:41:11.279+0000] {subprocess.py:93} INFO - 25/07/04 19:41:11 INFO ResourceUtils: No custom resources configured for spark.driver.
[2025-07-04T19:41:11.281+0000] {subprocess.py:93} INFO - 25/07/04 19:41:11 INFO ResourceUtils: ==============================================================
[2025-07-04T19:41:11.281+0000] {subprocess.py:93} INFO - 25/07/04 19:41:11 INFO SparkContext: Submitted application: ProcessProducts
[2025-07-04T19:41:11.316+0000] {subprocess.py:93} INFO - 25/07/04 19:41:11 INFO ResourceProfile: Default ResourceProfile created, executor resources: Map(cores -> name: cores, amount: 1, script: , vendor: , memory -> name: memory, amount: 1024, script: , vendor: , offHeap -> name: offHeap, amount: 0, script: , vendor: ), task resources: Map(cpus -> name: cpus, amount: 1.0)
[2025-07-04T19:41:11.324+0000] {subprocess.py:93} INFO - 25/07/04 19:41:11 INFO ResourceProfile: Limiting resource is cpu
[2025-07-04T19:41:11.325+0000] {subprocess.py:93} INFO - 25/07/04 19:41:11 INFO ResourceProfileManager: Added ResourceProfile id: 0
[2025-07-04T19:41:11.386+0000] {subprocess.py:93} INFO - 25/07/04 19:41:11 INFO SecurityManager: Changing view acls to: spark
[2025-07-04T19:41:11.387+0000] {subprocess.py:93} INFO - 25/07/04 19:41:11 INFO SecurityManager: Changing modify acls to: spark
[2025-07-04T19:41:11.388+0000] {subprocess.py:93} INFO - 25/07/04 19:41:11 INFO SecurityManager: Changing view acls groups to:
[2025-07-04T19:41:11.389+0000] {subprocess.py:93} INFO - 25/07/04 19:41:11 INFO SecurityManager: Changing modify acls groups to:
[2025-07-04T19:41:11.389+0000] {subprocess.py:93} INFO - 25/07/04 19:41:11 INFO SecurityManager: SecurityManager: authentication disabled; ui acls disabled; users with view permissions: spark; groups with view permissions: EMPTY; users with modify permissions: spark; groups with modify permissions: EMPTY
[2025-07-04T19:41:11.479+0000] {subprocess.py:93} INFO - 25/07/04 19:41:11 WARN NativeCodeLoader: Unable to load native-hadoop library for your platform... using builtin-java classes where applicable
[2025-07-04T19:41:11.990+0000] {subprocess.py:93} INFO - 25/07/04 19:41:11 INFO Utils: Successfully started service 'sparkDriver' on port 37011.
[2025-07-04T19:41:12.032+0000] {subprocess.py:93} INFO - 25/07/04 19:41:12 INFO SparkEnv: Registering MapOutputTracker
[2025-07-04T19:41:12.081+0000] {subprocess.py:93} INFO - 25/07/04 19:41:12 INFO SparkEnv: Registering BlockManagerMaster
[2025-07-04T19:41:12.101+0000] {subprocess.py:93} INFO - 25/07/04 19:41:12 INFO BlockManagerMasterEndpoint: Using org.apache.spark.storage.DefaultTopologyMapper for getting topology information
[2025-07-04T19:41:12.102+0000] {subprocess.py:93} INFO - 25/07/04 19:41:12 INFO BlockManagerMasterEndpoint: BlockManagerMasterEndpoint up
[2025-07-04T19:41:12.111+0000] {subprocess.py:93} INFO - 25/07/04 19:41:12 INFO SparkEnv: Registering BlockManagerMasterHeartbeat
[2025-07-04T19:41:12.142+0000] {subprocess.py:93} INFO - 25/07/04 19:41:12 INFO DiskBlockManager: Created local directory at /tmp/blockmgr-71fa242c-d2ce-4bfa-845a-edced3836fff
[2025-07-04T19:41:12.157+0000] {subprocess.py:93} INFO - 25/07/04 19:41:12 INFO MemoryStore: MemoryStore started with capacity 434.4 MiB
[2025-07-04T19:41:12.178+0000] {subprocess.py:93} INFO - 25/07/04 19:41:12 INFO SparkEnv: Registering OutputCommitCoordinator
[2025-07-04T19:41:12.377+0000] {subprocess.py:93} INFO - 25/07/04 19:41:12 INFO JettyUtils: Start Jetty 0.0.0.0:4040 for SparkUI
[2025-07-04T19:41:12.474+0000] {subprocess.py:93} INFO - 25/07/04 19:41:12 INFO Utils: Successfully started service 'SparkUI' on port 4040.
[2025-07-04T19:41:12.623+0000] {subprocess.py:93} INFO - 25/07/04 19:41:12 INFO Executor: Starting executor ID driver on host 2bd4ec7461cb
[2025-07-04T19:41:12.624+0000] {subprocess.py:93} INFO - 25/07/04 19:41:12 INFO Executor: OS info Linux, 6.10.14-linuxkit, amd64
[2025-07-04T19:41:12.624+0000] {subprocess.py:93} INFO - 25/07/04 19:41:12 INFO Executor: Java version 17.0.14
[2025-07-04T19:41:12.631+0000] {subprocess.py:93} INFO - 25/07/04 19:41:12 INFO Executor: Starting executor with user classpath (userClassPathFirst = false): ''
[2025-07-04T19:41:12.632+0000] {subprocess.py:93} INFO - 25/07/04 19:41:12 INFO Executor: Created or updated repl class loader org.apache.spark.util.MutableURLClassLoader@7c167763 for default.
[2025-07-04T19:41:12.672+0000] {subprocess.py:93} INFO - 25/07/04 19:41:12 INFO Utils: Successfully started service 'org.apache.spark.network.netty.NettyBlockTransferService' on port 33129.
[2025-07-04T19:41:12.672+0000] {subprocess.py:93} INFO - 25/07/04 19:41:12 INFO NettyBlockTransferService: Server created on 2bd4ec7461cb:33129
[2025-07-04T19:41:12.675+0000] {subprocess.py:93} INFO - 25/07/04 19:41:12 INFO BlockManager: Using org.apache.spark.storage.RandomBlockReplicationPolicy for block replication policy
[2025-07-04T19:41:12.760+0000] {subprocess.py:93} INFO - 25/07/04 19:41:12 INFO BlockManagerMaster: Registering BlockManager BlockManagerId(driver, 2bd4ec7461cb, 33129, None)
[2025-07-04T19:41:12.786+0000] {subprocess.py:93} INFO - 25/07/04 19:41:12 INFO BlockManagerMasterEndpoint: Registering block manager 2bd4ec7461cb:33129 with 434.4 MiB RAM, BlockManagerId(driver, 2bd4ec7461cb, 33129, None)
[2025-07-04T19:41:12.788+0000] {subprocess.py:93} INFO - 25/07/04 19:41:12 INFO BlockManagerMaster: Registered BlockManager BlockManagerId(driver, 2bd4ec7461cb, 33129, None)
[2025-07-04T19:41:12.792+0000] {subprocess.py:93} INFO - 25/07/04 19:41:12 INFO BlockManager: Initialized BlockManager: BlockManagerId(driver, 2bd4ec7461cb, 33129, None)
[2025-07-04T19:41:13.475+0000] {subprocess.py:93} INFO - 25/07/04 19:41:13 INFO SharedState: Setting hive.metastore.warehouse.dir ('null') to the value of spark.sql.warehouse.dir.
[2025-07-04T19:41:13.486+0000] {subprocess.py:93} INFO - 25/07/04 19:41:13 INFO SharedState: Warehouse path is 'file:/opt/bitnami/spark/spark-warehouse'.
[2025-07-04T19:41:14.718+0000] {subprocess.py:93} INFO - 25/07/04 19:41:14 INFO InMemoryFileIndex: It took 79 ms to list leaf files for 1 paths.
[2025-07-04T19:41:14.820+0000] {subprocess.py:93} INFO - 25/07/04 19:41:14 INFO InMemoryFileIndex: It took 2 ms to list leaf files for 1 paths.
[2025-07-04T19:41:18.833+0000] {subprocess.py:93} INFO - 25/07/04 19:41:18 INFO FileSourceStrategy: Pushed Filters:
[2025-07-04T19:41:18.838+0000] {subprocess.py:93} INFO - 25/07/04 19:41:18 INFO FileSourceStrategy: Post-Scan Filters: (length(trim(value#0, None)) > 0)
[2025-07-04T19:41:19.600+0000] {subprocess.py:93} INFO - 25/07/04 19:41:19 INFO CodeGenerator: Code generated in 278.162374 ms
[2025-07-04T19:41:19.685+0000] {subprocess.py:93} INFO - 25/07/04 19:41:19 INFO MemoryStore: Block broadcast_0 stored as values in memory (estimated size 199.6 KiB, free 434.2 MiB)
[2025-07-04T19:41:19.801+0000] {subprocess.py:93} INFO - 25/07/04 19:41:19 INFO MemoryStore: Block broadcast_0_piece0 stored as bytes in memory (estimated size 34.3 KiB, free 434.2 MiB)
[2025-07-04T19:41:19.809+0000] {subprocess.py:93} INFO - 25/07/04 19:41:19 INFO BlockManagerInfo: Added broadcast_0_piece0 in memory on 2bd4ec7461cb:33129 (size: 34.3 KiB, free: 434.4 MiB)
[2025-07-04T19:41:19.819+0000] {subprocess.py:93} INFO - 25/07/04 19:41:19 INFO SparkContext: Created broadcast 0 from csv at <unknown>:0
[2025-07-04T19:41:19.838+0000] {subprocess.py:93} INFO - 25/07/04 19:41:19 INFO FileSourceScanExec: Planning scan with bin packing, max size: 4194304 bytes, open cost is considered as scanning 4194304 bytes.
[2025-07-04T19:41:20.115+0000] {subprocess.py:93} INFO - 25/07/04 19:41:20 INFO SparkContext: Starting job: csv at <unknown>:0
[2025-07-04T19:41:20.151+0000] {subprocess.py:93} INFO - 25/07/04 19:41:20 INFO DAGScheduler: Got job 0 (csv at <unknown>:0) with 1 output partitions
[2025-07-04T19:41:20.151+0000] {subprocess.py:93} INFO - 25/07/04 19:41:20 INFO DAGScheduler: Final stage: ResultStage 0 (csv at <unknown>:0)
[2025-07-04T19:41:20.152+0000] {subprocess.py:93} INFO - 25/07/04 19:41:20 INFO DAGScheduler: Parents of final stage: List()
[2025-07-04T19:41:20.152+0000] {subprocess.py:93} INFO - 25/07/04 19:41:20 INFO DAGScheduler: Missing parents: List()
[2025-07-04T19:41:20.166+0000] {subprocess.py:93} INFO - 25/07/04 19:41:20 INFO DAGScheduler: Submitting ResultStage 0 (MapPartitionsRDD[3] at csv at <unknown>:0), which has no missing parents
[2025-07-04T19:41:20.485+0000] {subprocess.py:93} INFO - 25/07/04 19:41:20 INFO MemoryStore: Block broadcast_1 stored as values in memory (estimated size 13.5 KiB, free 434.2 MiB)
[2025-07-04T19:41:20.492+0000] {subprocess.py:93} INFO - 25/07/04 19:41:20 INFO MemoryStore: Block broadcast_1_piece0 stored as bytes in memory (estimated size 6.4 KiB, free 434.2 MiB)
[2025-07-04T19:41:20.493+0000] {subprocess.py:93} INFO - 25/07/04 19:41:20 INFO BlockManagerInfo: Added broadcast_1_piece0 in memory on 2bd4ec7461cb:33129 (size: 6.4 KiB, free: 434.4 MiB)
[2025-07-04T19:41:20.495+0000] {subprocess.py:93} INFO - 25/07/04 19:41:20 INFO SparkContext: Created broadcast 1 from broadcast at DAGScheduler.scala:1585
[2025-07-04T19:41:20.549+0000] {subprocess.py:93} INFO - 25/07/04 19:41:20 INFO DAGScheduler: Submitting 1 missing tasks from ResultStage 0 (MapPartitionsRDD[3] at csv at <unknown>:0) (first 15 tasks are for partitions Vector(0))
[2025-07-04T19:41:20.552+0000] {subprocess.py:93} INFO - 25/07/04 19:41:20 INFO TaskSchedulerImpl: Adding task set 0.0 with 1 tasks resource profile 0
[2025-07-04T19:41:20.628+0000] {subprocess.py:93} INFO - 25/07/04 19:41:20 INFO TaskSetManager: Starting task 0.0 in stage 0.0 (TID 0) (2bd4ec7461cb, executor driver, partition 0, PROCESS_LOCAL, 9608 bytes)
[2025-07-04T19:41:20.662+0000] {subprocess.py:93} INFO - 25/07/04 19:41:20 INFO Executor: Running task 0.0 in stage 0.0 (TID 0)
[2025-07-04T19:41:20.904+0000] {subprocess.py:93} INFO - 25/07/04 19:41:20 INFO CodeGenerator: Code generated in 34.037667 ms
[2025-07-04T19:41:20.908+0000] {subprocess.py:93} INFO - 25/07/04 19:41:20 INFO FileScanRDD: Reading File path: file:///opt/***/data/products/products.csv, range: 0-1256, partition values: [empty row]
[2025-07-04T19:41:20.944+0000] {subprocess.py:93} INFO - 25/07/04 19:41:20 INFO CodeGenerator: Code generated in 25.5775 ms
[2025-07-04T19:41:21.026+0000] {subprocess.py:93} INFO - 25/07/04 19:41:21 INFO Executor: Finished task 0.0 in stage 0.0 (TID 0). 1648 bytes result sent to driver
[2025-07-04T19:41:21.051+0000] {subprocess.py:93} INFO - 25/07/04 19:41:21 INFO TaskSetManager: Finished task 0.0 in stage 0.0 (TID 0) in 446 ms on 2bd4ec7461cb (executor driver) (1/1)
[2025-07-04T19:41:21.055+0000] {subprocess.py:93} INFO - 25/07/04 19:41:21 INFO TaskSchedulerImpl: Removed TaskSet 0.0, whose tasks have all completed, from pool
[2025-07-04T19:41:21.070+0000] {subprocess.py:93} INFO - 25/07/04 19:41:21 INFO DAGScheduler: ResultStage 0 (csv at <unknown>:0) finished in 0.864 s
[2025-07-04T19:41:21.073+0000] {subprocess.py:93} INFO - 25/07/04 19:41:21 INFO DAGScheduler: Job 0 is finished. Cancelling potential speculative or zombie tasks for this job
[2025-07-04T19:41:21.074+0000] {subprocess.py:93} INFO - 25/07/04 19:41:21 INFO TaskSchedulerImpl: Killing all running tasks in stage 0: Stage finished
[2025-07-04T19:41:21.078+0000] {subprocess.py:93} INFO - 25/07/04 19:41:21 INFO DAGScheduler: Job 0 finished: csv at <unknown>:0, took 0.962229 s
[2025-07-04T19:41:21.129+0000] {subprocess.py:93} INFO - 25/07/04 19:41:21 INFO CodeGenerator: Code generated in 25.33175 ms
[2025-07-04T19:41:21.254+0000] {subprocess.py:93} INFO - 25/07/04 19:41:21 INFO FileSourceStrategy: Pushed Filters:
[2025-07-04T19:41:21.255+0000] {subprocess.py:93} INFO - 25/07/04 19:41:21 INFO FileSourceStrategy: Post-Scan Filters:
[2025-07-04T19:41:21.280+0000] {subprocess.py:93} INFO - 25/07/04 19:41:21 INFO MemoryStore: Block broadcast_2 stored as values in memory (estimated size 199.6 KiB, free 434.0 MiB)
[2025-07-04T19:41:21.309+0000] {subprocess.py:93} INFO - 25/07/04 19:41:21 INFO MemoryStore: Block broadcast_2_piece0 stored as bytes in memory (estimated size 34.3 KiB, free 433.9 MiB)
[2025-07-04T19:41:21.317+0000] {subprocess.py:93} INFO - 25/07/04 19:41:21 INFO BlockManagerInfo: Added broadcast_2_piece0 in memory on 2bd4ec7461cb:33129 (size: 34.3 KiB, free: 434.3 MiB)
[2025-07-04T19:41:21.318+0000] {subprocess.py:93} INFO - 25/07/04 19:41:21 INFO SparkContext: Created broadcast 2 from csv at <unknown>:0
[2025-07-04T19:41:21.320+0000] {subprocess.py:93} INFO - 25/07/04 19:41:21 INFO FileSourceScanExec: Planning scan with bin packing, max size: 4194304 bytes, open cost is considered as scanning 4194304 bytes.
[2025-07-04T19:41:21.468+0000] {subprocess.py:93} INFO - 25/07/04 19:41:21 INFO SparkContext: Starting job: csv at <unknown>:0
[2025-07-04T19:41:21.473+0000] {subprocess.py:93} INFO - 25/07/04 19:41:21 INFO DAGScheduler: Got job 1 (csv at <unknown>:0) with 1 output partitions
[2025-07-04T19:41:21.473+0000] {subprocess.py:93} INFO - 25/07/04 19:41:21 INFO DAGScheduler: Final stage: ResultStage 1 (csv at <unknown>:0)
[2025-07-04T19:41:21.475+0000] {subprocess.py:93} INFO - 25/07/04 19:41:21 INFO DAGScheduler: Parents of final stage: List()
[2025-07-04T19:41:21.475+0000] {subprocess.py:93} INFO - 25/07/04 19:41:21 INFO DAGScheduler: Missing parents: List()
[2025-07-04T19:41:21.481+0000] {subprocess.py:93} INFO - 25/07/04 19:41:21 INFO DAGScheduler: Submitting ResultStage 1 (MapPartitionsRDD[9] at csv at <unknown>:0), which has no missing parents
[2025-07-04T19:41:21.541+0000] {subprocess.py:93} INFO - 25/07/04 19:41:21 INFO MemoryStore: Block broadcast_3 stored as values in memory (estimated size 27.7 KiB, free 433.9 MiB)
[2025-07-04T19:41:21.569+0000] {subprocess.py:93} INFO - 25/07/04 19:41:21 INFO MemoryStore: Block broadcast_3_piece0 stored as bytes in memory (estimated size 12.7 KiB, free 433.9 MiB)
[2025-07-04T19:41:21.570+0000] {subprocess.py:93} INFO - 25/07/04 19:41:21 INFO BlockManagerInfo: Added broadcast_3_piece0 in memory on 2bd4ec7461cb:33129 (size: 12.7 KiB, free: 434.3 MiB)
[2025-07-04T19:41:21.573+0000] {subprocess.py:93} INFO - 25/07/04 19:41:21 INFO SparkContext: Created broadcast 3 from broadcast at DAGScheduler.scala:1585
[2025-07-04T19:41:21.576+0000] {subprocess.py:93} INFO - 25/07/04 19:41:21 INFO DAGScheduler: Submitting 1 missing tasks from ResultStage 1 (MapPartitionsRDD[9] at csv at <unknown>:0) (first 15 tasks are for partitions Vector(0))
[2025-07-04T19:41:21.578+0000] {subprocess.py:93} INFO - 25/07/04 19:41:21 INFO TaskSchedulerImpl: Adding task set 1.0 with 1 tasks resource profile 0
[2025-07-04T19:41:21.581+0000] {subprocess.py:93} INFO - 25/07/04 19:41:21 INFO TaskSetManager: Starting task 0.0 in stage 1.0 (TID 1) (2bd4ec7461cb, executor driver, partition 0, PROCESS_LOCAL, 9608 bytes)
[2025-07-04T19:41:21.589+0000] {subprocess.py:93} INFO - 25/07/04 19:41:21 INFO Executor: Running task 0.0 in stage 1.0 (TID 1)
[2025-07-04T19:41:21.638+0000] {subprocess.py:93} INFO - 25/07/04 19:41:21 INFO BlockManagerInfo: Removed broadcast_0_piece0 on 2bd4ec7461cb:33129 in memory (size: 34.3 KiB, free: 434.3 MiB)
[2025-07-04T19:41:21.658+0000] {subprocess.py:93} INFO - 25/07/04 19:41:21 INFO BlockManagerInfo: Removed broadcast_1_piece0 on 2bd4ec7461cb:33129 in memory (size: 6.4 KiB, free: 434.4 MiB)
[2025-07-04T19:41:21.728+0000] {subprocess.py:93} INFO - 25/07/04 19:41:21 INFO CodeGenerator: Code generated in 18.52375 ms
[2025-07-04T19:41:21.732+0000] {subprocess.py:93} INFO - 25/07/04 19:41:21 INFO FileScanRDD: Reading File path: file:///opt/***/data/products/products.csv, range: 0-1256, partition values: [empty row]
[2025-07-04T19:41:21.793+0000] {subprocess.py:93} INFO - 25/07/04 19:41:21 INFO Executor: Finished task 0.0 in stage 1.0 (TID 1). 1621 bytes result sent to driver
[2025-07-04T19:41:21.812+0000] {subprocess.py:93} INFO - 25/07/04 19:41:21 INFO TaskSetManager: Finished task 0.0 in stage 1.0 (TID 1) in 223 ms on 2bd4ec7461cb (executor driver) (1/1)
[2025-07-04T19:41:21.813+0000] {subprocess.py:93} INFO - 25/07/04 19:41:21 INFO TaskSchedulerImpl: Removed TaskSet 1.0, whose tasks have all completed, from pool
[2025-07-04T19:41:21.813+0000] {subprocess.py:93} INFO - 25/07/04 19:41:21 INFO DAGScheduler: ResultStage 1 (csv at <unknown>:0) finished in 0.319 s
[2025-07-04T19:41:21.813+0000] {subprocess.py:93} INFO - 25/07/04 19:41:21 INFO DAGScheduler: Job 1 is finished. Cancelling potential speculative or zombie tasks for this job
[2025-07-04T19:41:21.814+0000] {subprocess.py:93} INFO - 25/07/04 19:41:21 INFO TaskSchedulerImpl: Killing all running tasks in stage 1: Stage finished
[2025-07-04T19:41:21.814+0000] {subprocess.py:93} INFO - 25/07/04 19:41:21 INFO DAGScheduler: Job 1 finished: csv at <unknown>:0, took 0.343054 s
[2025-07-04T19:41:21.930+0000] {subprocess.py:93} INFO - 25/07/04 19:41:21 INFO FileSourceStrategy: Pushed Filters:
[2025-07-04T19:41:21.931+0000] {subprocess.py:93} INFO - 25/07/04 19:41:21 INFO FileSourceStrategy: Post-Scan Filters:
[2025-07-04T19:41:22.000+0000] {subprocess.py:93} INFO - 25/07/04 19:41:21 INFO ParquetUtils: Using default output committer for Parquet: org.apache.parquet.hadoop.ParquetOutputCommitter
[2025-07-04T19:41:22.051+0000] {subprocess.py:93} INFO - 25/07/04 19:41:22 INFO FileOutputCommitter: File Output Committer Algorithm version is 1
[2025-07-04T19:41:22.052+0000] {subprocess.py:93} INFO - 25/07/04 19:41:22 INFO FileOutputCommitter: FileOutputCommitter skip cleanup _temporary folders under output directory:false, ignore cleanup failures: false
[2025-07-04T19:41:22.052+0000] {subprocess.py:93} INFO - 25/07/04 19:41:22 INFO SQLHadoopMapReduceCommitProtocol: Using user defined output committer class org.apache.parquet.hadoop.ParquetOutputCommitter
[2025-07-04T19:41:22.053+0000] {subprocess.py:93} INFO - 25/07/04 19:41:22 INFO FileOutputCommitter: File Output Committer Algorithm version is 1
[2025-07-04T19:41:22.053+0000] {subprocess.py:93} INFO - 25/07/04 19:41:22 INFO FileOutputCommitter: FileOutputCommitter skip cleanup _temporary folders under output directory:false, ignore cleanup failures: false
[2025-07-04T19:41:22.054+0000] {subprocess.py:93} INFO - 25/07/04 19:41:22 INFO SQLHadoopMapReduceCommitProtocol: Using output committer class org.apache.parquet.hadoop.ParquetOutputCommitter
[2025-07-04T19:41:22.268+0000] {subprocess.py:93} INFO - 25/07/04 19:41:22 INFO MemoryStore: Block broadcast_4 stored as values in memory (estimated size 199.5 KiB, free 433.9 MiB)
[2025-07-04T19:41:22.293+0000] {subprocess.py:93} INFO - 25/07/04 19:41:22 INFO MemoryStore: Block broadcast_4_piece0 stored as bytes in memory (estimated size 34.3 KiB, free 433.9 MiB)
[2025-07-04T19:41:22.295+0000] {subprocess.py:93} INFO - 25/07/04 19:41:22 INFO BlockManagerInfo: Added broadcast_4_piece0 in memory on 2bd4ec7461cb:33129 (size: 34.3 KiB, free: 434.3 MiB)
[2025-07-04T19:41:22.297+0000] {subprocess.py:93} INFO - 25/07/04 19:41:22 INFO SparkContext: Created broadcast 4 from save at <unknown>:0
[2025-07-04T19:41:22.310+0000] {subprocess.py:93} INFO - 25/07/04 19:41:22 INFO FileSourceScanExec: Planning scan with bin packing, max size: 4194304 bytes, open cost is considered as scanning 4194304 bytes.
[2025-07-04T19:41:22.350+0000] {subprocess.py:93} INFO - 25/07/04 19:41:22 INFO SparkContext: Starting job: save at <unknown>:0
[2025-07-04T19:41:22.353+0000] {subprocess.py:93} INFO - 25/07/04 19:41:22 INFO DAGScheduler: Got job 2 (save at <unknown>:0) with 1 output partitions
[2025-07-04T19:41:22.353+0000] {subprocess.py:93} INFO - 25/07/04 19:41:22 INFO DAGScheduler: Final stage: ResultStage 2 (save at <unknown>:0)
[2025-07-04T19:41:22.353+0000] {subprocess.py:93} INFO - 25/07/04 19:41:22 INFO DAGScheduler: Parents of final stage: List()
[2025-07-04T19:41:22.354+0000] {subprocess.py:93} INFO - 25/07/04 19:41:22 INFO DAGScheduler: Missing parents: List()
[2025-07-04T19:41:22.356+0000] {subprocess.py:93} INFO - 25/07/04 19:41:22 INFO DAGScheduler: Submitting ResultStage 2 (MapPartitionsRDD[12] at save at <unknown>:0), which has no missing parents
[2025-07-04T19:41:22.423+0000] {subprocess.py:93} INFO - 25/07/04 19:41:22 INFO MemoryStore: Block broadcast_5 stored as values in memory (estimated size 213.0 KiB, free 433.7 MiB)
[2025-07-04T19:41:22.465+0000] {subprocess.py:93} INFO - 25/07/04 19:41:22 INFO MemoryStore: Block broadcast_5_piece0 stored as bytes in memory (estimated size 76.9 KiB, free 433.6 MiB)
[2025-07-04T19:41:22.465+0000] {subprocess.py:93} INFO - 25/07/04 19:41:22 INFO BlockManagerInfo: Removed broadcast_3_piece0 on 2bd4ec7461cb:33129 in memory (size: 12.7 KiB, free: 434.3 MiB)
[2025-07-04T19:41:22.467+0000] {subprocess.py:93} INFO - 25/07/04 19:41:22 INFO BlockManagerInfo: Added broadcast_5_piece0 in memory on 2bd4ec7461cb:33129 (size: 76.9 KiB, free: 434.3 MiB)
[2025-07-04T19:41:22.469+0000] {subprocess.py:93} INFO - 25/07/04 19:41:22 INFO SparkContext: Created broadcast 5 from broadcast at DAGScheduler.scala:1585
[2025-07-04T19:41:22.474+0000] {subprocess.py:93} INFO - 25/07/04 19:41:22 INFO DAGScheduler: Submitting 1 missing tasks from ResultStage 2 (MapPartitionsRDD[12] at save at <unknown>:0) (first 15 tasks are for partitions Vector(0))
[2025-07-04T19:41:22.475+0000] {subprocess.py:93} INFO - 25/07/04 19:41:22 INFO TaskSchedulerImpl: Adding task set 2.0 with 1 tasks resource profile 0
[2025-07-04T19:41:22.480+0000] {subprocess.py:93} INFO - 25/07/04 19:41:22 INFO TaskSetManager: Starting task 0.0 in stage 2.0 (TID 2) (2bd4ec7461cb, executor driver, partition 0, PROCESS_LOCAL, 9608 bytes)
[2025-07-04T19:41:22.482+0000] {subprocess.py:93} INFO - 25/07/04 19:41:22 INFO Executor: Running task 0.0 in stage 2.0 (TID 2)
[2025-07-04T19:41:22.611+0000] {subprocess.py:93} INFO - 25/07/04 19:41:22 INFO FileOutputCommitter: File Output Committer Algorithm version is 1
[2025-07-04T19:41:22.612+0000] {subprocess.py:93} INFO - 25/07/04 19:41:22 INFO FileOutputCommitter: FileOutputCommitter skip cleanup _temporary folders under output directory:false, ignore cleanup failures: false
[2025-07-04T19:41:22.612+0000] {subprocess.py:93} INFO - 25/07/04 19:41:22 INFO SQLHadoopMapReduceCommitProtocol: Using user defined output committer class org.apache.parquet.hadoop.ParquetOutputCommitter
[2025-07-04T19:41:22.613+0000] {subprocess.py:93} INFO - 25/07/04 19:41:22 INFO FileOutputCommitter: File Output Committer Algorithm version is 1
[2025-07-04T19:41:22.613+0000] {subprocess.py:93} INFO - 25/07/04 19:41:22 INFO FileOutputCommitter: FileOutputCommitter skip cleanup _temporary folders under output directory:false, ignore cleanup failures: false
[2025-07-04T19:41:22.613+0000] {subprocess.py:93} INFO - 25/07/04 19:41:22 INFO SQLHadoopMapReduceCommitProtocol: Using output committer class org.apache.parquet.hadoop.ParquetOutputCommitter
[2025-07-04T19:41:22.622+0000] {subprocess.py:93} INFO - 25/07/04 19:41:22 INFO CodecConfig: Compression: SNAPPY
[2025-07-04T19:41:22.626+0000] {subprocess.py:93} INFO - 25/07/04 19:41:22 INFO CodecConfig: Compression: SNAPPY
[2025-07-04T19:41:22.651+0000] {subprocess.py:93} INFO - 25/07/04 19:41:22 INFO ParquetOutputFormat: ParquetRecordWriter [block size: 134217728b, row group padding size: 8388608b, validating: false]
[2025-07-04T19:41:22.691+0000] {subprocess.py:93} INFO - 25/07/04 19:41:22 INFO ParquetWriteSupport: Initialized Parquet WriteSupport with Catalyst schema:
[2025-07-04T19:41:22.692+0000] {subprocess.py:93} INFO - {
[2025-07-04T19:41:22.692+0000] {subprocess.py:93} INFO -   "type" : "struct",
[2025-07-04T19:41:22.692+0000] {subprocess.py:93} INFO -   "fields" : [ {
[2025-07-04T19:41:22.692+0000] {subprocess.py:93} INFO -     "name" : "product_id",
[2025-07-04T19:41:22.692+0000] {subprocess.py:93} INFO -     "type" : "integer",
[2025-07-04T19:41:22.692+0000] {subprocess.py:93} INFO -     "nullable" : true,
[2025-07-04T19:41:22.693+0000] {subprocess.py:93} INFO -     "metadata" : { }
[2025-07-04T19:41:22.693+0000] {subprocess.py:93} INFO -   }, {
[2025-07-04T19:41:22.693+0000] {subprocess.py:93} INFO -     "name" : "product_name",
[2025-07-04T19:41:22.693+0000] {subprocess.py:93} INFO -     "type" : "string",
[2025-07-04T19:41:22.693+0000] {subprocess.py:93} INFO -     "nullable" : true,
[2025-07-04T19:41:22.693+0000] {subprocess.py:93} INFO -     "metadata" : { }
[2025-07-04T19:41:22.693+0000] {subprocess.py:93} INFO -   }, {
[2025-07-04T19:41:22.694+0000] {subprocess.py:93} INFO -     "name" : "category",
[2025-07-04T19:41:22.694+0000] {subprocess.py:93} INFO -     "type" : "string",
[2025-07-04T19:41:22.694+0000] {subprocess.py:93} INFO -     "nullable" : true,
[2025-07-04T19:41:22.694+0000] {subprocess.py:93} INFO -     "metadata" : { }
[2025-07-04T19:41:22.695+0000] {subprocess.py:93} INFO -   }, {
[2025-07-04T19:41:22.695+0000] {subprocess.py:93} INFO -     "name" : "price",
[2025-07-04T19:41:22.695+0000] {subprocess.py:93} INFO -     "type" : "integer",
[2025-07-04T19:41:22.695+0000] {subprocess.py:93} INFO -     "nullable" : true,
[2025-07-04T19:41:22.695+0000] {subprocess.py:93} INFO -     "metadata" : { }
[2025-07-04T19:41:22.695+0000] {subprocess.py:93} INFO -   } ]
[2025-07-04T19:41:22.695+0000] {subprocess.py:93} INFO - }
[2025-07-04T19:41:22.696+0000] {subprocess.py:93} INFO - and corresponding Parquet message type:
[2025-07-04T19:41:22.696+0000] {subprocess.py:93} INFO - message spark_schema {
[2025-07-04T19:41:22.696+0000] {subprocess.py:93} INFO -   optional int32 product_id;
[2025-07-04T19:41:22.696+0000] {subprocess.py:93} INFO -   optional binary product_name (STRING);
[2025-07-04T19:41:22.696+0000] {subprocess.py:93} INFO -   optional binary category (STRING);
[2025-07-04T19:41:22.696+0000] {subprocess.py:93} INFO -   optional int32 price;
[2025-07-04T19:41:22.697+0000] {subprocess.py:93} INFO - }
[2025-07-04T19:41:22.697+0000] {subprocess.py:93} INFO - 
[2025-07-04T19:41:22.698+0000] {subprocess.py:93} INFO - 
[2025-07-04T19:41:22.922+0000] {subprocess.py:93} INFO - 25/07/04 19:41:22 INFO CodecPool: Got brand-new compressor [.snappy]
[2025-07-04T19:41:23.235+0000] {subprocess.py:93} INFO - 25/07/04 19:41:23 INFO FileScanRDD: Reading File path: file:///opt/***/data/products/products.csv, range: 0-1256, partition values: [empty row]
[2025-07-04T19:41:23.324+0000] {subprocess.py:93} INFO - 25/07/04 19:41:23 INFO CodeGenerator: Code generated in 71.212208 ms
[2025-07-04T19:41:23.899+0000] {subprocess.py:93} INFO - 25/07/04 19:41:23 INFO FileOutputCommitter: Saved output of task 'attempt_202507041941222270594736561356705_0002_m_000000_2' to file:/opt/***/data/delta/dim_product/_temporary/0/task_202507041941222270594736561356705_0002_m_000000
[2025-07-04T19:41:23.902+0000] {subprocess.py:93} INFO - 25/07/04 19:41:23 INFO SparkHadoopMapRedUtil: attempt_202507041941222270594736561356705_0002_m_000000_2: Committed. Elapsed time: 8 ms.
[2025-07-04T19:41:23.937+0000] {subprocess.py:93} INFO - 25/07/04 19:41:23 INFO Executor: Finished task 0.0 in stage 2.0 (TID 2). 2502 bytes result sent to driver
[2025-07-04T19:41:23.949+0000] {subprocess.py:93} INFO - 25/07/04 19:41:23 INFO TaskSetManager: Finished task 0.0 in stage 2.0 (TID 2) in 1470 ms on 2bd4ec7461cb (executor driver) (1/1)
[2025-07-04T19:41:23.950+0000] {subprocess.py:93} INFO - 25/07/04 19:41:23 INFO TaskSchedulerImpl: Removed TaskSet 2.0, whose tasks have all completed, from pool
[2025-07-04T19:41:23.964+0000] {subprocess.py:93} INFO - 25/07/04 19:41:23 INFO DAGScheduler: ResultStage 2 (save at <unknown>:0) finished in 1.599 s
[2025-07-04T19:41:23.966+0000] {subprocess.py:93} INFO - 25/07/04 19:41:23 INFO DAGScheduler: Job 2 is finished. Cancelling potential speculative or zombie tasks for this job
[2025-07-04T19:41:23.966+0000] {subprocess.py:93} INFO - 25/07/04 19:41:23 INFO TaskSchedulerImpl: Killing all running tasks in stage 2: Stage finished
[2025-07-04T19:41:23.973+0000] {subprocess.py:93} INFO - 25/07/04 19:41:23 INFO DAGScheduler: Job 2 finished: save at <unknown>:0, took 1.618811 s
[2025-07-04T19:41:23.977+0000] {subprocess.py:93} INFO - 25/07/04 19:41:23 INFO FileFormatWriter: Start to commit write Job c6d6f07e-c163-4ddc-98d3-db39ba82ecf4.
[2025-07-04T19:41:24.127+0000] {subprocess.py:93} INFO - 25/07/04 19:41:24 INFO FileFormatWriter: Write Job c6d6f07e-c163-4ddc-98d3-db39ba82ecf4 committed. Elapsed time: 148 ms.
[2025-07-04T19:41:24.133+0000] {subprocess.py:93} INFO - 25/07/04 19:41:24 INFO FileFormatWriter: Finished processing stats for write job c6d6f07e-c163-4ddc-98d3-db39ba82ecf4.
[2025-07-04T19:41:24.318+0000] {subprocess.py:93} INFO - 25/07/04 19:41:24 INFO SparkContext: Invoking stop() from shutdown hook
[2025-07-04T19:41:24.319+0000] {subprocess.py:93} INFO - 25/07/04 19:41:24 INFO SparkContext: SparkContext is stopping with exitCode 0.
[2025-07-04T19:41:24.402+0000] {subprocess.py:93} INFO - 25/07/04 19:41:24 INFO SparkUI: Stopped Spark web UI at http://2bd4ec7461cb:4040
[2025-07-04T19:41:24.453+0000] {subprocess.py:93} INFO - 25/07/04 19:41:24 INFO MapOutputTrackerMasterEndpoint: MapOutputTrackerMasterEndpoint stopped!
[2025-07-04T19:41:24.575+0000] {subprocess.py:93} INFO - 25/07/04 19:41:24 INFO MemoryStore: MemoryStore cleared
[2025-07-04T19:41:24.577+0000] {subprocess.py:93} INFO - 25/07/04 19:41:24 INFO BlockManager: BlockManager stopped
[2025-07-04T19:41:24.582+0000] {subprocess.py:93} INFO - 25/07/04 19:41:24 INFO BlockManagerMaster: BlockManagerMaster stopped
[2025-07-04T19:41:24.593+0000] {subprocess.py:93} INFO - 25/07/04 19:41:24 INFO OutputCommitCoordinator$OutputCommitCoordinatorEndpoint: OutputCommitCoordinator stopped!
[2025-07-04T19:41:24.653+0000] {subprocess.py:93} INFO - 25/07/04 19:41:24 INFO SparkContext: Successfully stopped SparkContext
[2025-07-04T19:41:24.657+0000] {subprocess.py:93} INFO - 25/07/04 19:41:24 INFO ShutdownHookManager: Shutdown hook called
[2025-07-04T19:41:24.658+0000] {subprocess.py:93} INFO - 25/07/04 19:41:24 INFO ShutdownHookManager: Deleting directory /tmp/spark-62f196dd-16d3-4125-8cec-3c704123ab99/pyspark-b2cdee24-21ff-4e00-b47b-23f062b7ae4e
[2025-07-04T19:41:24.718+0000] {subprocess.py:93} INFO - 25/07/04 19:41:24 INFO ShutdownHookManager: Deleting directory /tmp/spark-0733d53d-675d-4c7b-958c-e149d2ebc52e
[2025-07-04T19:41:24.769+0000] {subprocess.py:93} INFO - 25/07/04 19:41:24 INFO ShutdownHookManager: Deleting directory /tmp/spark-62f196dd-16d3-4125-8cec-3c704123ab99
[2025-07-04T19:41:24.897+0000] {subprocess.py:97} INFO - Command exited with return code 0
[2025-07-04T19:41:25.136+0000] {taskinstance.py:1327} INFO - Marking task as SUCCESS. dag_id=retail_sales_pipeline, task_id=process_products, execution_date=20250704T194101, start_date=20250704T194104, end_date=20250704T194125
[2025-07-04T19:41:25.244+0000] {local_task_job.py:159} INFO - Task exited with return code 0
[2025-07-04T19:41:25.365+0000] {taskinstance.py:2582} INFO - 0 downstream tasks scheduled from follow-on schedule check
