[2025-07-20T11:03:12.771+0000] {taskinstance.py:1087} INFO - Dependencies all met for <TaskInstance: retail_sales_pipeline.process_products manual__2025-07-20T11:02:51+00:00 [queued]>
[2025-07-20T11:03:12.788+0000] {taskinstance.py:1087} INFO - Dependencies all met for <TaskInstance: retail_sales_pipeline.process_products manual__2025-07-20T11:02:51+00:00 [queued]>
[2025-07-20T11:03:12.791+0000] {taskinstance.py:1283} INFO - 
--------------------------------------------------------------------------------
[2025-07-20T11:03:12.791+0000] {taskinstance.py:1284} INFO - Starting attempt 1 of 2
[2025-07-20T11:03:12.791+0000] {taskinstance.py:1285} INFO - 
--------------------------------------------------------------------------------
[2025-07-20T11:03:12.836+0000] {taskinstance.py:1304} INFO - Executing <Task(BashOperator): process_products> on 2025-07-20 11:02:51+00:00
[2025-07-20T11:03:12.843+0000] {standard_task_runner.py:55} INFO - Started process 183 to run task
[2025-07-20T11:03:12.848+0000] {standard_task_runner.py:82} INFO - Running: ['***', 'tasks', 'run', 'retail_sales_pipeline', 'process_products', 'manual__2025-07-20T11:02:51+00:00', '--job-id', '3', '--raw', '--subdir', 'DAGS_FOLDER/retail_sales_pipeline.py', '--cfg-path', '/tmp/tmpq_lb6a8q']
[2025-07-20T11:03:12.850+0000] {standard_task_runner.py:83} INFO - Job 3: Subtask process_products
[2025-07-20T11:03:13.169+0000] {task_command.py:389} INFO - Running <TaskInstance: retail_sales_pipeline.process_products manual__2025-07-20T11:02:51+00:00 [running]> on host f9ea58185622
[2025-07-20T11:03:13.475+0000] {taskinstance.py:1513} INFO - Exporting the following env vars:
AIRFLOW_CTX_DAG_OWNER=***
AIRFLOW_CTX_DAG_ID=retail_sales_pipeline
AIRFLOW_CTX_TASK_ID=process_products
AIRFLOW_CTX_EXECUTION_DATE=2025-07-20T11:02:51+00:00
AIRFLOW_CTX_TRY_NUMBER=1
AIRFLOW_CTX_DAG_RUN_ID=manual__2025-07-20T11:02:51+00:00
[2025-07-20T11:03:13.476+0000] {subprocess.py:63} INFO - Tmp dir root location: 
 /tmp
[2025-07-20T11:03:13.477+0000] {subprocess.py:75} INFO - Running command: ['/bin/bash', '-c', '\n        docker exec spark-master /opt/bitnami/spark/bin/spark-submit             /opt/***/scripts/ingestion/process_products.py\n        ']
[2025-07-20T11:03:13.486+0000] {subprocess.py:86} INFO - Output:
[2025-07-20T11:03:23.322+0000] {subprocess.py:93} INFO - 25/07/20 11:03:23 INFO SparkContext: Running Spark version 3.5.5
[2025-07-20T11:03:23.327+0000] {subprocess.py:93} INFO - 25/07/20 11:03:23 INFO SparkContext: OS info Linux, 6.10.14-linuxkit, amd64
[2025-07-20T11:03:23.328+0000] {subprocess.py:93} INFO - 25/07/20 11:03:23 INFO SparkContext: Java version 17.0.14
[2025-07-20T11:03:23.385+0000] {subprocess.py:93} INFO - 25/07/20 11:03:23 INFO ResourceUtils: ==============================================================
[2025-07-20T11:03:23.386+0000] {subprocess.py:93} INFO - 25/07/20 11:03:23 INFO ResourceUtils: No custom resources configured for spark.driver.
[2025-07-20T11:03:23.390+0000] {subprocess.py:93} INFO - 25/07/20 11:03:23 INFO ResourceUtils: ==============================================================
[2025-07-20T11:03:23.390+0000] {subprocess.py:93} INFO - 25/07/20 11:03:23 INFO SparkContext: Submitted application: ProcessProducts
[2025-07-20T11:03:23.482+0000] {subprocess.py:93} INFO - 25/07/20 11:03:23 INFO ResourceProfile: Default ResourceProfile created, executor resources: Map(cores -> name: cores, amount: 1, script: , vendor: , memory -> name: memory, amount: 1024, script: , vendor: , offHeap -> name: offHeap, amount: 0, script: , vendor: ), task resources: Map(cpus -> name: cpus, amount: 1.0)
[2025-07-20T11:03:23.502+0000] {subprocess.py:93} INFO - 25/07/20 11:03:23 INFO ResourceProfile: Limiting resource is cpu
[2025-07-20T11:03:23.503+0000] {subprocess.py:93} INFO - 25/07/20 11:03:23 INFO ResourceProfileManager: Added ResourceProfile id: 0
[2025-07-20T11:03:23.666+0000] {subprocess.py:93} INFO - 25/07/20 11:03:23 INFO SecurityManager: Changing view acls to: spark
[2025-07-20T11:03:23.667+0000] {subprocess.py:93} INFO - 25/07/20 11:03:23 INFO SecurityManager: Changing modify acls to: spark
[2025-07-20T11:03:23.668+0000] {subprocess.py:93} INFO - 25/07/20 11:03:23 INFO SecurityManager: Changing view acls groups to:
[2025-07-20T11:03:23.669+0000] {subprocess.py:93} INFO - 25/07/20 11:03:23 INFO SecurityManager: Changing modify acls groups to:
[2025-07-20T11:03:23.670+0000] {subprocess.py:93} INFO - 25/07/20 11:03:23 INFO SecurityManager: SecurityManager: authentication disabled; ui acls disabled; users with view permissions: spark; groups with view permissions: EMPTY; users with modify permissions: spark; groups with modify permissions: EMPTY
[2025-07-20T11:03:23.815+0000] {subprocess.py:93} INFO - 25/07/20 11:03:23 WARN NativeCodeLoader: Unable to load native-hadoop library for your platform... using builtin-java classes where applicable
[2025-07-20T11:03:24.569+0000] {subprocess.py:93} INFO - 25/07/20 11:03:24 INFO Utils: Successfully started service 'sparkDriver' on port 39721.
[2025-07-20T11:03:24.656+0000] {subprocess.py:93} INFO - 25/07/20 11:03:24 INFO SparkEnv: Registering MapOutputTracker
[2025-07-20T11:03:24.739+0000] {subprocess.py:93} INFO - 25/07/20 11:03:24 INFO SparkEnv: Registering BlockManagerMaster
[2025-07-20T11:03:24.766+0000] {subprocess.py:93} INFO - 25/07/20 11:03:24 INFO BlockManagerMasterEndpoint: Using org.apache.spark.storage.DefaultTopologyMapper for getting topology information
[2025-07-20T11:03:24.770+0000] {subprocess.py:93} INFO - 25/07/20 11:03:24 INFO BlockManagerMasterEndpoint: BlockManagerMasterEndpoint up
[2025-07-20T11:03:24.785+0000] {subprocess.py:93} INFO - 25/07/20 11:03:24 INFO SparkEnv: Registering BlockManagerMasterHeartbeat
[2025-07-20T11:03:24.879+0000] {subprocess.py:93} INFO - 25/07/20 11:03:24 INFO DiskBlockManager: Created local directory at /tmp/blockmgr-00c59d02-3888-4662-8f62-963556cd024d
[2025-07-20T11:03:24.925+0000] {subprocess.py:93} INFO - 25/07/20 11:03:24 INFO MemoryStore: MemoryStore started with capacity 434.4 MiB
[2025-07-20T11:03:24.979+0000] {subprocess.py:93} INFO - 25/07/20 11:03:24 INFO SparkEnv: Registering OutputCommitCoordinator
[2025-07-20T11:03:25.472+0000] {subprocess.py:93} INFO - 25/07/20 11:03:25 INFO JettyUtils: Start Jetty 0.0.0.0:4040 for SparkUI
[2025-07-20T11:03:25.637+0000] {subprocess.py:93} INFO - 25/07/20 11:03:25 INFO Utils: Successfully started service 'SparkUI' on port 4040.
[2025-07-20T11:03:26.033+0000] {subprocess.py:93} INFO - 25/07/20 11:03:26 INFO Executor: Starting executor ID driver on host d32b98ce0bd3
[2025-07-20T11:03:26.034+0000] {subprocess.py:93} INFO - 25/07/20 11:03:26 INFO Executor: OS info Linux, 6.10.14-linuxkit, amd64
[2025-07-20T11:03:26.035+0000] {subprocess.py:93} INFO - 25/07/20 11:03:26 INFO Executor: Java version 17.0.14
[2025-07-20T11:03:26.067+0000] {subprocess.py:93} INFO - 25/07/20 11:03:26 INFO Executor: Starting executor with user classpath (userClassPathFirst = false): ''
[2025-07-20T11:03:26.068+0000] {subprocess.py:93} INFO - 25/07/20 11:03:26 INFO Executor: Created or updated repl class loader org.apache.spark.util.MutableURLClassLoader@77b8f0b0 for default.
[2025-07-20T11:03:26.251+0000] {subprocess.py:93} INFO - 25/07/20 11:03:26 INFO Utils: Successfully started service 'org.apache.spark.network.netty.NettyBlockTransferService' on port 44495.
[2025-07-20T11:03:26.252+0000] {subprocess.py:93} INFO - 25/07/20 11:03:26 INFO NettyBlockTransferService: Server created on d32b98ce0bd3:44495
[2025-07-20T11:03:26.254+0000] {subprocess.py:93} INFO - 25/07/20 11:03:26 INFO BlockManager: Using org.apache.spark.storage.RandomBlockReplicationPolicy for block replication policy
[2025-07-20T11:03:26.264+0000] {subprocess.py:93} INFO - 25/07/20 11:03:26 INFO BlockManagerMaster: Registering BlockManager BlockManagerId(driver, d32b98ce0bd3, 44495, None)
[2025-07-20T11:03:26.274+0000] {subprocess.py:93} INFO - 25/07/20 11:03:26 INFO BlockManagerMasterEndpoint: Registering block manager d32b98ce0bd3:44495 with 434.4 MiB RAM, BlockManagerId(driver, d32b98ce0bd3, 44495, None)
[2025-07-20T11:03:26.278+0000] {subprocess.py:93} INFO - 25/07/20 11:03:26 INFO BlockManagerMaster: Registered BlockManager BlockManagerId(driver, d32b98ce0bd3, 44495, None)
[2025-07-20T11:03:26.279+0000] {subprocess.py:93} INFO - 25/07/20 11:03:26 INFO BlockManager: Initialized BlockManager: BlockManagerId(driver, d32b98ce0bd3, 44495, None)
[2025-07-20T11:03:27.880+0000] {subprocess.py:93} INFO - 25/07/20 11:03:27 INFO SharedState: Setting hive.metastore.warehouse.dir ('null') to the value of spark.sql.warehouse.dir.
[2025-07-20T11:03:27.898+0000] {subprocess.py:93} INFO - 25/07/20 11:03:27 INFO SharedState: Warehouse path is 'file:/opt/bitnami/spark/spark-warehouse'.
[2025-07-20T11:03:30.380+0000] {subprocess.py:93} INFO - 25/07/20 11:03:30 INFO InMemoryFileIndex: It took 132 ms to list leaf files for 1 paths.
[2025-07-20T11:03:30.508+0000] {subprocess.py:93} INFO - 25/07/20 11:03:30 INFO InMemoryFileIndex: It took 4 ms to list leaf files for 1 paths.
[2025-07-20T11:03:36.363+0000] {subprocess.py:93} INFO - 25/07/20 11:03:36 INFO FileSourceStrategy: Pushed Filters:
[2025-07-20T11:03:36.368+0000] {subprocess.py:93} INFO - 25/07/20 11:03:36 INFO FileSourceStrategy: Post-Scan Filters: (length(trim(value#0, None)) > 0)
[2025-07-20T11:03:37.801+0000] {subprocess.py:93} INFO - 25/07/20 11:03:37 INFO CodeGenerator: Code generated in 578.9495 ms
[2025-07-20T11:03:38.004+0000] {subprocess.py:93} INFO - 25/07/20 11:03:38 INFO MemoryStore: Block broadcast_0 stored as values in memory (estimated size 199.6 KiB, free 434.2 MiB)
[2025-07-20T11:03:38.444+0000] {subprocess.py:93} INFO - 25/07/20 11:03:38 INFO MemoryStore: Block broadcast_0_piece0 stored as bytes in memory (estimated size 34.4 KiB, free 434.2 MiB)
[2025-07-20T11:03:38.464+0000] {subprocess.py:93} INFO - 25/07/20 11:03:38 INFO BlockManagerInfo: Added broadcast_0_piece0 in memory on d32b98ce0bd3:44495 (size: 34.4 KiB, free: 434.4 MiB)
[2025-07-20T11:03:38.476+0000] {subprocess.py:93} INFO - 25/07/20 11:03:38 INFO SparkContext: Created broadcast 0 from csv at <unknown>:0
[2025-07-20T11:03:38.580+0000] {subprocess.py:93} INFO - 25/07/20 11:03:38 INFO FileSourceScanExec: Planning scan with bin packing, max size: 4194304 bytes, open cost is considered as scanning 4194304 bytes.
[2025-07-20T11:03:39.487+0000] {subprocess.py:93} INFO - 25/07/20 11:03:39 INFO SparkContext: Starting job: csv at <unknown>:0
[2025-07-20T11:03:39.536+0000] {subprocess.py:93} INFO - 25/07/20 11:03:39 INFO DAGScheduler: Got job 0 (csv at <unknown>:0) with 1 output partitions
[2025-07-20T11:03:39.537+0000] {subprocess.py:93} INFO - 25/07/20 11:03:39 INFO DAGScheduler: Final stage: ResultStage 0 (csv at <unknown>:0)
[2025-07-20T11:03:39.538+0000] {subprocess.py:93} INFO - 25/07/20 11:03:39 INFO DAGScheduler: Parents of final stage: List()
[2025-07-20T11:03:39.545+0000] {subprocess.py:93} INFO - 25/07/20 11:03:39 INFO DAGScheduler: Missing parents: List()
[2025-07-20T11:03:39.577+0000] {subprocess.py:93} INFO - 25/07/20 11:03:39 INFO DAGScheduler: Submitting ResultStage 0 (MapPartitionsRDD[3] at csv at <unknown>:0), which has no missing parents
[2025-07-20T11:03:39.851+0000] {subprocess.py:93} INFO - 25/07/20 11:03:39 INFO MemoryStore: Block broadcast_1 stored as values in memory (estimated size 13.5 KiB, free 434.2 MiB)
[2025-07-20T11:03:39.873+0000] {subprocess.py:93} INFO - 25/07/20 11:03:39 INFO MemoryStore: Block broadcast_1_piece0 stored as bytes in memory (estimated size 6.4 KiB, free 434.2 MiB)
[2025-07-20T11:03:39.874+0000] {subprocess.py:93} INFO - 25/07/20 11:03:39 INFO BlockManagerInfo: Added broadcast_1_piece0 in memory on d32b98ce0bd3:44495 (size: 6.4 KiB, free: 434.4 MiB)
[2025-07-20T11:03:39.880+0000] {subprocess.py:93} INFO - 25/07/20 11:03:39 INFO SparkContext: Created broadcast 1 from broadcast at DAGScheduler.scala:1585
[2025-07-20T11:03:39.954+0000] {subprocess.py:93} INFO - 25/07/20 11:03:39 INFO DAGScheduler: Submitting 1 missing tasks from ResultStage 0 (MapPartitionsRDD[3] at csv at <unknown>:0) (first 15 tasks are for partitions Vector(0))
[2025-07-20T11:03:39.964+0000] {subprocess.py:93} INFO - 25/07/20 11:03:39 INFO TaskSchedulerImpl: Adding task set 0.0 with 1 tasks resource profile 0
[2025-07-20T11:03:40.120+0000] {subprocess.py:93} INFO - 25/07/20 11:03:40 INFO TaskSetManager: Starting task 0.0 in stage 0.0 (TID 0) (d32b98ce0bd3, executor driver, partition 0, PROCESS_LOCAL, 9608 bytes)
[2025-07-20T11:03:40.169+0000] {subprocess.py:93} INFO - 25/07/20 11:03:40 INFO Executor: Running task 0.0 in stage 0.0 (TID 0)
[2025-07-20T11:03:40.529+0000] {subprocess.py:93} INFO - 25/07/20 11:03:40 INFO CodeGenerator: Code generated in 59.688875 ms
[2025-07-20T11:03:40.545+0000] {subprocess.py:93} INFO - 25/07/20 11:03:40 INFO FileScanRDD: Reading File path: file:///opt/***/data/products/products.csv, range: 0-1256, partition values: [empty row]
[2025-07-20T11:03:40.630+0000] {subprocess.py:93} INFO - 25/07/20 11:03:40 INFO CodeGenerator: Code generated in 53.582 ms
[2025-07-20T11:03:40.767+0000] {subprocess.py:93} INFO - 25/07/20 11:03:40 INFO Executor: Finished task 0.0 in stage 0.0 (TID 0). 1648 bytes result sent to driver
[2025-07-20T11:03:40.816+0000] {subprocess.py:93} INFO - 25/07/20 11:03:40 INFO TaskSetManager: Finished task 0.0 in stage 0.0 (TID 0) in 732 ms on d32b98ce0bd3 (executor driver) (1/1)
[2025-07-20T11:03:40.821+0000] {subprocess.py:93} INFO - 25/07/20 11:03:40 INFO TaskSchedulerImpl: Removed TaskSet 0.0, whose tasks have all completed, from pool
[2025-07-20T11:03:40.858+0000] {subprocess.py:93} INFO - 25/07/20 11:03:40 INFO DAGScheduler: ResultStage 0 (csv at <unknown>:0) finished in 1.199 s
[2025-07-20T11:03:40.867+0000] {subprocess.py:93} INFO - 25/07/20 11:03:40 INFO DAGScheduler: Job 0 is finished. Cancelling potential speculative or zombie tasks for this job
[2025-07-20T11:03:40.869+0000] {subprocess.py:93} INFO - 25/07/20 11:03:40 INFO TaskSchedulerImpl: Killing all running tasks in stage 0: Stage finished
[2025-07-20T11:03:40.877+0000] {subprocess.py:93} INFO - 25/07/20 11:03:40 INFO DAGScheduler: Job 0 finished: csv at <unknown>:0, took 1.411200 s
[2025-07-20T11:03:41.015+0000] {subprocess.py:93} INFO - 25/07/20 11:03:41 INFO CodeGenerator: Code generated in 73.756542 ms
[2025-07-20T11:03:41.346+0000] {subprocess.py:93} INFO - 25/07/20 11:03:41 INFO FileSourceStrategy: Pushed Filters:
[2025-07-20T11:03:41.349+0000] {subprocess.py:93} INFO - 25/07/20 11:03:41 INFO FileSourceStrategy: Post-Scan Filters:
[2025-07-20T11:03:41.386+0000] {subprocess.py:93} INFO - 25/07/20 11:03:41 INFO MemoryStore: Block broadcast_2 stored as values in memory (estimated size 199.6 KiB, free 434.0 MiB)
[2025-07-20T11:03:41.521+0000] {subprocess.py:93} INFO - 25/07/20 11:03:41 INFO MemoryStore: Block broadcast_2_piece0 stored as bytes in memory (estimated size 34.4 KiB, free 433.9 MiB)
[2025-07-20T11:03:41.552+0000] {subprocess.py:93} INFO - 25/07/20 11:03:41 INFO BlockManagerInfo: Added broadcast_2_piece0 in memory on d32b98ce0bd3:44495 (size: 34.4 KiB, free: 434.3 MiB)
[2025-07-20T11:03:41.561+0000] {subprocess.py:93} INFO - 25/07/20 11:03:41 INFO SparkContext: Created broadcast 2 from csv at <unknown>:0
[2025-07-20T11:03:41.565+0000] {subprocess.py:93} INFO - 25/07/20 11:03:41 INFO FileSourceScanExec: Planning scan with bin packing, max size: 4194304 bytes, open cost is considered as scanning 4194304 bytes.
[2025-07-20T11:03:41.587+0000] {subprocess.py:93} INFO - 25/07/20 11:03:41 INFO BlockManagerInfo: Removed broadcast_1_piece0 on d32b98ce0bd3:44495 in memory (size: 6.4 KiB, free: 434.3 MiB)
[2025-07-20T11:03:41.793+0000] {subprocess.py:93} INFO - 25/07/20 11:03:41 INFO SparkContext: Starting job: csv at <unknown>:0
[2025-07-20T11:03:41.803+0000] {subprocess.py:93} INFO - 25/07/20 11:03:41 INFO DAGScheduler: Got job 1 (csv at <unknown>:0) with 1 output partitions
[2025-07-20T11:03:41.807+0000] {subprocess.py:93} INFO - 25/07/20 11:03:41 INFO DAGScheduler: Final stage: ResultStage 1 (csv at <unknown>:0)
[2025-07-20T11:03:41.809+0000] {subprocess.py:93} INFO - 25/07/20 11:03:41 INFO DAGScheduler: Parents of final stage: List()
[2025-07-20T11:03:41.816+0000] {subprocess.py:93} INFO - 25/07/20 11:03:41 INFO DAGScheduler: Missing parents: List()
[2025-07-20T11:03:41.818+0000] {subprocess.py:93} INFO - 25/07/20 11:03:41 INFO DAGScheduler: Submitting ResultStage 1 (MapPartitionsRDD[9] at csv at <unknown>:0), which has no missing parents
[2025-07-20T11:03:41.938+0000] {subprocess.py:93} INFO - 25/07/20 11:03:41 INFO MemoryStore: Block broadcast_3 stored as values in memory (estimated size 27.7 KiB, free 433.9 MiB)
[2025-07-20T11:03:41.976+0000] {subprocess.py:93} INFO - 25/07/20 11:03:41 INFO MemoryStore: Block broadcast_3_piece0 stored as bytes in memory (estimated size 12.7 KiB, free 433.9 MiB)
[2025-07-20T11:03:41.982+0000] {subprocess.py:93} INFO - 25/07/20 11:03:41 INFO BlockManagerInfo: Added broadcast_3_piece0 in memory on d32b98ce0bd3:44495 (size: 12.7 KiB, free: 434.3 MiB)
[2025-07-20T11:03:41.985+0000] {subprocess.py:93} INFO - 25/07/20 11:03:41 INFO SparkContext: Created broadcast 3 from broadcast at DAGScheduler.scala:1585
[2025-07-20T11:03:41.991+0000] {subprocess.py:93} INFO - 25/07/20 11:03:41 INFO DAGScheduler: Submitting 1 missing tasks from ResultStage 1 (MapPartitionsRDD[9] at csv at <unknown>:0) (first 15 tasks are for partitions Vector(0))
[2025-07-20T11:03:41.993+0000] {subprocess.py:93} INFO - 25/07/20 11:03:41 INFO TaskSchedulerImpl: Adding task set 1.0 with 1 tasks resource profile 0
[2025-07-20T11:03:42.001+0000] {subprocess.py:93} INFO - 25/07/20 11:03:41 INFO TaskSetManager: Starting task 0.0 in stage 1.0 (TID 1) (d32b98ce0bd3, executor driver, partition 0, PROCESS_LOCAL, 9608 bytes)
[2025-07-20T11:03:42.013+0000] {subprocess.py:93} INFO - 25/07/20 11:03:42 INFO Executor: Running task 0.0 in stage 1.0 (TID 1)
[2025-07-20T11:03:42.224+0000] {subprocess.py:93} INFO - 25/07/20 11:03:42 INFO CodeGenerator: Code generated in 47.66525 ms
[2025-07-20T11:03:42.229+0000] {subprocess.py:93} INFO - 25/07/20 11:03:42 INFO FileScanRDD: Reading File path: file:///opt/***/data/products/products.csv, range: 0-1256, partition values: [empty row]
[2025-07-20T11:03:42.366+0000] {subprocess.py:93} INFO - 25/07/20 11:03:42 INFO Executor: Finished task 0.0 in stage 1.0 (TID 1). 1664 bytes result sent to driver
[2025-07-20T11:03:42.380+0000] {subprocess.py:93} INFO - 25/07/20 11:03:42 INFO TaskSetManager: Finished task 0.0 in stage 1.0 (TID 1) in 384 ms on d32b98ce0bd3 (executor driver) (1/1)
[2025-07-20T11:03:42.381+0000] {subprocess.py:93} INFO - 25/07/20 11:03:42 INFO TaskSchedulerImpl: Removed TaskSet 1.0, whose tasks have all completed, from pool
[2025-07-20T11:03:42.384+0000] {subprocess.py:93} INFO - 25/07/20 11:03:42 INFO DAGScheduler: ResultStage 1 (csv at <unknown>:0) finished in 0.556 s
[2025-07-20T11:03:42.385+0000] {subprocess.py:93} INFO - 25/07/20 11:03:42 INFO DAGScheduler: Job 1 is finished. Cancelling potential speculative or zombie tasks for this job
[2025-07-20T11:03:42.386+0000] {subprocess.py:93} INFO - 25/07/20 11:03:42 INFO TaskSchedulerImpl: Killing all running tasks in stage 1: Stage finished
[2025-07-20T11:03:42.389+0000] {subprocess.py:93} INFO - 25/07/20 11:03:42 INFO DAGScheduler: Job 1 finished: csv at <unknown>:0, took 0.595444 s
[2025-07-20T11:03:42.702+0000] {subprocess.py:93} INFO - 25/07/20 11:03:42 INFO FileSourceStrategy: Pushed Filters:
[2025-07-20T11:03:42.707+0000] {subprocess.py:93} INFO - 25/07/20 11:03:42 INFO FileSourceStrategy: Post-Scan Filters:
[2025-07-20T11:03:42.888+0000] {subprocess.py:93} INFO - 25/07/20 11:03:42 INFO ParquetUtils: Using default output committer for Parquet: org.apache.parquet.hadoop.ParquetOutputCommitter
[2025-07-20T11:03:42.977+0000] {subprocess.py:93} INFO - 25/07/20 11:03:42 INFO FileOutputCommitter: File Output Committer Algorithm version is 1
[2025-07-20T11:03:42.981+0000] {subprocess.py:93} INFO - 25/07/20 11:03:42 INFO FileOutputCommitter: FileOutputCommitter skip cleanup _temporary folders under output directory:false, ignore cleanup failures: false
[2025-07-20T11:03:42.984+0000] {subprocess.py:93} INFO - 25/07/20 11:03:42 INFO SQLHadoopMapReduceCommitProtocol: Using user defined output committer class org.apache.parquet.hadoop.ParquetOutputCommitter
[2025-07-20T11:03:42.985+0000] {subprocess.py:93} INFO - 25/07/20 11:03:42 INFO FileOutputCommitter: File Output Committer Algorithm version is 1
[2025-07-20T11:03:42.987+0000] {subprocess.py:93} INFO - 25/07/20 11:03:42 INFO FileOutputCommitter: FileOutputCommitter skip cleanup _temporary folders under output directory:false, ignore cleanup failures: false
[2025-07-20T11:03:42.987+0000] {subprocess.py:93} INFO - 25/07/20 11:03:42 INFO SQLHadoopMapReduceCommitProtocol: Using output committer class org.apache.parquet.hadoop.ParquetOutputCommitter
[2025-07-20T11:03:43.362+0000] {subprocess.py:93} INFO - 25/07/20 11:03:43 INFO MemoryStore: Block broadcast_4 stored as values in memory (estimated size 199.5 KiB, free 433.7 MiB)
[2025-07-20T11:03:43.430+0000] {subprocess.py:93} INFO - 25/07/20 11:03:43 INFO MemoryStore: Block broadcast_4_piece0 stored as bytes in memory (estimated size 34.3 KiB, free 433.7 MiB)
[2025-07-20T11:03:43.434+0000] {subprocess.py:93} INFO - 25/07/20 11:03:43 INFO BlockManagerInfo: Added broadcast_4_piece0 in memory on d32b98ce0bd3:44495 (size: 34.3 KiB, free: 434.3 MiB)
[2025-07-20T11:03:43.445+0000] {subprocess.py:93} INFO - 25/07/20 11:03:43 INFO SparkContext: Created broadcast 4 from save at <unknown>:0
[2025-07-20T11:03:43.481+0000] {subprocess.py:93} INFO - 25/07/20 11:03:43 INFO FileSourceScanExec: Planning scan with bin packing, max size: 4194304 bytes, open cost is considered as scanning 4194304 bytes.
[2025-07-20T11:03:43.576+0000] {subprocess.py:93} INFO - 25/07/20 11:03:43 INFO SparkContext: Starting job: save at <unknown>:0
[2025-07-20T11:03:43.581+0000] {subprocess.py:93} INFO - 25/07/20 11:03:43 INFO DAGScheduler: Got job 2 (save at <unknown>:0) with 1 output partitions
[2025-07-20T11:03:43.583+0000] {subprocess.py:93} INFO - 25/07/20 11:03:43 INFO DAGScheduler: Final stage: ResultStage 2 (save at <unknown>:0)
[2025-07-20T11:03:43.585+0000] {subprocess.py:93} INFO - 25/07/20 11:03:43 INFO DAGScheduler: Parents of final stage: List()
[2025-07-20T11:03:43.589+0000] {subprocess.py:93} INFO - 25/07/20 11:03:43 INFO DAGScheduler: Missing parents: List()
[2025-07-20T11:03:43.621+0000] {subprocess.py:93} INFO - 25/07/20 11:03:43 INFO DAGScheduler: Submitting ResultStage 2 (MapPartitionsRDD[12] at save at <unknown>:0), which has no missing parents
[2025-07-20T11:03:43.791+0000] {subprocess.py:93} INFO - 25/07/20 11:03:43 INFO MemoryStore: Block broadcast_5 stored as values in memory (estimated size 213.0 KiB, free 433.5 MiB)
[2025-07-20T11:03:43.808+0000] {subprocess.py:93} INFO - 25/07/20 11:03:43 INFO MemoryStore: Block broadcast_5_piece0 stored as bytes in memory (estimated size 77.0 KiB, free 433.4 MiB)
[2025-07-20T11:03:43.809+0000] {subprocess.py:93} INFO - 25/07/20 11:03:43 INFO BlockManagerInfo: Added broadcast_5_piece0 in memory on d32b98ce0bd3:44495 (size: 77.0 KiB, free: 434.2 MiB)
[2025-07-20T11:03:43.814+0000] {subprocess.py:93} INFO - 25/07/20 11:03:43 INFO SparkContext: Created broadcast 5 from broadcast at DAGScheduler.scala:1585
[2025-07-20T11:03:43.817+0000] {subprocess.py:93} INFO - 25/07/20 11:03:43 INFO DAGScheduler: Submitting 1 missing tasks from ResultStage 2 (MapPartitionsRDD[12] at save at <unknown>:0) (first 15 tasks are for partitions Vector(0))
[2025-07-20T11:03:43.818+0000] {subprocess.py:93} INFO - 25/07/20 11:03:43 INFO TaskSchedulerImpl: Adding task set 2.0 with 1 tasks resource profile 0
[2025-07-20T11:03:43.832+0000] {subprocess.py:93} INFO - 25/07/20 11:03:43 INFO TaskSetManager: Starting task 0.0 in stage 2.0 (TID 2) (d32b98ce0bd3, executor driver, partition 0, PROCESS_LOCAL, 9608 bytes)
[2025-07-20T11:03:43.843+0000] {subprocess.py:93} INFO - 25/07/20 11:03:43 INFO Executor: Running task 0.0 in stage 2.0 (TID 2)
[2025-07-20T11:03:44.160+0000] {subprocess.py:93} INFO - 25/07/20 11:03:44 INFO FileOutputCommitter: File Output Committer Algorithm version is 1
[2025-07-20T11:03:44.161+0000] {subprocess.py:93} INFO - 25/07/20 11:03:44 INFO FileOutputCommitter: FileOutputCommitter skip cleanup _temporary folders under output directory:false, ignore cleanup failures: false
[2025-07-20T11:03:44.163+0000] {subprocess.py:93} INFO - 25/07/20 11:03:44 INFO SQLHadoopMapReduceCommitProtocol: Using user defined output committer class org.apache.parquet.hadoop.ParquetOutputCommitter
[2025-07-20T11:03:44.164+0000] {subprocess.py:93} INFO - 25/07/20 11:03:44 INFO FileOutputCommitter: File Output Committer Algorithm version is 1
[2025-07-20T11:03:44.165+0000] {subprocess.py:93} INFO - 25/07/20 11:03:44 INFO FileOutputCommitter: FileOutputCommitter skip cleanup _temporary folders under output directory:false, ignore cleanup failures: false
[2025-07-20T11:03:44.166+0000] {subprocess.py:93} INFO - 25/07/20 11:03:44 INFO SQLHadoopMapReduceCommitProtocol: Using output committer class org.apache.parquet.hadoop.ParquetOutputCommitter
[2025-07-20T11:03:44.190+0000] {subprocess.py:93} INFO - 25/07/20 11:03:44 INFO CodecConfig: Compression: SNAPPY
[2025-07-20T11:03:44.197+0000] {subprocess.py:93} INFO - 25/07/20 11:03:44 INFO CodecConfig: Compression: SNAPPY
[2025-07-20T11:03:44.260+0000] {subprocess.py:93} INFO - 25/07/20 11:03:44 INFO ParquetOutputFormat: ParquetRecordWriter [block size: 134217728b, row group padding size: 8388608b, validating: false]
[2025-07-20T11:03:44.361+0000] {subprocess.py:93} INFO - 25/07/20 11:03:44 INFO ParquetWriteSupport: Initialized Parquet WriteSupport with Catalyst schema:
[2025-07-20T11:03:44.362+0000] {subprocess.py:93} INFO - {
[2025-07-20T11:03:44.363+0000] {subprocess.py:93} INFO -   "type" : "struct",
[2025-07-20T11:03:44.363+0000] {subprocess.py:93} INFO -   "fields" : [ {
[2025-07-20T11:03:44.363+0000] {subprocess.py:93} INFO -     "name" : "product_id",
[2025-07-20T11:03:44.364+0000] {subprocess.py:93} INFO -     "type" : "integer",
[2025-07-20T11:03:44.365+0000] {subprocess.py:93} INFO -     "nullable" : true,
[2025-07-20T11:03:44.365+0000] {subprocess.py:93} INFO -     "metadata" : { }
[2025-07-20T11:03:44.365+0000] {subprocess.py:93} INFO -   }, {
[2025-07-20T11:03:44.366+0000] {subprocess.py:93} INFO -     "name" : "product_name",
[2025-07-20T11:03:44.366+0000] {subprocess.py:93} INFO -     "type" : "string",
[2025-07-20T11:03:44.366+0000] {subprocess.py:93} INFO -     "nullable" : true,
[2025-07-20T11:03:44.366+0000] {subprocess.py:93} INFO -     "metadata" : { }
[2025-07-20T11:03:44.367+0000] {subprocess.py:93} INFO -   }, {
[2025-07-20T11:03:44.367+0000] {subprocess.py:93} INFO -     "name" : "category",
[2025-07-20T11:03:44.367+0000] {subprocess.py:93} INFO -     "type" : "string",
[2025-07-20T11:03:44.368+0000] {subprocess.py:93} INFO -     "nullable" : true,
[2025-07-20T11:03:44.368+0000] {subprocess.py:93} INFO -     "metadata" : { }
[2025-07-20T11:03:44.368+0000] {subprocess.py:93} INFO -   }, {
[2025-07-20T11:03:44.369+0000] {subprocess.py:93} INFO -     "name" : "price",
[2025-07-20T11:03:44.369+0000] {subprocess.py:93} INFO -     "type" : "integer",
[2025-07-20T11:03:44.370+0000] {subprocess.py:93} INFO -     "nullable" : true,
[2025-07-20T11:03:44.371+0000] {subprocess.py:93} INFO -     "metadata" : { }
[2025-07-20T11:03:44.371+0000] {subprocess.py:93} INFO -   } ]
[2025-07-20T11:03:44.372+0000] {subprocess.py:93} INFO - }
[2025-07-20T11:03:44.372+0000] {subprocess.py:93} INFO - and corresponding Parquet message type:
[2025-07-20T11:03:44.373+0000] {subprocess.py:93} INFO - message spark_schema {
[2025-07-20T11:03:44.374+0000] {subprocess.py:93} INFO -   optional int32 product_id;
[2025-07-20T11:03:44.374+0000] {subprocess.py:93} INFO -   optional binary product_name (STRING);
[2025-07-20T11:03:44.375+0000] {subprocess.py:93} INFO -   optional binary category (STRING);
[2025-07-20T11:03:44.375+0000] {subprocess.py:93} INFO -   optional int32 price;
[2025-07-20T11:03:44.375+0000] {subprocess.py:93} INFO - }
[2025-07-20T11:03:44.375+0000] {subprocess.py:93} INFO - 
[2025-07-20T11:03:44.378+0000] {subprocess.py:93} INFO - 
[2025-07-20T11:03:44.824+0000] {subprocess.py:93} INFO - 25/07/20 11:03:44 INFO CodecPool: Got brand-new compressor [.snappy]
[2025-07-20T11:03:45.408+0000] {subprocess.py:93} INFO - 25/07/20 11:03:45 INFO FileScanRDD: Reading File path: file:///opt/***/data/products/products.csv, range: 0-1256, partition values: [empty row]
[2025-07-20T11:03:45.675+0000] {subprocess.py:93} INFO - 25/07/20 11:03:45 INFO CodeGenerator: Code generated in 190.320625 ms
[2025-07-20T11:03:46.982+0000] {subprocess.py:93} INFO - 25/07/20 11:03:46 INFO FileOutputCommitter: Saved output of task 'attempt_202507201103434494256986356329406_0002_m_000000_2' to file:/opt/***/data/delta/dim_product/_temporary/0/task_202507201103434494256986356329406_0002_m_000000
[2025-07-20T11:03:46.987+0000] {subprocess.py:93} INFO - 25/07/20 11:03:46 INFO SparkHadoopMapRedUtil: attempt_202507201103434494256986356329406_0002_m_000000_2: Committed. Elapsed time: 7 ms.
[2025-07-20T11:03:47.181+0000] {subprocess.py:93} INFO - 25/07/20 11:03:47 INFO BlockManagerInfo: Removed broadcast_3_piece0 on d32b98ce0bd3:44495 in memory (size: 12.7 KiB, free: 434.2 MiB)
[2025-07-20T11:03:47.230+0000] {subprocess.py:93} INFO - 25/07/20 11:03:47 INFO Executor: Finished task 0.0 in stage 2.0 (TID 2). 2545 bytes result sent to driver
[2025-07-20T11:03:47.262+0000] {subprocess.py:93} INFO - 25/07/20 11:03:47 INFO TaskSetManager: Finished task 0.0 in stage 2.0 (TID 2) in 3435 ms on d32b98ce0bd3 (executor driver) (1/1)
[2025-07-20T11:03:47.266+0000] {subprocess.py:93} INFO - 25/07/20 11:03:47 INFO TaskSchedulerImpl: Removed TaskSet 2.0, whose tasks have all completed, from pool
[2025-07-20T11:03:47.269+0000] {subprocess.py:93} INFO - 25/07/20 11:03:47 INFO DAGScheduler: ResultStage 2 (save at <unknown>:0) finished in 3.639 s
[2025-07-20T11:03:47.272+0000] {subprocess.py:93} INFO - 25/07/20 11:03:47 INFO DAGScheduler: Job 2 is finished. Cancelling potential speculative or zombie tasks for this job
[2025-07-20T11:03:47.273+0000] {subprocess.py:93} INFO - 25/07/20 11:03:47 INFO TaskSchedulerImpl: Killing all running tasks in stage 2: Stage finished
[2025-07-20T11:03:47.282+0000] {subprocess.py:93} INFO - 25/07/20 11:03:47 INFO DAGScheduler: Job 2 finished: save at <unknown>:0, took 3.705052 s
[2025-07-20T11:03:47.296+0000] {subprocess.py:93} INFO - 25/07/20 11:03:47 INFO FileFormatWriter: Start to commit write Job ed0127fd-bf18-4e4c-ae39-c564805fe430.
[2025-07-20T11:03:47.833+0000] {subprocess.py:93} INFO - 25/07/20 11:03:47 INFO FileFormatWriter: Write Job ed0127fd-bf18-4e4c-ae39-c564805fe430 committed. Elapsed time: 513 ms.
[2025-07-20T11:03:47.859+0000] {subprocess.py:93} INFO - 25/07/20 11:03:47 INFO FileFormatWriter: Finished processing stats for write job ed0127fd-bf18-4e4c-ae39-c564805fe430.
[2025-07-20T11:03:48.071+0000] {subprocess.py:93} INFO - 25/07/20 11:03:48 INFO SparkContext: Invoking stop() from shutdown hook
[2025-07-20T11:03:48.072+0000] {subprocess.py:93} INFO - 25/07/20 11:03:48 INFO SparkContext: SparkContext is stopping with exitCode 0.
[2025-07-20T11:03:48.124+0000] {subprocess.py:93} INFO - 25/07/20 11:03:48 INFO SparkUI: Stopped Spark web UI at http://d32b98ce0bd3:4040
[2025-07-20T11:03:48.163+0000] {subprocess.py:93} INFO - 25/07/20 11:03:48 INFO MapOutputTrackerMasterEndpoint: MapOutputTrackerMasterEndpoint stopped!
[2025-07-20T11:03:48.278+0000] {subprocess.py:93} INFO - 25/07/20 11:03:48 INFO MemoryStore: MemoryStore cleared
[2025-07-20T11:03:48.279+0000] {subprocess.py:93} INFO - 25/07/20 11:03:48 INFO BlockManager: BlockManager stopped
[2025-07-20T11:03:48.288+0000] {subprocess.py:93} INFO - 25/07/20 11:03:48 INFO BlockManagerMaster: BlockManagerMaster stopped
[2025-07-20T11:03:48.296+0000] {subprocess.py:93} INFO - 25/07/20 11:03:48 INFO OutputCommitCoordinator$OutputCommitCoordinatorEndpoint: OutputCommitCoordinator stopped!
[2025-07-20T11:03:48.373+0000] {subprocess.py:93} INFO - 25/07/20 11:03:48 INFO SparkContext: Successfully stopped SparkContext
[2025-07-20T11:03:48.374+0000] {subprocess.py:93} INFO - 25/07/20 11:03:48 INFO ShutdownHookManager: Shutdown hook called
[2025-07-20T11:03:48.375+0000] {subprocess.py:93} INFO - 25/07/20 11:03:48 INFO ShutdownHookManager: Deleting directory /tmp/spark-0a688642-5fb4-4d1a-95f9-158a857c7f41/pyspark-3cb304a6-4336-4613-993d-656c84a20cae
[2025-07-20T11:03:48.471+0000] {subprocess.py:93} INFO - 25/07/20 11:03:48 INFO ShutdownHookManager: Deleting directory /tmp/spark-c19e0800-9a4b-4b4f-bdae-aac766f5c219
[2025-07-20T11:03:48.537+0000] {subprocess.py:93} INFO - 25/07/20 11:03:48 INFO ShutdownHookManager: Deleting directory /tmp/spark-0a688642-5fb4-4d1a-95f9-158a857c7f41
[2025-07-20T11:03:48.745+0000] {subprocess.py:97} INFO - Command exited with return code 0
[2025-07-20T11:03:49.066+0000] {taskinstance.py:1327} INFO - Marking task as SUCCESS. dag_id=retail_sales_pipeline, task_id=process_products, execution_date=20250720T110251, start_date=20250720T110312, end_date=20250720T110349
[2025-07-20T11:03:49.202+0000] {local_task_job.py:159} INFO - Task exited with return code 0
[2025-07-20T11:03:49.397+0000] {taskinstance.py:2582} INFO - 0 downstream tasks scheduled from follow-on schedule check
