[2025-07-04T19:41:04.411+0000] {taskinstance.py:1087} INFO - Dependencies all met for <TaskInstance: retail_sales_pipeline.process_customers manual__2025-07-04T19:41:01.587132+00:00 [queued]>
[2025-07-04T19:41:04.437+0000] {taskinstance.py:1087} INFO - Dependencies all met for <TaskInstance: retail_sales_pipeline.process_customers manual__2025-07-04T19:41:01.587132+00:00 [queued]>
[2025-07-04T19:41:04.438+0000] {taskinstance.py:1283} INFO - 
--------------------------------------------------------------------------------
[2025-07-04T19:41:04.438+0000] {taskinstance.py:1284} INFO - Starting attempt 1 of 2
[2025-07-04T19:41:04.439+0000] {taskinstance.py:1285} INFO - 
--------------------------------------------------------------------------------
[2025-07-04T19:41:04.491+0000] {taskinstance.py:1304} INFO - Executing <Task(BashOperator): process_customers> on 2025-07-04 19:41:01.587132+00:00
[2025-07-04T19:41:04.500+0000] {standard_task_runner.py:55} INFO - Started process 659 to run task
[2025-07-04T19:41:04.503+0000] {standard_task_runner.py:82} INFO - Running: ['***', 'tasks', 'run', 'retail_sales_pipeline', 'process_customers', 'manual__2025-07-04T19:41:01.587132+00:00', '--job-id', '6', '--raw', '--subdir', 'DAGS_FOLDER/retail_sales_pipeline.py', '--cfg-path', '/tmp/tmpylrbedp5']
[2025-07-04T19:41:04.507+0000] {standard_task_runner.py:83} INFO - Job 6: Subtask process_customers
[2025-07-04T19:41:04.811+0000] {task_command.py:389} INFO - Running <TaskInstance: retail_sales_pipeline.process_customers manual__2025-07-04T19:41:01.587132+00:00 [running]> on host ce609c2457b1
[2025-07-04T19:41:05.105+0000] {taskinstance.py:1513} INFO - Exporting the following env vars:
AIRFLOW_CTX_DAG_OWNER=***
AIRFLOW_CTX_DAG_ID=retail_sales_pipeline
AIRFLOW_CTX_TASK_ID=process_customers
AIRFLOW_CTX_EXECUTION_DATE=2025-07-04T19:41:01.587132+00:00
AIRFLOW_CTX_TRY_NUMBER=1
AIRFLOW_CTX_DAG_RUN_ID=manual__2025-07-04T19:41:01.587132+00:00
[2025-07-04T19:41:05.106+0000] {subprocess.py:63} INFO - Tmp dir root location: 
 /tmp
[2025-07-04T19:41:05.107+0000] {subprocess.py:75} INFO - Running command: ['/bin/bash', '-c', '\n        docker exec spark-master /opt/bitnami/spark/bin/spark-submit             /opt/***/scripts/ingestion/process_customers.py\n        ']
[2025-07-04T19:41:05.115+0000] {subprocess.py:86} INFO - Output:
[2025-07-04T19:41:11.204+0000] {subprocess.py:93} INFO - 25/07/04 19:41:11 INFO SparkContext: Running Spark version 3.5.5
[2025-07-04T19:41:11.208+0000] {subprocess.py:93} INFO - 25/07/04 19:41:11 INFO SparkContext: OS info Linux, 6.10.14-linuxkit, amd64
[2025-07-04T19:41:11.208+0000] {subprocess.py:93} INFO - 25/07/04 19:41:11 INFO SparkContext: Java version 17.0.14
[2025-07-04T19:41:11.251+0000] {subprocess.py:93} INFO - 25/07/04 19:41:11 INFO ResourceUtils: ==============================================================
[2025-07-04T19:41:11.252+0000] {subprocess.py:93} INFO - 25/07/04 19:41:11 INFO ResourceUtils: No custom resources configured for spark.driver.
[2025-07-04T19:41:11.258+0000] {subprocess.py:93} INFO - 25/07/04 19:41:11 INFO ResourceUtils: ==============================================================
[2025-07-04T19:41:11.262+0000] {subprocess.py:93} INFO - 25/07/04 19:41:11 INFO SparkContext: Submitted application: ProcessCustomers
[2025-07-04T19:41:11.293+0000] {subprocess.py:93} INFO - 25/07/04 19:41:11 INFO ResourceProfile: Default ResourceProfile created, executor resources: Map(cores -> name: cores, amount: 1, script: , vendor: , memory -> name: memory, amount: 1024, script: , vendor: , offHeap -> name: offHeap, amount: 0, script: , vendor: ), task resources: Map(cpus -> name: cpus, amount: 1.0)
[2025-07-04T19:41:11.302+0000] {subprocess.py:93} INFO - 25/07/04 19:41:11 INFO ResourceProfile: Limiting resource is cpu
[2025-07-04T19:41:11.303+0000] {subprocess.py:93} INFO - 25/07/04 19:41:11 INFO ResourceProfileManager: Added ResourceProfile id: 0
[2025-07-04T19:41:11.357+0000] {subprocess.py:93} INFO - 25/07/04 19:41:11 INFO SecurityManager: Changing view acls to: spark
[2025-07-04T19:41:11.358+0000] {subprocess.py:93} INFO - 25/07/04 19:41:11 INFO SecurityManager: Changing modify acls to: spark
[2025-07-04T19:41:11.362+0000] {subprocess.py:93} INFO - 25/07/04 19:41:11 INFO SecurityManager: Changing view acls groups to:
[2025-07-04T19:41:11.363+0000] {subprocess.py:93} INFO - 25/07/04 19:41:11 INFO SecurityManager: Changing modify acls groups to:
[2025-07-04T19:41:11.363+0000] {subprocess.py:93} INFO - 25/07/04 19:41:11 INFO SecurityManager: SecurityManager: authentication disabled; ui acls disabled; users with view permissions: spark; groups with view permissions: EMPTY; users with modify permissions: spark; groups with modify permissions: EMPTY
[2025-07-04T19:41:11.457+0000] {subprocess.py:93} INFO - 25/07/04 19:41:11 WARN NativeCodeLoader: Unable to load native-hadoop library for your platform... using builtin-java classes where applicable
[2025-07-04T19:41:11.967+0000] {subprocess.py:93} INFO - 25/07/04 19:41:11 INFO Utils: Successfully started service 'sparkDriver' on port 41289.
[2025-07-04T19:41:12.037+0000] {subprocess.py:93} INFO - 25/07/04 19:41:12 INFO SparkEnv: Registering MapOutputTracker
[2025-07-04T19:41:12.078+0000] {subprocess.py:93} INFO - 25/07/04 19:41:12 INFO SparkEnv: Registering BlockManagerMaster
[2025-07-04T19:41:12.095+0000] {subprocess.py:93} INFO - 25/07/04 19:41:12 INFO BlockManagerMasterEndpoint: Using org.apache.spark.storage.DefaultTopologyMapper for getting topology information
[2025-07-04T19:41:12.097+0000] {subprocess.py:93} INFO - 25/07/04 19:41:12 INFO BlockManagerMasterEndpoint: BlockManagerMasterEndpoint up
[2025-07-04T19:41:12.107+0000] {subprocess.py:93} INFO - 25/07/04 19:41:12 INFO SparkEnv: Registering BlockManagerMasterHeartbeat
[2025-07-04T19:41:12.131+0000] {subprocess.py:93} INFO - 25/07/04 19:41:12 INFO DiskBlockManager: Created local directory at /tmp/blockmgr-08bc3d64-f37c-410c-b67d-dfe3fdff994f
[2025-07-04T19:41:12.152+0000] {subprocess.py:93} INFO - 25/07/04 19:41:12 INFO MemoryStore: MemoryStore started with capacity 434.4 MiB
[2025-07-04T19:41:12.178+0000] {subprocess.py:93} INFO - 25/07/04 19:41:12 INFO SparkEnv: Registering OutputCommitCoordinator
[2025-07-04T19:41:12.381+0000] {subprocess.py:93} INFO - 25/07/04 19:41:12 INFO JettyUtils: Start Jetty 0.0.0.0:4040 for SparkUI
[2025-07-04T19:41:12.479+0000] {subprocess.py:93} INFO - 25/07/04 19:41:12 WARN Utils: Service 'SparkUI' could not bind on port 4040. Attempting port 4041.
[2025-07-04T19:41:12.489+0000] {subprocess.py:93} INFO - 25/07/04 19:41:12 INFO Utils: Successfully started service 'SparkUI' on port 4041.
[2025-07-04T19:41:12.640+0000] {subprocess.py:93} INFO - 25/07/04 19:41:12 INFO Executor: Starting executor ID driver on host 2bd4ec7461cb
[2025-07-04T19:41:12.640+0000] {subprocess.py:93} INFO - 25/07/04 19:41:12 INFO Executor: OS info Linux, 6.10.14-linuxkit, amd64
[2025-07-04T19:41:12.641+0000] {subprocess.py:93} INFO - 25/07/04 19:41:12 INFO Executor: Java version 17.0.14
[2025-07-04T19:41:12.649+0000] {subprocess.py:93} INFO - 25/07/04 19:41:12 INFO Executor: Starting executor with user classpath (userClassPathFirst = false): ''
[2025-07-04T19:41:12.649+0000] {subprocess.py:93} INFO - 25/07/04 19:41:12 INFO Executor: Created or updated repl class loader org.apache.spark.util.MutableURLClassLoader@3d442e6b for default.
[2025-07-04T19:41:12.679+0000] {subprocess.py:93} INFO - 25/07/04 19:41:12 INFO Utils: Successfully started service 'org.apache.spark.network.netty.NettyBlockTransferService' on port 42787.
[2025-07-04T19:41:12.679+0000] {subprocess.py:93} INFO - 25/07/04 19:41:12 INFO NettyBlockTransferService: Server created on 2bd4ec7461cb:42787
[2025-07-04T19:41:12.683+0000] {subprocess.py:93} INFO - 25/07/04 19:41:12 INFO BlockManager: Using org.apache.spark.storage.RandomBlockReplicationPolicy for block replication policy
[2025-07-04T19:41:12.698+0000] {subprocess.py:93} INFO - 25/07/04 19:41:12 INFO BlockManagerMaster: Registering BlockManager BlockManagerId(driver, 2bd4ec7461cb, 42787, None)
[2025-07-04T19:41:12.702+0000] {subprocess.py:93} INFO - 25/07/04 19:41:12 INFO BlockManagerMasterEndpoint: Registering block manager 2bd4ec7461cb:42787 with 434.4 MiB RAM, BlockManagerId(driver, 2bd4ec7461cb, 42787, None)
[2025-07-04T19:41:12.715+0000] {subprocess.py:93} INFO - 25/07/04 19:41:12 INFO BlockManagerMaster: Registered BlockManager BlockManagerId(driver, 2bd4ec7461cb, 42787, None)
[2025-07-04T19:41:12.784+0000] {subprocess.py:93} INFO - 25/07/04 19:41:12 INFO BlockManager: Initialized BlockManager: BlockManagerId(driver, 2bd4ec7461cb, 42787, None)
[2025-07-04T19:41:13.466+0000] {subprocess.py:93} INFO - 25/07/04 19:41:13 INFO SharedState: Setting hive.metastore.warehouse.dir ('null') to the value of spark.sql.warehouse.dir.
[2025-07-04T19:41:13.475+0000] {subprocess.py:93} INFO - 25/07/04 19:41:13 INFO SharedState: Warehouse path is 'file:/opt/bitnami/spark/spark-warehouse'.
[2025-07-04T19:41:14.607+0000] {subprocess.py:93} INFO - 25/07/04 19:41:14 INFO InMemoryFileIndex: It took 118 ms to list leaf files for 1 paths.
[2025-07-04T19:41:14.696+0000] {subprocess.py:93} INFO - 25/07/04 19:41:14 INFO InMemoryFileIndex: It took 3 ms to list leaf files for 1 paths.
[2025-07-04T19:41:18.761+0000] {subprocess.py:93} INFO - 25/07/04 19:41:18 INFO FileSourceStrategy: Pushed Filters:
[2025-07-04T19:41:18.768+0000] {subprocess.py:93} INFO - 25/07/04 19:41:18 INFO FileSourceStrategy: Post-Scan Filters: (length(trim(value#0, None)) > 0)
[2025-07-04T19:41:19.560+0000] {subprocess.py:93} INFO - 25/07/04 19:41:19 INFO CodeGenerator: Code generated in 265.807832 ms
[2025-07-04T19:41:19.640+0000] {subprocess.py:93} INFO - 25/07/04 19:41:19 INFO MemoryStore: Block broadcast_0 stored as values in memory (estimated size 199.6 KiB, free 434.2 MiB)
[2025-07-04T19:41:19.730+0000] {subprocess.py:93} INFO - 25/07/04 19:41:19 INFO MemoryStore: Block broadcast_0_piece0 stored as bytes in memory (estimated size 34.3 KiB, free 434.2 MiB)
[2025-07-04T19:41:19.742+0000] {subprocess.py:93} INFO - 25/07/04 19:41:19 INFO BlockManagerInfo: Added broadcast_0_piece0 in memory on 2bd4ec7461cb:42787 (size: 34.3 KiB, free: 434.4 MiB)
[2025-07-04T19:41:19.745+0000] {subprocess.py:93} INFO - 25/07/04 19:41:19 INFO SparkContext: Created broadcast 0 from csv at <unknown>:0
[2025-07-04T19:41:19.763+0000] {subprocess.py:93} INFO - 25/07/04 19:41:19 INFO FileSourceScanExec: Planning scan with bin packing, max size: 4194304 bytes, open cost is considered as scanning 4194304 bytes.
[2025-07-04T19:41:20.067+0000] {subprocess.py:93} INFO - 25/07/04 19:41:20 INFO SparkContext: Starting job: csv at <unknown>:0
[2025-07-04T19:41:20.099+0000] {subprocess.py:93} INFO - 25/07/04 19:41:20 INFO DAGScheduler: Got job 0 (csv at <unknown>:0) with 1 output partitions
[2025-07-04T19:41:20.103+0000] {subprocess.py:93} INFO - 25/07/04 19:41:20 INFO DAGScheduler: Final stage: ResultStage 0 (csv at <unknown>:0)
[2025-07-04T19:41:20.104+0000] {subprocess.py:93} INFO - 25/07/04 19:41:20 INFO DAGScheduler: Parents of final stage: List()
[2025-07-04T19:41:20.105+0000] {subprocess.py:93} INFO - 25/07/04 19:41:20 INFO DAGScheduler: Missing parents: List()
[2025-07-04T19:41:20.119+0000] {subprocess.py:93} INFO - 25/07/04 19:41:20 INFO DAGScheduler: Submitting ResultStage 0 (MapPartitionsRDD[3] at csv at <unknown>:0), which has no missing parents
[2025-07-04T19:41:20.585+0000] {subprocess.py:93} INFO - 25/07/04 19:41:20 INFO MemoryStore: Block broadcast_1 stored as values in memory (estimated size 13.5 KiB, free 434.2 MiB)
[2025-07-04T19:41:20.593+0000] {subprocess.py:93} INFO - 25/07/04 19:41:20 INFO MemoryStore: Block broadcast_1_piece0 stored as bytes in memory (estimated size 6.4 KiB, free 434.2 MiB)
[2025-07-04T19:41:20.596+0000] {subprocess.py:93} INFO - 25/07/04 19:41:20 INFO BlockManagerInfo: Added broadcast_1_piece0 in memory on 2bd4ec7461cb:42787 (size: 6.4 KiB, free: 434.4 MiB)
[2025-07-04T19:41:20.603+0000] {subprocess.py:93} INFO - 25/07/04 19:41:20 INFO SparkContext: Created broadcast 1 from broadcast at DAGScheduler.scala:1585
[2025-07-04T19:41:20.654+0000] {subprocess.py:93} INFO - 25/07/04 19:41:20 INFO DAGScheduler: Submitting 1 missing tasks from ResultStage 0 (MapPartitionsRDD[3] at csv at <unknown>:0) (first 15 tasks are for partitions Vector(0))
[2025-07-04T19:41:20.657+0000] {subprocess.py:93} INFO - 25/07/04 19:41:20 INFO TaskSchedulerImpl: Adding task set 0.0 with 1 tasks resource profile 0
[2025-07-04T19:41:20.725+0000] {subprocess.py:93} INFO - 25/07/04 19:41:20 INFO TaskSetManager: Starting task 0.0 in stage 0.0 (TID 0) (2bd4ec7461cb, executor driver, partition 0, PROCESS_LOCAL, 9610 bytes)
[2025-07-04T19:41:20.754+0000] {subprocess.py:93} INFO - 25/07/04 19:41:20 INFO Executor: Running task 0.0 in stage 0.0 (TID 0)
[2025-07-04T19:41:20.995+0000] {subprocess.py:93} INFO - 25/07/04 19:41:20 INFO CodeGenerator: Code generated in 49.841667 ms
[2025-07-04T19:41:21.001+0000] {subprocess.py:93} INFO - 25/07/04 19:41:21 INFO FileScanRDD: Reading File path: file:///opt/***/data/customers/customers.csv, range: 0-3955, partition values: [empty row]
[2025-07-04T19:41:21.047+0000] {subprocess.py:93} INFO - 25/07/04 19:41:21 INFO CodeGenerator: Code generated in 33.39525 ms
[2025-07-04T19:41:21.134+0000] {subprocess.py:93} INFO - 25/07/04 19:41:21 INFO Executor: Finished task 0.0 in stage 0.0 (TID 0). 1664 bytes result sent to driver
[2025-07-04T19:41:21.148+0000] {subprocess.py:93} INFO - 25/07/04 19:41:21 INFO TaskSetManager: Finished task 0.0 in stage 0.0 (TID 0) in 446 ms on 2bd4ec7461cb (executor driver) (1/1)
[2025-07-04T19:41:21.154+0000] {subprocess.py:93} INFO - 25/07/04 19:41:21 INFO TaskSchedulerImpl: Removed TaskSet 0.0, whose tasks have all completed, from pool
[2025-07-04T19:41:21.171+0000] {subprocess.py:93} INFO - 25/07/04 19:41:21 INFO DAGScheduler: ResultStage 0 (csv at <unknown>:0) finished in 1.017 s
[2025-07-04T19:41:21.187+0000] {subprocess.py:93} INFO - 25/07/04 19:41:21 INFO DAGScheduler: Job 0 is finished. Cancelling potential speculative or zombie tasks for this job
[2025-07-04T19:41:21.189+0000] {subprocess.py:93} INFO - 25/07/04 19:41:21 INFO TaskSchedulerImpl: Killing all running tasks in stage 0: Stage finished
[2025-07-04T19:41:21.191+0000] {subprocess.py:93} INFO - 25/07/04 19:41:21 INFO DAGScheduler: Job 0 finished: csv at <unknown>:0, took 1.126870 s
[2025-07-04T19:41:21.249+0000] {subprocess.py:93} INFO - 25/07/04 19:41:21 INFO CodeGenerator: Code generated in 34.014708 ms
[2025-07-04T19:41:21.365+0000] {subprocess.py:93} INFO - 25/07/04 19:41:21 INFO FileSourceStrategy: Pushed Filters:
[2025-07-04T19:41:21.365+0000] {subprocess.py:93} INFO - 25/07/04 19:41:21 INFO FileSourceStrategy: Post-Scan Filters:
[2025-07-04T19:41:21.390+0000] {subprocess.py:93} INFO - 25/07/04 19:41:21 INFO MemoryStore: Block broadcast_2 stored as values in memory (estimated size 199.6 KiB, free 434.0 MiB)
[2025-07-04T19:41:21.438+0000] {subprocess.py:93} INFO - 25/07/04 19:41:21 INFO MemoryStore: Block broadcast_2_piece0 stored as bytes in memory (estimated size 34.3 KiB, free 433.9 MiB)
[2025-07-04T19:41:21.443+0000] {subprocess.py:93} INFO - 25/07/04 19:41:21 INFO BlockManagerInfo: Added broadcast_2_piece0 in memory on 2bd4ec7461cb:42787 (size: 34.3 KiB, free: 434.3 MiB)
[2025-07-04T19:41:21.447+0000] {subprocess.py:93} INFO - 25/07/04 19:41:21 INFO SparkContext: Created broadcast 2 from csv at <unknown>:0
[2025-07-04T19:41:21.454+0000] {subprocess.py:93} INFO - 25/07/04 19:41:21 INFO FileSourceScanExec: Planning scan with bin packing, max size: 4194304 bytes, open cost is considered as scanning 4194304 bytes.
[2025-07-04T19:41:21.457+0000] {subprocess.py:93} INFO - 25/07/04 19:41:21 INFO BlockManagerInfo: Removed broadcast_1_piece0 on 2bd4ec7461cb:42787 in memory (size: 6.4 KiB, free: 434.3 MiB)
[2025-07-04T19:41:21.640+0000] {subprocess.py:93} INFO - 25/07/04 19:41:21 INFO SparkContext: Starting job: csv at <unknown>:0
[2025-07-04T19:41:21.647+0000] {subprocess.py:93} INFO - 25/07/04 19:41:21 INFO DAGScheduler: Got job 1 (csv at <unknown>:0) with 1 output partitions
[2025-07-04T19:41:21.648+0000] {subprocess.py:93} INFO - 25/07/04 19:41:21 INFO DAGScheduler: Final stage: ResultStage 1 (csv at <unknown>:0)
[2025-07-04T19:41:21.649+0000] {subprocess.py:93} INFO - 25/07/04 19:41:21 INFO DAGScheduler: Parents of final stage: List()
[2025-07-04T19:41:21.651+0000] {subprocess.py:93} INFO - 25/07/04 19:41:21 INFO DAGScheduler: Missing parents: List()
[2025-07-04T19:41:21.652+0000] {subprocess.py:93} INFO - 25/07/04 19:41:21 INFO DAGScheduler: Submitting ResultStage 1 (MapPartitionsRDD[9] at csv at <unknown>:0), which has no missing parents
[2025-07-04T19:41:21.699+0000] {subprocess.py:93} INFO - 25/07/04 19:41:21 INFO MemoryStore: Block broadcast_3 stored as values in memory (estimated size 27.7 KiB, free 433.9 MiB)
[2025-07-04T19:41:21.703+0000] {subprocess.py:93} INFO - 25/07/04 19:41:21 INFO MemoryStore: Block broadcast_3_piece0 stored as bytes in memory (estimated size 12.7 KiB, free 433.9 MiB)
[2025-07-04T19:41:21.706+0000] {subprocess.py:93} INFO - 25/07/04 19:41:21 INFO BlockManagerInfo: Added broadcast_3_piece0 in memory on 2bd4ec7461cb:42787 (size: 12.7 KiB, free: 434.3 MiB)
[2025-07-04T19:41:21.707+0000] {subprocess.py:93} INFO - 25/07/04 19:41:21 INFO SparkContext: Created broadcast 3 from broadcast at DAGScheduler.scala:1585
[2025-07-04T19:41:21.709+0000] {subprocess.py:93} INFO - 25/07/04 19:41:21 INFO DAGScheduler: Submitting 1 missing tasks from ResultStage 1 (MapPartitionsRDD[9] at csv at <unknown>:0) (first 15 tasks are for partitions Vector(0))
[2025-07-04T19:41:21.709+0000] {subprocess.py:93} INFO - 25/07/04 19:41:21 INFO TaskSchedulerImpl: Adding task set 1.0 with 1 tasks resource profile 0
[2025-07-04T19:41:21.713+0000] {subprocess.py:93} INFO - 25/07/04 19:41:21 INFO TaskSetManager: Starting task 0.0 in stage 1.0 (TID 1) (2bd4ec7461cb, executor driver, partition 0, PROCESS_LOCAL, 9610 bytes)
[2025-07-04T19:41:21.717+0000] {subprocess.py:93} INFO - 25/07/04 19:41:21 INFO Executor: Running task 0.0 in stage 1.0 (TID 1)
[2025-07-04T19:41:21.833+0000] {subprocess.py:93} INFO - 25/07/04 19:41:21 INFO CodeGenerator: Code generated in 31.605 ms
[2025-07-04T19:41:21.841+0000] {subprocess.py:93} INFO - 25/07/04 19:41:21 INFO FileScanRDD: Reading File path: file:///opt/***/data/customers/customers.csv, range: 0-3955, partition values: [empty row]
[2025-07-04T19:41:21.923+0000] {subprocess.py:93} INFO - 25/07/04 19:41:21 INFO Executor: Finished task 0.0 in stage 1.0 (TID 1). 1717 bytes result sent to driver
[2025-07-04T19:41:21.931+0000] {subprocess.py:93} INFO - 25/07/04 19:41:21 INFO TaskSetManager: Finished task 0.0 in stage 1.0 (TID 1) in 219 ms on 2bd4ec7461cb (executor driver) (1/1)
[2025-07-04T19:41:21.932+0000] {subprocess.py:93} INFO - 25/07/04 19:41:21 INFO TaskSchedulerImpl: Removed TaskSet 1.0, whose tasks have all completed, from pool
[2025-07-04T19:41:21.936+0000] {subprocess.py:93} INFO - 25/07/04 19:41:21 INFO DAGScheduler: ResultStage 1 (csv at <unknown>:0) finished in 0.275 s
[2025-07-04T19:41:21.937+0000] {subprocess.py:93} INFO - 25/07/04 19:41:21 INFO DAGScheduler: Job 1 is finished. Cancelling potential speculative or zombie tasks for this job
[2025-07-04T19:41:21.938+0000] {subprocess.py:93} INFO - 25/07/04 19:41:21 INFO TaskSchedulerImpl: Killing all running tasks in stage 1: Stage finished
[2025-07-04T19:41:21.941+0000] {subprocess.py:93} INFO - 25/07/04 19:41:21 INFO DAGScheduler: Job 1 finished: csv at <unknown>:0, took 0.301497 s
[2025-07-04T19:41:22.080+0000] {subprocess.py:93} INFO - 25/07/04 19:41:22 INFO FileSourceStrategy: Pushed Filters:
[2025-07-04T19:41:22.081+0000] {subprocess.py:93} INFO - 25/07/04 19:41:22 INFO FileSourceStrategy: Post-Scan Filters:
[2025-07-04T19:41:22.144+0000] {subprocess.py:93} INFO - 25/07/04 19:41:22 INFO ParquetUtils: Using default output committer for Parquet: org.apache.parquet.hadoop.ParquetOutputCommitter
[2025-07-04T19:41:22.181+0000] {subprocess.py:93} INFO - 25/07/04 19:41:22 INFO FileOutputCommitter: File Output Committer Algorithm version is 1
[2025-07-04T19:41:22.182+0000] {subprocess.py:93} INFO - 25/07/04 19:41:22 INFO FileOutputCommitter: FileOutputCommitter skip cleanup _temporary folders under output directory:false, ignore cleanup failures: false
[2025-07-04T19:41:22.182+0000] {subprocess.py:93} INFO - 25/07/04 19:41:22 INFO SQLHadoopMapReduceCommitProtocol: Using user defined output committer class org.apache.parquet.hadoop.ParquetOutputCommitter
[2025-07-04T19:41:22.183+0000] {subprocess.py:93} INFO - 25/07/04 19:41:22 INFO FileOutputCommitter: File Output Committer Algorithm version is 1
[2025-07-04T19:41:22.183+0000] {subprocess.py:93} INFO - 25/07/04 19:41:22 INFO FileOutputCommitter: FileOutputCommitter skip cleanup _temporary folders under output directory:false, ignore cleanup failures: false
[2025-07-04T19:41:22.183+0000] {subprocess.py:93} INFO - 25/07/04 19:41:22 INFO SQLHadoopMapReduceCommitProtocol: Using output committer class org.apache.parquet.hadoop.ParquetOutputCommitter
[2025-07-04T19:41:22.359+0000] {subprocess.py:93} INFO - 25/07/04 19:41:22 INFO MemoryStore: Block broadcast_4 stored as values in memory (estimated size 199.5 KiB, free 433.7 MiB)
[2025-07-04T19:41:22.403+0000] {subprocess.py:93} INFO - 25/07/04 19:41:22 INFO BlockManagerInfo: Removed broadcast_3_piece0 on 2bd4ec7461cb:42787 in memory (size: 12.7 KiB, free: 434.3 MiB)
[2025-07-04T19:41:22.412+0000] {subprocess.py:93} INFO - 25/07/04 19:41:22 INFO MemoryStore: Block broadcast_4_piece0 stored as bytes in memory (estimated size 34.3 KiB, free 433.7 MiB)
[2025-07-04T19:41:22.412+0000] {subprocess.py:93} INFO - 25/07/04 19:41:22 INFO BlockManagerInfo: Added broadcast_4_piece0 in memory on 2bd4ec7461cb:42787 (size: 34.3 KiB, free: 434.3 MiB)
[2025-07-04T19:41:22.416+0000] {subprocess.py:93} INFO - 25/07/04 19:41:22 INFO SparkContext: Created broadcast 4 from save at <unknown>:0
[2025-07-04T19:41:22.431+0000] {subprocess.py:93} INFO - 25/07/04 19:41:22 INFO FileSourceScanExec: Planning scan with bin packing, max size: 4194304 bytes, open cost is considered as scanning 4194304 bytes.
[2025-07-04T19:41:22.480+0000] {subprocess.py:93} INFO - 25/07/04 19:41:22 INFO SparkContext: Starting job: save at <unknown>:0
[2025-07-04T19:41:22.482+0000] {subprocess.py:93} INFO - 25/07/04 19:41:22 INFO DAGScheduler: Got job 2 (save at <unknown>:0) with 1 output partitions
[2025-07-04T19:41:22.482+0000] {subprocess.py:93} INFO - 25/07/04 19:41:22 INFO DAGScheduler: Final stage: ResultStage 2 (save at <unknown>:0)
[2025-07-04T19:41:22.482+0000] {subprocess.py:93} INFO - 25/07/04 19:41:22 INFO DAGScheduler: Parents of final stage: List()
[2025-07-04T19:41:22.488+0000] {subprocess.py:93} INFO - 25/07/04 19:41:22 INFO DAGScheduler: Missing parents: List()
[2025-07-04T19:41:22.488+0000] {subprocess.py:93} INFO - 25/07/04 19:41:22 INFO DAGScheduler: Submitting ResultStage 2 (MapPartitionsRDD[12] at save at <unknown>:0), which has no missing parents
[2025-07-04T19:41:22.556+0000] {subprocess.py:93} INFO - 25/07/04 19:41:22 INFO MemoryStore: Block broadcast_5 stored as values in memory (estimated size 213.2 KiB, free 433.5 MiB)
[2025-07-04T19:41:22.563+0000] {subprocess.py:93} INFO - 25/07/04 19:41:22 INFO MemoryStore: Block broadcast_5_piece0 stored as bytes in memory (estimated size 77.0 KiB, free 433.4 MiB)
[2025-07-04T19:41:22.563+0000] {subprocess.py:93} INFO - 25/07/04 19:41:22 INFO BlockManagerInfo: Added broadcast_5_piece0 in memory on 2bd4ec7461cb:42787 (size: 77.0 KiB, free: 434.2 MiB)
[2025-07-04T19:41:22.565+0000] {subprocess.py:93} INFO - 25/07/04 19:41:22 INFO SparkContext: Created broadcast 5 from broadcast at DAGScheduler.scala:1585
[2025-07-04T19:41:22.566+0000] {subprocess.py:93} INFO - 25/07/04 19:41:22 INFO DAGScheduler: Submitting 1 missing tasks from ResultStage 2 (MapPartitionsRDD[12] at save at <unknown>:0) (first 15 tasks are for partitions Vector(0))
[2025-07-04T19:41:22.569+0000] {subprocess.py:93} INFO - 25/07/04 19:41:22 INFO TaskSchedulerImpl: Adding task set 2.0 with 1 tasks resource profile 0
[2025-07-04T19:41:22.570+0000] {subprocess.py:93} INFO - 25/07/04 19:41:22 INFO TaskSetManager: Starting task 0.0 in stage 2.0 (TID 2) (2bd4ec7461cb, executor driver, partition 0, PROCESS_LOCAL, 9610 bytes)
[2025-07-04T19:41:22.570+0000] {subprocess.py:93} INFO - 25/07/04 19:41:22 INFO Executor: Running task 0.0 in stage 2.0 (TID 2)
[2025-07-04T19:41:22.668+0000] {subprocess.py:93} INFO - 25/07/04 19:41:22 INFO FileOutputCommitter: File Output Committer Algorithm version is 1
[2025-07-04T19:41:22.669+0000] {subprocess.py:93} INFO - 25/07/04 19:41:22 INFO FileOutputCommitter: FileOutputCommitter skip cleanup _temporary folders under output directory:false, ignore cleanup failures: false
[2025-07-04T19:41:22.670+0000] {subprocess.py:93} INFO - 25/07/04 19:41:22 INFO SQLHadoopMapReduceCommitProtocol: Using user defined output committer class org.apache.parquet.hadoop.ParquetOutputCommitter
[2025-07-04T19:41:22.671+0000] {subprocess.py:93} INFO - 25/07/04 19:41:22 INFO FileOutputCommitter: File Output Committer Algorithm version is 1
[2025-07-04T19:41:22.671+0000] {subprocess.py:93} INFO - 25/07/04 19:41:22 INFO FileOutputCommitter: FileOutputCommitter skip cleanup _temporary folders under output directory:false, ignore cleanup failures: false
[2025-07-04T19:41:22.672+0000] {subprocess.py:93} INFO - 25/07/04 19:41:22 INFO SQLHadoopMapReduceCommitProtocol: Using output committer class org.apache.parquet.hadoop.ParquetOutputCommitter
[2025-07-04T19:41:22.680+0000] {subprocess.py:93} INFO - 25/07/04 19:41:22 INFO CodecConfig: Compression: SNAPPY
[2025-07-04T19:41:22.687+0000] {subprocess.py:93} INFO - 25/07/04 19:41:22 INFO CodecConfig: Compression: SNAPPY
[2025-07-04T19:41:22.720+0000] {subprocess.py:93} INFO - 25/07/04 19:41:22 INFO ParquetOutputFormat: ParquetRecordWriter [block size: 134217728b, row group padding size: 8388608b, validating: false]
[2025-07-04T19:41:22.760+0000] {subprocess.py:93} INFO - 25/07/04 19:41:22 INFO ParquetWriteSupport: Initialized Parquet WriteSupport with Catalyst schema:
[2025-07-04T19:41:22.760+0000] {subprocess.py:93} INFO - {
[2025-07-04T19:41:22.760+0000] {subprocess.py:93} INFO -   "type" : "struct",
[2025-07-04T19:41:22.760+0000] {subprocess.py:93} INFO -   "fields" : [ {
[2025-07-04T19:41:22.760+0000] {subprocess.py:93} INFO -     "name" : "customer_id",
[2025-07-04T19:41:22.761+0000] {subprocess.py:93} INFO -     "type" : "integer",
[2025-07-04T19:41:22.761+0000] {subprocess.py:93} INFO -     "nullable" : true,
[2025-07-04T19:41:22.761+0000] {subprocess.py:93} INFO -     "metadata" : { }
[2025-07-04T19:41:22.761+0000] {subprocess.py:93} INFO -   }, {
[2025-07-04T19:41:22.761+0000] {subprocess.py:93} INFO -     "name" : "first_name",
[2025-07-04T19:41:22.761+0000] {subprocess.py:93} INFO -     "type" : "string",
[2025-07-04T19:41:22.761+0000] {subprocess.py:93} INFO -     "nullable" : true,
[2025-07-04T19:41:22.761+0000] {subprocess.py:93} INFO -     "metadata" : { }
[2025-07-04T19:41:22.761+0000] {subprocess.py:93} INFO -   }, {
[2025-07-04T19:41:22.761+0000] {subprocess.py:93} INFO -     "name" : "last_name",
[2025-07-04T19:41:22.762+0000] {subprocess.py:93} INFO -     "type" : "string",
[2025-07-04T19:41:22.762+0000] {subprocess.py:93} INFO -     "nullable" : true,
[2025-07-04T19:41:22.762+0000] {subprocess.py:93} INFO -     "metadata" : { }
[2025-07-04T19:41:22.762+0000] {subprocess.py:93} INFO -   }, {
[2025-07-04T19:41:22.762+0000] {subprocess.py:93} INFO -     "name" : "email",
[2025-07-04T19:41:22.762+0000] {subprocess.py:93} INFO -     "type" : "string",
[2025-07-04T19:41:22.762+0000] {subprocess.py:93} INFO -     "nullable" : true,
[2025-07-04T19:41:22.762+0000] {subprocess.py:93} INFO -     "metadata" : { }
[2025-07-04T19:41:22.762+0000] {subprocess.py:93} INFO -   }, {
[2025-07-04T19:41:22.762+0000] {subprocess.py:93} INFO -     "name" : "signup_date",
[2025-07-04T19:41:22.763+0000] {subprocess.py:93} INFO -     "type" : "date",
[2025-07-04T19:41:22.763+0000] {subprocess.py:93} INFO -     "nullable" : true,
[2025-07-04T19:41:22.763+0000] {subprocess.py:93} INFO -     "metadata" : { }
[2025-07-04T19:41:22.763+0000] {subprocess.py:93} INFO -   } ]
[2025-07-04T19:41:22.763+0000] {subprocess.py:93} INFO - }
[2025-07-04T19:41:22.763+0000] {subprocess.py:93} INFO - and corresponding Parquet message type:
[2025-07-04T19:41:22.763+0000] {subprocess.py:93} INFO - message spark_schema {
[2025-07-04T19:41:22.763+0000] {subprocess.py:93} INFO -   optional int32 customer_id;
[2025-07-04T19:41:22.763+0000] {subprocess.py:93} INFO -   optional binary first_name (STRING);
[2025-07-04T19:41:22.764+0000] {subprocess.py:93} INFO -   optional binary last_name (STRING);
[2025-07-04T19:41:22.764+0000] {subprocess.py:93} INFO -   optional binary email (STRING);
[2025-07-04T19:41:22.764+0000] {subprocess.py:93} INFO -   optional int32 signup_date (DATE);
[2025-07-04T19:41:22.764+0000] {subprocess.py:93} INFO - }
[2025-07-04T19:41:22.764+0000] {subprocess.py:93} INFO - 
[2025-07-04T19:41:22.764+0000] {subprocess.py:93} INFO - 
[2025-07-04T19:41:22.999+0000] {subprocess.py:93} INFO - 25/07/04 19:41:22 INFO CodecPool: Got brand-new compressor [.snappy]
[2025-07-04T19:41:23.315+0000] {subprocess.py:93} INFO - 25/07/04 19:41:23 INFO FileScanRDD: Reading File path: file:///opt/***/data/customers/customers.csv, range: 0-3955, partition values: [empty row]
[2025-07-04T19:41:23.433+0000] {subprocess.py:93} INFO - 25/07/04 19:41:23 INFO CodeGenerator: Code generated in 104.544417 ms
[2025-07-04T19:41:24.284+0000] {subprocess.py:93} INFO - 25/07/04 19:41:24 INFO FileOutputCommitter: Saved output of task 'attempt_202507041941226712727794984742091_0002_m_000000_2' to file:/opt/***/data/delta/dim_customer/_temporary/0/task_202507041941226712727794984742091_0002_m_000000
[2025-07-04T19:41:24.295+0000] {subprocess.py:93} INFO - 25/07/04 19:41:24 INFO SparkHadoopMapRedUtil: attempt_202507041941226712727794984742091_0002_m_000000_2: Committed. Elapsed time: 8 ms.
[2025-07-04T19:41:24.330+0000] {subprocess.py:93} INFO - 25/07/04 19:41:24 INFO Executor: Finished task 0.0 in stage 2.0 (TID 2). 2545 bytes result sent to driver
[2025-07-04T19:41:24.357+0000] {subprocess.py:93} INFO - 25/07/04 19:41:24 INFO TaskSetManager: Finished task 0.0 in stage 2.0 (TID 2) in 1790 ms on 2bd4ec7461cb (executor driver) (1/1)
[2025-07-04T19:41:24.359+0000] {subprocess.py:93} INFO - 25/07/04 19:41:24 INFO TaskSchedulerImpl: Removed TaskSet 2.0, whose tasks have all completed, from pool
[2025-07-04T19:41:24.366+0000] {subprocess.py:93} INFO - 25/07/04 19:41:24 INFO DAGScheduler: ResultStage 2 (save at <unknown>:0) finished in 1.873 s
[2025-07-04T19:41:24.376+0000] {subprocess.py:93} INFO - 25/07/04 19:41:24 INFO DAGScheduler: Job 2 is finished. Cancelling potential speculative or zombie tasks for this job
[2025-07-04T19:41:24.377+0000] {subprocess.py:93} INFO - 25/07/04 19:41:24 INFO TaskSchedulerImpl: Killing all running tasks in stage 2: Stage finished
[2025-07-04T19:41:24.381+0000] {subprocess.py:93} INFO - 25/07/04 19:41:24 INFO DAGScheduler: Job 2 finished: save at <unknown>:0, took 1.898887 s
[2025-07-04T19:41:24.417+0000] {subprocess.py:93} INFO - 25/07/04 19:41:24 INFO FileFormatWriter: Start to commit write Job e4c770f5-7d7e-4fe8-b82d-f70519093fbe.
[2025-07-04T19:41:24.616+0000] {subprocess.py:93} INFO - 25/07/04 19:41:24 INFO FileFormatWriter: Write Job e4c770f5-7d7e-4fe8-b82d-f70519093fbe committed. Elapsed time: 197 ms.
[2025-07-04T19:41:24.622+0000] {subprocess.py:93} INFO - 25/07/04 19:41:24 INFO FileFormatWriter: Finished processing stats for write job e4c770f5-7d7e-4fe8-b82d-f70519093fbe.
[2025-07-04T19:41:24.752+0000] {subprocess.py:93} INFO - 25/07/04 19:41:24 INFO SparkContext: Invoking stop() from shutdown hook
[2025-07-04T19:41:24.753+0000] {subprocess.py:93} INFO - 25/07/04 19:41:24 INFO SparkContext: SparkContext is stopping with exitCode 0.
[2025-07-04T19:41:24.774+0000] {subprocess.py:93} INFO - 25/07/04 19:41:24 INFO SparkUI: Stopped Spark web UI at http://2bd4ec7461cb:4041
[2025-07-04T19:41:24.789+0000] {subprocess.py:93} INFO - 25/07/04 19:41:24 INFO MapOutputTrackerMasterEndpoint: MapOutputTrackerMasterEndpoint stopped!
[2025-07-04T19:41:24.858+0000] {subprocess.py:93} INFO - 25/07/04 19:41:24 INFO MemoryStore: MemoryStore cleared
[2025-07-04T19:41:24.858+0000] {subprocess.py:93} INFO - 25/07/04 19:41:24 INFO BlockManager: BlockManager stopped
[2025-07-04T19:41:24.863+0000] {subprocess.py:93} INFO - 25/07/04 19:41:24 INFO BlockManagerMaster: BlockManagerMaster stopped
[2025-07-04T19:41:24.867+0000] {subprocess.py:93} INFO - 25/07/04 19:41:24 INFO OutputCommitCoordinator$OutputCommitCoordinatorEndpoint: OutputCommitCoordinator stopped!
[2025-07-04T19:41:24.940+0000] {subprocess.py:93} INFO - 25/07/04 19:41:24 INFO SparkContext: Successfully stopped SparkContext
[2025-07-04T19:41:24.941+0000] {subprocess.py:93} INFO - 25/07/04 19:41:24 INFO ShutdownHookManager: Shutdown hook called
[2025-07-04T19:41:24.942+0000] {subprocess.py:93} INFO - 25/07/04 19:41:24 INFO ShutdownHookManager: Deleting directory /tmp/spark-7bbfd114-1cfd-45ae-9bdc-85213368eeea
[2025-07-04T19:41:24.983+0000] {subprocess.py:93} INFO - 25/07/04 19:41:24 INFO ShutdownHookManager: Deleting directory /tmp/spark-7bbfd114-1cfd-45ae-9bdc-85213368eeea/pyspark-0a409ce8-6d86-41c7-8846-f08a0e4abe28
[2025-07-04T19:41:25.036+0000] {subprocess.py:93} INFO - 25/07/04 19:41:25 INFO ShutdownHookManager: Deleting directory /tmp/spark-34dc4eb3-20db-4f74-b85e-b87aa45b1cc3
[2025-07-04T19:41:25.162+0000] {subprocess.py:97} INFO - Command exited with return code 0
[2025-07-04T19:41:25.357+0000] {taskinstance.py:1327} INFO - Marking task as SUCCESS. dag_id=retail_sales_pipeline, task_id=process_customers, execution_date=20250704T194101, start_date=20250704T194104, end_date=20250704T194125
[2025-07-04T19:41:25.417+0000] {local_task_job.py:159} INFO - Task exited with return code 0
[2025-07-04T19:41:25.539+0000] {taskinstance.py:2582} INFO - 1 downstream tasks scheduled from follow-on schedule check
